000 (1739716.000.000) 08/29 09:25:42 Job submitted from host: <128.91.77.183:9766?addrs=128.91.77.183-9766>
...
000 (1739716.001.000) 08/29 09:25:42 Job submitted from host: <128.91.77.183:9766?addrs=128.91.77.183-9766>
...
000 (1739716.002.000) 08/29 09:25:42 Job submitted from host: <128.91.77.183:9766?addrs=128.91.77.183-9766>
...
001 (1739716.000.000) 08/29 09:28:57 Job executing on host: <192.168.64.193:9214>
...
001 (1739716.001.000) 08/29 09:28:57 Job executing on host: <192.168.64.200:9474>
...
001 (1739716.002.000) 08/29 09:28:57 Job executing on host: <192.168.64.189:9001>
...
006 (1739716.000.000) 08/29 09:29:05 Image size of job updated: 1080400
	220  -  MemoryUsage of job (MB)
	225176  -  ResidentSetSize of job (KB)
...
006 (1739716.001.000) 08/29 09:29:05 Image size of job updated: 1089004
	230  -  MemoryUsage of job (MB)
	235384  -  ResidentSetSize of job (KB)
...
006 (1739716.002.000) 08/29 09:29:06 Image size of job updated: 1021068
	155  -  MemoryUsage of job (MB)
	158096  -  ResidentSetSize of job (KB)
...
006 (1739716.002.000) 08/29 09:29:24 Image size of job updated: 1280704
	155  -  MemoryUsage of job (MB)
	158096  -  ResidentSetSize of job (KB)
...
005 (1739716.002.000) 08/29 09:29:24 Job terminated.
	(1) Normal termination (return value 0)
		Usr 0 00:00:14, Sys 0 00:00:00  -  Run Remote Usage
		Usr 0 00:00:00, Sys 0 00:00:00  -  Run Local Usage
		Usr 0 00:00:14, Sys 0 00:00:00  -  Total Remote Usage
		Usr 0 00:00:00, Sys 0 00:00:00  -  Total Local Usage
	0  -  Run Bytes Sent By Job
	0  -  Run Bytes Received By Job
	0  -  Total Bytes Sent By Job
	0  -  Total Bytes Received By Job
	Partitionable Resources :    Usage  Request Allocated
	   Cpus                 :                 1         1
	   Disk (KB)            :        2        2  18056494
	   Memory (MB)          :      155        1      2139
...
006 (1739716.000.000) 08/29 09:29:42 Image size of job updated: 1286668
	220  -  MemoryUsage of job (MB)
	225176  -  ResidentSetSize of job (KB)
...
005 (1739716.000.000) 08/29 09:29:42 Job terminated.
	(1) Normal termination (return value 0)
		Usr 0 00:00:15, Sys 0 00:00:00  -  Run Remote Usage
		Usr 0 00:00:00, Sys 0 00:00:00  -  Run Local Usage
		Usr 0 00:00:15, Sys 0 00:00:00  -  Total Remote Usage
		Usr 0 00:00:00, Sys 0 00:00:00  -  Total Local Usage
	0  -  Run Bytes Sent By Job
	0  -  Run Bytes Received By Job
	0  -  Total Bytes Sent By Job
	0  -  Total Bytes Received By Job
	Partitionable Resources :    Usage  Request Allocated
	   Cpus                 :                 1         1
	   Disk (KB)            :        2        2  18209544
	   Memory (MB)          :      220        1      2139
...
006 (1739716.001.000) 08/29 09:29:54 Image size of job updated: 1249204
	230  -  MemoryUsage of job (MB)
	235384  -  ResidentSetSize of job (KB)
...
005 (1739716.001.000) 08/29 09:29:54 Job terminated.
	(1) Normal termination (return value 0)
		Usr 0 00:00:08, Sys 0 00:00:00  -  Run Remote Usage
		Usr 0 00:00:00, Sys 0 00:00:00  -  Run Local Usage
		Usr 0 00:00:08, Sys 0 00:00:00  -  Total Remote Usage
		Usr 0 00:00:00, Sys 0 00:00:00  -  Total Local Usage
	0  -  Run Bytes Sent By Job
	0  -  Run Bytes Received By Job
	0  -  Total Bytes Sent By Job
	0  -  Total Bytes Received By Job
	Partitionable Resources :    Usage  Request Allocated
	   Cpus                 :                 1         1
	   Disk (KB)            :        2        2  18310934
	   Memory (MB)          :      230        1      2139
...
