000 (1739705.000.000) 08/29 09:21:11 Job submitted from host: <128.91.77.183:9766?addrs=128.91.77.183-9766>
...
000 (1739705.001.000) 08/29 09:21:11 Job submitted from host: <128.91.77.183:9766?addrs=128.91.77.183-9766>
...
000 (1739705.002.000) 08/29 09:21:11 Job submitted from host: <128.91.77.183:9766?addrs=128.91.77.183-9766>
...
000 (1739705.003.000) 08/29 09:21:11 Job submitted from host: <128.91.77.183:9766?addrs=128.91.77.183-9766>
...
001 (1739705.000.000) 08/29 09:28:41 Job executing on host: <192.168.64.193:9214>
...
001 (1739705.001.000) 08/29 09:28:41 Job executing on host: <192.168.64.195:9241>
...
001 (1739705.002.000) 08/29 09:28:41 Job executing on host: <192.168.64.200:9474>
...
001 (1739705.003.000) 08/29 09:28:41 Job executing on host: <192.168.64.200:9474>
...
006 (1739705.000.000) 08/29 09:28:49 Image size of job updated: 880508
	86  -  MemoryUsage of job (MB)
	87932  -  ResidentSetSize of job (KB)
...
006 (1739705.001.000) 08/29 09:28:49 Image size of job updated: 956956
	86  -  MemoryUsage of job (MB)
	87388  -  ResidentSetSize of job (KB)
...
006 (1739705.002.000) 08/29 09:28:50 Image size of job updated: 1088984
	155  -  MemoryUsage of job (MB)
	158208  -  ResidentSetSize of job (KB)
...
006 (1739705.003.000) 08/29 09:28:50 Image size of job updated: 1088988
	155  -  MemoryUsage of job (MB)
	158240  -  ResidentSetSize of job (KB)
...
006 (1739705.003.000) 08/29 09:29:10 Image size of job updated: 1249368
	155  -  MemoryUsage of job (MB)
	158240  -  ResidentSetSize of job (KB)
...
005 (1739705.003.000) 08/29 09:29:10 Job terminated.
	(1) Normal termination (return value 0)
		Usr 0 00:00:10, Sys 0 00:00:00  -  Run Remote Usage
		Usr 0 00:00:00, Sys 0 00:00:00  -  Run Local Usage
		Usr 0 00:00:10, Sys 0 00:00:00  -  Total Remote Usage
		Usr 0 00:00:00, Sys 0 00:00:00  -  Total Local Usage
	0  -  Run Bytes Sent By Job
	0  -  Run Bytes Received By Job
	0  -  Total Bytes Sent By Job
	0  -  Total Bytes Received By Job
	Partitionable Resources :    Usage  Request Allocated
	   Cpus                 :                 1         1
	   Disk (KB)            :        2        2  18310934
	   Memory (MB)          :      155        1      2139
...
006 (1739705.001.000) 08/29 09:29:12 Image size of job updated: 1289016
	86  -  MemoryUsage of job (MB)
	87388  -  ResidentSetSize of job (KB)
...
005 (1739705.001.000) 08/29 09:29:12 Job terminated.
	(1) Normal termination (return value 0)
		Usr 0 00:00:18, Sys 0 00:00:00  -  Run Remote Usage
		Usr 0 00:00:00, Sys 0 00:00:00  -  Run Local Usage
		Usr 0 00:00:18, Sys 0 00:00:00  -  Total Remote Usage
		Usr 0 00:00:00, Sys 0 00:00:00  -  Total Local Usage
	0  -  Run Bytes Sent By Job
	0  -  Run Bytes Received By Job
	0  -  Total Bytes Sent By Job
	0  -  Total Bytes Received By Job
	Partitionable Resources :    Usage  Request Allocated
	   Cpus                 :                 1         1
	   Disk (KB)            :        2        2  18310934
	   Memory (MB)          :       86        1      2139
...
006 (1739705.000.000) 08/29 09:29:12 Image size of job updated: 1289212
	86  -  MemoryUsage of job (MB)
	87932  -  ResidentSetSize of job (KB)
...
005 (1739705.000.000) 08/29 09:29:12 Job terminated.
	(1) Normal termination (return value 0)
		Usr 0 00:00:18, Sys 0 00:00:00  -  Run Remote Usage
		Usr 0 00:00:00, Sys 0 00:00:00  -  Run Local Usage
		Usr 0 00:00:18, Sys 0 00:00:00  -  Total Remote Usage
		Usr 0 00:00:00, Sys 0 00:00:00  -  Total Local Usage
	0  -  Run Bytes Sent By Job
	0  -  Run Bytes Received By Job
	0  -  Total Bytes Sent By Job
	0  -  Total Bytes Received By Job
	Partitionable Resources :    Usage  Request Allocated
	   Cpus                 :                 1         1
	   Disk (KB)            :        2        2  18224539
	   Memory (MB)          :       86        1      2139
...
006 (1739705.002.000) 08/29 09:29:14 Image size of job updated: 1289908
	155  -  MemoryUsage of job (MB)
	158208  -  ResidentSetSize of job (KB)
...
005 (1739705.002.000) 08/29 09:29:14 Job terminated.
	(1) Normal termination (return value 0)
		Usr 0 00:00:14, Sys 0 00:00:00  -  Run Remote Usage
		Usr 0 00:00:00, Sys 0 00:00:00  -  Run Local Usage
		Usr 0 00:00:14, Sys 0 00:00:00  -  Total Remote Usage
		Usr 0 00:00:00, Sys 0 00:00:00  -  Total Local Usage
	0  -  Run Bytes Sent By Job
	0  -  Run Bytes Received By Job
	0  -  Total Bytes Sent By Job
	0  -  Total Bytes Received By Job
	Partitionable Resources :    Usage  Request Allocated
	   Cpus                 :                 1         1
	   Disk (KB)            :        2        2  18310934
	   Memory (MB)          :      155        1      2139
...
