000 (1739738.000.000) 08/29 13:52:00 Job submitted from host: <128.91.77.183:9766?addrs=128.91.77.183-9766>
...
001 (1739738.000.000) 08/29 13:52:04 Job executing on host: <192.168.64.193:9214>
...
006 (1739738.000.000) 08/29 13:52:12 Image size of job updated: 1084972
	227  -  MemoryUsage of job (MB)
	231820  -  ResidentSetSize of job (KB)
...
006 (1739738.000.000) 08/29 13:52:54 Image size of job updated: 1368204
	227  -  MemoryUsage of job (MB)
	231820  -  ResidentSetSize of job (KB)
...
005 (1739738.000.000) 08/29 13:52:54 Job terminated.
	(1) Normal termination (return value 0)
		Usr 0 00:00:31, Sys 0 00:00:00  -  Run Remote Usage
		Usr 0 00:00:00, Sys 0 00:00:00  -  Run Local Usage
		Usr 0 00:00:31, Sys 0 00:00:00  -  Total Remote Usage
		Usr 0 00:00:00, Sys 0 00:00:00  -  Total Local Usage
	0  -  Run Bytes Sent By Job
	0  -  Run Bytes Received By Job
	0  -  Total Bytes Sent By Job
	0  -  Total Bytes Received By Job
	Partitionable Resources :    Usage  Request Allocated
	   Cpus                 :                 1         1
	   Disk (KB)            :        2        2  17427022
	   Memory (MB)          :      227        1      2139
...
