starting batch job initialization
batch job user initialization finished
at3f11.hep.upenn.edu
/home/shepj/xaod/ROOTAnalysisTutorial/Run/ttbar_weights
shepj

Processing /cvmfs/atlas.cern.ch/repo/sw/ASG/AnalysisBase/2.3.45/RootCore/scripts/load_packages.C...
xAOD::Init                INFO    Environment initialised for data access
Processing /cvmfs/atlas.cern.ch/repo/sw/ASG/AnalysisBase/2.3.45/RootCore/scripts/load_packages.C...
load_packages.C already run, not running again
Processing /home/shepj/xaod/ROOTAnalysisTutorial/RootCoreBin/user_scripts/EventLoop/batch_worker.C(4,"/home/shepj/xaod/ROOTAnalysisTutorial/Run/ttbar_weights/submit/config.root")...
/var/lib/condor/execute/dir_14286/EventLoop-Worker-mc15_13TeV.407012.PowhegPythiaEvtGen_P2012CT10_ttbarMET200_hdamp172p5_nonAH.merge.DAOD_TRUTH1.e4023_p2440-4-1472479640-14287
Processing File file:///disk/userdata00/atlas_data2/shepj/mc15_13TeV.407012.PowhegPythiaEvtGen_P2012CT10_ttbarMET200_hdamp172p5_nonAH.merge.DAOD_TRUTH1.e4023_p2440//DAOD_TRUTH1.06893396._000004.pool.root.1
Hostname is at3f11.hep.upenn.edu
the metadata had for veto directory: 
output
tempdir
Old file name is /disk/userdata00/atlas_data2/shepj/mc15_13TeV.407012.PowhegPythiaEvtGen_P2012CT10_ttbarMET200_hdamp172p5_nonAH.merge.DAOD_TRUTH1.e4023_p2440//DAOD_TRUTH1.06893396._000004.pool.root.1
New file name is _disk_userdata00_atlas_data2_shepj_mc15_13TeV.407012.PowhegPythiaEvtGen_P2012CT10_ttbarMET200_hdamp172p5_nonAH.merge.DAOD_TRUTH1.e4023_p2440__DAOD_TRUTH1.06893396._000004.pool.root.1
Job location: /home/shepj/xaod/ROOTAnalysisTutorial/Run/ttbar_weights
Veto directory: /home/shepj/xaod/ROOTAnalysisTutorial/Run/ttbar_weights/veto
Transfer begin for _disk_userdata00_atlas_data2_shepj_mc15_13TeV.407012.PowhegPythiaEvtGen_P2012CT10_ttbarMET200_hdamp172p5_nonAH.merge.DAOD_TRUTH1.e4023_p2440__DAOD_TRUTH1.06893396._000004.pool.root.1
cp /disk/userdata00/atlas_data2/shepj/mc15_13TeV.407012.PowhegPythiaEvtGen_P2012CT10_ttbarMET200_hdamp172p5_nonAH.merge.DAOD_TRUTH1.e4023_p2440//DAOD_TRUTH1.06893396._000004.pool.root.1 tempdir/_disk_userdata00_atlas_data2_shepj_mc15_13TeV.407012.PowhegPythiaEvtGen_P2012CT10_ttbarMET200_hdamp172p5_nonAH.merge.DAOD_TRUTH1.e4023_p2440__DAOD_TRUTH1.06893396._000004.pool.root.1
Transfer end. xrd command result: 
Checking that file exists tempdir/_disk_userdata00_atlas_data2_shepj_mc15_13TeV.407012.PowhegPythiaEvtGen_P2012CT10_ttbarMET200_hdamp172p5_nonAH.merge.DAOD_TRUTH1.e4023_p2440__DAOD_TRUTH1.06893396._000004.pool.root.1
File exists: tempdir/_disk_userdata00_atlas_data2_shepj_mc15_13TeV.407012.PowhegPythiaEvtGen_P2012CT10_ttbarMET200_hdamp172p5_nonAH.merge.DAOD_TRUTH1.e4023_p2440__DAOD_TRUTH1.06893396._000004.pool.root.1
Breaking out of queue after this many tries: 1
MyxAODAnalysis::initia... INFO    Number of events = 500000
TInterpreter::AutoParse   ERROR   Error parsing payload code for class xAOD::MissingETAuxContainer_v1 with content:


#ifndef G__VECTOR_HAS_CLASS_ITERATOR
  #define G__VECTOR_HAS_CLASS_ITERATOR 1
#endif
#ifndef ROOTCORE
  #define ROOTCORE 1
#endif
#ifndef ROOTCORE_RELEASE_SERIES
  #define ROOTCORE_RELEASE_SERIES 23
#endif
#ifndef ROOTCORE_TEST_FILE
  #define ROOTCORE_TEST_FILE "/afs/cern.ch/user/a/asgbase/patspace/xAODs/r6630/mc15_13TeV.410000.PowhegPythiaEvtGen_P2012_ttbar_hdamp172p5_nonallhad.recon.AOD.e3698_s2608_s2183_r6630_tid05352803_00/AOD.05352803._000242.pool.root.1"
#endif
#ifndef ROOTCORE_TEST_DATA
  #define ROOTCORE_TEST_DATA "/afs/cern.ch/user/a/asgbase/patspace/xAODs/r6630"
#endif
#ifndef ASG_TEST_FILE_DATA
  #define ASG_TEST_FILE_DATA "/afs/cern.ch/atlas/project/PAT/xAODs/p2410/data15_13TeV.00270448.physics_Main.merge.AOD.r6943_p2410/AOD.06297575._000522.pool.root.1"
#endif
#ifndef ASG_TEST_FILE_MC
  #define ASG_TEST_FILE_MC "/afs/cern.ch/user/a/asgbase/patspace/xAODs/r6630/mc15_13TeV.410000.PowhegPythiaEvtGen_P2012_ttbar_hdamp172p5_nonallhad.recon.AOD.e3698_s2608_s2183_r6630_tid05352803_00/AOD.05352803._000242.pool.root.1"
#endif
#ifndef XAOD_STANDALONE
  #define XAOD_STANDALONE 1
#endif
#ifndef XAOD_ANALYSIS
  #define XAOD_ANALYSIS 1
#endif
#ifndef ROOTCORE_PACKAGE
  #define ROOTCORE_PACKAGE "xAODMissingET"
#endif

#define _BACKWARD_BACKWARD_WARNING_H
// Dear emacs, this is -*- c++ -*-
// $Id: xAODMissingETDict.h 662681 2015-04-23 18:04:34Z khoo $
#ifndef XAODMISSINGET_XAODMISSINGETDICT_H
#define XAODMISSINGET_XAODMISSINGETDICT_H

// Needed to successfully generate the dictionary in standalone mode:
#if defined(__GCCXML__) and not defined(EIGEN_DONT_VECTORIZE)
#   define EIGEN_DONT_VECTORIZE
#endif // __GCCXML__

// System include(s):
#include <vector>

// EDM include(s):
#include "AthLinks/DataLink.h"
#include "AthLinks/ElementLink.h"

// Local include(s):
#include "xAODMissingET/MissingETContainer.h"
#include "xAODMissingET/MissingETAuxContainer.h"
#include "xAODMissingET/MissingETComponentMap.h"
#include "xAODMissingET/MissingETAuxComponentMap.h"
#include "xAODMissingET/MissingETAssociationMap.h"
#include "xAODMissingET/MissingETAuxAssociationMap.h"
#include "xAODMissingET/versions/MissingETBase.h"

namespace {
   struct GCCXML_DUMMY_INSTANTIATION_XAODMISSINGET {
      // Container(s):
      DataVector< xAOD::MissingET_v1 > c1;
      xAOD::MissingETContainer_v1 c2;
      DataVector< xAOD::MissingETComponent_v1 > c3;
      xAOD::MissingETComponentMap_v1 c4;
      DataVector< xAOD::MissingETAssociation_v1 > c5;
      xAOD::MissingETAssociationMap_v1 c6;
      // Smart pointer(s):
      DataLink< xAOD::MissingETContainer_v1 > dl1;
      std::vector< DataLink< xAOD::MissingETContainer_v1 > > dl2;
      ElementLink< xAOD::MissingETContainer_v1 > el1;
      std::vector< ElementLink< xAOD::MissingETContainer_v1 > > el2;
      std::vector< std::vector< ElementLink< xAOD::MissingETContainer_v1 > > > el3;
      DataLink< xAOD::MissingETComponentMap_v1 > dl3;
      std::vector< DataLink< xAOD::MissingETComponentMap_v1 > > dl4;
      ElementLink< xAOD::MissingETComponentMap_v1 > el4;
      std::vector< ElementLink< xAOD::MissingETComponentMap_v1 > > el5;
      std::vector< std::vector< ElementLink< xAOD::MissingETComponentMap_v1 > > > el6;
      DataLink< xAOD::MissingETAssociationMap_v1 > dl5;
      std::vector< DataLink< xAOD::MissingETAssociationMap_v1 > > dl6;
      ElementLink< xAOD::MissingETAssociationMap_v1 > el7;
      std::vector< ElementLink< xAOD::MissingETAssociationMap_v1 > > el8;
      std::vector< std::vector< ElementLink< xAOD::MissingETAssociationMap_v1 > > > el9;

      // Smart pointers needed for the correct generation of the auxiliary
      // class dictionaries:
      ElementLink< xAOD::IParticleContainer > el10;
      std::vector< ElementLink< xAOD::IParticleContainer > > el11;
      std::vector< std::vector< ElementLink< xAOD::IParticleContainer > > > el12;

      std::vector< MissingETBase::Types::bitmask_t > vec1;
      std::vector< unsigned long long > vec2;
      std::vector< std::vector< size_t > > vec3;
      std::vector< std::vector< unsigned char > > vec4;
      std::vector< std::vector< unsigned long long > > vec5;
      std::vector< std::vector< std::vector< size_t > > > vec6;
      std::vector< std::vector< std::vector< unsigned long > > > vec7;
      std::vector< std::vector< std::vector< unsigned char > > > vec8;
      std::vector< std::vector<std::vector<unsigned long long> > > vec9;
   };
}

#endif // XAODMISSINGET_XAODMISSINGETDICT_H

#undef  _BACKWARD_BACKWARD_WARNING_H

TClass::LoadClassInfo     ERROR   no interpreter information for class xAOD::MissingETAuxContainer_v1 is available eventhough it has a TClass initialization routine.
xAOD::TEvent::setUpDyn... WARNING Couldn't find setName(...) function for container MET_TruthAux.  (type: xAOD::MissingETAuxContainer_v1)
TInterpreter::AutoParse   ERROR   Error parsing payload code for class xAOD::JetAuxContainer_v1 with content:


#ifndef G__VECTOR_HAS_CLASS_ITERATOR
  #define G__VECTOR_HAS_CLASS_ITERATOR 1
#endif
#ifndef ROOTCORE
  #define ROOTCORE 1
#endif
#ifndef ROOTCORE_RELEASE_SERIES
  #define ROOTCORE_RELEASE_SERIES 23
#endif
#ifndef ROOTCORE_TEST_FILE
  #define ROOTCORE_TEST_FILE "/afs/cern.ch/user/a/asgbase/patspace/xAODs/r6630/mc15_13TeV.410000.PowhegPythiaEvtGen_P2012_ttbar_hdamp172p5_nonallhad.recon.AOD.e3698_s2608_s2183_r6630_tid05352803_00/AOD.05352803._000242.pool.root.1"
#endif
#ifndef ROOTCORE_TEST_DATA
  #define ROOTCORE_TEST_DATA "/afs/cern.ch/user/a/asgbase/patspace/xAODs/r6630"
#endif
#ifndef ASG_TEST_FILE_DATA
  #define ASG_TEST_FILE_DATA "/afs/cern.ch/atlas/project/PAT/xAODs/p2410/data15_13TeV.00270448.physics_Main.merge.AOD.r6943_p2410/AOD.06297575._000522.pool.root.1"
#endif
#ifndef ASG_TEST_FILE_MC
  #define ASG_TEST_FILE_MC "/afs/cern.ch/user/a/asgbase/patspace/xAODs/r6630/mc15_13TeV.410000.PowhegPythiaEvtGen_P2012_ttbar_hdamp172p5_nonallhad.recon.AOD.e3698_s2608_s2183_r6630_tid05352803_00/AOD.05352803._000242.pool.root.1"
#endif
#ifndef XAOD_STANDALONE
  #define XAOD_STANDALONE 1
#endif
#ifndef XAOD_ANALYSIS
  #define XAOD_ANALYSIS 1
#endif
#ifndef ROOTCORE_PACKAGE
  #define ROOTCORE_PACKAGE "xAODJet"
#endif

#define _BACKWARD_BACKWARD_WARNING_H
// Dear emacs, this is -*- c++ -*-
// $Id: xAODJetDict.h 658646 2015-04-02 10:29:26Z delsart $
#ifndef XAODJET_XAODJETDICT_H
#define XAODJET_XAODJETDICT_H

// Needed to successfully generate the dictionary in standalone mode:
#if defined(__GCCXML__) and not defined(EIGEN_DONT_VECTORIZE)
#   define EIGEN_DONT_VECTORIZE
#endif // __GCCXML__

// System include(s):
#include <vector>

// EDM include(s):
#include "AthLinks/DataLink.h"
#include "AthLinks/ElementLink.h"
#include "AthLinks/ElementLinkVector.h"

// Local include(s):
#include "xAODJet/JetContainer.h"
#include "xAODJet/versions/JetContainer_v1.h"
#include "xAODJet/versions/JetAuxContainer_v1.h"
#include "xAODJet/versions/JetTrigAuxContainer_v1.h"
#include "xAODJet/versions/Jet_v1.h"
#include "xAODJet/JetTypes.h"

namespace {
   struct GCCXML_DUMMY_INSTANTIATION_XAODJET {
      // Instantiate the container for gccxml:
      xAOD::JetContainer_v1 c1;

      // Smart pointers to Jet_v1:
      DataLink< xAOD::JetContainer_v1 > e1;
      std::vector< DataLink< xAOD::JetContainer_v1 > > e2;
      ElementLink< xAOD::JetContainer_v1 > e3;
      std::vector< ElementLink< xAOD::JetContainer_v1 > > e4;
      std::vector< std::vector< ElementLink< xAOD::JetContainer_v1 > > > e5;
      ElementLinkVector< xAOD::JetContainer_v1 > e6;
      std::vector< ElementLinkVector< xAOD::JetContainer_v1 > > e7;

      // Instantiations to create the EL member dictionaries correctly:
      xAOD::IParticleContainer pc1;
      ElementLink<xAOD::IParticleContainer> e10;

     std::pair<std::string,std::vector<const xAOD::IParticle*> > bug1;
     std::pair<std::string,std::vector<float> > bug2;
     std::pair<std::string,std::vector<std::vector<int> > > bug3;
     std::pair<std::string,std::vector<std::vector<float> > > bug4;

     // momentums     
     //xAOD::JetFourMom_t jet4mom;
     std::vector<xAOD::JetFourMom_t> vjet4mom;

     //std::vector<const xAOD::IParticle*> vpart; not yet : not sure this belongs elsewhere ?
     //
   };
}


template float xAOD::Jet_v1::getAttribute<float> (xAOD::JetAttribute::AttributeID) const ; 
template int xAOD::Jet_v1::getAttribute<int> (xAOD::JetAttribute::AttributeID) const ; 
template xAOD::JetFourMom_t xAOD::Jet_v1::getAttribute<xAOD::JetFourMom_t> (xAOD::JetAttribute::AttributeID) const ; 
template std::vector<float> xAOD::Jet_v1::getAttribute< std::vector<float> > (xAOD::JetAttribute::AttributeID) const ;
template std::vector<int> xAOD::Jet_v1::getAttribute< std::vector<int> > (xAOD::JetAttribute::AttributeID) const ;

template float xAOD::Jet_v1::getAttribute<float> (const std::string &) const ; 
template int xAOD::Jet_v1::getAttribute<int> (const std::string &) const ; 
template xAOD::JetFourMom_t xAOD::Jet_v1::getAttribute<xAOD::JetFourMom_t> (const std::string &) const ; 
template std::vector<float> xAOD::Jet_v1::getAttribute< std::vector<float> > (const std::string &) const ;
template std::vector<int> xAOD::Jet_v1::getAttribute< std::vector<int> > (const std::string &) const ;


template void xAOD::Jet_v1::setAttribute<float>(const std::string &, const float& ) ;
template void xAOD::Jet_v1::setAttribute<int>(const std::string &, const int& ) ;

template void xAOD::Jet_v1::setAttribute<std::vector<float> >(const std::string &, const std::vector<float>& ) ;
template void xAOD::Jet_v1::setAttribute<std::vector<int> >(const std::string &, const std::vector<int>& ) ;



template std::vector<const xAOD::IParticle*> xAOD::Jet_v1::getAssociatedObjects<xAOD::IParticle >( xAOD::JetAttribute::AssoParticlesID ) const;
template std::vector<const xAOD::IParticle*> xAOD::Jet_v1::getAssociatedObjects<xAOD::IParticle >( const std::string &  ) const ;

template void xAOD::Jet_v1::setAssociatedObjects<xAOD::IParticle >( const std::string &, const std::vector<const xAOD::IParticle*>& ) ;


template const xAOD::IParticle* xAOD::Jet_v1::getAssociatedObject<xAOD::IParticle>( const std::string &) const ;
template const xAOD::IParticle* xAOD::Jet_v1::getAssociatedObject<xAOD::IParticle>( xAOD::JetAttribute::AssoParticlesID ) const ;
template void xAOD::Jet_v1::setAssociatedObject<xAOD::IParticle>( const std::string &,  const xAOD::IParticle* ) ;



#endif // XAODJET_XAODJETDICT_H

#undef  _BACKWARD_BACKWARD_WARNING_H

TClass::LoadClassInfo     ERROR   no interpreter information for class xAOD::JetAuxContainer_v1 is available eventhough it has a TClass initialization routine.
xAOD::TEvent::setUpDyn... WARNING Couldn't find setName(...) function for container AntiKt4TruthJetsAux.  (type: xAOD::JetAuxContainer_v1)
total weighted event: 0.00340638
pass at least 1 lepton cut: 0.00182191
pass exactly 1 lepton cut: 0.00159444
pass 200 MET cut: 0.000765103
pass 2 b-jet cut: 0.000449313
pass b-jets pt cut: 5.36914e-05
pass aMT2 cut: 9.18406e-06
pass close b-jet/MET: 7.06466e-07
pass mbb cut: 7.06466e-07
pass pT_lep / MET cut: 0
pass pT_lep cut: 0
 
total weighted event: 0.0068018
pass at least 1 lepton cut: 0.00363349
pass exactly 1 lepton cut: 0.00317459
pass 200 MET cut: 0.00151116
pass 2 b-jet cut: 0.00091798
pass b-jets pt cut: 0.000110156
pass aMT2 cut: 2.04769e-05
pass close b-jet/MET: 2.82388e-06
pass mbb cut: 2.82388e-06
pass pT_lep / MET cut: 7.05805e-07
pass pT_lep cut: 7.05805e-07
 
total weighted event: 0.0101952
pass at least 1 lepton cut: 0.00548489
pass exactly 1 lepton cut: 0.00481039
pass 200 MET cut: 0.00227885
pass 2 b-jet cut: 0.00135588
pass b-jets pt cut: 0.000166659
pass aMT2 cut: 3.03649e-05
pass close b-jet/MET: 4.23645e-06
pass mbb cut: 4.23645e-06
pass pT_lep / MET cut: 7.05805e-07
pass pT_lep cut: 7.05805e-07
 
total weighted event: 0.013588
pass at least 1 lepton cut: 0.00733446
pass exactly 1 lepton cut: 0.00641076
pass 200 MET cut: 0.00306244
pass 2 b-jet cut: 0.00183663
pass b-jets pt cut: 0.000219608
pass aMT2 cut: 4.58966e-05
pass close b-jet/MET: 6.35441e-06
pass mbb cut: 6.35441e-06
pass pT_lep / MET cut: 7.05805e-07
pass pT_lep cut: 7.05805e-07
 
total weighted event: 0.0169806
pass at least 1 lepton cut: 0.00917343
pass exactly 1 lepton cut: 0.00801939
pass 200 MET cut: 0.00385176
pass 2 b-jet cut: 0.00231714
pass b-jets pt cut: 0.00027543
pass aMT2 cut: 5.50826e-05
pass close b-jet/MET: 7.06103e-06
pass mbb cut: 6.35441e-06
pass pT_lep / MET cut: 7.05805e-07
pass pT_lep cut: 7.05805e-07
 
total weighted event: 0.0203607
pass at least 1 lepton cut: 0.0110054
pass exactly 1 lepton cut: 0.00962541
pass 200 MET cut: 0.00460733
pass 2 b-jet cut: 0.00275736
pass b-jets pt cut: 0.000329053
pass aMT2 cut: 6.49603e-05
pass close b-jet/MET: 7.76658e-06
pass mbb cut: 6.35441e-06
pass pT_lep / MET cut: 7.05805e-07
pass pT_lep cut: 7.05805e-07
 
total weighted event: 0.0237675
pass at least 1 lepton cut: 0.0128977
pass exactly 1 lepton cut: 0.0112915
pass 200 MET cut: 0.00541334
pass 2 b-jet cut: 0.00325679
pass b-jets pt cut: 0.000389804
pass aMT2 cut: 7.76757e-05
pass close b-jet/MET: 8.47299e-06
pass mbb cut: 7.06082e-06
pass pT_lep / MET cut: 7.05805e-07
pass pT_lep cut: 7.05805e-07
 
total weighted event: 0.0271518
pass at least 1 lepton cut: 0.0147427
pass exactly 1 lepton cut: 0.012918
pass 200 MET cut: 0.00618301
pass 2 b-jet cut: 0.00371958
pass b-jets pt cut: 0.000442713
pass aMT2 cut: 8.82574e-05
pass close b-jet/MET: 8.47299e-06
pass mbb cut: 7.06082e-06
pass pT_lep / MET cut: 7.05805e-07
pass pT_lep cut: 7.05805e-07
 
total weighted event: 0.0305601
pass at least 1 lepton cut: 0.0165929
pass exactly 1 lepton cut: 0.0145515
pass 200 MET cut: 0.00697879
pass 2 b-jet cut: 0.00420642
pass b-jets pt cut: 0.000501986
pass aMT2 cut: 9.88418e-05
pass close b-jet/MET: 9.17862e-06
pass mbb cut: 7.76645e-06
pass pT_lep / MET cut: 7.05805e-07
pass pT_lep cut: 7.05805e-07
 
total weighted event: 0.033959
pass at least 1 lepton cut: 0.0184269
pass exactly 1 lepton cut: 0.0161313
pass 200 MET cut: 0.00773091
pass 2 b-jet cut: 0.00467367
pass b-jets pt cut: 0.00055854
pass aMT2 cut: 0.00011086
pass close b-jet/MET: 1.12994e-05
pass mbb cut: 9.18031e-06
pass pT_lep / MET cut: 7.05805e-07
pass pT_lep cut: 1.41273e-06
 
total weighted event: 0.0373451
pass at least 1 lepton cut: 0.0201896
pass exactly 1 lepton cut: 0.0176668
pass 200 MET cut: 0.00844904
pass 2 b-jet cut: 0.00512153
pass b-jets pt cut: 0.000617888
pass aMT2 cut: 0.000120044
pass close b-jet/MET: 1.12994e-05
pass mbb cut: 9.18031e-06
pass pT_lep / MET cut: 7.05805e-07
pass pT_lep cut: 1.41273e-06
 
total weighted event: 0.0407242
pass at least 1 lepton cut: 0.0220413
pass exactly 1 lepton cut: 0.019282
pass 200 MET cut: 0.00925275
pass 2 b-jet cut: 0.00559271
pass b-jets pt cut: 0.000670171
pass aMT2 cut: 0.00012711
pass close b-jet/MET: 1.2006e-05
pass mbb cut: 9.88686e-06
pass pT_lep / MET cut: 1.41236e-06
pass pT_lep cut: 2.11928e-06
 
total weighted event: 0.0441118
pass at least 1 lepton cut: 0.0238711
pass exactly 1 lepton cut: 0.0208957
pass 200 MET cut: 0.0100378
pass 2 b-jet cut: 0.00606953
pass b-jets pt cut: 0.000725968
pass aMT2 cut: 0.00013841
pass close b-jet/MET: 1.27122e-05
pass mbb cut: 1.05931e-05
pass pT_lep / MET cut: 1.41236e-06
pass pT_lep cut: 2.11928e-06
 
total weighted event: 0.047529
pass at least 1 lepton cut: 0.0257581
pass exactly 1 lepton cut: 0.0225577
pass 200 MET cut: 0.0108224
pass 2 b-jet cut: 0.00654062
pass b-jets pt cut: 0.000774767
pass aMT2 cut: 0.000149019
pass close b-jet/MET: 1.41267e-05
pass mbb cut: 1.05931e-05
pass pT_lep / MET cut: 1.41236e-06
pass pT_lep cut: 2.11928e-06
 
total weighted event: 0.0509322
pass at least 1 lepton cut: 0.0276077
pass exactly 1 lepton cut: 0.0241806
pass 200 MET cut: 0.011582
pass 2 b-jet cut: 0.00702137
pass b-jets pt cut: 0.000831957
pass aMT2 cut: 0.000161021
pass close b-jet/MET: 1.48328e-05
pass mbb cut: 1.12992e-05
pass pT_lep / MET cut: 1.41236e-06
pass pT_lep cut: 2.11928e-06
 
total weighted event: 0.0543296
pass at least 1 lepton cut: 0.0294338
pass exactly 1 lepton cut: 0.0257704
pass 200 MET cut: 0.0123563
pass 2 b-jet cut: 0.00749316
pass b-jets pt cut: 0.000882183
pass aMT2 cut: 0.000172339
pass close b-jet/MET: 1.48328e-05
pass mbb cut: 1.12992e-05
pass pT_lep / MET cut: 1.41236e-06
pass pT_lep cut: 2.11928e-06
 
total weighted event: 0.0577228
pass at least 1 lepton cut: 0.0312444
pass exactly 1 lepton cut: 0.027358
pass 200 MET cut: 0.0130908
pass 2 b-jet cut: 0.00793425
pass b-jets pt cut: 0.000930957
pass aMT2 cut: 0.000180822
pass close b-jet/MET: 1.55396e-05
pass mbb cut: 1.20061e-05
pass pT_lep / MET cut: 1.41236e-06
pass pT_lep cut: 2.11928e-06
 
total weighted event: 0.0611458
pass at least 1 lepton cut: 0.0331377
pass exactly 1 lepton cut: 0.0289993
pass 200 MET cut: 0.0138803
pass 2 b-jet cut: 0.00841422
pass b-jets pt cut: 0.00099949
pass aMT2 cut: 0.000190713
pass close b-jet/MET: 1.62462e-05
pass mbb cut: 1.20061e-05
pass pT_lep / MET cut: 1.41236e-06
pass pT_lep cut: 2.11928e-06
 
total weighted event: 0.0645517
pass at least 1 lepton cut: 0.0349915
pass exactly 1 lepton cut: 0.0306201
pass 200 MET cut: 0.0146763
pass 2 b-jet cut: 0.0088857
pass b-jets pt cut: 0.00104471
pass aMT2 cut: 0.000200605
pass close b-jet/MET: 1.76593e-05
pass mbb cut: 1.27126e-05
pass pT_lep / MET cut: 2.11893e-06
pass pT_lep cut: 2.82586e-06
 
total weighted event: 0.0679719
pass at least 1 lepton cut: 0.0368162
pass exactly 1 lepton cut: 0.0322436
pass 200 MET cut: 0.0154022
pass 2 b-jet cut: 0.00932609
pass b-jets pt cut: 0.00110336
pass aMT2 cut: 0.000209792
pass close b-jet/MET: 1.76593e-05
pass mbb cut: 1.27126e-05
pass pT_lep / MET cut: 2.11893e-06
pass pT_lep cut: 2.82586e-06
 
total weighted event: 0.0713792
pass at least 1 lepton cut: 0.0386544
pass exactly 1 lepton cut: 0.0338404
pass 200 MET cut: 0.0161688
pass 2 b-jet cut: 0.00978545
pass b-jets pt cut: 0.00115004
pass aMT2 cut: 0.000219695
pass close b-jet/MET: 1.83666e-05
pass mbb cut: 1.342e-05
pass pT_lep / MET cut: 2.11893e-06
pass pT_lep cut: 2.82586e-06
 
total weighted event: 0.0748064
pass at least 1 lepton cut: 0.0404543
pass exactly 1 lepton cut: 0.0354188
pass 200 MET cut: 0.016927
pass 2 b-jet cut: 0.0102661
pass b-jets pt cut: 0.00119596
pass aMT2 cut: 0.000229585
pass close b-jet/MET: 1.90731e-05
pass mbb cut: 1.41264e-05
pass pT_lep / MET cut: 2.11893e-06
pass pT_lep cut: 2.82586e-06
 
total weighted event: 0.0782379
pass at least 1 lepton cut: 0.0423074
pass exactly 1 lepton cut: 0.037039
pass 200 MET cut: 0.0177176
pass 2 b-jet cut: 0.0107638
pass b-jets pt cut: 0.00125034
pass aMT2 cut: 0.000235235
pass close b-jet/MET: 1.90731e-05
pass mbb cut: 1.41264e-05
pass pT_lep / MET cut: 2.11893e-06
pass pT_lep cut: 2.82586e-06
 
total weighted event: 0.0816452
pass at least 1 lepton cut: 0.044137
pass exactly 1 lepton cut: 0.0386365
pass 200 MET cut: 0.0185012
pass 2 b-jet cut: 0.0112431
pass b-jets pt cut: 0.0013111
pass aMT2 cut: 0.000249364
pass close b-jet/MET: 2.11924e-05
pass mbb cut: 1.55393e-05
pass pT_lep / MET cut: 2.11893e-06
pass pT_lep cut: 2.82586e-06
 
total weighted event: 0.0850583
pass at least 1 lepton cut: 0.0459943
pass exactly 1 lepton cut: 0.0402736
pass 200 MET cut: 0.0192665
pass 2 b-jet cut: 0.0117062
pass b-jets pt cut: 0.00136124
pass aMT2 cut: 0.000256427
pass close b-jet/MET: 2.18987e-05
pass mbb cut: 1.55393e-05
pass pT_lep / MET cut: 2.11893e-06
pass pT_lep cut: 2.82586e-06
 
total weighted event: 0.0884473
pass at least 1 lepton cut: 0.0478474
pass exactly 1 lepton cut: 0.0419127
pass 200 MET cut: 0.0200628
pass 2 b-jet cut: 0.0122074
pass b-jets pt cut: 0.00142617
pass aMT2 cut: 0.00027054
pass close b-jet/MET: 2.26044e-05
pass mbb cut: 1.62449e-05
pass pT_lep / MET cut: 2.82459e-06
pass pT_lep cut: 3.53152e-06
 
total weighted event: 0.0918575
pass at least 1 lepton cut: 0.0496948
pass exactly 1 lepton cut: 0.0435315
pass 200 MET cut: 0.0208442
pass 2 b-jet cut: 0.0126978
pass b-jets pt cut: 0.00147505
pass aMT2 cut: 0.000281876
pass close b-jet/MET: 2.54384e-05
pass mbb cut: 1.83705e-05
pass pT_lep / MET cut: 2.82459e-06
pass pT_lep cut: 3.53152e-06
 
total weighted event: 0.0952875
pass at least 1 lepton cut: 0.0515174
pass exactly 1 lepton cut: 0.0451382
pass 200 MET cut: 0.0215888
pass 2 b-jet cut: 0.0131615
pass b-jets pt cut: 0.0015302
pass aMT2 cut: 0.000291774
pass close b-jet/MET: 2.68523e-05
pass mbb cut: 1.97844e-05
pass pT_lep / MET cut: 3.53155e-06
pass pT_lep cut: 4.23848e-06
 
total weighted event: 0.0986807
pass at least 1 lepton cut: 0.053328
pass exactly 1 lepton cut: 0.0467428
pass 200 MET cut: 0.0223801
pass 2 b-jet cut: 0.0136472
pass b-jets pt cut: 0.00159102
pass aMT2 cut: 0.00030309
pass close b-jet/MET: 2.68523e-05
pass mbb cut: 1.97844e-05
pass pT_lep / MET cut: 3.53155e-06
pass pT_lep cut: 4.23848e-06
 
total weighted event: 0.102068
pass at least 1 lepton cut: 0.0551541
pass exactly 1 lepton cut: 0.0483495
pass 200 MET cut: 0.0231108
pass 2 b-jet cut: 0.0140833
pass b-jets pt cut: 0.00164118
pass aMT2 cut: 0.000310154
pass close b-jet/MET: 2.68523e-05
pass mbb cut: 1.97844e-05
pass pT_lep / MET cut: 3.53155e-06
pass pT_lep cut: 4.23848e-06
 
total weighted event: 0.105449
pass at least 1 lepton cut: 0.0569909
pass exactly 1 lepton cut: 0.0499732
pass 200 MET cut: 0.0238704
pass 2 b-jet cut: 0.01454
pass b-jets pt cut: 0.00169698
pass aMT2 cut: 0.000321457
pass close b-jet/MET: 2.82652e-05
pass mbb cut: 2.11972e-05
pass pT_lep / MET cut: 4.23798e-06
pass pT_lep cut: 4.94491e-06
 
total weighted event: 0.108873
pass at least 1 lepton cut: 0.0588651
pass exactly 1 lepton cut: 0.0516104
pass 200 MET cut: 0.0246462
pass 2 b-jet cut: 0.0150143
pass b-jets pt cut: 0.00173939
pass aMT2 cut: 0.000327819
pass close b-jet/MET: 2.82652e-05
pass mbb cut: 2.11972e-05
pass pT_lep / MET cut: 4.23798e-06
pass pT_lep cut: 4.94491e-06
 
total weighted event: 0.112292
pass at least 1 lepton cut: 0.0607536
pass exactly 1 lepton cut: 0.0532581
pass 200 MET cut: 0.0254524
pass 2 b-jet cut: 0.0154857
pass b-jets pt cut: 0.00179877
pass aMT2 cut: 0.000341958
pass close b-jet/MET: 3.1093e-05
pass mbb cut: 2.26111e-05
pass pT_lep / MET cut: 4.23798e-06
pass pT_lep cut: 4.94491e-06
 
total weighted event: 0.115703
pass at least 1 lepton cut: 0.0625464
pass exactly 1 lepton cut: 0.0548245
pass 200 MET cut: 0.0262035
pass 2 b-jet cut: 0.015927
pass b-jets pt cut: 0.00185314
pass aMT2 cut: 0.000353254
pass close b-jet/MET: 3.1799e-05
pass mbb cut: 2.33171e-05
pass pT_lep / MET cut: 4.23798e-06
pass pT_lep cut: 4.94491e-06
 
total weighted event: 0.119131
pass at least 1 lepton cut: 0.0644094
pass exactly 1 lepton cut: 0.0564481
pass 200 MET cut: 0.0270055
pass 2 b-jet cut: 0.0164352
pass b-jets pt cut: 0.0019117
pass aMT2 cut: 0.000364544
pass close b-jet/MET: 3.32103e-05
pass mbb cut: 2.47284e-05
pass pT_lep / MET cut: 4.23798e-06
pass pT_lep cut: 4.94491e-06
 
total weighted event: 0.122542
pass at least 1 lepton cut: 0.0662667
pass exactly 1 lepton cut: 0.0580633
pass 200 MET cut: 0.0277651
pass 2 b-jet cut: 0.016911
pass b-jets pt cut: 0.00197526
pass aMT2 cut: 0.000373019
pass close b-jet/MET: 3.25041e-05
pass mbb cut: 2.40222e-05
pass pT_lep / MET cut: 4.23798e-06
pass pT_lep cut: 4.94491e-06
 
total weighted event: 0.125948
pass at least 1 lepton cut: 0.068102
pass exactly 1 lepton cut: 0.0596715
pass 200 MET cut: 0.0285374
pass 2 b-jet cut: 0.0173713
pass b-jets pt cut: 0.00203101
pass aMT2 cut: 0.000382193
pass close b-jet/MET: 3.25041e-05
pass mbb cut: 2.40222e-05
pass pT_lep / MET cut: 4.23798e-06
pass pT_lep cut: 4.94491e-06
 
total weighted event: 0.129317
pass at least 1 lepton cut: 0.0699246
pass exactly 1 lepton cut: 0.0612534
pass 200 MET cut: 0.0292941
pass 2 b-jet cut: 0.017845
pass b-jets pt cut: 0.00207696
pass aMT2 cut: 0.000392795
pass close b-jet/MET: 3.25041e-05
pass mbb cut: 2.40222e-05
pass pT_lep / MET cut: 4.23798e-06
pass pT_lep cut: 4.94491e-06
 
total weighted event: 0.132685
pass at least 1 lepton cut: 0.0716906
pass exactly 1 lepton cut: 0.0628134
pass 200 MET cut: 0.0300262
pass 2 b-jet cut: 0.0183102
pass b-jets pt cut: 0.00213068
pass aMT2 cut: 0.00040057
pass close b-jet/MET: 3.32108e-05
pass mbb cut: 2.40222e-05
pass pT_lep / MET cut: 4.23798e-06
pass pT_lep cut: 4.94491e-06
 
total weighted event: 0.136044
pass at least 1 lepton cut: 0.0735521
pass exactly 1 lepton cut: 0.0644534
pass 200 MET cut: 0.0307949
pass 2 b-jet cut: 0.0187717
pass b-jets pt cut: 0.00218796
pass aMT2 cut: 0.000406226
pass close b-jet/MET: 3.32108e-05
pass mbb cut: 2.47292e-05
pass pT_lep / MET cut: 4.945e-06
pass pT_lep cut: 5.65193e-06
 
total weighted event: 0.139431
pass at least 1 lepton cut: 0.0753973
pass exactly 1 lepton cut: 0.0660736
pass 200 MET cut: 0.0316006
pass 2 b-jet cut: 0.019251
pass b-jets pt cut: 0.00223456
pass aMT2 cut: 0.00041682
pass close b-jet/MET: 3.46234e-05
pass mbb cut: 2.61418e-05
pass pT_lep / MET cut: 4.945e-06
pass pT_lep cut: 5.65193e-06
 
total weighted event: 0.142785
pass at least 1 lepton cut: 0.07729
pass exactly 1 lepton cut: 0.067739
pass 200 MET cut: 0.0323763
pass 2 b-jet cut: 0.0197269
pass b-jets pt cut: 0.00229104
pass aMT2 cut: 0.000425997
pass close b-jet/MET: 3.46234e-05
pass mbb cut: 2.61418e-05
pass pT_lep / MET cut: 4.945e-06
pass pT_lep cut: 5.65193e-06
 
total weighted event: 0.14616
pass at least 1 lepton cut: 0.079102
pass exactly 1 lepton cut: 0.0693408
pass 200 MET cut: 0.0331514
pass 2 b-jet cut: 0.0201926
pass b-jets pt cut: 0.00234478
pass aMT2 cut: 0.000435191
pass close b-jet/MET: 3.53306e-05
pass mbb cut: 2.6849e-05
pass pT_lep / MET cut: 4.945e-06
pass pT_lep cut: 5.65193e-06
 
total weighted event: 0.149518
pass at least 1 lepton cut: 0.0809437
pass exactly 1 lepton cut: 0.0709666
pass 200 MET cut: 0.0339462
pass 2 b-jet cut: 0.020674
pass b-jets pt cut: 0.00239564
pass aMT2 cut: 0.000445787
pass close b-jet/MET: 3.67434e-05
pass mbb cut: 2.6849e-05
pass pT_lep / MET cut: 4.945e-06
pass pT_lep cut: 5.65193e-06
 
total weighted event: 0.152888
pass at least 1 lepton cut: 0.0827713
pass exactly 1 lepton cut: 0.0725762
pass 200 MET cut: 0.034717
pass 2 b-jet cut: 0.0211378
pass b-jets pt cut: 0.00244935
pass aMT2 cut: 0.000450734
pass close b-jet/MET: 3.745e-05
pass mbb cut: 2.75556e-05
pass pT_lep / MET cut: 4.945e-06
pass pT_lep cut: 5.65193e-06
 
total weighted event: 0.156289
pass at least 1 lepton cut: 0.0846413
pass exactly 1 lepton cut: 0.0742105
pass 200 MET cut: 0.035502
pass 2 b-jet cut: 0.0216073
pass b-jets pt cut: 0.00251082
pass aMT2 cut: 0.000459212
pass close b-jet/MET: 3.745e-05
pass mbb cut: 2.75556e-05
pass pT_lep / MET cut: 4.945e-06
pass pT_lep cut: 5.65193e-06
 
total weighted event: 0.159643
pass at least 1 lepton cut: 0.0864632
pass exactly 1 lepton cut: 0.0757861
pass 200 MET cut: 0.0362452
pass 2 b-jet cut: 0.0220575
pass b-jets pt cut: 0.00255963
pass aMT2 cut: 0.000466993
pass close b-jet/MET: 3.81574e-05
pass mbb cut: 2.75556e-05
pass pT_lep / MET cut: 4.945e-06
pass pT_lep cut: 5.65193e-06
 
total weighted event: 0.163018
pass at least 1 lepton cut: 0.0882688
pass exactly 1 lepton cut: 0.0773871
pass 200 MET cut: 0.03697
pass 2 b-jet cut: 0.0225057
pass b-jets pt cut: 0.0026204
pass aMT2 cut: 0.000472647
pass close b-jet/MET: 3.81574e-05
pass mbb cut: 2.75556e-05
pass pT_lep / MET cut: 4.945e-06
pass pT_lep cut: 5.65193e-06
 
total weighted event: 0.166385
pass at least 1 lepton cut: 0.0900999
pass exactly 1 lepton cut: 0.0789981
pass 200 MET cut: 0.0377111
pass 2 b-jet cut: 0.0229616
pass b-jets pt cut: 0.0026699
pass aMT2 cut: 0.000481839
pass close b-jet/MET: 3.88645e-05
pass mbb cut: 2.82627e-05
pass pT_lep / MET cut: 5.6521e-06
pass pT_lep cut: 6.35903e-06
 
total weighted event: 0.169747
pass at least 1 lepton cut: 0.0919211
pass exactly 1 lepton cut: 0.0806048
pass 200 MET cut: 0.0384932
pass 2 b-jet cut: 0.023445
pass b-jets pt cut: 0.00272436
pass aMT2 cut: 0.000491743
pass close b-jet/MET: 3.95719e-05
pass mbb cut: 2.82627e-05
pass pT_lep / MET cut: 5.6521e-06
pass pT_lep cut: 6.35903e-06
 
total weighted event: 0.17311
pass at least 1 lepton cut: 0.0937281
pass exactly 1 lepton cut: 0.0821981
pass 200 MET cut: 0.0392399
pass 2 b-jet cut: 0.0238763
pass b-jets pt cut: 0.00277805
pass aMT2 cut: 0.000502338
pass close b-jet/MET: 4.02783e-05
pass mbb cut: 2.89691e-05
pass pT_lep / MET cut: 5.6521e-06
pass pT_lep cut: 6.35903e-06
 
total weighted event: 0.176472
pass at least 1 lepton cut: 0.0955783
pass exactly 1 lepton cut: 0.0838352
pass 200 MET cut: 0.0400277
pass 2 b-jet cut: 0.0243555
pass b-jets pt cut: 0.00283536
pass aMT2 cut: 0.000510831
pass close b-jet/MET: 4.02783e-05
pass mbb cut: 2.89691e-05
pass pT_lep / MET cut: 5.6521e-06
pass pT_lep cut: 6.35903e-06
 
total weighted event: 0.17983
pass at least 1 lepton cut: 0.0974214
pass exactly 1 lepton cut: 0.0854646
pass 200 MET cut: 0.04079
pass 2 b-jet cut: 0.0248151
pass b-jets pt cut: 0.00288972
pass aMT2 cut: 0.000520715
pass close b-jet/MET: 4.09843e-05
pass mbb cut: 2.96751e-05
pass pT_lep / MET cut: 5.6521e-06
pass pT_lep cut: 6.35903e-06
 
total weighted event: 0.183265
pass at least 1 lepton cut: 0.0992235
pass exactly 1 lepton cut: 0.087038
pass 200 MET cut: 0.0415084
pass 2 b-jet cut: 0.0252504
pass b-jets pt cut: 0.00294139
pass aMT2 cut: 0.000530625
pass close b-jet/MET: 4.16922e-05
pass mbb cut: 3.03829e-05
pass pT_lep / MET cut: 5.6521e-06
pass pT_lep cut: 6.35903e-06
 
total weighted event: 0.186631
pass at least 1 lepton cut: 0.101021
pass exactly 1 lepton cut: 0.088603
pass 200 MET cut: 0.0422601
pass 2 b-jet cut: 0.0257036
pass b-jets pt cut: 0.00298587
pass aMT2 cut: 0.000539803
pass close b-jet/MET: 4.23982e-05
pass mbb cut: 3.1089e-05
pass pT_lep / MET cut: 5.6521e-06
pass pT_lep cut: 6.35903e-06
 
total weighted event: 0.189997
pass at least 1 lepton cut: 0.10284
pass exactly 1 lepton cut: 0.0902005
pass 200 MET cut: 0.0430118
pass 2 b-jet cut: 0.0261759
pass b-jets pt cut: 0.00304098
pass aMT2 cut: 0.000547577
pass close b-jet/MET: 4.23982e-05
pass mbb cut: 3.1089e-05
pass pT_lep / MET cut: 5.6521e-06
pass pT_lep cut: 6.35903e-06
 
total weighted event: 0.193356
pass at least 1 lepton cut: 0.104606
pass exactly 1 lepton cut: 0.0917414
pass 200 MET cut: 0.0437649
pass 2 b-jet cut: 0.0266263
pass b-jets pt cut: 0.00308833
pass aMT2 cut: 0.000558882
pass close b-jet/MET: 4.31048e-05
pass mbb cut: 3.17955e-05
pass pT_lep / MET cut: 5.6521e-06
pass pT_lep cut: 6.35903e-06
 
total weighted event: 0.196734
pass at least 1 lepton cut: 0.106425
pass exactly 1 lepton cut: 0.093346
pass 200 MET cut: 0.04453
pass 2 b-jet cut: 0.0270894
pass b-jets pt cut: 0.00314345
pass aMT2 cut: 0.000567362
pass close b-jet/MET: 4.38114e-05
pass mbb cut: 3.17955e-05
pass pT_lep / MET cut: 5.6521e-06
pass pT_lep cut: 6.35903e-06
 
total weighted event: 0.200069
pass at least 1 lepton cut: 0.108249
pass exactly 1 lepton cut: 0.0949499
pass 200 MET cut: 0.0453093
pass 2 b-jet cut: 0.02757
pass b-jets pt cut: 0.00320567
pass aMT2 cut: 0.000580088
pass close b-jet/MET: 4.59323e-05
pass mbb cut: 3.39165e-05
pass pT_lep / MET cut: 5.6521e-06
pass pT_lep cut: 6.35903e-06
 
total weighted event: 0.203472
pass at least 1 lepton cut: 0.110076
pass exactly 1 lepton cut: 0.0965495
pass 200 MET cut: 0.0460497
pass 2 b-jet cut: 0.0280076
pass b-jets pt cut: 0.00324239
pass aMT2 cut: 0.000582912
pass close b-jet/MET: 4.66384e-05
pass mbb cut: 3.46226e-05
pass pT_lep / MET cut: 5.6521e-06
pass pT_lep cut: 6.35903e-06
 
total weighted event: 0.206856
pass at least 1 lepton cut: 0.111919
pass exactly 1 lepton cut: 0.0981612
pass 200 MET cut: 0.0468184
pass 2 b-jet cut: 0.028467
pass b-jets pt cut: 0.00329405
pass aMT2 cut: 0.000591402
pass close b-jet/MET: 4.7346e-05
pass mbb cut: 3.53301e-05
pass pT_lep / MET cut: 5.6521e-06
pass pT_lep cut: 6.35903e-06
 
total weighted event: 0.210239
pass at least 1 lepton cut: 0.113765
pass exactly 1 lepton cut: 0.0997665
pass 200 MET cut: 0.0475823
pass 2 b-jet cut: 0.0289287
pass b-jets pt cut: 0.00334064
pass aMT2 cut: 0.000603402
pass close b-jet/MET: 4.87578e-05
pass mbb cut: 3.67419e-05
pass pT_lep / MET cut: 5.6521e-06
pass pT_lep cut: 6.35903e-06
 
total weighted event: 0.213591
pass at least 1 lepton cut: 0.115573
pass exactly 1 lepton cut: 0.101358
pass 200 MET cut: 0.048334
pass 2 b-jet cut: 0.0293619
pass b-jets pt cut: 0.00339083
pass aMT2 cut: 0.000610472
pass close b-jet/MET: 4.87578e-05
pass mbb cut: 3.67419e-05
pass pT_lep / MET cut: 5.6521e-06
pass pT_lep cut: 6.35903e-06
 
total weighted event: 0.216944
pass at least 1 lepton cut: 0.117386
pass exactly 1 lepton cut: 0.102945
pass 200 MET cut: 0.0491133
pass 2 b-jet cut: 0.0298476
pass b-jets pt cut: 0.00345584
pass aMT2 cut: 0.000628846
pass close b-jet/MET: 5.01712e-05
pass mbb cut: 3.81554e-05
pass pT_lep / MET cut: 5.6521e-06
pass pT_lep cut: 6.35903e-06
 
total weighted event: 0.22029
pass at least 1 lepton cut: 0.119204
pass exactly 1 lepton cut: 0.104543
pass 200 MET cut: 0.0498862
pass 2 b-jet cut: 0.03031
pass b-jets pt cut: 0.00350174
pass aMT2 cut: 0.000639438
pass close b-jet/MET: 5.01712e-05
pass mbb cut: 3.81554e-05
pass pT_lep / MET cut: 5.6521e-06
pass pT_lep cut: 6.35903e-06
 
total weighted event: 0.223659
pass at least 1 lepton cut: 0.121024
pass exactly 1 lepton cut: 0.10613
pass 200 MET cut: 0.0506386
pass 2 b-jet cut: 0.0307618
pass b-jets pt cut: 0.0035639
pass aMT2 cut: 0.000649327
pass close b-jet/MET: 5.08775e-05
pass mbb cut: 3.88617e-05
pass pT_lep / MET cut: 5.6521e-06
pass pT_lep cut: 6.35903e-06
 
total weighted event: 0.227016
pass at least 1 lepton cut: 0.122844
pass exactly 1 lepton cut: 0.107753
pass 200 MET cut: 0.0514158
pass 2 b-jet cut: 0.031239
pass b-jets pt cut: 0.00361973
pass aMT2 cut: 0.000657099
pass close b-jet/MET: 5.22907e-05
pass mbb cut: 3.95683e-05
pass pT_lep / MET cut: 5.6521e-06
pass pT_lep cut: 6.35903e-06
 
total weighted event: 0.230381
pass at least 1 lepton cut: 0.124658
pass exactly 1 lepton cut: 0.109342
pass 200 MET cut: 0.0521512
pass 2 b-jet cut: 0.0316714
pass b-jets pt cut: 0.00367135
pass aMT2 cut: 0.000668413
pass close b-jet/MET: 5.29978e-05
pass mbb cut: 4.02754e-05
pass pT_lep / MET cut: 5.6521e-06
pass pT_lep cut: 6.35903e-06
 
total weighted event: 0.233758
pass at least 1 lepton cut: 0.126521
pass exactly 1 lepton cut: 0.110999
pass 200 MET cut: 0.0529361
pass 2 b-jet cut: 0.0321421
pass b-jets pt cut: 0.0037342
pass aMT2 cut: 0.000676181
pass close b-jet/MET: 5.29978e-05
pass mbb cut: 4.02754e-05
pass pT_lep / MET cut: 5.6521e-06
pass pT_lep cut: 6.35903e-06
 
total weighted event: 0.23712
pass at least 1 lepton cut: 0.128287
pass exactly 1 lepton cut: 0.112571
pass 200 MET cut: 0.053673
pass 2 b-jet cut: 0.0325937
pass b-jets pt cut: 0.00379281
pass aMT2 cut: 0.000686069
pass close b-jet/MET: 5.37041e-05
pass mbb cut: 4.09816e-05
pass pT_lep / MET cut: 5.6521e-06
pass pT_lep cut: 7.0653e-06
 
total weighted event: 0.240484
pass at least 1 lepton cut: 0.130142
pass exactly 1 lepton cut: 0.114212
pass 200 MET cut: 0.0544651
pass 2 b-jet cut: 0.0330767
pass b-jets pt cut: 0.00385281
pass aMT2 cut: 0.000695245
pass close b-jet/MET: 5.58217e-05
pass mbb cut: 4.23934e-05
pass pT_lep / MET cut: 5.6521e-06
pass pT_lep cut: 7.0653e-06
 
total weighted event: 0.243858
pass at least 1 lepton cut: 0.131965
pass exactly 1 lepton cut: 0.115817
pass 200 MET cut: 0.0552231
pass 2 b-jet cut: 0.0335283
pass b-jets pt cut: 0.00390728
pass aMT2 cut: 0.000704441
pass close b-jet/MET: 5.72364e-05
pass mbb cut: 4.38081e-05
pass pT_lep / MET cut: 5.6521e-06
pass pT_lep cut: 7.0653e-06
 
total weighted event: 0.247226
pass at least 1 lepton cut: 0.133758
pass exactly 1 lepton cut: 0.117401
pass 200 MET cut: 0.0559422
pass 2 b-jet cut: 0.0339544
pass b-jets pt cut: 0.0039539
pass aMT2 cut: 0.000715746
pass close b-jet/MET: 5.93561e-05
pass mbb cut: 4.59278e-05
pass pT_lep / MET cut: 6.35864e-06
pass pT_lep cut: 7.77185e-06
 
total weighted event: 0.250601
pass at least 1 lepton cut: 0.135543
pass exactly 1 lepton cut: 0.11899
pass 200 MET cut: 0.056713
pass 2 b-jet cut: 0.0344279
pass b-jets pt cut: 0.00401045
pass aMT2 cut: 0.000723523
pass close b-jet/MET: 6.00631e-05
pass mbb cut: 4.66349e-05
pass pT_lep / MET cut: 7.06571e-06
pass pT_lep cut: 8.47891e-06
 
total weighted event: 0.254026
pass at least 1 lepton cut: 0.137354
pass exactly 1 lepton cut: 0.120587
pass 200 MET cut: 0.0574474
pass 2 b-jet cut: 0.0348757
pass b-jets pt cut: 0.00406693
pass aMT2 cut: 0.000731288
pass close b-jet/MET: 6.0769e-05
pass mbb cut: 4.73407e-05
pass pT_lep / MET cut: 7.06571e-06
pass pT_lep cut: 8.47891e-06
 
total weighted event: 0.257488
pass at least 1 lepton cut: 0.139197
pass exactly 1 lepton cut: 0.122218
pass 200 MET cut: 0.0582472
pass 2 b-jet cut: 0.0353556
pass b-jets pt cut: 0.00411927
pass aMT2 cut: 0.000744732
pass close b-jet/MET: 6.0769e-05
pass mbb cut: 4.73407e-05
pass pT_lep / MET cut: 7.06571e-06
pass pT_lep cut: 8.47891e-06
 
total weighted event: 0.260924
pass at least 1 lepton cut: 0.141018
pass exactly 1 lepton cut: 0.123817
pass 200 MET cut: 0.0589837
pass 2 b-jet cut: 0.0358083
pass b-jets pt cut: 0.00417641
pass aMT2 cut: 0.000750377
pass close b-jet/MET: 6.14747e-05
pass mbb cut: 4.80464e-05
pass pT_lep / MET cut: 7.77137e-06
pass pT_lep cut: 9.18457e-06
 
total weighted event: 0.264357
pass at least 1 lepton cut: 0.142831
pass exactly 1 lepton cut: 0.125407
pass 200 MET cut: 0.0597517
pass 2 b-jet cut: 0.0362847
pass b-jets pt cut: 0.00424065
pass aMT2 cut: 0.000762379
pass close b-jet/MET: 6.28866e-05
pass mbb cut: 4.87524e-05
pass pT_lep / MET cut: 7.77137e-06
pass pT_lep cut: 9.18457e-06
 
total weighted event: 0.267816
pass at least 1 lepton cut: 0.144705
pass exactly 1 lepton cut: 0.127046
pass 200 MET cut: 0.0605494
pass 2 b-jet cut: 0.0367547
pass b-jets pt cut: 0.00429784
pass aMT2 cut: 0.000773676
pass close b-jet/MET: 6.35927e-05
pass mbb cut: 4.94584e-05
pass pT_lep / MET cut: 7.77137e-06
pass pT_lep cut: 9.18457e-06
 
total weighted event: 0.271239
pass at least 1 lepton cut: 0.146496
pass exactly 1 lepton cut: 0.128625
pass 200 MET cut: 0.0613003
pass 2 b-jet cut: 0.0372098
pass b-jets pt cut: 0.0043487
pass aMT2 cut: 0.000782152
pass close b-jet/MET: 6.50053e-05
pass mbb cut: 5.01647e-05
pass pT_lep / MET cut: 7.77137e-06
pass pT_lep cut: 9.18457e-06
 
total weighted event: 0.274701
pass at least 1 lepton cut: 0.148307
pass exactly 1 lepton cut: 0.130235
pass 200 MET cut: 0.0620577
pass 2 b-jet cut: 0.0376798
pass b-jets pt cut: 0.00440026
pass aMT2 cut: 0.000790628
pass close b-jet/MET: 6.57117e-05
pass mbb cut: 5.08712e-05
pass pT_lep / MET cut: 7.77137e-06
pass pT_lep cut: 9.18457e-06
 
total weighted event: 0.278134
pass at least 1 lepton cut: 0.150125
pass exactly 1 lepton cut: 0.131843
pass 200 MET cut: 0.0628448
pass 2 b-jet cut: 0.0381646
pass b-jets pt cut: 0.00444265
pass aMT2 cut: 0.000796281
pass close b-jet/MET: 6.57117e-05
pass mbb cut: 5.08712e-05
pass pT_lep / MET cut: 7.77137e-06
pass pT_lep cut: 9.18457e-06
 
total weighted event: 0.281563
pass at least 1 lepton cut: 0.151916
pass exactly 1 lepton cut: 0.133398
pass 200 MET cut: 0.0635837
pass 2 b-jet cut: 0.0386395
pass b-jets pt cut: 0.00449849
pass aMT2 cut: 0.000806179
pass close b-jet/MET: 6.85397e-05
pass mbb cut: 5.29921e-05
pass pT_lep / MET cut: 7.77137e-06
pass pT_lep cut: 9.18457e-06
 
total weighted event: 0.284978
pass at least 1 lepton cut: 0.153751
pass exactly 1 lepton cut: 0.135006
pass 200 MET cut: 0.0643411
pass 2 b-jet cut: 0.0391145
pass b-jets pt cut: 0.004543
pass aMT2 cut: 0.000814657
pass close b-jet/MET: 7.13655e-05
pass mbb cut: 5.51115e-05
pass pT_lep / MET cut: 7.77137e-06
pass pT_lep cut: 9.18457e-06
 
total weighted event: 0.288418
pass at least 1 lepton cut: 0.15557
pass exactly 1 lepton cut: 0.136618
pass 200 MET cut: 0.0651381
pass 2 b-jet cut: 0.0395932
pass b-jets pt cut: 0.00459171
pass aMT2 cut: 0.000820303
pass close b-jet/MET: 7.20713e-05
pass mbb cut: 5.51115e-05
pass pT_lep / MET cut: 7.77137e-06
pass pT_lep cut: 9.18457e-06
 
total weighted event: 0.291853
pass at least 1 lepton cut: 0.157399
pass exactly 1 lepton cut: 0.138228
pass 200 MET cut: 0.0659414
pass 2 b-jet cut: 0.0400682
pass b-jets pt cut: 0.0046525
pass aMT2 cut: 0.000829491
pass close b-jet/MET: 7.27781e-05
pass mbb cut: 5.51115e-05
pass pT_lep / MET cut: 7.77137e-06
pass pT_lep cut: 9.18457e-06
 
total weighted event: 0.295273
pass at least 1 lepton cut: 0.159239
pass exactly 1 lepton cut: 0.139849
pass 200 MET cut: 0.066725
pass 2 b-jet cut: 0.040524
pass b-jets pt cut: 0.00469488
pass aMT2 cut: 0.000836554
pass close b-jet/MET: 7.34844e-05
pass mbb cut: 5.58178e-05
pass pT_lep / MET cut: 7.77137e-06
pass pT_lep cut: 9.18457e-06
 
total weighted event: 0.298727
pass at least 1 lepton cut: 0.161062
pass exactly 1 lepton cut: 0.141478
pass 200 MET cut: 0.0675389
pass 2 b-jet cut: 0.0410223
pass b-jets pt cut: 0.00475854
pass aMT2 cut: 0.000848575
pass close b-jet/MET: 7.41916e-05
pass mbb cut: 5.6525e-05
pass pT_lep / MET cut: 7.77137e-06
pass pT_lep cut: 9.18457e-06
 
total weighted event: 0.302183
pass at least 1 lepton cut: 0.162866
pass exactly 1 lepton cut: 0.143063
pass 200 MET cut: 0.068314
pass 2 b-jet cut: 0.0414828
pass b-jets pt cut: 0.00480863
pass aMT2 cut: 0.000852809
pass close b-jet/MET: 7.48971e-05
pass mbb cut: 5.72306e-05
pass pT_lep / MET cut: 8.47694e-06
pass pT_lep cut: 9.89014e-06
 
total weighted event: 0.305629
pass at least 1 lepton cut: 0.164656
pass exactly 1 lepton cut: 0.144641
pass 200 MET cut: 0.0690678
pass 2 b-jet cut: 0.0419428
pass b-jets pt cut: 0.00486373
pass aMT2 cut: 0.000863407
pass close b-jet/MET: 7.56037e-05
pass mbb cut: 5.79371e-05
pass pT_lep / MET cut: 8.47694e-06
pass pT_lep cut: 9.89014e-06
 
total weighted event: 0.309075
pass at least 1 lepton cut: 0.166498
pass exactly 1 lepton cut: 0.14627
pass 200 MET cut: 0.0698612
pass 2 b-jet cut: 0.042427
pass b-jets pt cut: 0.00491315
pass aMT2 cut: 0.00086976
pass close b-jet/MET: 7.70156e-05
pass mbb cut: 5.86431e-05
pass pT_lep / MET cut: 9.18289e-06
pass pT_lep cut: 1.05961e-05
 
total weighted event: 0.312512
pass at least 1 lepton cut: 0.168307
pass exactly 1 lepton cut: 0.147841
pass 200 MET cut: 0.0706327
pass 2 b-jet cut: 0.0428814
pass b-jets pt cut: 0.00497111
pass aMT2 cut: 0.000881775
pass close b-jet/MET: 7.70156e-05
pass mbb cut: 5.86431e-05
pass pT_lep / MET cut: 9.18289e-06
pass pT_lep cut: 1.05961e-05
 
total weighted event: 0.315947
pass at least 1 lepton cut: 0.170097
pass exactly 1 lepton cut: 0.149416
pass 200 MET cut: 0.0713851
pass 2 b-jet cut: 0.0433344
pass b-jets pt cut: 0.00502197
pass aMT2 cut: 0.000890961
pass close b-jet/MET: 7.77222e-05
pass mbb cut: 5.86431e-05
pass pT_lep / MET cut: 9.18289e-06
pass pT_lep cut: 1.05961e-05
 
total weighted event: 0.319385
pass at least 1 lepton cut: 0.171944
pass exactly 1 lepton cut: 0.15104
pass 200 MET cut: 0.0721567
pass 2 b-jet cut: 0.0437949
pass b-jets pt cut: 0.00507206
pass aMT2 cut: 0.000900841
pass close b-jet/MET: 7.84278e-05
pass mbb cut: 5.86431e-05
pass pT_lep / MET cut: 9.18289e-06
pass pT_lep cut: 1.05961e-05
 
total weighted event: 0.322845
pass at least 1 lepton cut: 0.173789
pass exactly 1 lepton cut: 0.152695
pass 200 MET cut: 0.0729459
pass 2 b-jet cut: 0.0442656
pass b-jets pt cut: 0.00512645
pass aMT2 cut: 0.000907906
pass close b-jet/MET: 7.9841e-05
pass mbb cut: 6.00563e-05
pass pT_lep / MET cut: 1.05961e-05
pass pT_lep cut: 1.20093e-05
 
total weighted event: 0.326295
pass at least 1 lepton cut: 0.175646
pass exactly 1 lepton cut: 0.154312
pass 200 MET cut: 0.0737181
pass 2 b-jet cut: 0.0447419
pass b-jets pt cut: 0.00516884
pass aMT2 cut: 0.000913559
pass close b-jet/MET: 8.05475e-05
pass mbb cut: 6.07628e-05
pass pT_lep / MET cut: 1.05961e-05
pass pT_lep cut: 1.20093e-05
 
total weighted event: 0.329753
pass at least 1 lepton cut: 0.177437
pass exactly 1 lepton cut: 0.155888
pass 200 MET cut: 0.0744981
pass 2 b-jet cut: 0.0452126
pass b-jets pt cut: 0.00522465
pass aMT2 cut: 0.000922739
pass close b-jet/MET: 8.05475e-05
pass mbb cut: 6.07628e-05
pass pT_lep / MET cut: 1.05961e-05
pass pT_lep cut: 1.20093e-05
 
total weighted event: 0.333211
pass at least 1 lepton cut: 0.179256
pass exactly 1 lepton cut: 0.157478
pass 200 MET cut: 0.0752852
pass 2 b-jet cut: 0.0456805
pass b-jets pt cut: 0.00528752
pass aMT2 cut: 0.000936866
pass close b-jet/MET: 8.12539e-05
pass mbb cut: 6.07628e-05
pass pT_lep / MET cut: 1.05961e-05
pass pT_lep cut: 1.20093e-05
 
total weighted event: 0.336635
pass at least 1 lepton cut: 0.181097
pass exactly 1 lepton cut: 0.159105
pass 200 MET cut: 0.0760567
pass 2 b-jet cut: 0.0461353
pass b-jets pt cut: 0.00535176
pass aMT2 cut: 0.000945337
pass close b-jet/MET: 8.26658e-05
pass mbb cut: 6.14687e-05
pass pT_lep / MET cut: 1.05961e-05
pass pT_lep cut: 1.20093e-05
 
total weighted event: 0.340066
pass at least 1 lepton cut: 0.18289
pass exactly 1 lepton cut: 0.160675
pass 200 MET cut: 0.0768367
pass 2 b-jet cut: 0.0465932
pass b-jets pt cut: 0.00540756
pass aMT2 cut: 0.000951693
pass close b-jet/MET: 8.26658e-05
pass mbb cut: 6.14687e-05
pass pT_lep / MET cut: 1.05961e-05
pass pT_lep cut: 1.20093e-05
 
worker finished:
Real time 0:11:14, CP time 434.360
xAOD::TFileAccessTracer   INFO    Sending file access statistics to http://rucio-lb-prod.cern.ch:18762/traces/
