000 (1739725.000.000) 08/29 10:07:16 Job submitted from host: <128.91.77.183:9766?addrs=128.91.77.183-9766>
...
000 (1739725.001.000) 08/29 10:07:16 Job submitted from host: <128.91.77.183:9766?addrs=128.91.77.183-9766>
...
000 (1739725.002.000) 08/29 10:07:16 Job submitted from host: <128.91.77.183:9766?addrs=128.91.77.183-9766>
...
000 (1739725.003.000) 08/29 10:07:16 Job submitted from host: <128.91.77.183:9766?addrs=128.91.77.183-9766>
...
000 (1739725.004.000) 08/29 10:07:16 Job submitted from host: <128.91.77.183:9766?addrs=128.91.77.183-9766>
...
000 (1739725.005.000) 08/29 10:07:16 Job submitted from host: <128.91.77.183:9766?addrs=128.91.77.183-9766>
...
000 (1739725.006.000) 08/29 10:07:16 Job submitted from host: <128.91.77.183:9766?addrs=128.91.77.183-9766>
...
000 (1739725.007.000) 08/29 10:07:16 Job submitted from host: <128.91.77.183:9766?addrs=128.91.77.183-9766>
...
001 (1739725.000.000) 08/29 10:07:19 Job executing on host: <192.168.64.200:9474>
...
001 (1739725.002.000) 08/29 10:07:19 Job executing on host: <192.168.64.187:9226>
...
001 (1739725.003.000) 08/29 10:07:19 Job executing on host: <192.168.64.192:9840>
...
001 (1739725.004.000) 08/29 10:07:19 Job executing on host: <192.168.64.197:9770>
...
001 (1739725.007.000) 08/29 10:07:19 Job executing on host: <192.168.64.189:9001>
...
001 (1739725.005.000) 08/29 10:07:19 Job executing on host: <192.168.64.193:9214>
...
001 (1739725.006.000) 08/29 10:07:19 Job executing on host: <192.168.64.198:9568>
...
001 (1739725.001.000) 08/29 10:07:19 Job executing on host: <192.168.64.191:9442>
...
006 (1739725.000.000) 08/29 10:07:27 Image size of job updated: 2
	3  -  MemoryUsage of job (MB)
	2332  -  ResidentSetSize of job (KB)
...
006 (1739725.002.000) 08/29 10:07:27 Image size of job updated: 2
	3  -  MemoryUsage of job (MB)
	2324  -  ResidentSetSize of job (KB)
...
006 (1739725.003.000) 08/29 10:07:28 Image size of job updated: 2
	3  -  MemoryUsage of job (MB)
	2324  -  ResidentSetSize of job (KB)
...
006 (1739725.004.000) 08/29 10:07:28 Image size of job updated: 2
	3  -  MemoryUsage of job (MB)
	2328  -  ResidentSetSize of job (KB)
...
006 (1739725.005.000) 08/29 10:07:28 Image size of job updated: 2
	3  -  MemoryUsage of job (MB)
	2320  -  ResidentSetSize of job (KB)
...
006 (1739725.007.000) 08/29 10:07:28 Image size of job updated: 2
	3  -  MemoryUsage of job (MB)
	2324  -  ResidentSetSize of job (KB)
...
006 (1739725.001.000) 08/29 10:07:28 Image size of job updated: 2
	3  -  MemoryUsage of job (MB)
	2324  -  ResidentSetSize of job (KB)
...
006 (1739725.006.000) 08/29 10:07:28 Image size of job updated: 2
	3  -  MemoryUsage of job (MB)
	2332  -  ResidentSetSize of job (KB)
...
006 (1739725.000.000) 08/29 10:12:27 Image size of job updated: 1364704
	420  -  MemoryUsage of job (MB)
	429796  -  ResidentSetSize of job (KB)
...
006 (1739725.002.000) 08/29 10:12:27 Image size of job updated: 1410240
	519  -  MemoryUsage of job (MB)
	531144  -  ResidentSetSize of job (KB)
...
006 (1739725.003.000) 08/29 10:12:29 Image size of job updated: 1416344
	523  -  MemoryUsage of job (MB)
	535040  -  ResidentSetSize of job (KB)
...
006 (1739725.004.000) 08/29 10:12:29 Image size of job updated: 1429404
	536  -  MemoryUsage of job (MB)
	548312  -  ResidentSetSize of job (KB)
...
006 (1739725.005.000) 08/29 10:12:29 Image size of job updated: 1407732
	514  -  MemoryUsage of job (MB)
	526152  -  ResidentSetSize of job (KB)
...
006 (1739725.007.000) 08/29 10:12:29 Image size of job updated: 1404332
	513  -  MemoryUsage of job (MB)
	525280  -  ResidentSetSize of job (KB)
...
006 (1739725.001.000) 08/29 10:12:29 Image size of job updated: 1409328
	517  -  MemoryUsage of job (MB)
	528764  -  ResidentSetSize of job (KB)
...
006 (1739725.006.000) 08/29 10:12:29 Image size of job updated: 1481060
	587  -  MemoryUsage of job (MB)
	600516  -  ResidentSetSize of job (KB)
...
006 (1739725.000.000) 08/29 10:17:28 Image size of job updated: 1933500
	976  -  MemoryUsage of job (MB)
	999072  -  ResidentSetSize of job (KB)
...
006 (1739725.002.000) 08/29 10:17:28 Image size of job updated: 1894324
	995  -  MemoryUsage of job (MB)
	1018112  -  ResidentSetSize of job (KB)
...
006 (1739725.003.000) 08/29 10:17:30 Image size of job updated: 1916628
	1014  -  MemoryUsage of job (MB)
	1038288  -  ResidentSetSize of job (KB)
...
006 (1739725.004.000) 08/29 10:17:30 Image size of job updated: 2030884
	1125  -  MemoryUsage of job (MB)
	1151836  -  ResidentSetSize of job (KB)
...
006 (1739725.005.000) 08/29 10:17:30 Image size of job updated: 1908768
	1007  -  MemoryUsage of job (MB)
	1030484  -  ResidentSetSize of job (KB)
...
006 (1739725.007.000) 08/29 10:17:30 Image size of job updated: 1909832
	1010  -  MemoryUsage of job (MB)
	1033644  -  ResidentSetSize of job (KB)
...
006 (1739725.001.000) 08/29 10:17:30 Image size of job updated: 1902952
	1003  -  MemoryUsage of job (MB)
	1026716  -  ResidentSetSize of job (KB)
...
006 (1739725.006.000) 08/29 10:17:30 Image size of job updated: 2066540
	1163  -  MemoryUsage of job (MB)
	1190328  -  ResidentSetSize of job (KB)
...
006 (1739725.006.000) 08/29 10:18:35 Image size of job updated: 2184720
	1163  -  MemoryUsage of job (MB)
	1190328  -  ResidentSetSize of job (KB)
...
005 (1739725.006.000) 08/29 10:18:35 Job terminated.
	(1) Normal termination (return value 0)
		Usr 0 00:07:18, Sys 0 00:00:08  -  Run Remote Usage
		Usr 0 00:00:00, Sys 0 00:00:00  -  Run Local Usage
		Usr 0 00:07:18, Sys 0 00:00:08  -  Total Remote Usage
		Usr 0 00:00:00, Sys 0 00:00:00  -  Total Local Usage
	0  -  Run Bytes Sent By Job
	0  -  Run Bytes Received By Job
	0  -  Total Bytes Sent By Job
	0  -  Total Bytes Received By Job
	Partitionable Resources :    Usage  Request Allocated
	   Cpus                 :                 1         1
	   Disk (KB)            :        2        2  18310934
	   Memory (MB)          :     1163        1      2139
...
006 (1739725.004.000) 08/29 10:18:50 Image size of job updated: 2182764
	1125  -  MemoryUsage of job (MB)
	1151836  -  ResidentSetSize of job (KB)
...
005 (1739725.004.000) 08/29 10:18:50 Job terminated.
	(1) Normal termination (return value 0)
		Usr 0 00:07:17, Sys 0 00:00:10  -  Run Remote Usage
		Usr 0 00:00:00, Sys 0 00:00:00  -  Run Local Usage
		Usr 0 00:07:17, Sys 0 00:00:10  -  Total Remote Usage
		Usr 0 00:00:00, Sys 0 00:00:00  -  Total Local Usage
	0  -  Run Bytes Sent By Job
	0  -  Run Bytes Received By Job
	0  -  Total Bytes Sent By Job
	0  -  Total Bytes Received By Job
	Partitionable Resources :    Usage  Request Allocated
	   Cpus                 :                 1         1
	   Disk (KB)            :        2        2  18310934
	   Memory (MB)          :     1125        1      2139
...
006 (1739725.000.000) 08/29 10:19:49 Image size of job updated: 2188384
	976  -  MemoryUsage of job (MB)
	999072  -  ResidentSetSize of job (KB)
...
005 (1739725.000.000) 08/29 10:19:49 Job terminated.
	(1) Normal termination (return value 0)
		Usr 0 00:07:31, Sys 0 00:00:10  -  Run Remote Usage
		Usr 0 00:00:00, Sys 0 00:00:00  -  Run Local Usage
		Usr 0 00:07:31, Sys 0 00:00:10  -  Total Remote Usage
		Usr 0 00:00:00, Sys 0 00:00:00  -  Total Local Usage
	0  -  Run Bytes Sent By Job
	0  -  Run Bytes Received By Job
	0  -  Total Bytes Sent By Job
	0  -  Total Bytes Received By Job
	Partitionable Resources :    Usage  Request Allocated
	   Cpus                 :                 1         1
	   Disk (KB)            :        2        2  18310934
	   Memory (MB)          :      976        1      2139
...
006 (1739725.007.000) 08/29 10:20:11 Image size of job updated: 2188268
	1010  -  MemoryUsage of job (MB)
	1033644  -  ResidentSetSize of job (KB)
...
005 (1739725.007.000) 08/29 10:20:11 Job terminated.
	(1) Normal termination (return value 0)
		Usr 0 00:08:29, Sys 0 00:00:09  -  Run Remote Usage
		Usr 0 00:00:00, Sys 0 00:00:00  -  Run Local Usage
		Usr 0 00:08:29, Sys 0 00:00:09  -  Total Remote Usage
		Usr 0 00:00:00, Sys 0 00:00:00  -  Total Local Usage
	0  -  Run Bytes Sent By Job
	0  -  Run Bytes Received By Job
	0  -  Total Bytes Sent By Job
	0  -  Total Bytes Received By Job
	Partitionable Resources :    Usage  Request Allocated
	   Cpus                 :                 1         1
	   Disk (KB)            :        2        2  18310934
	   Memory (MB)          :     1010        1      2139
...
006 (1739725.003.000) 08/29 10:20:15 Image size of job updated: 2195432
	1014  -  MemoryUsage of job (MB)
	1038288  -  ResidentSetSize of job (KB)
...
005 (1739725.003.000) 08/29 10:20:15 Job terminated.
	(1) Normal termination (return value 0)
		Usr 0 00:08:35, Sys 0 00:00:09  -  Run Remote Usage
		Usr 0 00:00:00, Sys 0 00:00:00  -  Run Local Usage
		Usr 0 00:08:35, Sys 0 00:00:09  -  Total Remote Usage
		Usr 0 00:00:00, Sys 0 00:00:00  -  Total Local Usage
	0  -  Run Bytes Sent By Job
	0  -  Run Bytes Received By Job
	0  -  Total Bytes Sent By Job
	0  -  Total Bytes Received By Job
	Partitionable Resources :    Usage  Request Allocated
	   Cpus                 :                 1         1
	   Disk (KB)            :        2        2  18310934
	   Memory (MB)          :     1014        1      2139
...
006 (1739725.005.000) 08/29 10:20:21 Image size of job updated: 2205744
	1007  -  MemoryUsage of job (MB)
	1030484  -  ResidentSetSize of job (KB)
...
005 (1739725.005.000) 08/29 10:20:21 Job terminated.
	(1) Normal termination (return value 0)
		Usr 0 00:08:46, Sys 0 00:00:09  -  Run Remote Usage
		Usr 0 00:00:00, Sys 0 00:00:00  -  Run Local Usage
		Usr 0 00:08:46, Sys 0 00:00:09  -  Total Remote Usage
		Usr 0 00:00:00, Sys 0 00:00:00  -  Total Local Usage
	0  -  Run Bytes Sent By Job
	0  -  Run Bytes Received By Job
	0  -  Total Bytes Sent By Job
	0  -  Total Bytes Received By Job
	Partitionable Resources :    Usage  Request Allocated
	   Cpus                 :                 1         1
	   Disk (KB)            :        2        2  18310934
	   Memory (MB)          :     1007        1      2139
...
006 (1739725.001.000) 08/29 10:20:25 Image size of job updated: 2204444
	1003  -  MemoryUsage of job (MB)
	1026716  -  ResidentSetSize of job (KB)
...
005 (1739725.001.000) 08/29 10:20:26 Job terminated.
	(1) Normal termination (return value 0)
		Usr 0 00:08:45, Sys 0 00:00:10  -  Run Remote Usage
		Usr 0 00:00:00, Sys 0 00:00:00  -  Run Local Usage
		Usr 0 00:08:45, Sys 0 00:00:10  -  Total Remote Usage
		Usr 0 00:00:00, Sys 0 00:00:00  -  Total Local Usage
	0  -  Run Bytes Sent By Job
	0  -  Run Bytes Received By Job
	0  -  Total Bytes Sent By Job
	0  -  Total Bytes Received By Job
	Partitionable Resources :    Usage  Request Allocated
	   Cpus                 :                 1         1
	   Disk (KB)            :        2        2  18310934
	   Memory (MB)          :     1003        1      2139
...
006 (1739725.002.000) 08/29 10:20:32 Image size of job updated: 2191316
	995  -  MemoryUsage of job (MB)
	1018112  -  ResidentSetSize of job (KB)
...
005 (1739725.002.000) 08/29 10:20:33 Job terminated.
	(1) Normal termination (return value 0)
		Usr 0 00:08:45, Sys 0 00:00:09  -  Run Remote Usage
		Usr 0 00:00:00, Sys 0 00:00:00  -  Run Local Usage
		Usr 0 00:08:45, Sys 0 00:00:09  -  Total Remote Usage
		Usr 0 00:00:00, Sys 0 00:00:00  -  Total Local Usage
	0  -  Run Bytes Sent By Job
	0  -  Run Bytes Received By Job
	0  -  Total Bytes Sent By Job
	0  -  Total Bytes Received By Job
	Partitionable Resources :    Usage  Request Allocated
	   Cpus                 :                 1         1
	   Disk (KB)            :        2        2  18310934
	   Memory (MB)          :      995        1      2139
...
