000 (1739740.000.000) 08/29 13:58:29 Job submitted from host: <128.91.77.183:9766?addrs=128.91.77.183-9766>
...
001 (1739740.000.000) 08/29 13:58:46 Job executing on host: <192.168.64.200:9474>
...
006 (1739740.000.000) 08/29 13:58:55 Image size of job updated: 1238080
	273  -  MemoryUsage of job (MB)
	279320  -  ResidentSetSize of job (KB)
...
006 (1739740.000.000) 08/29 13:59:20 Image size of job updated: 1356632
	273  -  MemoryUsage of job (MB)
	279320  -  ResidentSetSize of job (KB)
...
005 (1739740.000.000) 08/29 13:59:20 Job terminated.
	(1) Normal termination (return value 0)
		Usr 0 00:00:18, Sys 0 00:00:00  -  Run Remote Usage
		Usr 0 00:00:00, Sys 0 00:00:00  -  Run Local Usage
		Usr 0 00:00:18, Sys 0 00:00:00  -  Total Remote Usage
		Usr 0 00:00:00, Sys 0 00:00:00  -  Total Local Usage
	0  -  Run Bytes Sent By Job
	0  -  Run Bytes Received By Job
	0  -  Total Bytes Sent By Job
	0  -  Total Bytes Received By Job
	Partitionable Resources :    Usage  Request Allocated
	   Cpus                 :                 1         1
	   Disk (KB)            :        2        2  17508176
	   Memory (MB)          :      273        1      2139
...
