000 (1739712.000.000) 08/29 09:24:22 Job submitted from host: <128.91.77.183:9766?addrs=128.91.77.183-9766>
...
000 (1739712.001.000) 08/29 09:24:22 Job submitted from host: <128.91.77.183:9766?addrs=128.91.77.183-9766>
...
000 (1739712.002.000) 08/29 09:24:22 Job submitted from host: <128.91.77.183:9766?addrs=128.91.77.183-9766>
...
000 (1739712.003.000) 08/29 09:24:22 Job submitted from host: <128.91.77.183:9766?addrs=128.91.77.183-9766>
...
000 (1739712.004.000) 08/29 09:24:22 Job submitted from host: <128.91.77.183:9766?addrs=128.91.77.183-9766>
...
000 (1739712.005.000) 08/29 09:24:22 Job submitted from host: <128.91.77.183:9766?addrs=128.91.77.183-9766>
...
000 (1739712.006.000) 08/29 09:24:22 Job submitted from host: <128.91.77.183:9766?addrs=128.91.77.183-9766>
...
000 (1739712.007.000) 08/29 09:24:22 Job submitted from host: <128.91.77.183:9766?addrs=128.91.77.183-9766>
...
001 (1739712.000.000) 08/29 09:28:54 Job executing on host: <192.168.64.198:9568>
...
001 (1739712.001.000) 08/29 09:28:54 Job executing on host: <192.168.64.192:9840>
...
001 (1739712.002.000) 08/29 09:28:54 Job executing on host: <192.168.64.187:9226>
...
001 (1739712.003.000) 08/29 09:28:55 Job executing on host: <192.168.64.191:9442>
...
001 (1739712.004.000) 08/29 09:28:55 Job executing on host: <192.168.64.192:9840>
...
001 (1739712.005.000) 08/29 09:28:55 Job executing on host: <192.168.64.200:9474>
...
001 (1739712.006.000) 08/29 09:28:55 Job executing on host: <192.168.64.197:9770>
...
001 (1739712.007.000) 08/29 09:28:55 Job executing on host: <192.168.64.197:9770>
...
006 (1739712.000.000) 08/29 09:29:02 Image size of job updated: 1089004
	196  -  MemoryUsage of job (MB)
	199728  -  ResidentSetSize of job (KB)
...
006 (1739712.003.000) 08/29 09:29:03 Image size of job updated: 1037664
	147  -  MemoryUsage of job (MB)
	149940  -  ResidentSetSize of job (KB)
...
006 (1739712.005.000) 08/29 09:29:03 Image size of job updated: 1084096
	181  -  MemoryUsage of job (MB)
	184440  -  ResidentSetSize of job (KB)
...
006 (1739712.004.000) 08/29 09:29:03 Image size of job updated: 931076
	93  -  MemoryUsage of job (MB)
	94796  -  ResidentSetSize of job (KB)
...
006 (1739712.006.000) 08/29 09:29:03 Image size of job updated: 225712
	7  -  MemoryUsage of job (MB)
	6608  -  ResidentSetSize of job (KB)
...
006 (1739712.007.000) 08/29 09:29:03 Image size of job updated: 2
	3  -  MemoryUsage of job (MB)
	2328  -  ResidentSetSize of job (KB)
...
006 (1739712.001.000) 08/29 09:29:03 Image size of job updated: 959008
	93  -  MemoryUsage of job (MB)
	94640  -  ResidentSetSize of job (KB)
...
006 (1739712.002.000) 08/29 09:29:03 Image size of job updated: 1024540
	123  -  MemoryUsage of job (MB)
	125032  -  ResidentSetSize of job (KB)
...
006 (1739712.004.000) 08/29 09:29:28 Image size of job updated: 1259572
	93  -  MemoryUsage of job (MB)
	94796  -  ResidentSetSize of job (KB)
...
005 (1739712.004.000) 08/29 09:29:28 Job terminated.
	(1) Normal termination (return value 0)
		Usr 0 00:00:17, Sys 0 00:00:00  -  Run Remote Usage
		Usr 0 00:00:00, Sys 0 00:00:00  -  Run Local Usage
		Usr 0 00:00:17, Sys 0 00:00:00  -  Total Remote Usage
		Usr 0 00:00:00, Sys 0 00:00:00  -  Total Local Usage
	0  -  Run Bytes Sent By Job
	0  -  Run Bytes Received By Job
	0  -  Total Bytes Sent By Job
	0  -  Total Bytes Received By Job
	Partitionable Resources :    Usage  Request Allocated
	   Cpus                 :                 1         1
	   Disk (KB)            :        2        2  18310934
	   Memory (MB)          :       93        1      2139
...
006 (1739712.001.000) 08/29 09:29:43 Image size of job updated: 1293740
	93  -  MemoryUsage of job (MB)
	94640  -  ResidentSetSize of job (KB)
...
005 (1739712.001.000) 08/29 09:29:43 Job terminated.
	(1) Normal termination (return value 0)
		Usr 0 00:00:21, Sys 0 00:00:00  -  Run Remote Usage
		Usr 0 00:00:00, Sys 0 00:00:00  -  Run Local Usage
		Usr 0 00:00:21, Sys 0 00:00:00  -  Total Remote Usage
		Usr 0 00:00:00, Sys 0 00:00:00  -  Total Local Usage
	0  -  Run Bytes Sent By Job
	0  -  Run Bytes Received By Job
	0  -  Total Bytes Sent By Job
	0  -  Total Bytes Received By Job
	Partitionable Resources :    Usage  Request Allocated
	   Cpus                 :                 1         1
	   Disk (KB)            :        2        2  18310934
	   Memory (MB)          :       93        1      2139
...
006 (1739712.000.000) 08/29 09:30:07 Image size of job updated: 1294960
	196  -  MemoryUsage of job (MB)
	199728  -  ResidentSetSize of job (KB)
...
005 (1739712.000.000) 08/29 09:30:07 Job terminated.
	(1) Normal termination (return value 0)
		Usr 0 00:00:18, Sys 0 00:00:00  -  Run Remote Usage
		Usr 0 00:00:00, Sys 0 00:00:00  -  Run Local Usage
		Usr 0 00:00:18, Sys 0 00:00:00  -  Total Remote Usage
		Usr 0 00:00:00, Sys 0 00:00:00  -  Total Local Usage
	0  -  Run Bytes Sent By Job
	0  -  Run Bytes Received By Job
	0  -  Total Bytes Sent By Job
	0  -  Total Bytes Received By Job
	Partitionable Resources :    Usage  Request Allocated
	   Cpus                 :                 1         1
	   Disk (KB)            :        2        2  18310934
	   Memory (MB)          :      196        1      2139
...
006 (1739712.002.000) 08/29 09:30:17 Image size of job updated: 1318500
	123  -  MemoryUsage of job (MB)
	125032  -  ResidentSetSize of job (KB)
...
005 (1739712.002.000) 08/29 09:30:17 Job terminated.
	(1) Normal termination (return value 0)
		Usr 0 00:00:37, Sys 0 00:00:00  -  Run Remote Usage
		Usr 0 00:00:00, Sys 0 00:00:00  -  Run Local Usage
		Usr 0 00:00:37, Sys 0 00:00:00  -  Total Remote Usage
		Usr 0 00:00:00, Sys 0 00:00:00  -  Total Local Usage
	0  -  Run Bytes Sent By Job
	0  -  Run Bytes Received By Job
	0  -  Total Bytes Sent By Job
	0  -  Total Bytes Received By Job
	Partitionable Resources :    Usage  Request Allocated
	   Cpus                 :                 1         1
	   Disk (KB)            :        2        2  18310934
	   Memory (MB)          :      123        1      2139
...
006 (1739712.003.000) 08/29 09:30:26 Image size of job updated: 1271412
	147  -  MemoryUsage of job (MB)
	149940  -  ResidentSetSize of job (KB)
...
005 (1739712.003.000) 08/29 09:30:26 Job terminated.
	(1) Normal termination (return value 0)
		Usr 0 00:00:25, Sys 0 00:00:00  -  Run Remote Usage
		Usr 0 00:00:00, Sys 0 00:00:00  -  Run Local Usage
		Usr 0 00:00:25, Sys 0 00:00:00  -  Total Remote Usage
		Usr 0 00:00:00, Sys 0 00:00:00  -  Total Local Usage
	0  -  Run Bytes Sent By Job
	0  -  Run Bytes Received By Job
	0  -  Total Bytes Sent By Job
	0  -  Total Bytes Received By Job
	Partitionable Resources :    Usage  Request Allocated
	   Cpus                 :                 1         1
	   Disk (KB)            :        2        2  18135564
	   Memory (MB)          :      147        1      2139
...
006 (1739712.005.000) 08/29 09:30:29 Image size of job updated: 1305772
	181  -  MemoryUsage of job (MB)
	184440  -  ResidentSetSize of job (KB)
...
005 (1739712.005.000) 08/29 09:30:29 Job terminated.
	(1) Normal termination (return value 0)
		Usr 0 00:00:25, Sys 0 00:00:00  -  Run Remote Usage
		Usr 0 00:00:00, Sys 0 00:00:00  -  Run Local Usage
		Usr 0 00:00:25, Sys 0 00:00:00  -  Total Remote Usage
		Usr 0 00:00:00, Sys 0 00:00:00  -  Total Local Usage
	0  -  Run Bytes Sent By Job
	0  -  Run Bytes Received By Job
	0  -  Total Bytes Sent By Job
	0  -  Total Bytes Received By Job
	Partitionable Resources :    Usage  Request Allocated
	   Cpus                 :                 1         1
	   Disk (KB)            :        2        2  18310921
	   Memory (MB)          :      181        1      2139
...
006 (1739712.007.000) 08/29 09:30:30 Image size of job updated: 1303976
	3  -  MemoryUsage of job (MB)
	2328  -  ResidentSetSize of job (KB)
...
005 (1739712.007.000) 08/29 09:30:30 Job terminated.
	(1) Normal termination (return value 0)
		Usr 0 00:00:21, Sys 0 00:00:00  -  Run Remote Usage
		Usr 0 00:00:00, Sys 0 00:00:00  -  Run Local Usage
		Usr 0 00:00:21, Sys 0 00:00:00  -  Total Remote Usage
		Usr 0 00:00:00, Sys 0 00:00:00  -  Total Local Usage
	0  -  Run Bytes Sent By Job
	0  -  Run Bytes Received By Job
	0  -  Total Bytes Sent By Job
	0  -  Total Bytes Received By Job
	Partitionable Resources :    Usage  Request Allocated
	   Cpus                 :                 1         1
	   Disk (KB)            :        2        2  18310928
	   Memory (MB)          :        3        1      2139
...
006 (1739712.006.000) 08/29 09:30:30 Image size of job updated: 1304124
	7  -  MemoryUsage of job (MB)
	6608  -  ResidentSetSize of job (KB)
...
005 (1739712.006.000) 08/29 09:30:30 Job terminated.
	(1) Normal termination (return value 0)
		Usr 0 00:00:32, Sys 0 00:00:00  -  Run Remote Usage
		Usr 0 00:00:00, Sys 0 00:00:00  -  Run Local Usage
		Usr 0 00:00:32, Sys 0 00:00:00  -  Total Remote Usage
		Usr 0 00:00:00, Sys 0 00:00:00  -  Total Local Usage
	0  -  Run Bytes Sent By Job
	0  -  Run Bytes Received By Job
	0  -  Total Bytes Sent By Job
	0  -  Total Bytes Received By Job
	Partitionable Resources :    Usage  Request Allocated
	   Cpus                 :                 1         1
	   Disk (KB)            :        2        2  18310934
	   Memory (MB)          :        7        1      2139
...
