000 (1739736.000.000) 08/29 13:51:14 Job submitted from host: <128.91.77.183:9766?addrs=128.91.77.183-9766>
...
001 (1739736.000.000) 08/29 13:51:18 Job executing on host: <192.168.64.191:9442>
...
006 (1739736.000.000) 08/29 13:51:27 Image size of job updated: 1203640
	234  -  MemoryUsage of job (MB)
	238676  -  ResidentSetSize of job (KB)
...
006 (1739736.000.000) 08/29 13:52:11 Image size of job updated: 1368220
	234  -  MemoryUsage of job (MB)
	238676  -  ResidentSetSize of job (KB)
...
005 (1739736.000.000) 08/29 13:52:11 Job terminated.
	(1) Normal termination (return value 0)
		Usr 0 00:00:47, Sys 0 00:00:00  -  Run Remote Usage
		Usr 0 00:00:00, Sys 0 00:00:00  -  Run Local Usage
		Usr 0 00:00:47, Sys 0 00:00:00  -  Total Remote Usage
		Usr 0 00:00:00, Sys 0 00:00:00  -  Total Local Usage
	0  -  Run Bytes Sent By Job
	0  -  Run Bytes Received By Job
	0  -  Total Bytes Sent By Job
	0  -  Total Bytes Received By Job
	Partitionable Resources :    Usage  Request Allocated
	   Cpus                 :                 1         1
	   Disk (KB)            :        2        2  17106995
	   Memory (MB)          :      234        1      2139
...
