starting batch job initialization
batch job user initialization finished
at3f06.hep.upenn.edu
/home/shepj/xaod/ROOTAnalysisTutorial/Run/Wtaunu_Pt0_70_weights
shepj

Processing /cvmfs/atlas.cern.ch/repo/sw/ASG/AnalysisBase/2.3.45/RootCore/scripts/load_packages.C...
xAOD::Init                INFO    Environment initialised for data access
Processing /cvmfs/atlas.cern.ch/repo/sw/ASG/AnalysisBase/2.3.45/RootCore/scripts/load_packages.C...
load_packages.C already run, not running again
Processing /home/shepj/xaod/ROOTAnalysisTutorial/RootCoreBin/user_scripts/EventLoop/batch_worker.C(14,"/home/shepj/xaod/ROOTAnalysisTutorial/Run/Wtaunu_Pt0_70_weights/submit/config.root")...
/var/lib/condor/execute/dir_560/EventLoop-Worker-mc15_13TeV.361350.Sherpa_CT10_Wtaunu_Pt0_70_BFilter.merge.DAOD_TRUTH1.e3733_p2375-14-1472478630-583
Processing File file:///disk/userdata00/atlas_data2/shepj/mc15_13TeV.361350.Sherpa_CT10_Wtaunu_Pt0_70_BFilter.merge.DAOD_TRUTH1.e3733_p2375//DAOD_TRUTH1.05969467._000006.pool.root.1
Hostname is at3f06.hep.upenn.edu
the metadata had for veto directory: 
output
tempdir
Old file name is /disk/userdata00/atlas_data2/shepj/mc15_13TeV.361350.Sherpa_CT10_Wtaunu_Pt0_70_BFilter.merge.DAOD_TRUTH1.e3733_p2375//DAOD_TRUTH1.05969467._000006.pool.root.1
New file name is _disk_userdata00_atlas_data2_shepj_mc15_13TeV.361350.Sherpa_CT10_Wtaunu_Pt0_70_BFilter.merge.DAOD_TRUTH1.e3733_p2375__DAOD_TRUTH1.05969467._000006.pool.root.1
Job location: /home/shepj/xaod/ROOTAnalysisTutorial/Run/Wtaunu_Pt0_70_weights
Veto directory: /home/shepj/xaod/ROOTAnalysisTutorial/Run/Wtaunu_Pt0_70_weights/veto
Transfer begin for _disk_userdata00_atlas_data2_shepj_mc15_13TeV.361350.Sherpa_CT10_Wtaunu_Pt0_70_BFilter.merge.DAOD_TRUTH1.e3733_p2375__DAOD_TRUTH1.05969467._000006.pool.root.1
cp /disk/userdata00/atlas_data2/shepj/mc15_13TeV.361350.Sherpa_CT10_Wtaunu_Pt0_70_BFilter.merge.DAOD_TRUTH1.e3733_p2375//DAOD_TRUTH1.05969467._000006.pool.root.1 tempdir/_disk_userdata00_atlas_data2_shepj_mc15_13TeV.361350.Sherpa_CT10_Wtaunu_Pt0_70_BFilter.merge.DAOD_TRUTH1.e3733_p2375__DAOD_TRUTH1.05969467._000006.pool.root.1
Transfer end. xrd command result: 
Checking that file exists tempdir/_disk_userdata00_atlas_data2_shepj_mc15_13TeV.361350.Sherpa_CT10_Wtaunu_Pt0_70_BFilter.merge.DAOD_TRUTH1.e3733_p2375__DAOD_TRUTH1.05969467._000006.pool.root.1
File exists: tempdir/_disk_userdata00_atlas_data2_shepj_mc15_13TeV.361350.Sherpa_CT10_Wtaunu_Pt0_70_BFilter.merge.DAOD_TRUTH1.e3733_p2375__DAOD_TRUTH1.05969467._000006.pool.root.1
Breaking out of queue after this many tries: 1
MyxAODAnalysis::initia... INFO    Number of events = 480000
TInterpreter::AutoParse   ERROR   Error parsing payload code for class xAOD::MissingETAuxContainer_v1 with content:


#ifndef G__VECTOR_HAS_CLASS_ITERATOR
  #define G__VECTOR_HAS_CLASS_ITERATOR 1
#endif
#ifndef ROOTCORE
  #define ROOTCORE 1
#endif
#ifndef ROOTCORE_RELEASE_SERIES
  #define ROOTCORE_RELEASE_SERIES 23
#endif
#ifndef ROOTCORE_TEST_FILE
  #define ROOTCORE_TEST_FILE "/afs/cern.ch/user/a/asgbase/patspace/xAODs/r6630/mc15_13TeV.410000.PowhegPythiaEvtGen_P2012_ttbar_hdamp172p5_nonallhad.recon.AOD.e3698_s2608_s2183_r6630_tid05352803_00/AOD.05352803._000242.pool.root.1"
#endif
#ifndef ROOTCORE_TEST_DATA
  #define ROOTCORE_TEST_DATA "/afs/cern.ch/user/a/asgbase/patspace/xAODs/r6630"
#endif
#ifndef ASG_TEST_FILE_DATA
  #define ASG_TEST_FILE_DATA "/afs/cern.ch/atlas/project/PAT/xAODs/p2410/data15_13TeV.00270448.physics_Main.merge.AOD.r6943_p2410/AOD.06297575._000522.pool.root.1"
#endif
#ifndef ASG_TEST_FILE_MC
  #define ASG_TEST_FILE_MC "/afs/cern.ch/user/a/asgbase/patspace/xAODs/r6630/mc15_13TeV.410000.PowhegPythiaEvtGen_P2012_ttbar_hdamp172p5_nonallhad.recon.AOD.e3698_s2608_s2183_r6630_tid05352803_00/AOD.05352803._000242.pool.root.1"
#endif
#ifndef XAOD_STANDALONE
  #define XAOD_STANDALONE 1
#endif
#ifndef XAOD_ANALYSIS
  #define XAOD_ANALYSIS 1
#endif
#ifndef ROOTCORE_PACKAGE
  #define ROOTCORE_PACKAGE "xAODMissingET"
#endif

#define _BACKWARD_BACKWARD_WARNING_H
// Dear emacs, this is -*- c++ -*-
// $Id: xAODMissingETDict.h 662681 2015-04-23 18:04:34Z khoo $
#ifndef XAODMISSINGET_XAODMISSINGETDICT_H
#define XAODMISSINGET_XAODMISSINGETDICT_H

// Needed to successfully generate the dictionary in standalone mode:
#if defined(__GCCXML__) and not defined(EIGEN_DONT_VECTORIZE)
#   define EIGEN_DONT_VECTORIZE
#endif // __GCCXML__

// System include(s):
#include <vector>

// EDM include(s):
#include "AthLinks/DataLink.h"
#include "AthLinks/ElementLink.h"

// Local include(s):
#include "xAODMissingET/MissingETContainer.h"
#include "xAODMissingET/MissingETAuxContainer.h"
#include "xAODMissingET/MissingETComponentMap.h"
#include "xAODMissingET/MissingETAuxComponentMap.h"
#include "xAODMissingET/MissingETAssociationMap.h"
#include "xAODMissingET/MissingETAuxAssociationMap.h"
#include "xAODMissingET/versions/MissingETBase.h"

namespace {
   struct GCCXML_DUMMY_INSTANTIATION_XAODMISSINGET {
      // Container(s):
      DataVector< xAOD::MissingET_v1 > c1;
      xAOD::MissingETContainer_v1 c2;
      DataVector< xAOD::MissingETComponent_v1 > c3;
      xAOD::MissingETComponentMap_v1 c4;
      DataVector< xAOD::MissingETAssociation_v1 > c5;
      xAOD::MissingETAssociationMap_v1 c6;
      // Smart pointer(s):
      DataLink< xAOD::MissingETContainer_v1 > dl1;
      std::vector< DataLink< xAOD::MissingETContainer_v1 > > dl2;
      ElementLink< xAOD::MissingETContainer_v1 > el1;
      std::vector< ElementLink< xAOD::MissingETContainer_v1 > > el2;
      std::vector< std::vector< ElementLink< xAOD::MissingETContainer_v1 > > > el3;
      DataLink< xAOD::MissingETComponentMap_v1 > dl3;
      std::vector< DataLink< xAOD::MissingETComponentMap_v1 > > dl4;
      ElementLink< xAOD::MissingETComponentMap_v1 > el4;
      std::vector< ElementLink< xAOD::MissingETComponentMap_v1 > > el5;
      std::vector< std::vector< ElementLink< xAOD::MissingETComponentMap_v1 > > > el6;
      DataLink< xAOD::MissingETAssociationMap_v1 > dl5;
      std::vector< DataLink< xAOD::MissingETAssociationMap_v1 > > dl6;
      ElementLink< xAOD::MissingETAssociationMap_v1 > el7;
      std::vector< ElementLink< xAOD::MissingETAssociationMap_v1 > > el8;
      std::vector< std::vector< ElementLink< xAOD::MissingETAssociationMap_v1 > > > el9;

      // Smart pointers needed for the correct generation of the auxiliary
      // class dictionaries:
      ElementLink< xAOD::IParticleContainer > el10;
      std::vector< ElementLink< xAOD::IParticleContainer > > el11;
      std::vector< std::vector< ElementLink< xAOD::IParticleContainer > > > el12;

      std::vector< MissingETBase::Types::bitmask_t > vec1;
      std::vector< unsigned long long > vec2;
      std::vector< std::vector< size_t > > vec3;
      std::vector< std::vector< unsigned char > > vec4;
      std::vector< std::vector< unsigned long long > > vec5;
      std::vector< std::vector< std::vector< size_t > > > vec6;
      std::vector< std::vector< std::vector< unsigned long > > > vec7;
      std::vector< std::vector< std::vector< unsigned char > > > vec8;
      std::vector< std::vector<std::vector<unsigned long long> > > vec9;
   };
}

#endif // XAODMISSINGET_XAODMISSINGETDICT_H

#undef  _BACKWARD_BACKWARD_WARNING_H

TClass::LoadClassInfo     ERROR   no interpreter information for class xAOD::MissingETAuxContainer_v1 is available eventhough it has a TClass initialization routine.
xAOD::TEvent::setUpDyn... WARNING Couldn't find setName(...) function for container MET_TruthAux.  (type: xAOD::MissingETAuxContainer_v1)
TInterpreter::AutoParse   ERROR   Error parsing payload code for class xAOD::JetAuxContainer_v1 with content:


#ifndef G__VECTOR_HAS_CLASS_ITERATOR
  #define G__VECTOR_HAS_CLASS_ITERATOR 1
#endif
#ifndef ROOTCORE
  #define ROOTCORE 1
#endif
#ifndef ROOTCORE_RELEASE_SERIES
  #define ROOTCORE_RELEASE_SERIES 23
#endif
#ifndef ROOTCORE_TEST_FILE
  #define ROOTCORE_TEST_FILE "/afs/cern.ch/user/a/asgbase/patspace/xAODs/r6630/mc15_13TeV.410000.PowhegPythiaEvtGen_P2012_ttbar_hdamp172p5_nonallhad.recon.AOD.e3698_s2608_s2183_r6630_tid05352803_00/AOD.05352803._000242.pool.root.1"
#endif
#ifndef ROOTCORE_TEST_DATA
  #define ROOTCORE_TEST_DATA "/afs/cern.ch/user/a/asgbase/patspace/xAODs/r6630"
#endif
#ifndef ASG_TEST_FILE_DATA
  #define ASG_TEST_FILE_DATA "/afs/cern.ch/atlas/project/PAT/xAODs/p2410/data15_13TeV.00270448.physics_Main.merge.AOD.r6943_p2410/AOD.06297575._000522.pool.root.1"
#endif
#ifndef ASG_TEST_FILE_MC
  #define ASG_TEST_FILE_MC "/afs/cern.ch/user/a/asgbase/patspace/xAODs/r6630/mc15_13TeV.410000.PowhegPythiaEvtGen_P2012_ttbar_hdamp172p5_nonallhad.recon.AOD.e3698_s2608_s2183_r6630_tid05352803_00/AOD.05352803._000242.pool.root.1"
#endif
#ifndef XAOD_STANDALONE
  #define XAOD_STANDALONE 1
#endif
#ifndef XAOD_ANALYSIS
  #define XAOD_ANALYSIS 1
#endif
#ifndef ROOTCORE_PACKAGE
  #define ROOTCORE_PACKAGE "xAODJet"
#endif

#define _BACKWARD_BACKWARD_WARNING_H
// Dear emacs, this is -*- c++ -*-
// $Id: xAODJetDict.h 658646 2015-04-02 10:29:26Z delsart $
#ifndef XAODJET_XAODJETDICT_H
#define XAODJET_XAODJETDICT_H

// Needed to successfully generate the dictionary in standalone mode:
#if defined(__GCCXML__) and not defined(EIGEN_DONT_VECTORIZE)
#   define EIGEN_DONT_VECTORIZE
#endif // __GCCXML__

// System include(s):
#include <vector>

// EDM include(s):
#include "AthLinks/DataLink.h"
#include "AthLinks/ElementLink.h"
#include "AthLinks/ElementLinkVector.h"

// Local include(s):
#include "xAODJet/JetContainer.h"
#include "xAODJet/versions/JetContainer_v1.h"
#include "xAODJet/versions/JetAuxContainer_v1.h"
#include "xAODJet/versions/JetTrigAuxContainer_v1.h"
#include "xAODJet/versions/Jet_v1.h"
#include "xAODJet/JetTypes.h"

namespace {
   struct GCCXML_DUMMY_INSTANTIATION_XAODJET {
      // Instantiate the container for gccxml:
      xAOD::JetContainer_v1 c1;

      // Smart pointers to Jet_v1:
      DataLink< xAOD::JetContainer_v1 > e1;
      std::vector< DataLink< xAOD::JetContainer_v1 > > e2;
      ElementLink< xAOD::JetContainer_v1 > e3;
      std::vector< ElementLink< xAOD::JetContainer_v1 > > e4;
      std::vector< std::vector< ElementLink< xAOD::JetContainer_v1 > > > e5;
      ElementLinkVector< xAOD::JetContainer_v1 > e6;
      std::vector< ElementLinkVector< xAOD::JetContainer_v1 > > e7;

      // Instantiations to create the EL member dictionaries correctly:
      xAOD::IParticleContainer pc1;
      ElementLink<xAOD::IParticleContainer> e10;

     std::pair<std::string,std::vector<const xAOD::IParticle*> > bug1;
     std::pair<std::string,std::vector<float> > bug2;
     std::pair<std::string,std::vector<std::vector<int> > > bug3;
     std::pair<std::string,std::vector<std::vector<float> > > bug4;

     // momentums     
     //xAOD::JetFourMom_t jet4mom;
     std::vector<xAOD::JetFourMom_t> vjet4mom;

     //std::vector<const xAOD::IParticle*> vpart; not yet : not sure this belongs elsewhere ?
     //
   };
}


template float xAOD::Jet_v1::getAttribute<float> (xAOD::JetAttribute::AttributeID) const ; 
template int xAOD::Jet_v1::getAttribute<int> (xAOD::JetAttribute::AttributeID) const ; 
template xAOD::JetFourMom_t xAOD::Jet_v1::getAttribute<xAOD::JetFourMom_t> (xAOD::JetAttribute::AttributeID) const ; 
template std::vector<float> xAOD::Jet_v1::getAttribute< std::vector<float> > (xAOD::JetAttribute::AttributeID) const ;
template std::vector<int> xAOD::Jet_v1::getAttribute< std::vector<int> > (xAOD::JetAttribute::AttributeID) const ;

template float xAOD::Jet_v1::getAttribute<float> (const std::string &) const ; 
template int xAOD::Jet_v1::getAttribute<int> (const std::string &) const ; 
template xAOD::JetFourMom_t xAOD::Jet_v1::getAttribute<xAOD::JetFourMom_t> (const std::string &) const ; 
template std::vector<float> xAOD::Jet_v1::getAttribute< std::vector<float> > (const std::string &) const ;
template std::vector<int> xAOD::Jet_v1::getAttribute< std::vector<int> > (const std::string &) const ;


template void xAOD::Jet_v1::setAttribute<float>(const std::string &, const float& ) ;
template void xAOD::Jet_v1::setAttribute<int>(const std::string &, const int& ) ;

template void xAOD::Jet_v1::setAttribute<std::vector<float> >(const std::string &, const std::vector<float>& ) ;
template void xAOD::Jet_v1::setAttribute<std::vector<int> >(const std::string &, const std::vector<int>& ) ;



template std::vector<const xAOD::IParticle*> xAOD::Jet_v1::getAssociatedObjects<xAOD::IParticle >( xAOD::JetAttribute::AssoParticlesID ) const;
template std::vector<const xAOD::IParticle*> xAOD::Jet_v1::getAssociatedObjects<xAOD::IParticle >( const std::string &  ) const ;

template void xAOD::Jet_v1::setAssociatedObjects<xAOD::IParticle >( const std::string &, const std::vector<const xAOD::IParticle*>& ) ;


template const xAOD::IParticle* xAOD::Jet_v1::getAssociatedObject<xAOD::IParticle>( const std::string &) const ;
template const xAOD::IParticle* xAOD::Jet_v1::getAssociatedObject<xAOD::IParticle>( xAOD::JetAttribute::AssoParticlesID ) const ;
template void xAOD::Jet_v1::setAssociatedObject<xAOD::IParticle>( const std::string &,  const xAOD::IParticle* ) ;



#endif // XAODJET_XAODJETDICT_H

#undef  _BACKWARD_BACKWARD_WARNING_H

TClass::LoadClassInfo     ERROR   no interpreter information for class xAOD::JetAuxContainer_v1 is available eventhough it has a TClass initialization routine.
xAOD::TEvent::setUpDyn... WARNING Couldn't find setName(...) function for container AntiKt4TruthJetsAux.  (type: xAOD::JetAuxContainer_v1)
other!! lepton children: 3 tau children: 0
total weighted event: 3058.87
pass at least 1 lepton cut: 481.834
pass exactly 1 lepton cut: 481.834
pass 200 MET cut: 0
pass 2 b-jet cut: 0
pass b-jets pt cut: 0
pass aMT2 cut: 0
pass close b-jet/MET: 0
pass mbb cut: 0
pass pT_lep / MET cut: 0
pass pT_lep cut: 0
 
total weighted event: 6266.34
pass at least 1 lepton cut: 936.968
pass exactly 1 lepton cut: 935.968
pass 200 MET cut: 0
pass 2 b-jet cut: 0
pass b-jets pt cut: 0
pass aMT2 cut: 0
pass close b-jet/MET: 0
pass mbb cut: 0
pass pT_lep / MET cut: 0
pass pT_lep cut: 0
 
other!! lepton children: 3 tau children: 0
other!! lepton children: 3 tau children: 0
total weighted event: 9354.7
pass at least 1 lepton cut: 1413.57
pass exactly 1 lepton cut: 1412.57
pass 200 MET cut: 0
pass 2 b-jet cut: 0
pass b-jets pt cut: 0
pass aMT2 cut: 0
pass close b-jet/MET: 0
pass mbb cut: 0
pass pT_lep / MET cut: 0
pass pT_lep cut: 0
 
other!! lepton children: 3 tau children: 0
other!! lepton children: 3 tau children: 0
other!! lepton children: 3 tau children: 0
total weighted event: 12558.3
pass at least 1 lepton cut: 1911.35
pass exactly 1 lepton cut: 1910.35
pass 200 MET cut: 0
pass 2 b-jet cut: 0
pass b-jets pt cut: 0
pass aMT2 cut: 0
pass close b-jet/MET: 0
pass mbb cut: 0
pass pT_lep / MET cut: 0
pass pT_lep cut: 0
 
total weighted event: 15683.3
pass at least 1 lepton cut: 2335.04
pass exactly 1 lepton cut: 2334.04
pass 200 MET cut: 0
pass 2 b-jet cut: 0
pass b-jets pt cut: 0
pass aMT2 cut: 0
pass close b-jet/MET: 0
pass mbb cut: 0
pass pT_lep / MET cut: 0
pass pT_lep cut: 0
 
other!! lepton children: 3 tau children: 0
total weighted event: 18740.7
pass at least 1 lepton cut: 2819.29
pass exactly 1 lepton cut: 2818.29
pass 200 MET cut: 0
pass 2 b-jet cut: 0
pass b-jets pt cut: 0
pass aMT2 cut: 0
pass close b-jet/MET: 0
pass mbb cut: 0
pass pT_lep / MET cut: 0
pass pT_lep cut: 0
 
total weighted event: 21931.8
pass at least 1 lepton cut: 3306.88
pass exactly 1 lepton cut: 3306.69
pass 200 MET cut: 0
pass 2 b-jet cut: 0
pass b-jets pt cut: 0
pass aMT2 cut: 0
pass close b-jet/MET: 0
pass mbb cut: 0
pass pT_lep / MET cut: 0
pass pT_lep cut: 0
 
other!! lepton children: 3 tau children: 0
total weighted event: 25003.9
pass at least 1 lepton cut: 3749.46
pass exactly 1 lepton cut: 3749.26
pass 200 MET cut: 0
pass 2 b-jet cut: 0
pass b-jets pt cut: 0
pass aMT2 cut: 0
pass close b-jet/MET: 0
pass mbb cut: 0
pass pT_lep / MET cut: 0
pass pT_lep cut: 0
 
other!! lepton children: 3 tau children: 0
total weighted event: 28088.8
pass at least 1 lepton cut: 4230.3
pass exactly 1 lepton cut: 4228.1
pass 200 MET cut: 0
pass 2 b-jet cut: 0
pass b-jets pt cut: 0
pass aMT2 cut: 0
pass close b-jet/MET: 0
pass mbb cut: 0
pass pT_lep / MET cut: 0
pass pT_lep cut: 0
 
other!! lepton children: 3 tau children: 0
other!! lepton children: 3 tau children: 0
other!! lepton children: 3 tau children: 0
total weighted event: 31269.9
pass at least 1 lepton cut: 4704.12
pass exactly 1 lepton cut: 4700.93
pass 200 MET cut: 0
pass 2 b-jet cut: 0
pass b-jets pt cut: 0
pass aMT2 cut: 0
pass close b-jet/MET: 0
pass mbb cut: 0
pass pT_lep / MET cut: 0
pass pT_lep cut: 0
 
other!! lepton children: 3 tau children: 0
other!! lepton children: 3 tau children: 0
total weighted event: 34380
pass at least 1 lepton cut: 5175.98
pass exactly 1 lepton cut: 5172.79
pass 200 MET cut: 0
pass 2 b-jet cut: 0
pass b-jets pt cut: 0
pass aMT2 cut: 0
pass close b-jet/MET: 0
pass mbb cut: 0
pass pT_lep / MET cut: 0
pass pT_lep cut: 0
 
other!! lepton children: 3 tau children: 0
other!! lepton children: 3 tau children: 0
total weighted event: 37499.7
pass at least 1 lepton cut: 5635.87
pass exactly 1 lepton cut: 5632.68
pass 200 MET cut: 0
pass 2 b-jet cut: 0
pass b-jets pt cut: 0
pass aMT2 cut: 0
pass close b-jet/MET: 0
pass mbb cut: 0
pass pT_lep / MET cut: 0
pass pT_lep cut: 0
 
other!! lepton children: 3 tau children: 0
other!! lepton children: 3 tau children: 0
other!! lepton children: 3 tau children: 0
total weighted event: 40607.5
pass at least 1 lepton cut: 6094.33
pass exactly 1 lepton cut: 6090.13
pass 200 MET cut: 0
pass 2 b-jet cut: 0
pass b-jets pt cut: 0
pass aMT2 cut: 0
pass close b-jet/MET: 0
pass mbb cut: 0
pass pT_lep / MET cut: 0
pass pT_lep cut: 0
 
other!! lepton children: 3 tau children: 0
total weighted event: 43697.9
pass at least 1 lepton cut: 6583.81
pass exactly 1 lepton cut: 6578.61
pass 200 MET cut: 0
pass 2 b-jet cut: 0
pass b-jets pt cut: 0
pass aMT2 cut: 0
pass close b-jet/MET: 0
pass mbb cut: 0
pass pT_lep / MET cut: 0
pass pT_lep cut: 0
 
total weighted event: 46809.9
pass at least 1 lepton cut: 7071.96
pass exactly 1 lepton cut: 7064.99
pass 200 MET cut: 0
pass 2 b-jet cut: 0
pass b-jets pt cut: 0
pass aMT2 cut: 0
pass close b-jet/MET: 0
pass mbb cut: 0
pass pT_lep / MET cut: 0
pass pT_lep cut: 0
 
other!! lepton children: 3 tau children: 0
total weighted event: 49965.6
pass at least 1 lepton cut: 7503.79
pass exactly 1 lepton cut: 7495.82
pass 200 MET cut: 0
pass 2 b-jet cut: 0
pass b-jets pt cut: 0
pass aMT2 cut: 0
pass close b-jet/MET: 0
pass mbb cut: 0
pass pT_lep / MET cut: 0
pass pT_lep cut: 0
 
other!! lepton children: 3 tau children: 0
other!! lepton children: 3 tau children: 0
total weighted event: 53080.6
pass at least 1 lepton cut: 7952.84
pass exactly 1 lepton cut: 7944.87
pass 200 MET cut: 0
pass 2 b-jet cut: 0
pass b-jets pt cut: 0
pass aMT2 cut: 0
pass close b-jet/MET: 0
pass mbb cut: 0
pass pT_lep / MET cut: 0
pass pT_lep cut: 0
 
other!! lepton children: 3 tau children: 0
other!! lepton children: 3 tau children: 0
total weighted event: 56201
pass at least 1 lepton cut: 8408
pass exactly 1 lepton cut: 8398.04
pass 200 MET cut: 0
pass 2 b-jet cut: 0
pass b-jets pt cut: 0
pass aMT2 cut: 0
pass close b-jet/MET: 0
pass mbb cut: 0
pass pT_lep / MET cut: 0
pass pT_lep cut: 0
 
other!! lepton children: 3 tau children: 0
other!! lepton children: 3 tau children: 0
total weighted event: 59286.6
pass at least 1 lepton cut: 8884.27
pass exactly 1 lepton cut: 8873.3
pass 200 MET cut: 0
pass 2 b-jet cut: 0
pass b-jets pt cut: 0
pass aMT2 cut: 0
pass close b-jet/MET: 0
pass mbb cut: 0
pass pT_lep / MET cut: 0
pass pT_lep cut: 0
 
other!! lepton children: 3 tau children: 0
total weighted event: 62419.9
pass at least 1 lepton cut: 9352.57
pass exactly 1 lepton cut: 9341.6
pass 200 MET cut: 0
pass 2 b-jet cut: 0
pass b-jets pt cut: 0
pass aMT2 cut: 0
pass close b-jet/MET: 0
pass mbb cut: 0
pass pT_lep / MET cut: 0
pass pT_lep cut: 0
 
other!! lepton children: 3 tau children: 0
total weighted event: 65673.6
pass at least 1 lepton cut: 9845.45
pass exactly 1 lepton cut: 9834.48
pass 200 MET cut: 0
pass 2 b-jet cut: 0
pass b-jets pt cut: 0
pass aMT2 cut: 0
pass close b-jet/MET: 0
pass mbb cut: 0
pass pT_lep / MET cut: 0
pass pT_lep cut: 0
 
total weighted event: 68743.7
pass at least 1 lepton cut: 10348.3
pass exactly 1 lepton cut: 10336.3
pass 200 MET cut: 0
pass 2 b-jet cut: 0
pass b-jets pt cut: 0
pass aMT2 cut: 0
pass close b-jet/MET: 0
pass mbb cut: 0
pass pT_lep / MET cut: 0
pass pT_lep cut: 0
 
other!! lepton children: 3 tau children: 0
total weighted event: 71853.3
pass at least 1 lepton cut: 10766.6
pass exactly 1 lepton cut: 10754.6
pass 200 MET cut: 0
pass 2 b-jet cut: 0
pass b-jets pt cut: 0
pass aMT2 cut: 0
pass close b-jet/MET: 0
pass mbb cut: 0
pass pT_lep / MET cut: 0
pass pT_lep cut: 0
 
other!! lepton children: 3 tau children: 0
total weighted event: 74982.4
pass at least 1 lepton cut: 11193.1
pass exactly 1 lepton cut: 11181.1
pass 200 MET cut: 0
pass 2 b-jet cut: 0
pass b-jets pt cut: 0
pass aMT2 cut: 0
pass close b-jet/MET: 0
pass mbb cut: 0
pass pT_lep / MET cut: 0
pass pT_lep cut: 0
 
other!! lepton children: 3 tau children: 0
total weighted event: 78183.5
pass at least 1 lepton cut: 11653.2
pass exactly 1 lepton cut: 11641.3
pass 200 MET cut: 0
pass 2 b-jet cut: 0
pass b-jets pt cut: 0
pass aMT2 cut: 0
pass close b-jet/MET: 0
pass mbb cut: 0
pass pT_lep / MET cut: 0
pass pT_lep cut: 0
 
other!! lepton children: 3 tau children: 0
total weighted event: 81200.1
pass at least 1 lepton cut: 12106.4
pass exactly 1 lepton cut: 12092.5
pass 200 MET cut: 0
pass 2 b-jet cut: 0
pass b-jets pt cut: 0
pass aMT2 cut: 0
pass close b-jet/MET: 0
pass mbb cut: 0
pass pT_lep / MET cut: 0
pass pT_lep cut: 0
 
other!! lepton children: 3 tau children: 0
other!! lepton children: 3 tau children: 0
total weighted event: 84299.2
pass at least 1 lepton cut: 12573.7
pass exactly 1 lepton cut: 12558.8
pass 200 MET cut: 0
pass 2 b-jet cut: 0
pass b-jets pt cut: 0
pass aMT2 cut: 0
pass close b-jet/MET: 0
pass mbb cut: 0
pass pT_lep / MET cut: 0
pass pT_lep cut: 0
 
other!! lepton children: 3 tau children: 0
total weighted event: 87474.8
pass at least 1 lepton cut: 13026.8
pass exactly 1 lepton cut: 13011.8
pass 200 MET cut: 0
pass 2 b-jet cut: 0
pass b-jets pt cut: 0
pass aMT2 cut: 0
pass close b-jet/MET: 0
pass mbb cut: 0
pass pT_lep / MET cut: 0
pass pT_lep cut: 0
 
other!! lepton children: 3 tau children: 0
total weighted event: 90630.5
pass at least 1 lepton cut: 13511.3
pass exactly 1 lepton cut: 13497.4
pass 200 MET cut: 0
pass 2 b-jet cut: 0
pass b-jets pt cut: 0
pass aMT2 cut: 0
pass close b-jet/MET: 0
pass mbb cut: 0
pass pT_lep / MET cut: 0
pass pT_lep cut: 0
 
other!! lepton children: 3 tau children: 0
other!! lepton children: 3 tau children: 0
total weighted event: 93709.4
pass at least 1 lepton cut: 13934.4
pass exactly 1 lepton cut: 13920.5
pass 200 MET cut: 0
pass 2 b-jet cut: 0
pass b-jets pt cut: 0
pass aMT2 cut: 0
pass close b-jet/MET: 0
pass mbb cut: 0
pass pT_lep / MET cut: 0
pass pT_lep cut: 0
 
other!! lepton children: 3 tau children: 0
other!! lepton children: 3 tau children: 0
total weighted event: 96867.3
pass at least 1 lepton cut: 14391.6
pass exactly 1 lepton cut: 14378.7
pass 200 MET cut: 0
pass 2 b-jet cut: 0
pass b-jets pt cut: 0
pass aMT2 cut: 0
pass close b-jet/MET: 0
pass mbb cut: 0
pass pT_lep / MET cut: 0
pass pT_lep cut: 0
 
total weighted event: 99998.7
pass at least 1 lepton cut: 14837.1
pass exactly 1 lepton cut: 14821.1
pass 200 MET cut: 0
pass 2 b-jet cut: 0
pass b-jets pt cut: 0
pass aMT2 cut: 0
pass close b-jet/MET: 0
pass mbb cut: 0
pass pT_lep / MET cut: 0
pass pT_lep cut: 0
 
total weighted event: 103228
pass at least 1 lepton cut: 15371
pass exactly 1 lepton cut: 15355
pass 200 MET cut: 0
pass 2 b-jet cut: 0
pass b-jets pt cut: 0
pass aMT2 cut: 0
pass close b-jet/MET: 0
pass mbb cut: 0
pass pT_lep / MET cut: 0
pass pT_lep cut: 0
 
total weighted event: 106482
pass at least 1 lepton cut: 15871.5
pass exactly 1 lepton cut: 15856.6
pass 200 MET cut: 0
pass 2 b-jet cut: 0
pass b-jets pt cut: 0
pass aMT2 cut: 0
pass close b-jet/MET: 0
pass mbb cut: 0
pass pT_lep / MET cut: 0
pass pT_lep cut: 0
 
other!! lepton children: 3 tau children: 0
total weighted event: 109552
pass at least 1 lepton cut: 16334.7
pass exactly 1 lepton cut: 16319.7
pass 200 MET cut: 0
pass 2 b-jet cut: 0
pass b-jets pt cut: 0
pass aMT2 cut: 0
pass close b-jet/MET: 0
pass mbb cut: 0
pass pT_lep / MET cut: 0
pass pT_lep cut: 0
 
other!! lepton children: 3 tau children: 0
total weighted event: 112769
pass at least 1 lepton cut: 16804.5
pass exactly 1 lepton cut: 16789.5
pass 200 MET cut: 0
pass 2 b-jet cut: 0
pass b-jets pt cut: 0
pass aMT2 cut: 0
pass close b-jet/MET: 0
pass mbb cut: 0
pass pT_lep / MET cut: 0
pass pT_lep cut: 0
 
other!! lepton children: 3 tau children: 0
total weighted event: 115935
pass at least 1 lepton cut: 17243.1
pass exactly 1 lepton cut: 17228.2
pass 200 MET cut: 0
pass 2 b-jet cut: 0
pass b-jets pt cut: 0
pass aMT2 cut: 0
pass close b-jet/MET: 0
pass mbb cut: 0
pass pT_lep / MET cut: 0
pass pT_lep cut: 0
 
other!! lepton children: 3 tau children: 0
total weighted event: 119021
pass at least 1 lepton cut: 17712.6
pass exactly 1 lepton cut: 17697.6
pass 200 MET cut: 0
pass 2 b-jet cut: 0
pass b-jets pt cut: 0
pass aMT2 cut: 0
pass close b-jet/MET: 0
pass mbb cut: 0
pass pT_lep / MET cut: 0
pass pT_lep cut: 0
 
other!! lepton children: 3 tau children: 0
other!! lepton children: 3 tau children: 0
other!! lepton children: 3 tau children: 0
total weighted event: 122211
pass at least 1 lepton cut: 18180.3
pass exactly 1 lepton cut: 18164.3
pass 200 MET cut: 0
pass 2 b-jet cut: 0
pass b-jets pt cut: 0
pass aMT2 cut: 0
pass close b-jet/MET: 0
pass mbb cut: 0
pass pT_lep / MET cut: 0
pass pT_lep cut: 0
 
other!! lepton children: 3 tau children: 0
total weighted event: 125184
pass at least 1 lepton cut: 18677.4
pass exactly 1 lepton cut: 18661.5
pass 200 MET cut: 0
pass 2 b-jet cut: 0
pass b-jets pt cut: 0
pass aMT2 cut: 0
pass close b-jet/MET: 0
pass mbb cut: 0
pass pT_lep / MET cut: 0
pass pT_lep cut: 0
 
other!! lepton children: 3 tau children: 0
other!! lepton children: 3 tau children: 0
other!! lepton children: 3 tau children: 0
other!! lepton children: 3 tau children: 0
other!! lepton children: 3 tau children: 0
total weighted event: 128299
pass at least 1 lepton cut: 19137.4
pass exactly 1 lepton cut: 19120.4
pass 200 MET cut: 0
pass 2 b-jet cut: 0
pass b-jets pt cut: 0
pass aMT2 cut: 0
pass close b-jet/MET: 0
pass mbb cut: 0
pass pT_lep / MET cut: 0
pass pT_lep cut: 0
 
other!! lepton children: 3 tau children: 0
other!! lepton children: 3 tau children: 0
other!! lepton children: 3 tau children: 0
total weighted event: 131476
pass at least 1 lepton cut: 19569.8
pass exactly 1 lepton cut: 19552.8
pass 200 MET cut: 0
pass 2 b-jet cut: 0
pass b-jets pt cut: 0
pass aMT2 cut: 0
pass close b-jet/MET: 0
pass mbb cut: 0
pass pT_lep / MET cut: 0
pass pT_lep cut: 0
 
other!! lepton children: 3 tau children: 0
total weighted event: 134520
pass at least 1 lepton cut: 20019.2
pass exactly 1 lepton cut: 20000.3
pass 200 MET cut: 0
pass 2 b-jet cut: 0
pass b-jets pt cut: 0
pass aMT2 cut: 0
pass close b-jet/MET: 0
pass mbb cut: 0
pass pT_lep / MET cut: 0
pass pT_lep cut: 0
 
total weighted event: 137657
pass at least 1 lepton cut: 20580.4
pass exactly 1 lepton cut: 20560.4
pass 200 MET cut: 0
pass 2 b-jet cut: 0
pass b-jets pt cut: 0
pass aMT2 cut: 0
pass close b-jet/MET: 0
pass mbb cut: 0
pass pT_lep / MET cut: 0
pass pT_lep cut: 0
 
total weighted event: 140819
pass at least 1 lepton cut: 21025.1
pass exactly 1 lepton cut: 21004.6
pass 200 MET cut: 0
pass 2 b-jet cut: 0
pass b-jets pt cut: 0
pass aMT2 cut: 0
pass close b-jet/MET: 0
pass mbb cut: 0
pass pT_lep / MET cut: 0
pass pT_lep cut: 0
 
other!! lepton children: 3 tau children: 0
total weighted event: 143914
pass at least 1 lepton cut: 21517.3
pass exactly 1 lepton cut: 21495.8
pass 200 MET cut: 0
pass 2 b-jet cut: 0
pass b-jets pt cut: 0
pass aMT2 cut: 0
pass close b-jet/MET: 0
pass mbb cut: 0
pass pT_lep / MET cut: 0
pass pT_lep cut: 0
 
other!! lepton children: 3 tau children: 0
total weighted event: 147024
pass at least 1 lepton cut: 21979.8
pass exactly 1 lepton cut: 21958.2
pass 200 MET cut: 0
pass 2 b-jet cut: 0
pass b-jets pt cut: 0
pass aMT2 cut: 0
pass close b-jet/MET: 0
pass mbb cut: 0
pass pT_lep / MET cut: 0
pass pT_lep cut: 0
 
total weighted event: 150026
pass at least 1 lepton cut: 22419.6
pass exactly 1 lepton cut: 22397
pass 200 MET cut: 0
pass 2 b-jet cut: 0
pass b-jets pt cut: 0
pass aMT2 cut: 0
pass close b-jet/MET: 0
pass mbb cut: 0
pass pT_lep / MET cut: 0
pass pT_lep cut: 0
 
other!! lepton children: 3 tau children: 0
total weighted event: 153162
pass at least 1 lepton cut: 22880.1
pass exactly 1 lepton cut: 22857.6
pass 200 MET cut: 0
pass 2 b-jet cut: 0
pass b-jets pt cut: 0
pass aMT2 cut: 0
pass close b-jet/MET: 0
pass mbb cut: 0
pass pT_lep / MET cut: 0
pass pT_lep cut: 0
 
total weighted event: 156330
pass at least 1 lepton cut: 23337.6
pass exactly 1 lepton cut: 23315
pass 200 MET cut: 0
pass 2 b-jet cut: 0
pass b-jets pt cut: 0
pass aMT2 cut: 0
pass close b-jet/MET: 0
pass mbb cut: 0
pass pT_lep / MET cut: 0
pass pT_lep cut: 0
 
other!! lepton children: 3 tau children: 0
total weighted event: 159496
pass at least 1 lepton cut: 23798.9
pass exactly 1 lepton cut: 23775.3
pass 200 MET cut: 0
pass 2 b-jet cut: 0
pass b-jets pt cut: 0
pass aMT2 cut: 0
pass close b-jet/MET: 0
pass mbb cut: 0
pass pT_lep / MET cut: 0
pass pT_lep cut: 0
 
other!! lepton children: 3 tau children: 0
other!! lepton children: 3 tau children: 0
total weighted event: 162619
pass at least 1 lepton cut: 24231.4
pass exactly 1 lepton cut: 24206.9
pass 200 MET cut: 0
pass 2 b-jet cut: 0
pass b-jets pt cut: 0
pass aMT2 cut: 0
pass close b-jet/MET: 0
pass mbb cut: 0
pass pT_lep / MET cut: 0
pass pT_lep cut: 0
 
total weighted event: 165752
pass at least 1 lepton cut: 24653.8
pass exactly 1 lepton cut: 24627.3
pass 200 MET cut: 0
pass 2 b-jet cut: 0
pass b-jets pt cut: 0
pass aMT2 cut: 0
pass close b-jet/MET: 0
pass mbb cut: 0
pass pT_lep / MET cut: 0
pass pT_lep cut: 0
 
other!! lepton children: 3 tau children: 0
total weighted event: 168969
pass at least 1 lepton cut: 25079.4
pass exactly 1 lepton cut: 25050.9
pass 200 MET cut: 0
pass 2 b-jet cut: 0
pass b-jets pt cut: 0
pass aMT2 cut: 0
pass close b-jet/MET: 0
pass mbb cut: 0
pass pT_lep / MET cut: 0
pass pT_lep cut: 0
 
other!! lepton children: 3 tau children: 0
total weighted event: 172080
pass at least 1 lepton cut: 25547.2
pass exactly 1 lepton cut: 25519.6
pass 200 MET cut: 0
pass 2 b-jet cut: 0
pass b-jets pt cut: 0
pass aMT2 cut: 0
pass close b-jet/MET: 0
pass mbb cut: 0
pass pT_lep / MET cut: 0
pass pT_lep cut: 0
 
other!! lepton children: 3 tau children: 0
other!! lepton children: 4 tau children: 0
total weighted event: 175133
pass at least 1 lepton cut: 25946
pass exactly 1 lepton cut: 25918.5
pass 200 MET cut: 0
pass 2 b-jet cut: 0
pass b-jets pt cut: 0
pass aMT2 cut: 0
pass close b-jet/MET: 0
pass mbb cut: 0
pass pT_lep / MET cut: 0
pass pT_lep cut: 0
 
other!! lepton children: 3 tau children: 0
other!! lepton children: 3 tau children: 0
total weighted event: 178308
pass at least 1 lepton cut: 26473
pass exactly 1 lepton cut: 26444.5
pass 200 MET cut: 0
pass 2 b-jet cut: 0
pass b-jets pt cut: 0
pass aMT2 cut: 0
pass close b-jet/MET: 0
pass mbb cut: 0
pass pT_lep / MET cut: 0
pass pT_lep cut: 0
 
other!! lepton children: 3 tau children: 0
other!! lepton children: 3 tau children: 0
total weighted event: 181445
pass at least 1 lepton cut: 26962.7
pass exactly 1 lepton cut: 26933.2
pass 200 MET cut: 0
pass 2 b-jet cut: 0
pass b-jets pt cut: 0
pass aMT2 cut: 0
pass close b-jet/MET: 0
pass mbb cut: 0
pass pT_lep / MET cut: 0
pass pT_lep cut: 0
 
total weighted event: 184656
pass at least 1 lepton cut: 27403.6
pass exactly 1 lepton cut: 27372
pass 200 MET cut: 0
pass 2 b-jet cut: 0
pass b-jets pt cut: 0
pass aMT2 cut: 0
pass close b-jet/MET: 0
pass mbb cut: 0
pass pT_lep / MET cut: 0
pass pT_lep cut: 0
 
total weighted event: 187834
pass at least 1 lepton cut: 27904.8
pass exactly 1 lepton cut: 27872.2
pass 200 MET cut: 0
pass 2 b-jet cut: 0
pass b-jets pt cut: 0
pass aMT2 cut: 0
pass close b-jet/MET: 0
pass mbb cut: 0
pass pT_lep / MET cut: 0
pass pT_lep cut: 0
 
other!! lepton children: 3 tau children: 0
total weighted event: 190878
pass at least 1 lepton cut: 28325.4
pass exactly 1 lepton cut: 28292.9
pass 200 MET cut: 0
pass 2 b-jet cut: 0
pass b-jets pt cut: 0
pass aMT2 cut: 0
pass close b-jet/MET: 0
pass mbb cut: 0
pass pT_lep / MET cut: 0
pass pT_lep cut: 0
 
total weighted event: 194005
pass at least 1 lepton cut: 28805.2
pass exactly 1 lepton cut: 28772.7
pass 200 MET cut: 0
pass 2 b-jet cut: 0
pass b-jets pt cut: 0
pass aMT2 cut: 0
pass close b-jet/MET: 0
pass mbb cut: 0
pass pT_lep / MET cut: 0
pass pT_lep cut: 0
 
total weighted event: 197231
pass at least 1 lepton cut: 29328.1
pass exactly 1 lepton cut: 29293.5
pass 200 MET cut: 0
pass 2 b-jet cut: 0
pass b-jets pt cut: 0
pass aMT2 cut: 0
pass close b-jet/MET: 0
pass mbb cut: 0
pass pT_lep / MET cut: 0
pass pT_lep cut: 0
 
total weighted event: 200346
pass at least 1 lepton cut: 29833.2
pass exactly 1 lepton cut: 29799.6
pass 200 MET cut: 0
pass 2 b-jet cut: 0
pass b-jets pt cut: 0
pass aMT2 cut: 0
pass close b-jet/MET: 0
pass mbb cut: 0
pass pT_lep / MET cut: 0
pass pT_lep cut: 0
 
other!! lepton children: 3 tau children: 0
total weighted event: 203491
pass at least 1 lepton cut: 30249.1
pass exactly 1 lepton cut: 30215.6
pass 200 MET cut: 0
pass 2 b-jet cut: 0
pass b-jets pt cut: 0
pass aMT2 cut: 0
pass close b-jet/MET: 0
pass mbb cut: 0
pass pT_lep / MET cut: 0
pass pT_lep cut: 0
 
other!! lepton children: 3 tau children: 0
total weighted event: 206592
pass at least 1 lepton cut: 30712.9
pass exactly 1 lepton cut: 30679.4
pass 200 MET cut: 0
pass 2 b-jet cut: 0
pass b-jets pt cut: 0
pass aMT2 cut: 0
pass close b-jet/MET: 0
pass mbb cut: 0
pass pT_lep / MET cut: 0
pass pT_lep cut: 0
 
total weighted event: 209713
pass at least 1 lepton cut: 31179.7
pass exactly 1 lepton cut: 31145.2
pass 200 MET cut: 0
pass 2 b-jet cut: 0
pass b-jets pt cut: 0
pass aMT2 cut: 0
pass close b-jet/MET: 0
pass mbb cut: 0
pass pT_lep / MET cut: 0
pass pT_lep cut: 0
 
other!! lepton children: 3 tau children: 0
other!! lepton children: 3 tau children: 0
total weighted event: 212725
pass at least 1 lepton cut: 31652.6
pass exactly 1 lepton cut: 31616.1
pass 200 MET cut: 0
pass 2 b-jet cut: 0
pass b-jets pt cut: 0
pass aMT2 cut: 0
pass close b-jet/MET: 0
pass mbb cut: 0
pass pT_lep / MET cut: 0
pass pT_lep cut: 0
 
other!! lepton children: 3 tau children: 0
total weighted event: 215874
pass at least 1 lepton cut: 32106.8
pass exactly 1 lepton cut: 32070.2
pass 200 MET cut: 0
pass 2 b-jet cut: 0
pass b-jets pt cut: 0
pass aMT2 cut: 0
pass close b-jet/MET: 0
pass mbb cut: 0
pass pT_lep / MET cut: 0
pass pT_lep cut: 0
 
total weighted event: 219001
pass at least 1 lepton cut: 32591.9
pass exactly 1 lepton cut: 32554.4
pass 200 MET cut: 0
pass 2 b-jet cut: 0
pass b-jets pt cut: 0
pass aMT2 cut: 0
pass close b-jet/MET: 0
pass mbb cut: 0
pass pT_lep / MET cut: 0
pass pT_lep cut: 0
 
other!! lepton children: 3 tau children: 0
other!! lepton children: 3 tau children: 0
total weighted event: 222058
pass at least 1 lepton cut: 33048.7
pass exactly 1 lepton cut: 33012.1
pass 200 MET cut: 0
pass 2 b-jet cut: 0
pass b-jets pt cut: 0
pass aMT2 cut: 0
pass close b-jet/MET: 0
pass mbb cut: 0
pass pT_lep / MET cut: 0
pass pT_lep cut: 0
 
total weighted event: 225189
pass at least 1 lepton cut: 33494.4
pass exactly 1 lepton cut: 33456.9
pass 200 MET cut: 0
pass 2 b-jet cut: 0
pass b-jets pt cut: 0
pass aMT2 cut: 0
pass close b-jet/MET: 0
pass mbb cut: 0
pass pT_lep / MET cut: 0
pass pT_lep cut: 0
 
other!! lepton children: 3 tau children: 0
other!! lepton children: 3 tau children: 0
total weighted event: 228236
pass at least 1 lepton cut: 33984.9
pass exactly 1 lepton cut: 33947.4
pass 200 MET cut: 0
pass 2 b-jet cut: 0
pass b-jets pt cut: 0
pass aMT2 cut: 0
pass close b-jet/MET: 0
pass mbb cut: 0
pass pT_lep / MET cut: 0
pass pT_lep cut: 0
 
other!! lepton children: 3 tau children: 0
other!! lepton children: 3 tau children: 0
total weighted event: 231405
pass at least 1 lepton cut: 34496
pass exactly 1 lepton cut: 34458.4
pass 200 MET cut: 0
pass 2 b-jet cut: 0
pass b-jets pt cut: 0
pass aMT2 cut: 0
pass close b-jet/MET: 0
pass mbb cut: 0
pass pT_lep / MET cut: 0
pass pT_lep cut: 0
 
other!! lepton children: 3 tau children: 0
total weighted event: 234566
pass at least 1 lepton cut: 34999.8
pass exactly 1 lepton cut: 34960.3
pass 200 MET cut: 0
pass 2 b-jet cut: 0
pass b-jets pt cut: 0
pass aMT2 cut: 0
pass close b-jet/MET: 0
pass mbb cut: 0
pass pT_lep / MET cut: 0
pass pT_lep cut: 0
 
other!! lepton children: 3 tau children: 0
other!! lepton children: 3 tau children: 0
other!! lepton children: 3 tau children: 0
total weighted event: 237598
pass at least 1 lepton cut: 35482.5
pass exactly 1 lepton cut: 35444
pass 200 MET cut: 0
pass 2 b-jet cut: 0
pass b-jets pt cut: 0
pass aMT2 cut: 0
pass close b-jet/MET: 0
pass mbb cut: 0
pass pT_lep / MET cut: 0
pass pT_lep cut: 0
 
other!! lepton children: 4 tau children: 0
other!! lepton children: 3 tau children: 0
total weighted event: 240771
pass at least 1 lepton cut: 36019.7
pass exactly 1 lepton cut: 35981.2
pass 200 MET cut: 0
pass 2 b-jet cut: 0
pass b-jets pt cut: 0
pass aMT2 cut: 0
pass close b-jet/MET: 0
pass mbb cut: 0
pass pT_lep / MET cut: 0
pass pT_lep cut: 0
 
other!! lepton children: 3 tau children: 0
other!! lepton children: 3 tau children: 0
total weighted event: 243841
pass at least 1 lepton cut: 36509.1
pass exactly 1 lepton cut: 36468.6
pass 200 MET cut: 0
pass 2 b-jet cut: 0
pass b-jets pt cut: 0
pass aMT2 cut: 0
pass close b-jet/MET: 0
pass mbb cut: 0
pass pT_lep / MET cut: 0
pass pT_lep cut: 0
 
total weighted event: 246951
pass at least 1 lepton cut: 36995.2
pass exactly 1 lepton cut: 36952.7
pass 200 MET cut: 0
pass 2 b-jet cut: 0
pass b-jets pt cut: 0
pass aMT2 cut: 0
pass close b-jet/MET: 0
pass mbb cut: 0
pass pT_lep / MET cut: 0
pass pT_lep cut: 0
 
other!! lepton children: 3 tau children: 0
other!! lepton children: 4 tau children: 0
other!! lepton children: 3 tau children: 0
other!! lepton children: 3 tau children: 0
other!! lepton children: 3 tau children: 0
total weighted event: 250149
pass at least 1 lepton cut: 37486.2
pass exactly 1 lepton cut: 37443.7
pass 200 MET cut: 0
pass 2 b-jet cut: 0
pass b-jets pt cut: 0
pass aMT2 cut: 0
pass close b-jet/MET: 0
pass mbb cut: 0
pass pT_lep / MET cut: 0
pass pT_lep cut: 0
 
other!! lepton children: 3 tau children: 0
other!! lepton children: 3 tau children: 0
other!! lepton children: 3 tau children: 0
other!! lepton children: 3 tau children: 0
total weighted event: 253312
pass at least 1 lepton cut: 37980.3
pass exactly 1 lepton cut: 37937.8
pass 200 MET cut: 0
pass 2 b-jet cut: 0
pass b-jets pt cut: 0
pass aMT2 cut: 0
pass close b-jet/MET: 0
pass mbb cut: 0
pass pT_lep / MET cut: 0
pass pT_lep cut: 0
 
other!! lepton children: 3 tau children: 0
other!! lepton children: 3 tau children: 0
other!! lepton children: 3 tau children: 0
total weighted event: 256449
pass at least 1 lepton cut: 38453.5
pass exactly 1 lepton cut: 38408
pass 200 MET cut: 0
pass 2 b-jet cut: 0
pass b-jets pt cut: 0
pass aMT2 cut: 0
pass close b-jet/MET: 0
pass mbb cut: 0
pass pT_lep / MET cut: 0
pass pT_lep cut: 0
 
other!! lepton children: 3 tau children: 0
total weighted event: 259579
pass at least 1 lepton cut: 38927.1
pass exactly 1 lepton cut: 38877.8
pass 200 MET cut: 0
pass 2 b-jet cut: 0
pass b-jets pt cut: 0
pass aMT2 cut: 0
pass close b-jet/MET: 0
pass mbb cut: 0
pass pT_lep / MET cut: 0
pass pT_lep cut: 0
 
other!! lepton children: 3 tau children: 0
total weighted event: 262720
pass at least 1 lepton cut: 39462.2
pass exactly 1 lepton cut: 39412.9
pass 200 MET cut: 0
pass 2 b-jet cut: 0
pass b-jets pt cut: 0
pass aMT2 cut: 0
pass close b-jet/MET: 0
pass mbb cut: 0
pass pT_lep / MET cut: 0
pass pT_lep cut: 0
 
other!! lepton children: 3 tau children: 0
other!! lepton children: 4 tau children: 0
other!! lepton children: 3 tau children: 0
other!! lepton children: 3 tau children: 0
total weighted event: 265829
pass at least 1 lepton cut: 39940.9
pass exactly 1 lepton cut: 39889.6
pass 200 MET cut: 0
pass 2 b-jet cut: 0
pass b-jets pt cut: 0
pass aMT2 cut: 0
pass close b-jet/MET: 0
pass mbb cut: 0
pass pT_lep / MET cut: 0
pass pT_lep cut: 0
 
other!! lepton children: 3 tau children: 0
total weighted event: 268896
pass at least 1 lepton cut: 40440.6
pass exactly 1 lepton cut: 40390.3
pass 200 MET cut: 0
pass 2 b-jet cut: 0
pass b-jets pt cut: 0
pass aMT2 cut: 0
pass close b-jet/MET: 0
pass mbb cut: 0
pass pT_lep / MET cut: 0
pass pT_lep cut: 0
 
other!! lepton children: 3 tau children: 0
other!! lepton children: 3 tau children: 0
total weighted event: 272064
pass at least 1 lepton cut: 40926.4
pass exactly 1 lepton cut: 40874.1
pass 200 MET cut: 0
pass 2 b-jet cut: 0
pass b-jets pt cut: 0
pass aMT2 cut: 0
pass close b-jet/MET: 0
pass mbb cut: 0
pass pT_lep / MET cut: 0
pass pT_lep cut: 0
 
other!! lepton children: 3 tau children: 0
other!! lepton children: 3 tau children: 0
total weighted event: 275198
pass at least 1 lepton cut: 41364.2
pass exactly 1 lepton cut: 41310.9
pass 200 MET cut: 0
pass 2 b-jet cut: 0
pass b-jets pt cut: 0
pass aMT2 cut: 0
pass close b-jet/MET: 0
pass mbb cut: 0
pass pT_lep / MET cut: 0
pass pT_lep cut: 0
 
other!! lepton children: 3 tau children: 0
total weighted event: 278245
pass at least 1 lepton cut: 41840.9
pass exactly 1 lepton cut: 41787.6
pass 200 MET cut: 0
pass 2 b-jet cut: 0
pass b-jets pt cut: 0
pass aMT2 cut: 0
pass close b-jet/MET: 0
pass mbb cut: 0
pass pT_lep / MET cut: 0
pass pT_lep cut: 0
 
other!! lepton children: 3 tau children: 0
other!! lepton children: 3 tau children: 0
total weighted event: 281401
pass at least 1 lepton cut: 42298.4
pass exactly 1 lepton cut: 42244.1
pass 200 MET cut: 0
pass 2 b-jet cut: 0
pass b-jets pt cut: 0
pass aMT2 cut: 0
pass close b-jet/MET: 0
pass mbb cut: 0
pass pT_lep / MET cut: 0
pass pT_lep cut: 0
 
other!! lepton children: 3 tau children: 0
other!! lepton children: 3 tau children: 0
other!! lepton children: 3 tau children: 0
other!! lepton children: 3 tau children: 0
total weighted event: 284516
pass at least 1 lepton cut: 42747.1
pass exactly 1 lepton cut: 42692.8
pass 200 MET cut: 0
pass 2 b-jet cut: 0
pass b-jets pt cut: 0
pass aMT2 cut: 0
pass close b-jet/MET: 0
pass mbb cut: 0
pass pT_lep / MET cut: 0
pass pT_lep cut: 0
 
other!! lepton children: 3 tau children: 0
total weighted event: 287656
pass at least 1 lepton cut: 43260.3
pass exactly 1 lepton cut: 43206
pass 200 MET cut: 0
pass 2 b-jet cut: 0
pass b-jets pt cut: 0
pass aMT2 cut: 0
pass close b-jet/MET: 0
pass mbb cut: 0
pass pT_lep / MET cut: 0
pass pT_lep cut: 0
 
other!! lepton children: 3 tau children: 0
total weighted event: 290675
pass at least 1 lepton cut: 43727.3
pass exactly 1 lepton cut: 43673
pass 200 MET cut: 0
pass 2 b-jet cut: 0
pass b-jets pt cut: 0
pass aMT2 cut: 0
pass close b-jet/MET: 0
pass mbb cut: 0
pass pT_lep / MET cut: 0
pass pT_lep cut: 0
 
other!! lepton children: 3 tau children: 0
other!! lepton children: 3 tau children: 0
other!! lepton children: 3 tau children: 0
other!! lepton children: 3 tau children: 0
total weighted event: 293681
pass at least 1 lepton cut: 44224.9
pass exactly 1 lepton cut: 44170.6
pass 200 MET cut: 0
pass 2 b-jet cut: 0
pass b-jets pt cut: 0
pass aMT2 cut: 0
pass close b-jet/MET: 0
pass mbb cut: 0
pass pT_lep / MET cut: 0
pass pT_lep cut: 0
 
total weighted event: 296699
pass at least 1 lepton cut: 44666.7
pass exactly 1 lepton cut: 44612.4
pass 200 MET cut: 0
pass 2 b-jet cut: 0
pass b-jets pt cut: 0
pass aMT2 cut: 0
pass close b-jet/MET: 0
pass mbb cut: 0
pass pT_lep / MET cut: 0
pass pT_lep cut: 0
 
other!! lepton children: 3 tau children: 0
other!! lepton children: 3 tau children: 0
total weighted event: 299855
pass at least 1 lepton cut: 45142.8
pass exactly 1 lepton cut: 45086.5
pass 200 MET cut: 0
pass 2 b-jet cut: 0
pass b-jets pt cut: 0
pass aMT2 cut: 0
pass close b-jet/MET: 0
pass mbb cut: 0
pass pT_lep / MET cut: 0
pass pT_lep cut: 0
 
worker finished:
Real time 0:13:45, CP time 543.370
xAOD::TFileAccessTracer   INFO    Sending file access statistics to http://rucio-lb-prod.cern.ch:18762/traces/
