starting batch job initialization
batch job user initialization finished
at3f08.hep.upenn.edu
/home/shepj/xaod/ROOTAnalysisTutorial/Run/Wtaunu_Pt0_70_weights
shepj

Processing /cvmfs/atlas.cern.ch/repo/sw/ASG/AnalysisBase/2.3.45/RootCore/scripts/load_packages.C...
xAOD::Init                INFO    Environment initialised for data access
Processing /cvmfs/atlas.cern.ch/repo/sw/ASG/AnalysisBase/2.3.45/RootCore/scripts/load_packages.C...
load_packages.C already run, not running again
Processing /home/shepj/xaod/ROOTAnalysisTutorial/RootCoreBin/user_scripts/EventLoop/batch_worker.C(8,"/home/shepj/xaod/ROOTAnalysisTutorial/Run/Wtaunu_Pt0_70_weights/submit/config.root")...
/var/lib/condor/execute/dir_11191/EventLoop-Worker-mc15_13TeV.361350.Sherpa_CT10_Wtaunu_Pt0_70_BFilter.merge.DAOD_TRUTH1.e3733_p2375-8-1472478631-11192
Processing File file:///disk/userdata00/atlas_data2/shepj/mc15_13TeV.361350.Sherpa_CT10_Wtaunu_Pt0_70_BFilter.merge.DAOD_TRUTH1.e3733_p2375//DAOD_TRUTH1.05969467._000005.pool.root.1
Hostname is at3f08.hep.upenn.edu
the metadata had for veto directory: 
output
tempdir
Old file name is /disk/userdata00/atlas_data2/shepj/mc15_13TeV.361350.Sherpa_CT10_Wtaunu_Pt0_70_BFilter.merge.DAOD_TRUTH1.e3733_p2375//DAOD_TRUTH1.05969467._000005.pool.root.1
New file name is _disk_userdata00_atlas_data2_shepj_mc15_13TeV.361350.Sherpa_CT10_Wtaunu_Pt0_70_BFilter.merge.DAOD_TRUTH1.e3733_p2375__DAOD_TRUTH1.05969467._000005.pool.root.1
Job location: /home/shepj/xaod/ROOTAnalysisTutorial/Run/Wtaunu_Pt0_70_weights
Veto directory: /home/shepj/xaod/ROOTAnalysisTutorial/Run/Wtaunu_Pt0_70_weights/veto
nfiles = 10. waiting.
nfiles = 10. waiting.
nfiles = 10. waiting.
nfiles = 10. waiting.
nfiles = 10. waiting.
nfiles = 10. waiting.
nfiles = 10. waiting.
nfiles = 10. waiting.
nfiles = 10. waiting.
nfiles = 10. waiting.
nfiles = 10. waiting.
nfiles = 10. waiting.
nfiles = 10. waiting.
nfiles = 10. waiting.
nfiles = 10. waiting.
nfiles = 10. waiting.
nfiles = 10. waiting.
nfiles = 10. waiting.
nfiles = 10. waiting.
nfiles = 10. waiting.
nfiles = 10. waiting.
nfiles = 10. waiting.
nfiles = 10. waiting.
nfiles = 10. waiting.
nfiles = 10. waiting.
nfiles = 10. waiting.
nfiles = 10. waiting.
nfiles = 10. waiting.
nfiles = 10. waiting.
nfiles = 10. waiting.
nfiles = 10. waiting.
nfiles = 10. waiting.
nfiles = 10. waiting.
nfiles = 10. waiting.
nfiles = 10. waiting.
nfiles = 10. waiting.
nfiles = 10. waiting.
nfiles = 11. waiting.
Transfer begin for _disk_userdata00_atlas_data2_shepj_mc15_13TeV.361350.Sherpa_CT10_Wtaunu_Pt0_70_BFilter.merge.DAOD_TRUTH1.e3733_p2375__DAOD_TRUTH1.05969467._000005.pool.root.1
cp /disk/userdata00/atlas_data2/shepj/mc15_13TeV.361350.Sherpa_CT10_Wtaunu_Pt0_70_BFilter.merge.DAOD_TRUTH1.e3733_p2375//DAOD_TRUTH1.05969467._000005.pool.root.1 tempdir/_disk_userdata00_atlas_data2_shepj_mc15_13TeV.361350.Sherpa_CT10_Wtaunu_Pt0_70_BFilter.merge.DAOD_TRUTH1.e3733_p2375__DAOD_TRUTH1.05969467._000005.pool.root.1
Transfer end. xrd command result: 
Checking that file exists tempdir/_disk_userdata00_atlas_data2_shepj_mc15_13TeV.361350.Sherpa_CT10_Wtaunu_Pt0_70_BFilter.merge.DAOD_TRUTH1.e3733_p2375__DAOD_TRUTH1.05969467._000005.pool.root.1
File exists: tempdir/_disk_userdata00_atlas_data2_shepj_mc15_13TeV.361350.Sherpa_CT10_Wtaunu_Pt0_70_BFilter.merge.DAOD_TRUTH1.e3733_p2375__DAOD_TRUTH1.05969467._000005.pool.root.1
Breaking out of queue after this many tries: 1
MyxAODAnalysis::initia... INFO    Number of events = 480000
TInterpreter::AutoParse   ERROR   Error parsing payload code for class xAOD::MissingETAuxContainer_v1 with content:


#ifndef G__VECTOR_HAS_CLASS_ITERATOR
  #define G__VECTOR_HAS_CLASS_ITERATOR 1
#endif
#ifndef ROOTCORE
  #define ROOTCORE 1
#endif
#ifndef ROOTCORE_RELEASE_SERIES
  #define ROOTCORE_RELEASE_SERIES 23
#endif
#ifndef ROOTCORE_TEST_FILE
  #define ROOTCORE_TEST_FILE "/afs/cern.ch/user/a/asgbase/patspace/xAODs/r6630/mc15_13TeV.410000.PowhegPythiaEvtGen_P2012_ttbar_hdamp172p5_nonallhad.recon.AOD.e3698_s2608_s2183_r6630_tid05352803_00/AOD.05352803._000242.pool.root.1"
#endif
#ifndef ROOTCORE_TEST_DATA
  #define ROOTCORE_TEST_DATA "/afs/cern.ch/user/a/asgbase/patspace/xAODs/r6630"
#endif
#ifndef ASG_TEST_FILE_DATA
  #define ASG_TEST_FILE_DATA "/afs/cern.ch/atlas/project/PAT/xAODs/p2410/data15_13TeV.00270448.physics_Main.merge.AOD.r6943_p2410/AOD.06297575._000522.pool.root.1"
#endif
#ifndef ASG_TEST_FILE_MC
  #define ASG_TEST_FILE_MC "/afs/cern.ch/user/a/asgbase/patspace/xAODs/r6630/mc15_13TeV.410000.PowhegPythiaEvtGen_P2012_ttbar_hdamp172p5_nonallhad.recon.AOD.e3698_s2608_s2183_r6630_tid05352803_00/AOD.05352803._000242.pool.root.1"
#endif
#ifndef XAOD_STANDALONE
  #define XAOD_STANDALONE 1
#endif
#ifndef XAOD_ANALYSIS
  #define XAOD_ANALYSIS 1
#endif
#ifndef ROOTCORE_PACKAGE
  #define ROOTCORE_PACKAGE "xAODMissingET"
#endif

#define _BACKWARD_BACKWARD_WARNING_H
// Dear emacs, this is -*- c++ -*-
// $Id: xAODMissingETDict.h 662681 2015-04-23 18:04:34Z khoo $
#ifndef XAODMISSINGET_XAODMISSINGETDICT_H
#define XAODMISSINGET_XAODMISSINGETDICT_H

// Needed to successfully generate the dictionary in standalone mode:
#if defined(__GCCXML__) and not defined(EIGEN_DONT_VECTORIZE)
#   define EIGEN_DONT_VECTORIZE
#endif // __GCCXML__

// System include(s):
#include <vector>

// EDM include(s):
#include "AthLinks/DataLink.h"
#include "AthLinks/ElementLink.h"

// Local include(s):
#include "xAODMissingET/MissingETContainer.h"
#include "xAODMissingET/MissingETAuxContainer.h"
#include "xAODMissingET/MissingETComponentMap.h"
#include "xAODMissingET/MissingETAuxComponentMap.h"
#include "xAODMissingET/MissingETAssociationMap.h"
#include "xAODMissingET/MissingETAuxAssociationMap.h"
#include "xAODMissingET/versions/MissingETBase.h"

namespace {
   struct GCCXML_DUMMY_INSTANTIATION_XAODMISSINGET {
      // Container(s):
      DataVector< xAOD::MissingET_v1 > c1;
      xAOD::MissingETContainer_v1 c2;
      DataVector< xAOD::MissingETComponent_v1 > c3;
      xAOD::MissingETComponentMap_v1 c4;
      DataVector< xAOD::MissingETAssociation_v1 > c5;
      xAOD::MissingETAssociationMap_v1 c6;
      // Smart pointer(s):
      DataLink< xAOD::MissingETContainer_v1 > dl1;
      std::vector< DataLink< xAOD::MissingETContainer_v1 > > dl2;
      ElementLink< xAOD::MissingETContainer_v1 > el1;
      std::vector< ElementLink< xAOD::MissingETContainer_v1 > > el2;
      std::vector< std::vector< ElementLink< xAOD::MissingETContainer_v1 > > > el3;
      DataLink< xAOD::MissingETComponentMap_v1 > dl3;
      std::vector< DataLink< xAOD::MissingETComponentMap_v1 > > dl4;
      ElementLink< xAOD::MissingETComponentMap_v1 > el4;
      std::vector< ElementLink< xAOD::MissingETComponentMap_v1 > > el5;
      std::vector< std::vector< ElementLink< xAOD::MissingETComponentMap_v1 > > > el6;
      DataLink< xAOD::MissingETAssociationMap_v1 > dl5;
      std::vector< DataLink< xAOD::MissingETAssociationMap_v1 > > dl6;
      ElementLink< xAOD::MissingETAssociationMap_v1 > el7;
      std::vector< ElementLink< xAOD::MissingETAssociationMap_v1 > > el8;
      std::vector< std::vector< ElementLink< xAOD::MissingETAssociationMap_v1 > > > el9;

      // Smart pointers needed for the correct generation of the auxiliary
      // class dictionaries:
      ElementLink< xAOD::IParticleContainer > el10;
      std::vector< ElementLink< xAOD::IParticleContainer > > el11;
      std::vector< std::vector< ElementLink< xAOD::IParticleContainer > > > el12;

      std::vector< MissingETBase::Types::bitmask_t > vec1;
      std::vector< unsigned long long > vec2;
      std::vector< std::vector< size_t > > vec3;
      std::vector< std::vector< unsigned char > > vec4;
      std::vector< std::vector< unsigned long long > > vec5;
      std::vector< std::vector< std::vector< size_t > > > vec6;
      std::vector< std::vector< std::vector< unsigned long > > > vec7;
      std::vector< std::vector< std::vector< unsigned char > > > vec8;
      std::vector< std::vector<std::vector<unsigned long long> > > vec9;
   };
}

#endif // XAODMISSINGET_XAODMISSINGETDICT_H

#undef  _BACKWARD_BACKWARD_WARNING_H

TClass::LoadClassInfo     ERROR   no interpreter information for class xAOD::MissingETAuxContainer_v1 is available eventhough it has a TClass initialization routine.
xAOD::TEvent::setUpDyn... WARNING Couldn't find setName(...) function for container MET_TruthAux.  (type: xAOD::MissingETAuxContainer_v1)
TInterpreter::AutoParse   ERROR   Error parsing payload code for class xAOD::JetAuxContainer_v1 with content:


#ifndef G__VECTOR_HAS_CLASS_ITERATOR
  #define G__VECTOR_HAS_CLASS_ITERATOR 1
#endif
#ifndef ROOTCORE
  #define ROOTCORE 1
#endif
#ifndef ROOTCORE_RELEASE_SERIES
  #define ROOTCORE_RELEASE_SERIES 23
#endif
#ifndef ROOTCORE_TEST_FILE
  #define ROOTCORE_TEST_FILE "/afs/cern.ch/user/a/asgbase/patspace/xAODs/r6630/mc15_13TeV.410000.PowhegPythiaEvtGen_P2012_ttbar_hdamp172p5_nonallhad.recon.AOD.e3698_s2608_s2183_r6630_tid05352803_00/AOD.05352803._000242.pool.root.1"
#endif
#ifndef ROOTCORE_TEST_DATA
  #define ROOTCORE_TEST_DATA "/afs/cern.ch/user/a/asgbase/patspace/xAODs/r6630"
#endif
#ifndef ASG_TEST_FILE_DATA
  #define ASG_TEST_FILE_DATA "/afs/cern.ch/atlas/project/PAT/xAODs/p2410/data15_13TeV.00270448.physics_Main.merge.AOD.r6943_p2410/AOD.06297575._000522.pool.root.1"
#endif
#ifndef ASG_TEST_FILE_MC
  #define ASG_TEST_FILE_MC "/afs/cern.ch/user/a/asgbase/patspace/xAODs/r6630/mc15_13TeV.410000.PowhegPythiaEvtGen_P2012_ttbar_hdamp172p5_nonallhad.recon.AOD.e3698_s2608_s2183_r6630_tid05352803_00/AOD.05352803._000242.pool.root.1"
#endif
#ifndef XAOD_STANDALONE
  #define XAOD_STANDALONE 1
#endif
#ifndef XAOD_ANALYSIS
  #define XAOD_ANALYSIS 1
#endif
#ifndef ROOTCORE_PACKAGE
  #define ROOTCORE_PACKAGE "xAODJet"
#endif

#define _BACKWARD_BACKWARD_WARNING_H
// Dear emacs, this is -*- c++ -*-
// $Id: xAODJetDict.h 658646 2015-04-02 10:29:26Z delsart $
#ifndef XAODJET_XAODJETDICT_H
#define XAODJET_XAODJETDICT_H

// Needed to successfully generate the dictionary in standalone mode:
#if defined(__GCCXML__) and not defined(EIGEN_DONT_VECTORIZE)
#   define EIGEN_DONT_VECTORIZE
#endif // __GCCXML__

// System include(s):
#include <vector>

// EDM include(s):
#include "AthLinks/DataLink.h"
#include "AthLinks/ElementLink.h"
#include "AthLinks/ElementLinkVector.h"

// Local include(s):
#include "xAODJet/JetContainer.h"
#include "xAODJet/versions/JetContainer_v1.h"
#include "xAODJet/versions/JetAuxContainer_v1.h"
#include "xAODJet/versions/JetTrigAuxContainer_v1.h"
#include "xAODJet/versions/Jet_v1.h"
#include "xAODJet/JetTypes.h"

namespace {
   struct GCCXML_DUMMY_INSTANTIATION_XAODJET {
      // Instantiate the container for gccxml:
      xAOD::JetContainer_v1 c1;

      // Smart pointers to Jet_v1:
      DataLink< xAOD::JetContainer_v1 > e1;
      std::vector< DataLink< xAOD::JetContainer_v1 > > e2;
      ElementLink< xAOD::JetContainer_v1 > e3;
      std::vector< ElementLink< xAOD::JetContainer_v1 > > e4;
      std::vector< std::vector< ElementLink< xAOD::JetContainer_v1 > > > e5;
      ElementLinkVector< xAOD::JetContainer_v1 > e6;
      std::vector< ElementLinkVector< xAOD::JetContainer_v1 > > e7;

      // Instantiations to create the EL member dictionaries correctly:
      xAOD::IParticleContainer pc1;
      ElementLink<xAOD::IParticleContainer> e10;

     std::pair<std::string,std::vector<const xAOD::IParticle*> > bug1;
     std::pair<std::string,std::vector<float> > bug2;
     std::pair<std::string,std::vector<std::vector<int> > > bug3;
     std::pair<std::string,std::vector<std::vector<float> > > bug4;

     // momentums     
     //xAOD::JetFourMom_t jet4mom;
     std::vector<xAOD::JetFourMom_t> vjet4mom;

     //std::vector<const xAOD::IParticle*> vpart; not yet : not sure this belongs elsewhere ?
     //
   };
}


template float xAOD::Jet_v1::getAttribute<float> (xAOD::JetAttribute::AttributeID) const ; 
template int xAOD::Jet_v1::getAttribute<int> (xAOD::JetAttribute::AttributeID) const ; 
template xAOD::JetFourMom_t xAOD::Jet_v1::getAttribute<xAOD::JetFourMom_t> (xAOD::JetAttribute::AttributeID) const ; 
template std::vector<float> xAOD::Jet_v1::getAttribute< std::vector<float> > (xAOD::JetAttribute::AttributeID) const ;
template std::vector<int> xAOD::Jet_v1::getAttribute< std::vector<int> > (xAOD::JetAttribute::AttributeID) const ;

template float xAOD::Jet_v1::getAttribute<float> (const std::string &) const ; 
template int xAOD::Jet_v1::getAttribute<int> (const std::string &) const ; 
template xAOD::JetFourMom_t xAOD::Jet_v1::getAttribute<xAOD::JetFourMom_t> (const std::string &) const ; 
template std::vector<float> xAOD::Jet_v1::getAttribute< std::vector<float> > (const std::string &) const ;
template std::vector<int> xAOD::Jet_v1::getAttribute< std::vector<int> > (const std::string &) const ;


template void xAOD::Jet_v1::setAttribute<float>(const std::string &, const float& ) ;
template void xAOD::Jet_v1::setAttribute<int>(const std::string &, const int& ) ;

template void xAOD::Jet_v1::setAttribute<std::vector<float> >(const std::string &, const std::vector<float>& ) ;
template void xAOD::Jet_v1::setAttribute<std::vector<int> >(const std::string &, const std::vector<int>& ) ;



template std::vector<const xAOD::IParticle*> xAOD::Jet_v1::getAssociatedObjects<xAOD::IParticle >( xAOD::JetAttribute::AssoParticlesID ) const;
template std::vector<const xAOD::IParticle*> xAOD::Jet_v1::getAssociatedObjects<xAOD::IParticle >( const std::string &  ) const ;

template void xAOD::Jet_v1::setAssociatedObjects<xAOD::IParticle >( const std::string &, const std::vector<const xAOD::IParticle*>& ) ;


template const xAOD::IParticle* xAOD::Jet_v1::getAssociatedObject<xAOD::IParticle>( const std::string &) const ;
template const xAOD::IParticle* xAOD::Jet_v1::getAssociatedObject<xAOD::IParticle>( xAOD::JetAttribute::AssoParticlesID ) const ;
template void xAOD::Jet_v1::setAssociatedObject<xAOD::IParticle>( const std::string &,  const xAOD::IParticle* ) ;



#endif // XAODJET_XAODJETDICT_H

#undef  _BACKWARD_BACKWARD_WARNING_H

TClass::LoadClassInfo     ERROR   no interpreter information for class xAOD::JetAuxContainer_v1 is available eventhough it has a TClass initialization routine.
xAOD::TEvent::setUpDyn... WARNING Couldn't find setName(...) function for container AntiKt4TruthJetsAux.  (type: xAOD::JetAuxContainer_v1)
other!! lepton children: 3 tau children: 0
other!! lepton children: 3 tau children: 0
total weighted event: 3107.52
pass at least 1 lepton cut: 489.04
pass exactly 1 lepton cut: 487.04
pass 200 MET cut: 0
pass 2 b-jet cut: 0
pass b-jets pt cut: 0
pass aMT2 cut: 0
pass close b-jet/MET: 0
pass mbb cut: 0
pass pT_lep / MET cut: 0
pass pT_lep cut: 0
 
other!! lepton children: 3 tau children: 0
total weighted event: 6157.06
pass at least 1 lepton cut: 961.629
pass exactly 1 lepton cut: 958.629
pass 200 MET cut: 0
pass 2 b-jet cut: 0
pass b-jets pt cut: 0
pass aMT2 cut: 0
pass close b-jet/MET: 0
pass mbb cut: 0
pass pT_lep / MET cut: 0
pass pT_lep cut: 0
 
other!! lepton children: 3 tau children: 0
other!! lepton children: 3 tau children: 0
total weighted event: 9155.62
pass at least 1 lepton cut: 1453.95
pass exactly 1 lepton cut: 1449.95
pass 200 MET cut: 0
pass 2 b-jet cut: 0
pass b-jets pt cut: 0
pass aMT2 cut: 0
pass close b-jet/MET: 0
pass mbb cut: 0
pass pT_lep / MET cut: 0
pass pT_lep cut: 0
 
total weighted event: 12259
pass at least 1 lepton cut: 1953.54
pass exactly 1 lepton cut: 1947.54
pass 200 MET cut: 0
pass 2 b-jet cut: 0
pass b-jets pt cut: 0
pass aMT2 cut: 0
pass close b-jet/MET: 0
pass mbb cut: 0
pass pT_lep / MET cut: 0
pass pT_lep cut: 0
 
other!! lepton children: 3 tau children: 0
other!! lepton children: 3 tau children: 0
other!! lepton children: 3 tau children: 0
total weighted event: 15425.8
pass at least 1 lepton cut: 2390
pass exactly 1 lepton cut: 2384
pass 200 MET cut: 0
pass 2 b-jet cut: 0
pass b-jets pt cut: 0
pass aMT2 cut: 0
pass close b-jet/MET: 0
pass mbb cut: 0
pass pT_lep / MET cut: 0
pass pT_lep cut: 0
 
total weighted event: 18594.7
pass at least 1 lepton cut: 2871.35
pass exactly 1 lepton cut: 2866.35
pass 200 MET cut: 0
pass 2 b-jet cut: 0
pass b-jets pt cut: 0
pass aMT2 cut: 0
pass close b-jet/MET: 0
pass mbb cut: 0
pass pT_lep / MET cut: 0
pass pT_lep cut: 0
 
other!! lepton children: 3 tau children: 0
other!! lepton children: 3 tau children: 0
total weighted event: 21767.4
pass at least 1 lepton cut: 3333.98
pass exactly 1 lepton cut: 3328.98
pass 200 MET cut: 0
pass 2 b-jet cut: 0
pass b-jets pt cut: 0
pass aMT2 cut: 0
pass close b-jet/MET: 0
pass mbb cut: 0
pass pT_lep / MET cut: 0
pass pT_lep cut: 0
 
other!! lepton children: 3 tau children: 0
total weighted event: 24899
pass at least 1 lepton cut: 3776.67
pass exactly 1 lepton cut: 3770.67
pass 200 MET cut: 0
pass 2 b-jet cut: 0
pass b-jets pt cut: 0
pass aMT2 cut: 0
pass close b-jet/MET: 0
pass mbb cut: 0
pass pT_lep / MET cut: 0
pass pT_lep cut: 0
 
other!! lepton children: 3 tau children: 0
total weighted event: 28068
pass at least 1 lepton cut: 4215
pass exactly 1 lepton cut: 4209
pass 200 MET cut: 0
pass 2 b-jet cut: 0
pass b-jets pt cut: 0
pass aMT2 cut: 0
pass close b-jet/MET: 0
pass mbb cut: 0
pass pT_lep / MET cut: 0
pass pT_lep cut: 0
 
other!! lepton children: 3 tau children: 0
total weighted event: 31223.6
pass at least 1 lepton cut: 4688.29
pass exactly 1 lepton cut: 4681.29
pass 200 MET cut: 0
pass 2 b-jet cut: 0
pass b-jets pt cut: 0
pass aMT2 cut: 0
pass close b-jet/MET: 0
pass mbb cut: 0
pass pT_lep / MET cut: 0
pass pT_lep cut: 0
 
other!! lepton children: 3 tau children: 0
total weighted event: 34346.2
pass at least 1 lepton cut: 5204.33
pass exactly 1 lepton cut: 5196.33
pass 200 MET cut: 0
pass 2 b-jet cut: 0
pass b-jets pt cut: 0
pass aMT2 cut: 0
pass close b-jet/MET: 0
pass mbb cut: 0
pass pT_lep / MET cut: 0
pass pT_lep cut: 0
 
total weighted event: 37578.6
pass at least 1 lepton cut: 5702.86
pass exactly 1 lepton cut: 5694.86
pass 200 MET cut: 0
pass 2 b-jet cut: 0
pass b-jets pt cut: 0
pass aMT2 cut: 0
pass close b-jet/MET: 0
pass mbb cut: 0
pass pT_lep / MET cut: 0
pass pT_lep cut: 0
 
other!! lepton children: 3 tau children: 0
other!! lepton children: 3 tau children: 0
total weighted event: 40606.9
pass at least 1 lepton cut: 6165.03
pass exactly 1 lepton cut: 6156.03
pass 200 MET cut: 0
pass 2 b-jet cut: 0
pass b-jets pt cut: 0
pass aMT2 cut: 0
pass close b-jet/MET: 0
pass mbb cut: 0
pass pT_lep / MET cut: 0
pass pT_lep cut: 0
 
other!! lepton children: 3 tau children: 0
other!! lepton children: 3 tau children: 0
total weighted event: 43803.4
pass at least 1 lepton cut: 6618.46
pass exactly 1 lepton cut: 6610.46
pass 200 MET cut: 0
pass 2 b-jet cut: 0
pass b-jets pt cut: 0
pass aMT2 cut: 0
pass close b-jet/MET: 0
pass mbb cut: 0
pass pT_lep / MET cut: 0
pass pT_lep cut: 0
 
total weighted event: 46914.3
pass at least 1 lepton cut: 7058.25
pass exactly 1 lepton cut: 7049.25
pass 200 MET cut: 0
pass 2 b-jet cut: 0
pass b-jets pt cut: 0
pass aMT2 cut: 0
pass close b-jet/MET: 0
pass mbb cut: 0
pass pT_lep / MET cut: 0
pass pT_lep cut: 0
 
other!! lepton children: 3 tau children: 0
total weighted event: 50043.5
pass at least 1 lepton cut: 7506.4
pass exactly 1 lepton cut: 7496.4
pass 200 MET cut: 0
pass 2 b-jet cut: 0
pass b-jets pt cut: 0
pass aMT2 cut: 0
pass close b-jet/MET: 0
pass mbb cut: 0
pass pT_lep / MET cut: 0
pass pT_lep cut: 0
 
other!! lepton children: 3 tau children: 0
other!! lepton children: 3 tau children: 0
other!! lepton children: 3 tau children: 0
total weighted event: 53287.9
pass at least 1 lepton cut: 7992.27
pass exactly 1 lepton cut: 7981.27
pass 200 MET cut: 0
pass 2 b-jet cut: 0
pass b-jets pt cut: 0
pass aMT2 cut: 0
pass close b-jet/MET: 0
pass mbb cut: 0
pass pT_lep / MET cut: 0
pass pT_lep cut: 0
 
other!! lepton children: 3 tau children: 0
total weighted event: 56350.9
pass at least 1 lepton cut: 8493.05
pass exactly 1 lepton cut: 8482.05
pass 200 MET cut: 0
pass 2 b-jet cut: 0
pass b-jets pt cut: 0
pass aMT2 cut: 0
pass close b-jet/MET: 0
pass mbb cut: 0
pass pT_lep / MET cut: 0
pass pT_lep cut: 0
 
other!! lepton children: 3 tau children: 0
total weighted event: 59542.9
pass at least 1 lepton cut: 8973.96
pass exactly 1 lepton cut: 8962.96
pass 200 MET cut: 0
pass 2 b-jet cut: 0
pass b-jets pt cut: 0
pass aMT2 cut: 0
pass close b-jet/MET: 0
pass mbb cut: 0
pass pT_lep / MET cut: 0
pass pT_lep cut: 0
 
other!! lepton children: 3 tau children: 0
other!! lepton children: 3 tau children: 0
total weighted event: 62722
pass at least 1 lepton cut: 9486.87
pass exactly 1 lepton cut: 9475.87
pass 200 MET cut: 0
pass 2 b-jet cut: 0
pass b-jets pt cut: 0
pass aMT2 cut: 0
pass close b-jet/MET: 0
pass mbb cut: 0
pass pT_lep / MET cut: 0
pass pT_lep cut: 0
 
other!! lepton children: 3 tau children: 0
other!! lepton children: 3 tau children: 0
other!! lepton children: 3 tau children: 0
other!! lepton children: 3 tau children: 0
total weighted event: 65891.2
pass at least 1 lepton cut: 9931.43
pass exactly 1 lepton cut: 9920.43
pass 200 MET cut: 0
pass 2 b-jet cut: 0
pass b-jets pt cut: 0
pass aMT2 cut: 0
pass close b-jet/MET: 0
pass mbb cut: 0
pass pT_lep / MET cut: 0
pass pT_lep cut: 0
 
total weighted event: 69109.6
pass at least 1 lepton cut: 10405.9
pass exactly 1 lepton cut: 10395.9
pass 200 MET cut: 0
pass 2 b-jet cut: 0
pass b-jets pt cut: 0
pass aMT2 cut: 0
pass close b-jet/MET: 0
pass mbb cut: 0
pass pT_lep / MET cut: 0
pass pT_lep cut: 0
 
other!! lepton children: 3 tau children: 0
other!! lepton children: 3 tau children: 0
other!! lepton children: 3 tau children: 0
total weighted event: 72329.8
pass at least 1 lepton cut: 10905.2
pass exactly 1 lepton cut: 10895.2
pass 200 MET cut: 0
pass 2 b-jet cut: 0
pass b-jets pt cut: 0
pass aMT2 cut: 0
pass close b-jet/MET: 0
pass mbb cut: 0
pass pT_lep / MET cut: 0
pass pT_lep cut: 0
 
total weighted event: 75484.4
pass at least 1 lepton cut: 11382.1
pass exactly 1 lepton cut: 11371.1
pass 200 MET cut: 0
pass 2 b-jet cut: 0
pass b-jets pt cut: 0
pass aMT2 cut: 0
pass close b-jet/MET: 0
pass mbb cut: 0
pass pT_lep / MET cut: 0
pass pT_lep cut: 0
 
other!! lepton children: 3 tau children: 0
total weighted event: 78681.9
pass at least 1 lepton cut: 11864.6
pass exactly 1 lepton cut: 11853.6
pass 200 MET cut: 0
pass 2 b-jet cut: 0
pass b-jets pt cut: 0
pass aMT2 cut: 0
pass close b-jet/MET: 0
pass mbb cut: 0
pass pT_lep / MET cut: 0
pass pT_lep cut: 0
 
other!! lepton children: 3 tau children: 0
total weighted event: 81744
pass at least 1 lepton cut: 12280.6
pass exactly 1 lepton cut: 12270.6
pass 200 MET cut: 0
pass 2 b-jet cut: 0
pass b-jets pt cut: 0
pass aMT2 cut: 0
pass close b-jet/MET: 0
pass mbb cut: 0
pass pT_lep / MET cut: 0
pass pT_lep cut: 0
 
other!! lepton children: 3 tau children: 0
total weighted event: 84884.9
pass at least 1 lepton cut: 12753.2
pass exactly 1 lepton cut: 12742.1
pass 200 MET cut: 0
pass 2 b-jet cut: 0
pass b-jets pt cut: 0
pass aMT2 cut: 0
pass close b-jet/MET: 0
pass mbb cut: 0
pass pT_lep / MET cut: 0
pass pT_lep cut: 0
 
other!! lepton children: 3 tau children: 0
other!! lepton children: 3 tau children: 0
other!! lepton children: 3 tau children: 0
total weighted event: 87933.9
pass at least 1 lepton cut: 13209.2
pass exactly 1 lepton cut: 13198.1
pass 200 MET cut: 0
pass 2 b-jet cut: 0
pass b-jets pt cut: 0
pass aMT2 cut: 0
pass close b-jet/MET: 0
pass mbb cut: 0
pass pT_lep / MET cut: 0
pass pT_lep cut: 0
 
other!! lepton children: 3 tau children: 0
other!! lepton children: 3 tau children: 0
total weighted event: 91018.6
pass at least 1 lepton cut: 13664.9
pass exactly 1 lepton cut: 13652.8
pass 200 MET cut: 0
pass 2 b-jet cut: 0
pass b-jets pt cut: 0
pass aMT2 cut: 0
pass close b-jet/MET: 0
pass mbb cut: 0
pass pT_lep / MET cut: 0
pass pT_lep cut: 0
 
other!! lepton children: 3 tau children: 0
total weighted event: 94050.5
pass at least 1 lepton cut: 14069.7
pass exactly 1 lepton cut: 14057.7
pass 200 MET cut: 0
pass 2 b-jet cut: 0
pass b-jets pt cut: 0
pass aMT2 cut: 0
pass close b-jet/MET: 0
pass mbb cut: 0
pass pT_lep / MET cut: 0
pass pT_lep cut: 0
 
other!! lepton children: 3 tau children: 0
other!! lepton children: 3 tau children: 0
total weighted event: 97177.9
pass at least 1 lepton cut: 14550.2
pass exactly 1 lepton cut: 14538.2
pass 200 MET cut: 0
pass 2 b-jet cut: 0
pass b-jets pt cut: 0
pass aMT2 cut: 0
pass close b-jet/MET: 0
pass mbb cut: 0
pass pT_lep / MET cut: 0
pass pT_lep cut: 0
 
other!! lepton children: 3 tau children: 0
total weighted event: 100384
pass at least 1 lepton cut: 15084.1
pass exactly 1 lepton cut: 15072
pass 200 MET cut: 0
pass 2 b-jet cut: 0
pass b-jets pt cut: 0
pass aMT2 cut: 0
pass close b-jet/MET: 0
pass mbb cut: 0
pass pT_lep / MET cut: 0
pass pT_lep cut: 0
 
total weighted event: 103412
pass at least 1 lepton cut: 15597.7
pass exactly 1 lepton cut: 15585.6
pass 200 MET cut: 0
pass 2 b-jet cut: 0
pass b-jets pt cut: 0
pass aMT2 cut: 0
pass close b-jet/MET: 0
pass mbb cut: 0
pass pT_lep / MET cut: 0
pass pT_lep cut: 0
 
total weighted event: 106534
pass at least 1 lepton cut: 16045.1
pass exactly 1 lepton cut: 16033.1
pass 200 MET cut: 0
pass 2 b-jet cut: 0
pass b-jets pt cut: 0
pass aMT2 cut: 0
pass close b-jet/MET: 0
pass mbb cut: 0
pass pT_lep / MET cut: 0
pass pT_lep cut: 0
 
other!! lepton children: 3 tau children: 0
total weighted event: 109495
pass at least 1 lepton cut: 16529.5
pass exactly 1 lepton cut: 16515.2
pass 200 MET cut: 0
pass 2 b-jet cut: 0
pass b-jets pt cut: 0
pass aMT2 cut: 0
pass close b-jet/MET: 0
pass mbb cut: 0
pass pT_lep / MET cut: 0
pass pT_lep cut: 0
 
total weighted event: 112599
pass at least 1 lepton cut: 17013.4
pass exactly 1 lepton cut: 16997.1
pass 200 MET cut: 0
pass 2 b-jet cut: 0
pass b-jets pt cut: 0
pass aMT2 cut: 0
pass close b-jet/MET: 0
pass mbb cut: 0
pass pT_lep / MET cut: 0
pass pT_lep cut: 0
 
other!! lepton children: 3 tau children: 0
total weighted event: 115768
pass at least 1 lepton cut: 17437.6
pass exactly 1 lepton cut: 17421.3
pass 200 MET cut: 0
pass 2 b-jet cut: 0
pass b-jets pt cut: 0
pass aMT2 cut: 0
pass close b-jet/MET: 0
pass mbb cut: 0
pass pT_lep / MET cut: 0
pass pT_lep cut: 0
 
other!! lepton children: 3 tau children: 0
other!! lepton children: 3 tau children: 0
other!! lepton children: 3 tau children: 0
total weighted event: 118956
pass at least 1 lepton cut: 17902
pass exactly 1 lepton cut: 17884.7
pass 200 MET cut: 0
pass 2 b-jet cut: 0
pass b-jets pt cut: 0
pass aMT2 cut: 0
pass close b-jet/MET: 0
pass mbb cut: 0
pass pT_lep / MET cut: 0
pass pT_lep cut: 0
 
other!! lepton children: 3 tau children: 0
total weighted event: 122089
pass at least 1 lepton cut: 18397
pass exactly 1 lepton cut: 18378.9
pass 200 MET cut: 0
pass 2 b-jet cut: 0
pass b-jets pt cut: 0
pass aMT2 cut: 0
pass close b-jet/MET: 0
pass mbb cut: 0
pass pT_lep / MET cut: 0
pass pT_lep cut: 0
 
total weighted event: 125209
pass at least 1 lepton cut: 18843.4
pass exactly 1 lepton cut: 18824.3
pass 200 MET cut: 0
pass 2 b-jet cut: 0
pass b-jets pt cut: 0
pass aMT2 cut: 0
pass close b-jet/MET: 0
pass mbb cut: 0
pass pT_lep / MET cut: 0
pass pT_lep cut: 0
 
other!! lepton children: 3 tau children: 0
total weighted event: 128441
pass at least 1 lepton cut: 19329.5
pass exactly 1 lepton cut: 19310.5
pass 200 MET cut: 0
pass 2 b-jet cut: 0
pass b-jets pt cut: 0
pass aMT2 cut: 0
pass close b-jet/MET: 0
pass mbb cut: 0
pass pT_lep / MET cut: 0
pass pT_lep cut: 0
 
other!! lepton children: 3 tau children: 0
other!! lepton children: 3 tau children: 0
other!! lepton children: 3 tau children: 0
total weighted event: 131610
pass at least 1 lepton cut: 19825.9
pass exactly 1 lepton cut: 19806.9
pass 200 MET cut: 0
pass 2 b-jet cut: 0
pass b-jets pt cut: 0
pass aMT2 cut: 0
pass close b-jet/MET: 0
pass mbb cut: 0
pass pT_lep / MET cut: 0
pass pT_lep cut: 0
 
other!! lepton children: 3 tau children: 0
total weighted event: 134706
pass at least 1 lepton cut: 20230.1
pass exactly 1 lepton cut: 20211
pass 200 MET cut: 0
pass 2 b-jet cut: 0
pass b-jets pt cut: 0
pass aMT2 cut: 0
pass close b-jet/MET: 0
pass mbb cut: 0
pass pT_lep / MET cut: 0
pass pT_lep cut: 0
 
other!! lepton children: 3 tau children: 0
other!! lepton children: 3 tau children: 0
other!! lepton children: 3 tau children: 0
total weighted event: 137920
pass at least 1 lepton cut: 20731.8
pass exactly 1 lepton cut: 20712.7
pass 200 MET cut: 0
pass 2 b-jet cut: 0
pass b-jets pt cut: 0
pass aMT2 cut: 0
pass close b-jet/MET: 0
pass mbb cut: 0
pass pT_lep / MET cut: 0
pass pT_lep cut: 0
 
total weighted event: 141076
pass at least 1 lepton cut: 21175
pass exactly 1 lepton cut: 21156.4
pass 200 MET cut: 0
pass 2 b-jet cut: 0
pass b-jets pt cut: 0
pass aMT2 cut: 0
pass close b-jet/MET: 0
pass mbb cut: 0
pass pT_lep / MET cut: 0
pass pT_lep cut: 0
 
other!! lepton children: 3 tau children: 0
total weighted event: 144162
pass at least 1 lepton cut: 21632.7
pass exactly 1 lepton cut: 21612.1
pass 200 MET cut: 0
pass 2 b-jet cut: 0
pass b-jets pt cut: 0
pass aMT2 cut: 0
pass close b-jet/MET: 0
pass mbb cut: 0
pass pT_lep / MET cut: 0
pass pT_lep cut: 0
 
other!! lepton children: 3 tau children: 0
other!! lepton children: 3 tau children: 0
other!! lepton children: 3 tau children: 0
total weighted event: 147262
pass at least 1 lepton cut: 22112.4
pass exactly 1 lepton cut: 22089.8
pass 200 MET cut: 0
pass 2 b-jet cut: 0
pass b-jets pt cut: 0
pass aMT2 cut: 0
pass close b-jet/MET: 0
pass mbb cut: 0
pass pT_lep / MET cut: 0
pass pT_lep cut: 0
 
other!! lepton children: 3 tau children: 0
total weighted event: 150401
pass at least 1 lepton cut: 22549.5
pass exactly 1 lepton cut: 22526.9
pass 200 MET cut: 0
pass 2 b-jet cut: 0
pass b-jets pt cut: 0
pass aMT2 cut: 0
pass close b-jet/MET: 0
pass mbb cut: 0
pass pT_lep / MET cut: 0
pass pT_lep cut: 0
 
total weighted event: 153482
pass at least 1 lepton cut: 23051.1
pass exactly 1 lepton cut: 23028.5
pass 200 MET cut: 0
pass 2 b-jet cut: 0
pass b-jets pt cut: 0
pass aMT2 cut: 0
pass close b-jet/MET: 0
pass mbb cut: 0
pass pT_lep / MET cut: 0
pass pT_lep cut: 0
 
other!! lepton children: 3 tau children: 0
other!! lepton children: 4 tau children: 0
other!! lepton children: 3 tau children: 0
other!! lepton children: 3 tau children: 0
total weighted event: 156611
pass at least 1 lepton cut: 23531.6
pass exactly 1 lepton cut: 23509
pass 200 MET cut: 0
pass 2 b-jet cut: 0
pass b-jets pt cut: 0
pass aMT2 cut: 0
pass close b-jet/MET: 0
pass mbb cut: 0
pass pT_lep / MET cut: 0
pass pT_lep cut: 0
 
other!! lepton children: 3 tau children: 0
total weighted event: 159763
pass at least 1 lepton cut: 23935.1
pass exactly 1 lepton cut: 23912.5
pass 200 MET cut: 0
pass 2 b-jet cut: 0
pass b-jets pt cut: 0
pass aMT2 cut: 0
pass close b-jet/MET: 0
pass mbb cut: 0
pass pT_lep / MET cut: 0
pass pT_lep cut: 0
 
other!! lepton children: 5 tau children: 0
total weighted event: 162976
pass at least 1 lepton cut: 24429
pass exactly 1 lepton cut: 24405.3
pass 200 MET cut: 0
pass 2 b-jet cut: 0
pass b-jets pt cut: 0
pass aMT2 cut: 0
pass close b-jet/MET: 0
pass mbb cut: 0
pass pT_lep / MET cut: 0
pass pT_lep cut: 0
 
other!! lepton children: 3 tau children: 0
total weighted event: 166215
pass at least 1 lepton cut: 24879.5
pass exactly 1 lepton cut: 24854.3
pass 200 MET cut: 0
pass 2 b-jet cut: 0
pass b-jets pt cut: 0
pass aMT2 cut: 0
pass close b-jet/MET: 0
pass mbb cut: 0
pass pT_lep / MET cut: 0
pass pT_lep cut: 0
 
other!! lepton children: 3 tau children: 0
other!! lepton children: 3 tau children: 0
total weighted event: 169303
pass at least 1 lepton cut: 25379.3
pass exactly 1 lepton cut: 25354.1
pass 200 MET cut: 1
pass 2 b-jet cut: 0
pass b-jets pt cut: 0
pass aMT2 cut: 0
pass close b-jet/MET: 0
pass mbb cut: 0
pass pT_lep / MET cut: 0
pass pT_lep cut: 0
 
other!! lepton children: 3 tau children: 0
total weighted event: 172535
pass at least 1 lepton cut: 25855.2
pass exactly 1 lepton cut: 25830.1
pass 200 MET cut: 1
pass 2 b-jet cut: 0
pass b-jets pt cut: 0
pass aMT2 cut: 0
pass close b-jet/MET: 0
pass mbb cut: 0
pass pT_lep / MET cut: 0
pass pT_lep cut: 0
 
other!! lepton children: 3 tau children: 0
total weighted event: 175673
pass at least 1 lepton cut: 26344.3
pass exactly 1 lepton cut: 26318.2
pass 200 MET cut: 1
pass 2 b-jet cut: 0
pass b-jets pt cut: 0
pass aMT2 cut: 0
pass close b-jet/MET: 0
pass mbb cut: 0
pass pT_lep / MET cut: 0
pass pT_lep cut: 0
 
other!! lepton children: 3 tau children: 0
total weighted event: 178816
pass at least 1 lepton cut: 26843.1
pass exactly 1 lepton cut: 26816
pass 200 MET cut: 1
pass 2 b-jet cut: 0
pass b-jets pt cut: 0
pass aMT2 cut: 0
pass close b-jet/MET: 0
pass mbb cut: 0
pass pT_lep / MET cut: 0
pass pT_lep cut: 0
 
other!! lepton children: 3 tau children: 0
total weighted event: 181898
pass at least 1 lepton cut: 27297
pass exactly 1 lepton cut: 27271.9
pass 200 MET cut: 1
pass 2 b-jet cut: 0
pass b-jets pt cut: 0
pass aMT2 cut: 0
pass close b-jet/MET: 0
pass mbb cut: 0
pass pT_lep / MET cut: 0
pass pT_lep cut: 0
 
other!! lepton children: 3 tau children: 0
other!! lepton children: 3 tau children: 0
other!! lepton children: 3 tau children: 0
total weighted event: 185112
pass at least 1 lepton cut: 27809.7
pass exactly 1 lepton cut: 27783.5
pass 200 MET cut: 1
pass 2 b-jet cut: 0
pass b-jets pt cut: 0
pass aMT2 cut: 0
pass close b-jet/MET: 0
pass mbb cut: 0
pass pT_lep / MET cut: 0
pass pT_lep cut: 0
 
other!! lepton children: 3 tau children: 0
other!! lepton children: 3 tau children: 0
total weighted event: 188335
pass at least 1 lepton cut: 28353.6
pass exactly 1 lepton cut: 28327.4
pass 200 MET cut: 1
pass 2 b-jet cut: 0
pass b-jets pt cut: 0
pass aMT2 cut: 0
pass close b-jet/MET: 0
pass mbb cut: 0
pass pT_lep / MET cut: 0
pass pT_lep cut: 0
 
other!! lepton children: 3 tau children: 0
total weighted event: 191529
pass at least 1 lepton cut: 28852.4
pass exactly 1 lepton cut: 28826.3
pass 200 MET cut: 1
pass 2 b-jet cut: 0
pass b-jets pt cut: 0
pass aMT2 cut: 0
pass close b-jet/MET: 0
pass mbb cut: 0
pass pT_lep / MET cut: 0
pass pT_lep cut: 0
 
other!! lepton children: 3 tau children: 0
total weighted event: 194602
pass at least 1 lepton cut: 29286.3
pass exactly 1 lepton cut: 29260.2
pass 200 MET cut: 1
pass 2 b-jet cut: 0
pass b-jets pt cut: 0
pass aMT2 cut: 0
pass close b-jet/MET: 0
pass mbb cut: 0
pass pT_lep / MET cut: 0
pass pT_lep cut: 0
 
other!! lepton children: 3 tau children: 0
total weighted event: 197753
pass at least 1 lepton cut: 29760.5
pass exactly 1 lepton cut: 29733.4
pass 200 MET cut: 1
pass 2 b-jet cut: 0
pass b-jets pt cut: 0
pass aMT2 cut: 0
pass close b-jet/MET: 0
pass mbb cut: 0
pass pT_lep / MET cut: 0
pass pT_lep cut: 0
 
other!! lepton children: 3 tau children: 0
total weighted event: 200969
pass at least 1 lepton cut: 30278.2
pass exactly 1 lepton cut: 30250.1
pass 200 MET cut: 1
pass 2 b-jet cut: 0
pass b-jets pt cut: 0
pass aMT2 cut: 0
pass close b-jet/MET: 0
pass mbb cut: 0
pass pT_lep / MET cut: 0
pass pT_lep cut: 0
 
other!! lepton children: 3 tau children: 0
total weighted event: 204014
pass at least 1 lepton cut: 30783.3
pass exactly 1 lepton cut: 30755.1
pass 200 MET cut: 1
pass 2 b-jet cut: 0
pass b-jets pt cut: 0
pass aMT2 cut: 0
pass close b-jet/MET: 0
pass mbb cut: 0
pass pT_lep / MET cut: 0
pass pT_lep cut: 0
 
other!! lepton children: 3 tau children: 0
other!! lepton children: 3 tau children: 0
total weighted event: 207185
pass at least 1 lepton cut: 31249.4
pass exactly 1 lepton cut: 31221.2
pass 200 MET cut: 1
pass 2 b-jet cut: 0
pass b-jets pt cut: 0
pass aMT2 cut: 0
pass close b-jet/MET: 0
pass mbb cut: 0
pass pT_lep / MET cut: 0
pass pT_lep cut: 0
 
other!! lepton children: 3 tau children: 0
other!! lepton children: 3 tau children: 0
other!! lepton children: 3 tau children: 0
other!! lepton children: 3 tau children: 0
total weighted event: 210128
pass at least 1 lepton cut: 31667.4
pass exactly 1 lepton cut: 31638.3
pass 200 MET cut: 1
pass 2 b-jet cut: 0
pass b-jets pt cut: 0
pass aMT2 cut: 0
pass close b-jet/MET: 0
pass mbb cut: 0
pass pT_lep / MET cut: 0
pass pT_lep cut: 0
 
other!! lepton children: 3 tau children: 0
total weighted event: 213349
pass at least 1 lepton cut: 32201.3
pass exactly 1 lepton cut: 32170.2
pass 200 MET cut: 1
pass 2 b-jet cut: 0
pass b-jets pt cut: 0
pass aMT2 cut: 0
pass close b-jet/MET: 0
pass mbb cut: 0
pass pT_lep / MET cut: 0
pass pT_lep cut: 0
 
other!! lepton children: 3 tau children: 0
other!! lepton children: 3 tau children: 0
other!! lepton children: 4 tau children: 0
other!! lepton children: 3 tau children: 0
total weighted event: 216503
pass at least 1 lepton cut: 32656.6
pass exactly 1 lepton cut: 32624.5
pass 200 MET cut: 1
pass 2 b-jet cut: 0
pass b-jets pt cut: 0
pass aMT2 cut: 0
pass close b-jet/MET: 0
pass mbb cut: 0
pass pT_lep / MET cut: 0
pass pT_lep cut: 0
 
other!! lepton children: 3 tau children: 0
total weighted event: 219706
pass at least 1 lepton cut: 33142.6
pass exactly 1 lepton cut: 33109.4
pass 200 MET cut: 1
pass 2 b-jet cut: 0
pass b-jets pt cut: 0
pass aMT2 cut: 0
pass close b-jet/MET: 0
pass mbb cut: 0
pass pT_lep / MET cut: 0
pass pT_lep cut: 0
 
other!! lepton children: 3 tau children: 0
total weighted event: 222832
pass at least 1 lepton cut: 33595.5
pass exactly 1 lepton cut: 33561.4
pass 200 MET cut: 1
pass 2 b-jet cut: 0
pass b-jets pt cut: 0
pass aMT2 cut: 0
pass close b-jet/MET: 0
pass mbb cut: 0
pass pT_lep / MET cut: 0
pass pT_lep cut: 0
 
other!! lepton children: 3 tau children: 0
total weighted event: 225941
pass at least 1 lepton cut: 34069.7
pass exactly 1 lepton cut: 34035.5
pass 200 MET cut: 1
pass 2 b-jet cut: 0
pass b-jets pt cut: 0
pass aMT2 cut: 0
pass close b-jet/MET: 0
pass mbb cut: 0
pass pT_lep / MET cut: 0
pass pT_lep cut: 0
 
total weighted event: 229006
pass at least 1 lepton cut: 34490.2
pass exactly 1 lepton cut: 34456.1
pass 200 MET cut: 1
pass 2 b-jet cut: 0
pass b-jets pt cut: 0
pass aMT2 cut: 0
pass close b-jet/MET: 0
pass mbb cut: 0
pass pT_lep / MET cut: 0
pass pT_lep cut: 0
 
total weighted event: 232160
pass at least 1 lepton cut: 34932.2
pass exactly 1 lepton cut: 34898.1
pass 200 MET cut: 1
pass 2 b-jet cut: 0
pass b-jets pt cut: 0
pass aMT2 cut: 0
pass close b-jet/MET: 0
pass mbb cut: 0
pass pT_lep / MET cut: 0
pass pT_lep cut: 0
 
other!! lepton children: 3 tau children: 0
other!! lepton children: 3 tau children: 0
other!! lepton children: 3 tau children: 0
total weighted event: 235268
pass at least 1 lepton cut: 35423.2
pass exactly 1 lepton cut: 35389
pass 200 MET cut: 1
pass 2 b-jet cut: 0
pass b-jets pt cut: 0
pass aMT2 cut: 0
pass close b-jet/MET: 0
pass mbb cut: 0
pass pT_lep / MET cut: 0
pass pT_lep cut: 0
 
total weighted event: 238470
pass at least 1 lepton cut: 35922.9
pass exactly 1 lepton cut: 35887.8
pass 200 MET cut: 1
pass 2 b-jet cut: 0
pass b-jets pt cut: 0
pass aMT2 cut: 0
pass close b-jet/MET: 0
pass mbb cut: 0
pass pT_lep / MET cut: 0
pass pT_lep cut: 0
 
other!! lepton children: 3 tau children: 0
other!! lepton children: 3 tau children: 0
total weighted event: 241498
pass at least 1 lepton cut: 36371
pass exactly 1 lepton cut: 36333.8
pass 200 MET cut: 1
pass 2 b-jet cut: 0
pass b-jets pt cut: 0
pass aMT2 cut: 0
pass close b-jet/MET: 0
pass mbb cut: 0
pass pT_lep / MET cut: 0
pass pT_lep cut: 0
 
other!! lepton children: 3 tau children: 0
total weighted event: 244582
pass at least 1 lepton cut: 36843.7
pass exactly 1 lepton cut: 36805.5
pass 200 MET cut: 1
pass 2 b-jet cut: 0
pass b-jets pt cut: 0
pass aMT2 cut: 0
pass close b-jet/MET: 0
pass mbb cut: 0
pass pT_lep / MET cut: 0
pass pT_lep cut: 0
 
other!! lepton children: 3 tau children: 0
total weighted event: 247670
pass at least 1 lepton cut: 37341.2
pass exactly 1 lepton cut: 37303.1
pass 200 MET cut: 1
pass 2 b-jet cut: 0
pass b-jets pt cut: 0
pass aMT2 cut: 0
pass close b-jet/MET: 0
pass mbb cut: 0
pass pT_lep / MET cut: 0
pass pT_lep cut: 0
 
other!! lepton children: 3 tau children: 0
other!! lepton children: 3 tau children: 0
other!! lepton children: 3 tau children: 0
other!! lepton children: 3 tau children: 0
total weighted event: 250695
pass at least 1 lepton cut: 37841.4
pass exactly 1 lepton cut: 37802.3
pass 200 MET cut: 1
pass 2 b-jet cut: 0
pass b-jets pt cut: 0
pass aMT2 cut: 0
pass close b-jet/MET: 0
pass mbb cut: 0
pass pT_lep / MET cut: 0
pass pT_lep cut: 0
 
other!! lepton children: 3 tau children: 0
other!! lepton children: 3 tau children: 0
total weighted event: 253720
pass at least 1 lepton cut: 38235.2
pass exactly 1 lepton cut: 38196.1
pass 200 MET cut: 1
pass 2 b-jet cut: 0
pass b-jets pt cut: 0
pass aMT2 cut: 0
pass close b-jet/MET: 0
pass mbb cut: 0
pass pT_lep / MET cut: 0
pass pT_lep cut: 0
 
other!! lepton children: 3 tau children: 0
other!! lepton children: 3 tau children: 0
total weighted event: 256737
pass at least 1 lepton cut: 38680.7
pass exactly 1 lepton cut: 38640.6
pass 200 MET cut: 1
pass 2 b-jet cut: 0
pass b-jets pt cut: 0
pass aMT2 cut: 0
pass close b-jet/MET: 0
pass mbb cut: 0
pass pT_lep / MET cut: 0
pass pT_lep cut: 0
 
other!! lepton children: 3 tau children: 0
total weighted event: 259753
pass at least 1 lepton cut: 39196.1
pass exactly 1 lepton cut: 39154
pass 200 MET cut: 1
pass 2 b-jet cut: 0
pass b-jets pt cut: 0
pass aMT2 cut: 0
pass close b-jet/MET: 0
pass mbb cut: 0
pass pT_lep / MET cut: 0
pass pT_lep cut: 0
 
total weighted event: 262903
pass at least 1 lepton cut: 39722.9
pass exactly 1 lepton cut: 39679.8
pass 200 MET cut: 1
pass 2 b-jet cut: 0
pass b-jets pt cut: 0
pass aMT2 cut: 0
pass close b-jet/MET: 0
pass mbb cut: 0
pass pT_lep / MET cut: 0
pass pT_lep cut: 0
 
total weighted event: 266010
pass at least 1 lepton cut: 40213.7
pass exactly 1 lepton cut: 40170.6
pass 200 MET cut: 1
pass 2 b-jet cut: 0
pass b-jets pt cut: 0
pass aMT2 cut: 0
pass close b-jet/MET: 0
pass mbb cut: 0
pass pT_lep / MET cut: 0
pass pT_lep cut: 0
 
other!! lepton children: 3 tau children: 0
other!! lepton children: 3 tau children: 0
total weighted event: 269174
pass at least 1 lepton cut: 40661.3
pass exactly 1 lepton cut: 40620.2
pass 200 MET cut: 1
pass 2 b-jet cut: 0
pass b-jets pt cut: 0
pass aMT2 cut: 0
pass close b-jet/MET: 0
pass mbb cut: 0
pass pT_lep / MET cut: 0
pass pT_lep cut: 0
 
other!! lepton children: 3 tau children: 0
other!! lepton children: 3 tau children: 0
other!! lepton children: 3 tau children: 0
other!! lepton children: 3 tau children: 0
total weighted event: 272224
pass at least 1 lepton cut: 41119
pass exactly 1 lepton cut: 41078.8
pass 200 MET cut: 1
pass 2 b-jet cut: 0
pass b-jets pt cut: 0
pass aMT2 cut: 0
pass close b-jet/MET: 0
pass mbb cut: 0
pass pT_lep / MET cut: 0
pass pT_lep cut: 0
 
other!! lepton children: 3 tau children: 0
other!! lepton children: 3 tau children: 0
other!! lepton children: 3 tau children: 0
total weighted event: 275266
pass at least 1 lepton cut: 41555.6
pass exactly 1 lepton cut: 41515.5
pass 200 MET cut: 1
pass 2 b-jet cut: 0
pass b-jets pt cut: 0
pass aMT2 cut: 0
pass close b-jet/MET: 0
pass mbb cut: 0
pass pT_lep / MET cut: 0
pass pT_lep cut: 0
 
other!! lepton children: 3 tau children: 0
other!! lepton children: 3 tau children: 0
other!! lepton children: 3 tau children: 0
total weighted event: 278348
pass at least 1 lepton cut: 42003.2
pass exactly 1 lepton cut: 41964.1
pass 200 MET cut: 1
pass 2 b-jet cut: 0
pass b-jets pt cut: 0
pass aMT2 cut: 0
pass close b-jet/MET: 0
pass mbb cut: 0
pass pT_lep / MET cut: 0
pass pT_lep cut: 0
 
total weighted event: 281515
pass at least 1 lepton cut: 42466.4
pass exactly 1 lepton cut: 42424.3
pass 200 MET cut: 1
pass 2 b-jet cut: 0
pass b-jets pt cut: 0
pass aMT2 cut: 0
pass close b-jet/MET: 0
pass mbb cut: 0
pass pT_lep / MET cut: 0
pass pT_lep cut: 0
 
other!! lepton children: 3 tau children: 0
total weighted event: 284621
pass at least 1 lepton cut: 42935.2
pass exactly 1 lepton cut: 42893.1
pass 200 MET cut: 1
pass 2 b-jet cut: 0
pass b-jets pt cut: 0
pass aMT2 cut: 0
pass close b-jet/MET: 0
pass mbb cut: 0
pass pT_lep / MET cut: 0
pass pT_lep cut: 0
 
total weighted event: 287669
pass at least 1 lepton cut: 43396
pass exactly 1 lepton cut: 43351.5
pass 200 MET cut: 1
pass 2 b-jet cut: 0
pass b-jets pt cut: 0
pass aMT2 cut: 0
pass close b-jet/MET: 0
pass mbb cut: 0
pass pT_lep / MET cut: 0
pass pT_lep cut: 0
 
total weighted event: 290592
pass at least 1 lepton cut: 43856.4
pass exactly 1 lepton cut: 43812
pass 200 MET cut: 1
pass 2 b-jet cut: 0
pass b-jets pt cut: 0
pass aMT2 cut: 0
pass close b-jet/MET: 0
pass mbb cut: 0
pass pT_lep / MET cut: 0
pass pT_lep cut: 0
 
total weighted event: 293877
pass at least 1 lepton cut: 44299.4
pass exactly 1 lepton cut: 44253.9
pass 200 MET cut: 1
pass 2 b-jet cut: 0
pass b-jets pt cut: 0
pass aMT2 cut: 0
pass close b-jet/MET: 0
pass mbb cut: 0
pass pT_lep / MET cut: 0
pass pT_lep cut: 0
 
total weighted event: 297050
pass at least 1 lepton cut: 44792.2
pass exactly 1 lepton cut: 44747.7
pass 200 MET cut: 1
pass 2 b-jet cut: 0
pass b-jets pt cut: 0
pass aMT2 cut: 0
pass close b-jet/MET: 0
pass mbb cut: 0
pass pT_lep / MET cut: 0
pass pT_lep cut: 0
 
other!! lepton children: 3 tau children: 0
total weighted event: 300122
pass at least 1 lepton cut: 45255.2
pass exactly 1 lepton cut: 45211.7
pass 200 MET cut: 1
pass 2 b-jet cut: 0
pass b-jets pt cut: 0
pass aMT2 cut: 0
pass close b-jet/MET: 0
pass mbb cut: 0
pass pT_lep / MET cut: 0
pass pT_lep cut: 0
 
worker finished:
Real time 0:14:05, CP time 562.180
xAOD::TFileAccessTracer   INFO    Sending file access statistics to http://rucio-lb-prod.cern.ch:18762/traces/
