starting batch job initialization
batch job user initialization finished
at3f14.hep.upenn.edu
/home/shepj/xaod/ROOTAnalysisTutorial/Run/Wtaunu_Pt0_70_weights
shepj

Processing /cvmfs/atlas.cern.ch/repo/sw/ASG/AnalysisBase/2.3.45/RootCore/scripts/load_packages.C...
xAOD::Init                INFO    Environment initialised for data access
Processing /cvmfs/atlas.cern.ch/repo/sw/ASG/AnalysisBase/2.3.45/RootCore/scripts/load_packages.C...
load_packages.C already run, not running again
Processing /home/shepj/xaod/ROOTAnalysisTutorial/RootCoreBin/user_scripts/EventLoop/batch_worker.C(11,"/home/shepj/xaod/ROOTAnalysisTutorial/Run/Wtaunu_Pt0_70_weights/submit/config.root")...
/var/lib/condor/execute/dir_28414/EventLoop-Worker-mc15_13TeV.361350.Sherpa_CT10_Wtaunu_Pt0_70_BFilter.merge.DAOD_TRUTH1.e3733_p2375-11-1472478630-28423
Processing File file:///disk/userdata00/atlas_data2/shepj/mc15_13TeV.361350.Sherpa_CT10_Wtaunu_Pt0_70_BFilter.merge.DAOD_TRUTH1.e3733_p2375//DAOD_TRUTH1.05969467._000009.pool.root.1
Hostname is at3f14.hep.upenn.edu
the metadata had for veto directory: 
output
tempdir
Old file name is /disk/userdata00/atlas_data2/shepj/mc15_13TeV.361350.Sherpa_CT10_Wtaunu_Pt0_70_BFilter.merge.DAOD_TRUTH1.e3733_p2375//DAOD_TRUTH1.05969467._000009.pool.root.1
New file name is _disk_userdata00_atlas_data2_shepj_mc15_13TeV.361350.Sherpa_CT10_Wtaunu_Pt0_70_BFilter.merge.DAOD_TRUTH1.e3733_p2375__DAOD_TRUTH1.05969467._000009.pool.root.1
Job location: /home/shepj/xaod/ROOTAnalysisTutorial/Run/Wtaunu_Pt0_70_weights
Veto directory: /home/shepj/xaod/ROOTAnalysisTutorial/Run/Wtaunu_Pt0_70_weights/veto
Transfer begin for _disk_userdata00_atlas_data2_shepj_mc15_13TeV.361350.Sherpa_CT10_Wtaunu_Pt0_70_BFilter.merge.DAOD_TRUTH1.e3733_p2375__DAOD_TRUTH1.05969467._000009.pool.root.1
cp /disk/userdata00/atlas_data2/shepj/mc15_13TeV.361350.Sherpa_CT10_Wtaunu_Pt0_70_BFilter.merge.DAOD_TRUTH1.e3733_p2375//DAOD_TRUTH1.05969467._000009.pool.root.1 tempdir/_disk_userdata00_atlas_data2_shepj_mc15_13TeV.361350.Sherpa_CT10_Wtaunu_Pt0_70_BFilter.merge.DAOD_TRUTH1.e3733_p2375__DAOD_TRUTH1.05969467._000009.pool.root.1
Transfer end. xrd command result: 
Checking that file exists tempdir/_disk_userdata00_atlas_data2_shepj_mc15_13TeV.361350.Sherpa_CT10_Wtaunu_Pt0_70_BFilter.merge.DAOD_TRUTH1.e3733_p2375__DAOD_TRUTH1.05969467._000009.pool.root.1
File exists: tempdir/_disk_userdata00_atlas_data2_shepj_mc15_13TeV.361350.Sherpa_CT10_Wtaunu_Pt0_70_BFilter.merge.DAOD_TRUTH1.e3733_p2375__DAOD_TRUTH1.05969467._000009.pool.root.1
Breaking out of queue after this many tries: 1
MyxAODAnalysis::initia... INFO    Number of events = 480000
TInterpreter::AutoParse   ERROR   Error parsing payload code for class xAOD::MissingETAuxContainer_v1 with content:


#ifndef G__VECTOR_HAS_CLASS_ITERATOR
  #define G__VECTOR_HAS_CLASS_ITERATOR 1
#endif
#ifndef ROOTCORE
  #define ROOTCORE 1
#endif
#ifndef ROOTCORE_RELEASE_SERIES
  #define ROOTCORE_RELEASE_SERIES 23
#endif
#ifndef ROOTCORE_TEST_FILE
  #define ROOTCORE_TEST_FILE "/afs/cern.ch/user/a/asgbase/patspace/xAODs/r6630/mc15_13TeV.410000.PowhegPythiaEvtGen_P2012_ttbar_hdamp172p5_nonallhad.recon.AOD.e3698_s2608_s2183_r6630_tid05352803_00/AOD.05352803._000242.pool.root.1"
#endif
#ifndef ROOTCORE_TEST_DATA
  #define ROOTCORE_TEST_DATA "/afs/cern.ch/user/a/asgbase/patspace/xAODs/r6630"
#endif
#ifndef ASG_TEST_FILE_DATA
  #define ASG_TEST_FILE_DATA "/afs/cern.ch/atlas/project/PAT/xAODs/p2410/data15_13TeV.00270448.physics_Main.merge.AOD.r6943_p2410/AOD.06297575._000522.pool.root.1"
#endif
#ifndef ASG_TEST_FILE_MC
  #define ASG_TEST_FILE_MC "/afs/cern.ch/user/a/asgbase/patspace/xAODs/r6630/mc15_13TeV.410000.PowhegPythiaEvtGen_P2012_ttbar_hdamp172p5_nonallhad.recon.AOD.e3698_s2608_s2183_r6630_tid05352803_00/AOD.05352803._000242.pool.root.1"
#endif
#ifndef XAOD_STANDALONE
  #define XAOD_STANDALONE 1
#endif
#ifndef XAOD_ANALYSIS
  #define XAOD_ANALYSIS 1
#endif
#ifndef ROOTCORE_PACKAGE
  #define ROOTCORE_PACKAGE "xAODMissingET"
#endif

#define _BACKWARD_BACKWARD_WARNING_H
// Dear emacs, this is -*- c++ -*-
// $Id: xAODMissingETDict.h 662681 2015-04-23 18:04:34Z khoo $
#ifndef XAODMISSINGET_XAODMISSINGETDICT_H
#define XAODMISSINGET_XAODMISSINGETDICT_H

// Needed to successfully generate the dictionary in standalone mode:
#if defined(__GCCXML__) and not defined(EIGEN_DONT_VECTORIZE)
#   define EIGEN_DONT_VECTORIZE
#endif // __GCCXML__

// System include(s):
#include <vector>

// EDM include(s):
#include "AthLinks/DataLink.h"
#include "AthLinks/ElementLink.h"

// Local include(s):
#include "xAODMissingET/MissingETContainer.h"
#include "xAODMissingET/MissingETAuxContainer.h"
#include "xAODMissingET/MissingETComponentMap.h"
#include "xAODMissingET/MissingETAuxComponentMap.h"
#include "xAODMissingET/MissingETAssociationMap.h"
#include "xAODMissingET/MissingETAuxAssociationMap.h"
#include "xAODMissingET/versions/MissingETBase.h"

namespace {
   struct GCCXML_DUMMY_INSTANTIATION_XAODMISSINGET {
      // Container(s):
      DataVector< xAOD::MissingET_v1 > c1;
      xAOD::MissingETContainer_v1 c2;
      DataVector< xAOD::MissingETComponent_v1 > c3;
      xAOD::MissingETComponentMap_v1 c4;
      DataVector< xAOD::MissingETAssociation_v1 > c5;
      xAOD::MissingETAssociationMap_v1 c6;
      // Smart pointer(s):
      DataLink< xAOD::MissingETContainer_v1 > dl1;
      std::vector< DataLink< xAOD::MissingETContainer_v1 > > dl2;
      ElementLink< xAOD::MissingETContainer_v1 > el1;
      std::vector< ElementLink< xAOD::MissingETContainer_v1 > > el2;
      std::vector< std::vector< ElementLink< xAOD::MissingETContainer_v1 > > > el3;
      DataLink< xAOD::MissingETComponentMap_v1 > dl3;
      std::vector< DataLink< xAOD::MissingETComponentMap_v1 > > dl4;
      ElementLink< xAOD::MissingETComponentMap_v1 > el4;
      std::vector< ElementLink< xAOD::MissingETComponentMap_v1 > > el5;
      std::vector< std::vector< ElementLink< xAOD::MissingETComponentMap_v1 > > > el6;
      DataLink< xAOD::MissingETAssociationMap_v1 > dl5;
      std::vector< DataLink< xAOD::MissingETAssociationMap_v1 > > dl6;
      ElementLink< xAOD::MissingETAssociationMap_v1 > el7;
      std::vector< ElementLink< xAOD::MissingETAssociationMap_v1 > > el8;
      std::vector< std::vector< ElementLink< xAOD::MissingETAssociationMap_v1 > > > el9;

      // Smart pointers needed for the correct generation of the auxiliary
      // class dictionaries:
      ElementLink< xAOD::IParticleContainer > el10;
      std::vector< ElementLink< xAOD::IParticleContainer > > el11;
      std::vector< std::vector< ElementLink< xAOD::IParticleContainer > > > el12;

      std::vector< MissingETBase::Types::bitmask_t > vec1;
      std::vector< unsigned long long > vec2;
      std::vector< std::vector< size_t > > vec3;
      std::vector< std::vector< unsigned char > > vec4;
      std::vector< std::vector< unsigned long long > > vec5;
      std::vector< std::vector< std::vector< size_t > > > vec6;
      std::vector< std::vector< std::vector< unsigned long > > > vec7;
      std::vector< std::vector< std::vector< unsigned char > > > vec8;
      std::vector< std::vector<std::vector<unsigned long long> > > vec9;
   };
}

#endif // XAODMISSINGET_XAODMISSINGETDICT_H

#undef  _BACKWARD_BACKWARD_WARNING_H

TClass::LoadClassInfo     ERROR   no interpreter information for class xAOD::MissingETAuxContainer_v1 is available eventhough it has a TClass initialization routine.
xAOD::TEvent::setUpDyn... WARNING Couldn't find setName(...) function for container MET_TruthAux.  (type: xAOD::MissingETAuxContainer_v1)
TInterpreter::AutoParse   ERROR   Error parsing payload code for class xAOD::JetAuxContainer_v1 with content:


#ifndef G__VECTOR_HAS_CLASS_ITERATOR
  #define G__VECTOR_HAS_CLASS_ITERATOR 1
#endif
#ifndef ROOTCORE
  #define ROOTCORE 1
#endif
#ifndef ROOTCORE_RELEASE_SERIES
  #define ROOTCORE_RELEASE_SERIES 23
#endif
#ifndef ROOTCORE_TEST_FILE
  #define ROOTCORE_TEST_FILE "/afs/cern.ch/user/a/asgbase/patspace/xAODs/r6630/mc15_13TeV.410000.PowhegPythiaEvtGen_P2012_ttbar_hdamp172p5_nonallhad.recon.AOD.e3698_s2608_s2183_r6630_tid05352803_00/AOD.05352803._000242.pool.root.1"
#endif
#ifndef ROOTCORE_TEST_DATA
  #define ROOTCORE_TEST_DATA "/afs/cern.ch/user/a/asgbase/patspace/xAODs/r6630"
#endif
#ifndef ASG_TEST_FILE_DATA
  #define ASG_TEST_FILE_DATA "/afs/cern.ch/atlas/project/PAT/xAODs/p2410/data15_13TeV.00270448.physics_Main.merge.AOD.r6943_p2410/AOD.06297575._000522.pool.root.1"
#endif
#ifndef ASG_TEST_FILE_MC
  #define ASG_TEST_FILE_MC "/afs/cern.ch/user/a/asgbase/patspace/xAODs/r6630/mc15_13TeV.410000.PowhegPythiaEvtGen_P2012_ttbar_hdamp172p5_nonallhad.recon.AOD.e3698_s2608_s2183_r6630_tid05352803_00/AOD.05352803._000242.pool.root.1"
#endif
#ifndef XAOD_STANDALONE
  #define XAOD_STANDALONE 1
#endif
#ifndef XAOD_ANALYSIS
  #define XAOD_ANALYSIS 1
#endif
#ifndef ROOTCORE_PACKAGE
  #define ROOTCORE_PACKAGE "xAODJet"
#endif

#define _BACKWARD_BACKWARD_WARNING_H
// Dear emacs, this is -*- c++ -*-
// $Id: xAODJetDict.h 658646 2015-04-02 10:29:26Z delsart $
#ifndef XAODJET_XAODJETDICT_H
#define XAODJET_XAODJETDICT_H

// Needed to successfully generate the dictionary in standalone mode:
#if defined(__GCCXML__) and not defined(EIGEN_DONT_VECTORIZE)
#   define EIGEN_DONT_VECTORIZE
#endif // __GCCXML__

// System include(s):
#include <vector>

// EDM include(s):
#include "AthLinks/DataLink.h"
#include "AthLinks/ElementLink.h"
#include "AthLinks/ElementLinkVector.h"

// Local include(s):
#include "xAODJet/JetContainer.h"
#include "xAODJet/versions/JetContainer_v1.h"
#include "xAODJet/versions/JetAuxContainer_v1.h"
#include "xAODJet/versions/JetTrigAuxContainer_v1.h"
#include "xAODJet/versions/Jet_v1.h"
#include "xAODJet/JetTypes.h"

namespace {
   struct GCCXML_DUMMY_INSTANTIATION_XAODJET {
      // Instantiate the container for gccxml:
      xAOD::JetContainer_v1 c1;

      // Smart pointers to Jet_v1:
      DataLink< xAOD::JetContainer_v1 > e1;
      std::vector< DataLink< xAOD::JetContainer_v1 > > e2;
      ElementLink< xAOD::JetContainer_v1 > e3;
      std::vector< ElementLink< xAOD::JetContainer_v1 > > e4;
      std::vector< std::vector< ElementLink< xAOD::JetContainer_v1 > > > e5;
      ElementLinkVector< xAOD::JetContainer_v1 > e6;
      std::vector< ElementLinkVector< xAOD::JetContainer_v1 > > e7;

      // Instantiations to create the EL member dictionaries correctly:
      xAOD::IParticleContainer pc1;
      ElementLink<xAOD::IParticleContainer> e10;

     std::pair<std::string,std::vector<const xAOD::IParticle*> > bug1;
     std::pair<std::string,std::vector<float> > bug2;
     std::pair<std::string,std::vector<std::vector<int> > > bug3;
     std::pair<std::string,std::vector<std::vector<float> > > bug4;

     // momentums     
     //xAOD::JetFourMom_t jet4mom;
     std::vector<xAOD::JetFourMom_t> vjet4mom;

     //std::vector<const xAOD::IParticle*> vpart; not yet : not sure this belongs elsewhere ?
     //
   };
}


template float xAOD::Jet_v1::getAttribute<float> (xAOD::JetAttribute::AttributeID) const ; 
template int xAOD::Jet_v1::getAttribute<int> (xAOD::JetAttribute::AttributeID) const ; 
template xAOD::JetFourMom_t xAOD::Jet_v1::getAttribute<xAOD::JetFourMom_t> (xAOD::JetAttribute::AttributeID) const ; 
template std::vector<float> xAOD::Jet_v1::getAttribute< std::vector<float> > (xAOD::JetAttribute::AttributeID) const ;
template std::vector<int> xAOD::Jet_v1::getAttribute< std::vector<int> > (xAOD::JetAttribute::AttributeID) const ;

template float xAOD::Jet_v1::getAttribute<float> (const std::string &) const ; 
template int xAOD::Jet_v1::getAttribute<int> (const std::string &) const ; 
template xAOD::JetFourMom_t xAOD::Jet_v1::getAttribute<xAOD::JetFourMom_t> (const std::string &) const ; 
template std::vector<float> xAOD::Jet_v1::getAttribute< std::vector<float> > (const std::string &) const ;
template std::vector<int> xAOD::Jet_v1::getAttribute< std::vector<int> > (const std::string &) const ;


template void xAOD::Jet_v1::setAttribute<float>(const std::string &, const float& ) ;
template void xAOD::Jet_v1::setAttribute<int>(const std::string &, const int& ) ;

template void xAOD::Jet_v1::setAttribute<std::vector<float> >(const std::string &, const std::vector<float>& ) ;
template void xAOD::Jet_v1::setAttribute<std::vector<int> >(const std::string &, const std::vector<int>& ) ;



template std::vector<const xAOD::IParticle*> xAOD::Jet_v1::getAssociatedObjects<xAOD::IParticle >( xAOD::JetAttribute::AssoParticlesID ) const;
template std::vector<const xAOD::IParticle*> xAOD::Jet_v1::getAssociatedObjects<xAOD::IParticle >( const std::string &  ) const ;

template void xAOD::Jet_v1::setAssociatedObjects<xAOD::IParticle >( const std::string &, const std::vector<const xAOD::IParticle*>& ) ;


template const xAOD::IParticle* xAOD::Jet_v1::getAssociatedObject<xAOD::IParticle>( const std::string &) const ;
template const xAOD::IParticle* xAOD::Jet_v1::getAssociatedObject<xAOD::IParticle>( xAOD::JetAttribute::AssoParticlesID ) const ;
template void xAOD::Jet_v1::setAssociatedObject<xAOD::IParticle>( const std::string &,  const xAOD::IParticle* ) ;



#endif // XAODJET_XAODJETDICT_H

#undef  _BACKWARD_BACKWARD_WARNING_H

TClass::LoadClassInfo     ERROR   no interpreter information for class xAOD::JetAuxContainer_v1 is available eventhough it has a TClass initialization routine.
xAOD::TEvent::setUpDyn... WARNING Couldn't find setName(...) function for container AntiKt4TruthJetsAux.  (type: xAOD::JetAuxContainer_v1)
total weighted event: 3109.56
pass at least 1 lepton cut: 450.745
pass exactly 1 lepton cut: 450.745
pass 200 MET cut: 0
pass 2 b-jet cut: 0
pass b-jets pt cut: 0
pass aMT2 cut: 0
pass close b-jet/MET: 0
pass mbb cut: 0
pass pT_lep / MET cut: 0
pass pT_lep cut: 0
 
other!! lepton children: 3 tau children: 0
total weighted event: 6238.98
pass at least 1 lepton cut: 907.009
pass exactly 1 lepton cut: 907.009
pass 200 MET cut: 0
pass 2 b-jet cut: 0
pass b-jets pt cut: 0
pass aMT2 cut: 0
pass close b-jet/MET: 0
pass mbb cut: 0
pass pT_lep / MET cut: 0
pass pT_lep cut: 0
 
other!! lepton children: 4 tau children: 0
other!! lepton children: 3 tau children: 0
total weighted event: 9308.4
pass at least 1 lepton cut: 1307.18
pass exactly 1 lepton cut: 1307.18
pass 200 MET cut: 0
pass 2 b-jet cut: 0
pass b-jets pt cut: 0
pass aMT2 cut: 0
pass close b-jet/MET: 0
pass mbb cut: 0
pass pT_lep / MET cut: 0
pass pT_lep cut: 0
 
other!! lepton children: 3 tau children: 0
total weighted event: 12462.4
pass at least 1 lepton cut: 1702.45
pass exactly 1 lepton cut: 1702.45
pass 200 MET cut: 0
pass 2 b-jet cut: 0
pass b-jets pt cut: 0
pass aMT2 cut: 0
pass close b-jet/MET: 0
pass mbb cut: 0
pass pT_lep / MET cut: 0
pass pT_lep cut: 0
 
total weighted event: 15628.9
pass at least 1 lepton cut: 2224.92
pass exactly 1 lepton cut: 2223.92
pass 200 MET cut: 0
pass 2 b-jet cut: 0
pass b-jets pt cut: 0
pass aMT2 cut: 0
pass close b-jet/MET: 0
pass mbb cut: 0
pass pT_lep / MET cut: 0
pass pT_lep cut: 0
 
other!! lepton children: 3 tau children: 0
other!! lepton children: 3 tau children: 0
total weighted event: 18776.8
pass at least 1 lepton cut: 2691.9
pass exactly 1 lepton cut: 2688.9
pass 200 MET cut: 0
pass 2 b-jet cut: 0
pass b-jets pt cut: 0
pass aMT2 cut: 0
pass close b-jet/MET: 0
pass mbb cut: 0
pass pT_lep / MET cut: 0
pass pT_lep cut: 0
 
other!! lepton children: 3 tau children: 0
other!! lepton children: 3 tau children: 0
total weighted event: 21936
pass at least 1 lepton cut: 3208.47
pass exactly 1 lepton cut: 3205.47
pass 200 MET cut: 0
pass 2 b-jet cut: 0
pass b-jets pt cut: 0
pass aMT2 cut: 0
pass close b-jet/MET: 0
pass mbb cut: 0
pass pT_lep / MET cut: 0
pass pT_lep cut: 0
 
other!! lepton children: 3 tau children: 0
total weighted event: 24997.5
pass at least 1 lepton cut: 3664.02
pass exactly 1 lepton cut: 3659.02
pass 200 MET cut: 0
pass 2 b-jet cut: 0
pass b-jets pt cut: 0
pass aMT2 cut: 0
pass close b-jet/MET: 0
pass mbb cut: 0
pass pT_lep / MET cut: 0
pass pT_lep cut: 0
 
total weighted event: 28175.4
pass at least 1 lepton cut: 4147.92
pass exactly 1 lepton cut: 4142.92
pass 200 MET cut: 0
pass 2 b-jet cut: 0
pass b-jets pt cut: 0
pass aMT2 cut: 0
pass close b-jet/MET: 0
pass mbb cut: 0
pass pT_lep / MET cut: 0
pass pT_lep cut: 0
 
total weighted event: 31338.6
pass at least 1 lepton cut: 4576.21
pass exactly 1 lepton cut: 4570.21
pass 200 MET cut: 0
pass 2 b-jet cut: 0
pass b-jets pt cut: 0
pass aMT2 cut: 0
pass close b-jet/MET: 0
pass mbb cut: 0
pass pT_lep / MET cut: 0
pass pT_lep cut: 0
 
total weighted event: 34443.2
pass at least 1 lepton cut: 5078.54
pass exactly 1 lepton cut: 5072.54
pass 200 MET cut: 0
pass 2 b-jet cut: 0
pass b-jets pt cut: 0
pass aMT2 cut: 0
pass close b-jet/MET: 0
pass mbb cut: 0
pass pT_lep / MET cut: 0
pass pT_lep cut: 0
 
other!! lepton children: 3 tau children: 0
total weighted event: 37589.5
pass at least 1 lepton cut: 5538.5
pass exactly 1 lepton cut: 5532.5
pass 200 MET cut: 0
pass 2 b-jet cut: 0
pass b-jets pt cut: 0
pass aMT2 cut: 0
pass close b-jet/MET: 0
pass mbb cut: 0
pass pT_lep / MET cut: 0
pass pT_lep cut: 0
 
other!! lepton children: 3 tau children: 0
total weighted event: 40747.1
pass at least 1 lepton cut: 5986.52
pass exactly 1 lepton cut: 5979.52
pass 200 MET cut: 0
pass 2 b-jet cut: 0
pass b-jets pt cut: 0
pass aMT2 cut: 0
pass close b-jet/MET: 0
pass mbb cut: 0
pass pT_lep / MET cut: 0
pass pT_lep cut: 0
 
other!! lepton children: 3 tau children: 0
other!! lepton children: 3 tau children: 0
total weighted event: 43841
pass at least 1 lepton cut: 6460.95
pass exactly 1 lepton cut: 6453.31
pass 200 MET cut: 0
pass 2 b-jet cut: 0
pass b-jets pt cut: 0
pass aMT2 cut: 0
pass close b-jet/MET: 0
pass mbb cut: 0
pass pT_lep / MET cut: 0
pass pT_lep cut: 0
 
other!! lepton children: 3 tau children: 0
other!! lepton children: 3 tau children: 0
total weighted event: 46996.8
pass at least 1 lepton cut: 6936.31
pass exactly 1 lepton cut: 6928.67
pass 200 MET cut: 0
pass 2 b-jet cut: 0
pass b-jets pt cut: 0
pass aMT2 cut: 0
pass close b-jet/MET: 0
pass mbb cut: 0
pass pT_lep / MET cut: 0
pass pT_lep cut: 0
 
other!! lepton children: 5 tau children: 0
other!! lepton children: 3 tau children: 0
total weighted event: 50119.3
pass at least 1 lepton cut: 7383.67
pass exactly 1 lepton cut: 7374.95
pass 200 MET cut: 0
pass 2 b-jet cut: 0
pass b-jets pt cut: 0
pass aMT2 cut: 0
pass close b-jet/MET: 0
pass mbb cut: 0
pass pT_lep / MET cut: 0
pass pT_lep cut: 0
 
other!! lepton children: 3 tau children: 0
other!! lepton children: 3 tau children: 0
total weighted event: 53272.9
pass at least 1 lepton cut: 7893.55
pass exactly 1 lepton cut: 7884.84
pass 200 MET cut: 0
pass 2 b-jet cut: 0
pass b-jets pt cut: 0
pass aMT2 cut: 0
pass close b-jet/MET: 0
pass mbb cut: 0
pass pT_lep / MET cut: 0
pass pT_lep cut: 0
 
other!! lepton children: 3 tau children: 0
total weighted event: 56366.8
pass at least 1 lepton cut: 8364.28
pass exactly 1 lepton cut: 8355.57
pass 200 MET cut: 0
pass 2 b-jet cut: 0
pass b-jets pt cut: 0
pass aMT2 cut: 0
pass close b-jet/MET: 0
pass mbb cut: 0
pass pT_lep / MET cut: 0
pass pT_lep cut: 0
 
other!! lepton children: 3 tau children: 0
total weighted event: 59622.2
pass at least 1 lepton cut: 8889.74
pass exactly 1 lepton cut: 8880.02
pass 200 MET cut: 0
pass 2 b-jet cut: 0
pass b-jets pt cut: 0
pass aMT2 cut: 0
pass close b-jet/MET: 0
pass mbb cut: 0
pass pT_lep / MET cut: 0
pass pT_lep cut: 0
 
other!! lepton children: 3 tau children: 0
total weighted event: 62721.5
pass at least 1 lepton cut: 9376.67
pass exactly 1 lepton cut: 9366.96
pass 200 MET cut: 0
pass 2 b-jet cut: 0
pass b-jets pt cut: 0
pass aMT2 cut: 0
pass close b-jet/MET: 0
pass mbb cut: 0
pass pT_lep / MET cut: 0
pass pT_lep cut: 0
 
total weighted event: 65765.2
pass at least 1 lepton cut: 9815.56
pass exactly 1 lepton cut: 9805.84
pass 200 MET cut: 0
pass 2 b-jet cut: 0
pass b-jets pt cut: 0
pass aMT2 cut: 0
pass close b-jet/MET: 0
pass mbb cut: 0
pass pT_lep / MET cut: 0
pass pT_lep cut: 0
 
other!! lepton children: 3 tau children: 0
other!! lepton children: 3 tau children: 0
other!! lepton children: 4 tau children: 0
other!! lepton children: 3 tau children: 0
total weighted event: 68935.1
pass at least 1 lepton cut: 10305.3
pass exactly 1 lepton cut: 10295.6
pass 200 MET cut: 0
pass 2 b-jet cut: 0
pass b-jets pt cut: 0
pass aMT2 cut: 0
pass close b-jet/MET: 0
pass mbb cut: 0
pass pT_lep / MET cut: 0
pass pT_lep cut: 0
 
other!! lepton children: 3 tau children: 0
other!! lepton children: 3 tau children: 0
total weighted event: 72137.2
pass at least 1 lepton cut: 10818.1
pass exactly 1 lepton cut: 10807.4
pass 200 MET cut: 0
pass 2 b-jet cut: 0
pass b-jets pt cut: 0
pass aMT2 cut: 0
pass close b-jet/MET: 0
pass mbb cut: 0
pass pT_lep / MET cut: 0
pass pT_lep cut: 0
 
other!! lepton children: 3 tau children: 0
other!! lepton children: 4 tau children: 0
other!! lepton children: 3 tau children: 0
other!! lepton children: 3 tau children: 0
total weighted event: 75316
pass at least 1 lepton cut: 11347
pass exactly 1 lepton cut: 11336.3
pass 200 MET cut: 0
pass 2 b-jet cut: 0
pass b-jets pt cut: 0
pass aMT2 cut: 0
pass close b-jet/MET: 0
pass mbb cut: 0
pass pT_lep / MET cut: 0
pass pT_lep cut: 0
 
total weighted event: 78404.6
pass at least 1 lepton cut: 11832.6
pass exactly 1 lepton cut: 11820.9
pass 200 MET cut: 0
pass 2 b-jet cut: 0
pass b-jets pt cut: 0
pass aMT2 cut: 0
pass close b-jet/MET: 0
pass mbb cut: 0
pass pT_lep / MET cut: 0
pass pT_lep cut: 0
 
total weighted event: 81757.9
pass at least 1 lepton cut: 12469.2
pass exactly 1 lepton cut: 12457.5
pass 200 MET cut: 0
pass 2 b-jet cut: 0
pass b-jets pt cut: 0
pass aMT2 cut: 0
pass close b-jet/MET: 0
pass mbb cut: 0
pass pT_lep / MET cut: 0
pass pT_lep cut: 0
 
total weighted event: 84778.9
pass at least 1 lepton cut: 12947.1
pass exactly 1 lepton cut: 12936.4
pass 200 MET cut: 0
pass 2 b-jet cut: 0
pass b-jets pt cut: 0
pass aMT2 cut: 0
pass close b-jet/MET: 0
pass mbb cut: 0
pass pT_lep / MET cut: 0
pass pT_lep cut: 0
 
total weighted event: 87935.1
pass at least 1 lepton cut: 13410.9
pass exactly 1 lepton cut: 13398.1
pass 200 MET cut: 0
pass 2 b-jet cut: 0
pass b-jets pt cut: 0
pass aMT2 cut: 0
pass close b-jet/MET: 0
pass mbb cut: 0
pass pT_lep / MET cut: 0
pass pT_lep cut: 0
 
other!! lepton children: 3 tau children: 0
other!! lepton children: 3 tau children: 0
total weighted event: 91086.9
pass at least 1 lepton cut: 13886.6
pass exactly 1 lepton cut: 13870.9
pass 200 MET cut: 0
pass 2 b-jet cut: 0
pass b-jets pt cut: 0
pass aMT2 cut: 0
pass close b-jet/MET: 0
pass mbb cut: 0
pass pT_lep / MET cut: 0
pass pT_lep cut: 0
 
total weighted event: 94146.3
pass at least 1 lepton cut: 14340.1
pass exactly 1 lepton cut: 14324.4
pass 200 MET cut: 0
pass 2 b-jet cut: 0
pass b-jets pt cut: 0
pass aMT2 cut: 0
pass close b-jet/MET: 0
pass mbb cut: 0
pass pT_lep / MET cut: 0
pass pT_lep cut: 0
 
other!! lepton children: 3 tau children: 0
other!! lepton children: 3 tau children: 0
total weighted event: 97311.2
pass at least 1 lepton cut: 14794.8
pass exactly 1 lepton cut: 14778.1
pass 200 MET cut: 0
pass 2 b-jet cut: 0
pass b-jets pt cut: 0
pass aMT2 cut: 0
pass close b-jet/MET: 0
pass mbb cut: 0
pass pT_lep / MET cut: 0
pass pT_lep cut: 0
 
total weighted event: 100495
pass at least 1 lepton cut: 15231.6
pass exactly 1 lepton cut: 15214.9
pass 200 MET cut: 0
pass 2 b-jet cut: 0
pass b-jets pt cut: 0
pass aMT2 cut: 0
pass close b-jet/MET: 0
pass mbb cut: 0
pass pT_lep / MET cut: 0
pass pT_lep cut: 0
 
other!! lepton children: 3 tau children: 0
total weighted event: 103652
pass at least 1 lepton cut: 15709.3
pass exactly 1 lepton cut: 15694.6
pass 200 MET cut: 0
pass 2 b-jet cut: 0
pass b-jets pt cut: 0
pass aMT2 cut: 0
pass close b-jet/MET: 0
pass mbb cut: 0
pass pT_lep / MET cut: 0
pass pT_lep cut: 0
 
other!! lepton children: 3 tau children: 0
total weighted event: 106809
pass at least 1 lepton cut: 16172
pass exactly 1 lepton cut: 16157.3
pass 200 MET cut: 0
pass 2 b-jet cut: 0
pass b-jets pt cut: 0
pass aMT2 cut: 0
pass close b-jet/MET: 0
pass mbb cut: 0
pass pT_lep / MET cut: 0
pass pT_lep cut: 0
 
total weighted event: 110062
pass at least 1 lepton cut: 16669.6
pass exactly 1 lepton cut: 16653.9
pass 200 MET cut: 0
pass 2 b-jet cut: 0
pass b-jets pt cut: 0
pass aMT2 cut: 0
pass close b-jet/MET: 0
pass mbb cut: 0
pass pT_lep / MET cut: 0
pass pT_lep cut: 0
 
other!! lepton children: 3 tau children: 0
other!! lepton children: 3 tau children: 0
other!! lepton children: 3 tau children: 0
other!! lepton children: 3 tau children: 0
total weighted event: 113136
pass at least 1 lepton cut: 17193.9
pass exactly 1 lepton cut: 17178.2
pass 200 MET cut: 0
pass 2 b-jet cut: 0
pass b-jets pt cut: 0
pass aMT2 cut: 0
pass close b-jet/MET: 0
pass mbb cut: 0
pass pT_lep / MET cut: 0
pass pT_lep cut: 0
 
other!! lepton children: 3 tau children: 0
total weighted event: 116219
pass at least 1 lepton cut: 17625.2
pass exactly 1 lepton cut: 17610.5
pass 200 MET cut: 0
pass 2 b-jet cut: 0
pass b-jets pt cut: 0
pass aMT2 cut: 0
pass close b-jet/MET: 0
pass mbb cut: 0
pass pT_lep / MET cut: 0
pass pT_lep cut: 0
 
other!! lepton children: 3 tau children: 0
other!! lepton children: 3 tau children: 0
total weighted event: 119407
pass at least 1 lepton cut: 18124.6
pass exactly 1 lepton cut: 18108.8
pass 200 MET cut: 0
pass 2 b-jet cut: 0
pass b-jets pt cut: 0
pass aMT2 cut: 0
pass close b-jet/MET: 0
pass mbb cut: 0
pass pT_lep / MET cut: 0
pass pT_lep cut: 0
 
other!! lepton children: 3 tau children: 0
other!! lepton children: 3 tau children: 0
other!! lepton children: 3 tau children: 0
total weighted event: 122538
pass at least 1 lepton cut: 18590.4
pass exactly 1 lepton cut: 18575.6
pass 200 MET cut: 0
pass 2 b-jet cut: 0
pass b-jets pt cut: 0
pass aMT2 cut: 0
pass close b-jet/MET: 0
pass mbb cut: 0
pass pT_lep / MET cut: 0
pass pT_lep cut: 0
 
other!! lepton children: 3 tau children: 0
total weighted event: 125721
pass at least 1 lepton cut: 19075.2
pass exactly 1 lepton cut: 19060.4
pass 200 MET cut: 0
pass 2 b-jet cut: 0
pass b-jets pt cut: 0
pass aMT2 cut: 0
pass close b-jet/MET: 0
pass mbb cut: 0
pass pT_lep / MET cut: 0
pass pT_lep cut: 0
 
total weighted event: 128828
pass at least 1 lepton cut: 19585.6
pass exactly 1 lepton cut: 19570.8
pass 200 MET cut: 0
pass 2 b-jet cut: 0
pass b-jets pt cut: 0
pass aMT2 cut: 0
pass close b-jet/MET: 0
pass mbb cut: 0
pass pT_lep / MET cut: 0
pass pT_lep cut: 0
 
other!! lepton children: 3 tau children: 0
other!! lepton children: 3 tau children: 0
total weighted event: 131996
pass at least 1 lepton cut: 20055.8
pass exactly 1 lepton cut: 20041
pass 200 MET cut: 0
pass 2 b-jet cut: 0
pass b-jets pt cut: 0
pass aMT2 cut: 0
pass close b-jet/MET: 0
pass mbb cut: 0
pass pT_lep / MET cut: 0
pass pT_lep cut: 0
 
other!! lepton children: 3 tau children: 0
other!! lepton children: 3 tau children: 0
total weighted event: 135014
pass at least 1 lepton cut: 20539.4
pass exactly 1 lepton cut: 20523.6
pass 200 MET cut: 0
pass 2 b-jet cut: 0
pass b-jets pt cut: 0
pass aMT2 cut: 0
pass close b-jet/MET: 0
pass mbb cut: 0
pass pT_lep / MET cut: 0
pass pT_lep cut: 0
 
total weighted event: 138251
pass at least 1 lepton cut: 20982.2
pass exactly 1 lepton cut: 20965.4
pass 200 MET cut: 0
pass 2 b-jet cut: 0
pass b-jets pt cut: 0
pass aMT2 cut: 0
pass close b-jet/MET: 0
pass mbb cut: 0
pass pT_lep / MET cut: 0
pass pT_lep cut: 0
 
other!! lepton children: 3 tau children: 0
other!! lepton children: 3 tau children: 0
total weighted event: 141327
pass at least 1 lepton cut: 21406.7
pass exactly 1 lepton cut: 21389.9
pass 200 MET cut: 0
pass 2 b-jet cut: 0
pass b-jets pt cut: 0
pass aMT2 cut: 0
pass close b-jet/MET: 0
pass mbb cut: 0
pass pT_lep / MET cut: 0
pass pT_lep cut: 0
 
other!! lepton children: 3 tau children: 0
other!! lepton children: 3 tau children: 0
total weighted event: 144469
pass at least 1 lepton cut: 21878.2
pass exactly 1 lepton cut: 21861.4
pass 200 MET cut: 0
pass 2 b-jet cut: 0
pass b-jets pt cut: 0
pass aMT2 cut: 0
pass close b-jet/MET: 0
pass mbb cut: 0
pass pT_lep / MET cut: 0
pass pT_lep cut: 0
 
other!! lepton children: 3 tau children: 0
total weighted event: 147555
pass at least 1 lepton cut: 22324
pass exactly 1 lepton cut: 22308.2
pass 200 MET cut: 0
pass 2 b-jet cut: 0
pass b-jets pt cut: 0
pass aMT2 cut: 0
pass close b-jet/MET: 0
pass mbb cut: 0
pass pT_lep / MET cut: 0
pass pT_lep cut: 0
 
total weighted event: 150688
pass at least 1 lepton cut: 22834.9
pass exactly 1 lepton cut: 22819.1
pass 200 MET cut: 0
pass 2 b-jet cut: 0
pass b-jets pt cut: 0
pass aMT2 cut: 0
pass close b-jet/MET: 0
pass mbb cut: 0
pass pT_lep / MET cut: 0
pass pT_lep cut: 0
 
other!! lepton children: 3 tau children: 0
other!! lepton children: 3 tau children: 0
total weighted event: 153810
pass at least 1 lepton cut: 23328.5
pass exactly 1 lepton cut: 23310.7
pass 200 MET cut: 0
pass 2 b-jet cut: 0
pass b-jets pt cut: 0
pass aMT2 cut: 0
pass close b-jet/MET: 0
pass mbb cut: 0
pass pT_lep / MET cut: 0
pass pT_lep cut: 0
 
total weighted event: 156960
pass at least 1 lepton cut: 23787.7
pass exactly 1 lepton cut: 23768.9
pass 200 MET cut: 0
pass 2 b-jet cut: 0
pass b-jets pt cut: 0
pass aMT2 cut: 0
pass close b-jet/MET: 0
pass mbb cut: 0
pass pT_lep / MET cut: 0
pass pT_lep cut: 0
 
other!! lepton children: 3 tau children: 0
total weighted event: 159977
pass at least 1 lepton cut: 24228.7
pass exactly 1 lepton cut: 24208.9
pass 200 MET cut: 0
pass 2 b-jet cut: 0
pass b-jets pt cut: 0
pass aMT2 cut: 0
pass close b-jet/MET: 0
pass mbb cut: 0
pass pT_lep / MET cut: 0
pass pT_lep cut: 0
 
total weighted event: 163039
pass at least 1 lepton cut: 24735.8
pass exactly 1 lepton cut: 24716
pass 200 MET cut: 0
pass 2 b-jet cut: 0
pass b-jets pt cut: 0
pass aMT2 cut: 0
pass close b-jet/MET: 0
pass mbb cut: 0
pass pT_lep / MET cut: 0
pass pT_lep cut: 0
 
other!! lepton children: 3 tau children: 0
other!! lepton children: 3 tau children: 0
other!! lepton children: 3 tau children: 0
total weighted event: 166168
pass at least 1 lepton cut: 25218.7
pass exactly 1 lepton cut: 25198.8
pass 200 MET cut: 0
pass 2 b-jet cut: 0
pass b-jets pt cut: 0
pass aMT2 cut: 0
pass close b-jet/MET: 0
pass mbb cut: 0
pass pT_lep / MET cut: 0
pass pT_lep cut: 0
 
total weighted event: 169331
pass at least 1 lepton cut: 25691
pass exactly 1 lepton cut: 25671.2
pass 200 MET cut: 0
pass 2 b-jet cut: 0
pass b-jets pt cut: 0
pass aMT2 cut: 0
pass close b-jet/MET: 0
pass mbb cut: 0
pass pT_lep / MET cut: 0
pass pT_lep cut: 0
 
other!! lepton children: 3 tau children: 0
other!! lepton children: 3 tau children: 0
total weighted event: 172353
pass at least 1 lepton cut: 26115
pass exactly 1 lepton cut: 26095.2
pass 200 MET cut: 0
pass 2 b-jet cut: 0
pass b-jets pt cut: 0
pass aMT2 cut: 0
pass close b-jet/MET: 0
pass mbb cut: 0
pass pT_lep / MET cut: 0
pass pT_lep cut: 0
 
other!! lepton children: 3 tau children: 0
total weighted event: 175515
pass at least 1 lepton cut: 26582.3
pass exactly 1 lepton cut: 26559.5
pass 200 MET cut: 0
pass 2 b-jet cut: 0
pass b-jets pt cut: 0
pass aMT2 cut: 0
pass close b-jet/MET: 0
pass mbb cut: 0
pass pT_lep / MET cut: 0
pass pT_lep cut: 0
 
other!! lepton children: 3 tau children: 0
total weighted event: 178007
pass at least 1 lepton cut: 27015.4
pass exactly 1 lepton cut: 26991.6
pass 200 MET cut: 0
pass 2 b-jet cut: 0
pass b-jets pt cut: 0
pass aMT2 cut: 0
pass close b-jet/MET: 0
pass mbb cut: 0
pass pT_lep / MET cut: 0
pass pT_lep cut: 0
 
total weighted event: 181084
pass at least 1 lepton cut: 27524
pass exactly 1 lepton cut: 27500.2
pass 200 MET cut: 0
pass 2 b-jet cut: 0
pass b-jets pt cut: 0
pass aMT2 cut: 0
pass close b-jet/MET: 0
pass mbb cut: 0
pass pT_lep / MET cut: 0
pass pT_lep cut: 0
 
other!! lepton children: 3 tau children: 0
other!! lepton children: 3 tau children: 0
total weighted event: 184256
pass at least 1 lepton cut: 27995
pass exactly 1 lepton cut: 27969.2
pass 200 MET cut: 0
pass 2 b-jet cut: 0
pass b-jets pt cut: 0
pass aMT2 cut: 0
pass close b-jet/MET: 0
pass mbb cut: 0
pass pT_lep / MET cut: 0
pass pT_lep cut: 0
 
total weighted event: 187531
pass at least 1 lepton cut: 28488.3
pass exactly 1 lepton cut: 28461.5
pass 200 MET cut: 0
pass 2 b-jet cut: 0
pass b-jets pt cut: 0
pass aMT2 cut: 0
pass close b-jet/MET: 0
pass mbb cut: 0
pass pT_lep / MET cut: 0
pass pT_lep cut: 0
 
other!! lepton children: 3 tau children: 0
total weighted event: 190581
pass at least 1 lepton cut: 28946.5
pass exactly 1 lepton cut: 28919.7
pass 200 MET cut: 0
pass 2 b-jet cut: 0
pass b-jets pt cut: 0
pass aMT2 cut: 0
pass close b-jet/MET: 0
pass mbb cut: 0
pass pT_lep / MET cut: 0
pass pT_lep cut: 0
 
total weighted event: 193645
pass at least 1 lepton cut: 29362.2
pass exactly 1 lepton cut: 29335.4
pass 200 MET cut: 0
pass 2 b-jet cut: 0
pass b-jets pt cut: 0
pass aMT2 cut: 0
pass close b-jet/MET: 0
pass mbb cut: 0
pass pT_lep / MET cut: 0
pass pT_lep cut: 0
 
total weighted event: 196815
pass at least 1 lepton cut: 29864.5
pass exactly 1 lepton cut: 29839.7
pass 200 MET cut: 0
pass 2 b-jet cut: 0
pass b-jets pt cut: 0
pass aMT2 cut: 0
pass close b-jet/MET: 0
pass mbb cut: 0
pass pT_lep / MET cut: 0
pass pT_lep cut: 0
 
total weighted event: 199933
pass at least 1 lepton cut: 30347.6
pass exactly 1 lepton cut: 30322.8
pass 200 MET cut: 0
pass 2 b-jet cut: 0
pass b-jets pt cut: 0
pass aMT2 cut: 0
pass close b-jet/MET: 0
pass mbb cut: 0
pass pT_lep / MET cut: 0
pass pT_lep cut: 0
 
total weighted event: 203056
pass at least 1 lepton cut: 30818.1
pass exactly 1 lepton cut: 30793.3
pass 200 MET cut: 0
pass 2 b-jet cut: 0
pass b-jets pt cut: 0
pass aMT2 cut: 0
pass close b-jet/MET: 0
pass mbb cut: 0
pass pT_lep / MET cut: 0
pass pT_lep cut: 0
 
other!! lepton children: 3 tau children: 0
other!! lepton children: 3 tau children: 0
total weighted event: 206178
pass at least 1 lepton cut: 31275.6
pass exactly 1 lepton cut: 31250.8
pass 200 MET cut: 0
pass 2 b-jet cut: 0
pass b-jets pt cut: 0
pass aMT2 cut: 0
pass close b-jet/MET: 0
pass mbb cut: 0
pass pT_lep / MET cut: 0
pass pT_lep cut: 0
 
other!! lepton children: 3 tau children: 0
total weighted event: 209222
pass at least 1 lepton cut: 31711.1
pass exactly 1 lepton cut: 31685.3
pass 200 MET cut: 0
pass 2 b-jet cut: 0
pass b-jets pt cut: 0
pass aMT2 cut: 0
pass close b-jet/MET: 0
pass mbb cut: 0
pass pT_lep / MET cut: 0
pass pT_lep cut: 0
 
total weighted event: 212447
pass at least 1 lepton cut: 32175.6
pass exactly 1 lepton cut: 32147.8
pass 200 MET cut: 0
pass 2 b-jet cut: 0
pass b-jets pt cut: 0
pass aMT2 cut: 0
pass close b-jet/MET: 0
pass mbb cut: 0
pass pT_lep / MET cut: 0
pass pT_lep cut: 0
 
total weighted event: 215524
pass at least 1 lepton cut: 32652
pass exactly 1 lepton cut: 32621.2
pass 200 MET cut: 0
pass 2 b-jet cut: 0
pass b-jets pt cut: 0
pass aMT2 cut: 0
pass close b-jet/MET: 0
pass mbb cut: 0
pass pT_lep / MET cut: 0
pass pT_lep cut: 0
 
total weighted event: 218694
pass at least 1 lepton cut: 33114.6
pass exactly 1 lepton cut: 33083.8
pass 200 MET cut: 0
pass 2 b-jet cut: 0
pass b-jets pt cut: 0
pass aMT2 cut: 0
pass close b-jet/MET: 0
pass mbb cut: 0
pass pT_lep / MET cut: 0
pass pT_lep cut: 0
 
other!! lepton children: 3 tau children: 0
total weighted event: 221840
pass at least 1 lepton cut: 33576.1
pass exactly 1 lepton cut: 33545.3
pass 200 MET cut: 0
pass 2 b-jet cut: 0
pass b-jets pt cut: 0
pass aMT2 cut: 0
pass close b-jet/MET: 0
pass mbb cut: 0
pass pT_lep / MET cut: 0
pass pT_lep cut: 0
 
other!! lepton children: 3 tau children: 0
other!! lepton children: 3 tau children: 0
other!! lepton children: 3 tau children: 0
total weighted event: 225101
pass at least 1 lepton cut: 34083.9
pass exactly 1 lepton cut: 34053.1
pass 200 MET cut: 0
pass 2 b-jet cut: 0
pass b-jets pt cut: 0
pass aMT2 cut: 0
pass close b-jet/MET: 0
pass mbb cut: 0
pass pT_lep / MET cut: 0
pass pT_lep cut: 0
 
other!! lepton children: 3 tau children: 0
total weighted event: 228251
pass at least 1 lepton cut: 34559.9
pass exactly 1 lepton cut: 34529.1
pass 200 MET cut: 0
pass 2 b-jet cut: 0
pass b-jets pt cut: 0
pass aMT2 cut: 0
pass close b-jet/MET: 0
pass mbb cut: 0
pass pT_lep / MET cut: 0
pass pT_lep cut: 0
 
other!! lepton children: 3 tau children: 0
total weighted event: 231513
pass at least 1 lepton cut: 35059.4
pass exactly 1 lepton cut: 35027.6
pass 200 MET cut: 0
pass 2 b-jet cut: 0
pass b-jets pt cut: 0
pass aMT2 cut: 0
pass close b-jet/MET: 0
pass mbb cut: 0
pass pT_lep / MET cut: 0
pass pT_lep cut: 0
 
total weighted event: 234642
pass at least 1 lepton cut: 35521.1
pass exactly 1 lepton cut: 35487.3
pass 200 MET cut: 0
pass 2 b-jet cut: 0
pass b-jets pt cut: 0
pass aMT2 cut: 0
pass close b-jet/MET: 0
pass mbb cut: 0
pass pT_lep / MET cut: 0
pass pT_lep cut: 0
 
other!! lepton children: 3 tau children: 0
other!! lepton children: 3 tau children: 0
total weighted event: 237919
pass at least 1 lepton cut: 36001.4
pass exactly 1 lepton cut: 35967.6
pass 200 MET cut: 0
pass 2 b-jet cut: 0
pass b-jets pt cut: 0
pass aMT2 cut: 0
pass close b-jet/MET: 0
pass mbb cut: 0
pass pT_lep / MET cut: 0
pass pT_lep cut: 0
 
other!! lepton children: 3 tau children: 0
total weighted event: 241008
pass at least 1 lepton cut: 36509.7
pass exactly 1 lepton cut: 36475.9
pass 200 MET cut: 0
pass 2 b-jet cut: 0
pass b-jets pt cut: 0
pass aMT2 cut: 0
pass close b-jet/MET: 0
pass mbb cut: 0
pass pT_lep / MET cut: 0
pass pT_lep cut: 0
 
other!! lepton children: 3 tau children: 0
total weighted event: 244154
pass at least 1 lepton cut: 37013.2
pass exactly 1 lepton cut: 36979.4
pass 200 MET cut: 0
pass 2 b-jet cut: 0
pass b-jets pt cut: 0
pass aMT2 cut: 0
pass close b-jet/MET: 0
pass mbb cut: 0
pass pT_lep / MET cut: 0
pass pT_lep cut: 0
 
total weighted event: 247338
pass at least 1 lepton cut: 37452.3
pass exactly 1 lepton cut: 37417.5
pass 200 MET cut: 0
pass 2 b-jet cut: 0
pass b-jets pt cut: 0
pass aMT2 cut: 0
pass close b-jet/MET: 0
pass mbb cut: 0
pass pT_lep / MET cut: 0
pass pT_lep cut: 0
 
total weighted event: 250499
pass at least 1 lepton cut: 37935.6
pass exactly 1 lepton cut: 37899.3
pass 200 MET cut: 0
pass 2 b-jet cut: 0
pass b-jets pt cut: 0
pass aMT2 cut: 0
pass close b-jet/MET: 0
pass mbb cut: 0
pass pT_lep / MET cut: 0
pass pT_lep cut: 0
 
total weighted event: 253817
pass at least 1 lepton cut: 38411.1
pass exactly 1 lepton cut: 38374.7
pass 200 MET cut: 0
pass 2 b-jet cut: 0
pass b-jets pt cut: 0
pass aMT2 cut: 0
pass close b-jet/MET: 0
pass mbb cut: 0
pass pT_lep / MET cut: 0
pass pT_lep cut: 0
 
other!! lepton children: 3 tau children: 0
other!! lepton children: 3 tau children: 0
other!! lepton children: 3 tau children: 0
total weighted event: 257057
pass at least 1 lepton cut: 38889.3
pass exactly 1 lepton cut: 38853.9
pass 200 MET cut: 0
pass 2 b-jet cut: 0
pass b-jets pt cut: 0
pass aMT2 cut: 0
pass close b-jet/MET: 0
pass mbb cut: 0
pass pT_lep / MET cut: 0
pass pT_lep cut: 0
 
other!! lepton children: 3 tau children: 0
other!! lepton children: 3 tau children: 0
total weighted event: 260150
pass at least 1 lepton cut: 39375
pass exactly 1 lepton cut: 39339.7
pass 200 MET cut: 0
pass 2 b-jet cut: 0
pass b-jets pt cut: 0
pass aMT2 cut: 0
pass close b-jet/MET: 0
pass mbb cut: 0
pass pT_lep / MET cut: 0
pass pT_lep cut: 0
 
other!! lepton children: 3 tau children: 0
total weighted event: 263205
pass at least 1 lepton cut: 39849.2
pass exactly 1 lepton cut: 39814.8
pass 200 MET cut: 0
pass 2 b-jet cut: 0
pass b-jets pt cut: 0
pass aMT2 cut: 0
pass close b-jet/MET: 0
pass mbb cut: 0
pass pT_lep / MET cut: 0
pass pT_lep cut: 0
 
other!! lepton children: 3 tau children: 0
total weighted event: 266367
pass at least 1 lepton cut: 40259.8
pass exactly 1 lepton cut: 40225.5
pass 200 MET cut: 0
pass 2 b-jet cut: 0
pass b-jets pt cut: 0
pass aMT2 cut: 0
pass close b-jet/MET: 0
pass mbb cut: 0
pass pT_lep / MET cut: 0
pass pT_lep cut: 0
 
other!! lepton children: 3 tau children: 0
total weighted event: 269512
pass at least 1 lepton cut: 40734.2
pass exactly 1 lepton cut: 40699.8
pass 200 MET cut: 0
pass 2 b-jet cut: 0
pass b-jets pt cut: 0
pass aMT2 cut: 0
pass close b-jet/MET: 0
pass mbb cut: 0
pass pT_lep / MET cut: 0
pass pT_lep cut: 0
 
other!! lepton children: 3 tau children: 0
total weighted event: 272570
pass at least 1 lepton cut: 41213.6
pass exactly 1 lepton cut: 41179.2
pass 200 MET cut: 0
pass 2 b-jet cut: 0
pass b-jets pt cut: 0
pass aMT2 cut: 0
pass close b-jet/MET: 0
pass mbb cut: 0
pass pT_lep / MET cut: 0
pass pT_lep cut: 0
 
other!! lepton children: 3 tau children: 0
total weighted event: 275749
pass at least 1 lepton cut: 41697.9
pass exactly 1 lepton cut: 41663.5
pass 200 MET cut: 0
pass 2 b-jet cut: 0
pass b-jets pt cut: 0
pass aMT2 cut: 0
pass close b-jet/MET: 0
pass mbb cut: 0
pass pT_lep / MET cut: 0
pass pT_lep cut: 0
 
other!! lepton children: 3 tau children: 0
total weighted event: 278830
pass at least 1 lepton cut: 42172.5
pass exactly 1 lepton cut: 42137.1
pass 200 MET cut: 0
pass 2 b-jet cut: 0
pass b-jets pt cut: 0
pass aMT2 cut: 0
pass close b-jet/MET: 0
pass mbb cut: 0
pass pT_lep / MET cut: 0
pass pT_lep cut: 0
 
other!! lepton children: 3 tau children: 0
total weighted event: 281858
pass at least 1 lepton cut: 42639.4
pass exactly 1 lepton cut: 42603
pass 200 MET cut: 0
pass 2 b-jet cut: 0
pass b-jets pt cut: 0
pass aMT2 cut: 0
pass close b-jet/MET: 0
pass mbb cut: 0
pass pT_lep / MET cut: 0
pass pT_lep cut: 0
 
other!! lepton children: 3 tau children: 0
total weighted event: 285037
pass at least 1 lepton cut: 43100.1
pass exactly 1 lepton cut: 43063.7
pass 200 MET cut: 0
pass 2 b-jet cut: 0
pass b-jets pt cut: 0
pass aMT2 cut: 0
pass close b-jet/MET: 0
pass mbb cut: 0
pass pT_lep / MET cut: 0
pass pT_lep cut: 0
 
other!! lepton children: 3 tau children: 0
other!! lepton children: 3 tau children: 0
other!! lepton children: 4 tau children: 0
total weighted event: 288173
pass at least 1 lepton cut: 43567.9
pass exactly 1 lepton cut: 43530.5
pass 200 MET cut: 0
pass 2 b-jet cut: 0
pass b-jets pt cut: 0
pass aMT2 cut: 0
pass close b-jet/MET: 0
pass mbb cut: 0
pass pT_lep / MET cut: 0
pass pT_lep cut: 0
 
other!! lepton children: 3 tau children: 0
total weighted event: 291152
pass at least 1 lepton cut: 43987.6
pass exactly 1 lepton cut: 43948.3
pass 200 MET cut: 0
pass 2 b-jet cut: 0
pass b-jets pt cut: 0
pass aMT2 cut: 0
pass close b-jet/MET: 0
pass mbb cut: 0
pass pT_lep / MET cut: 0
pass pT_lep cut: 0
 
other!! lepton children: 3 tau children: 0
total weighted event: 294311
pass at least 1 lepton cut: 44438.5
pass exactly 1 lepton cut: 44398.1
pass 200 MET cut: 0
pass 2 b-jet cut: 0
pass b-jets pt cut: 0
pass aMT2 cut: 0
pass close b-jet/MET: 0
pass mbb cut: 0
pass pT_lep / MET cut: 0
pass pT_lep cut: 0
 
other!! lepton children: 3 tau children: 0
total weighted event: 297381
pass at least 1 lepton cut: 44914.4
pass exactly 1 lepton cut: 44874
pass 200 MET cut: 0
pass 2 b-jet cut: 0
pass b-jets pt cut: 0
pass aMT2 cut: 0
pass close b-jet/MET: 0
pass mbb cut: 0
pass pT_lep / MET cut: 0
pass pT_lep cut: 0
 
other!! lepton children: 4 tau children: 0
other!! lepton children: 3 tau children: 0
total weighted event: 300557
pass at least 1 lepton cut: 45411.5
pass exactly 1 lepton cut: 45370.1
pass 200 MET cut: 0
pass 2 b-jet cut: 0
pass b-jets pt cut: 0
pass aMT2 cut: 0
pass close b-jet/MET: 0
pass mbb cut: 0
pass pT_lep / MET cut: 0
pass pT_lep cut: 0
 
worker finished:
Real time 0:11:05, CP time 473.090
xAOD::TFileAccessTracer   INFO    Sending file access statistics to http://rucio-lb-prod.cern.ch:18762/traces/
