000 (1739717.000.000) 08/29 09:50:10 Job submitted from host: <128.91.77.183:9766?addrs=128.91.77.183-9766>
...
000 (1739717.001.000) 08/29 09:50:10 Job submitted from host: <128.91.77.183:9766?addrs=128.91.77.183-9766>
...
000 (1739717.002.000) 08/29 09:50:10 Job submitted from host: <128.91.77.183:9766?addrs=128.91.77.183-9766>
...
000 (1739717.003.000) 08/29 09:50:10 Job submitted from host: <128.91.77.183:9766?addrs=128.91.77.183-9766>
...
000 (1739717.004.000) 08/29 09:50:10 Job submitted from host: <128.91.77.183:9766?addrs=128.91.77.183-9766>
...
000 (1739717.005.000) 08/29 09:50:10 Job submitted from host: <128.91.77.183:9766?addrs=128.91.77.183-9766>
...
000 (1739717.006.000) 08/29 09:50:10 Job submitted from host: <128.91.77.183:9766?addrs=128.91.77.183-9766>
...
000 (1739717.007.000) 08/29 09:50:10 Job submitted from host: <128.91.77.183:9766?addrs=128.91.77.183-9766>
...
000 (1739717.008.000) 08/29 09:50:10 Job submitted from host: <128.91.77.183:9766?addrs=128.91.77.183-9766>
...
000 (1739717.009.000) 08/29 09:50:10 Job submitted from host: <128.91.77.183:9766?addrs=128.91.77.183-9766>
...
000 (1739717.010.000) 08/29 09:50:10 Job submitted from host: <128.91.77.183:9766?addrs=128.91.77.183-9766>
...
000 (1739717.011.000) 08/29 09:50:10 Job submitted from host: <128.91.77.183:9766?addrs=128.91.77.183-9766>
...
000 (1739717.012.000) 08/29 09:50:10 Job submitted from host: <128.91.77.183:9766?addrs=128.91.77.183-9766>
...
000 (1739717.013.000) 08/29 09:50:10 Job submitted from host: <128.91.77.183:9766?addrs=128.91.77.183-9766>
...
000 (1739717.014.000) 08/29 09:50:10 Job submitted from host: <128.91.77.183:9766?addrs=128.91.77.183-9766>
...
000 (1739717.015.000) 08/29 09:50:10 Job submitted from host: <128.91.77.183:9766?addrs=128.91.77.183-9766>
...
000 (1739717.016.000) 08/29 09:50:10 Job submitted from host: <128.91.77.183:9766?addrs=128.91.77.183-9766>
...
000 (1739717.017.000) 08/29 09:50:10 Job submitted from host: <128.91.77.183:9766?addrs=128.91.77.183-9766>
...
000 (1739717.018.000) 08/29 09:50:10 Job submitted from host: <128.91.77.183:9766?addrs=128.91.77.183-9766>
...
001 (1739717.000.000) 08/29 09:50:28 Job executing on host: <192.168.64.200:9474>
...
001 (1739717.001.000) 08/29 09:50:28 Job executing on host: <192.168.64.191:9442>
...
001 (1739717.002.000) 08/29 09:50:28 Job executing on host: <192.168.64.187:9226>
...
001 (1739717.003.000) 08/29 09:50:28 Job executing on host: <192.168.64.192:9840>
...
001 (1739717.005.000) 08/29 09:50:28 Job executing on host: <192.168.64.193:9214>
...
001 (1739717.006.000) 08/29 09:50:28 Job executing on host: <192.168.64.189:9001>
...
001 (1739717.007.000) 08/29 09:50:28 Job executing on host: <192.168.64.198:9568>
...
001 (1739717.011.000) 08/29 09:50:28 Job executing on host: <192.168.64.200:9474>
...
001 (1739717.013.000) 08/29 09:50:28 Job executing on host: <192.168.64.187:9226>
...
001 (1739717.012.000) 08/29 09:50:28 Job executing on host: <192.168.64.191:9442>
...
001 (1739717.004.000) 08/29 09:50:28 Job executing on host: <192.168.64.197:9770>
...
001 (1739717.014.000) 08/29 09:50:28 Job executing on host: <192.168.64.192:9840>
...
001 (1739717.015.000) 08/29 09:50:28 Job executing on host: <192.168.64.197:9770>
...
001 (1739717.009.000) 08/29 09:50:28 Job executing on host: <192.168.64.199:9406>
...
001 (1739717.018.000) 08/29 09:50:28 Job executing on host: <192.168.64.198:9568>
...
001 (1739717.008.000) 08/29 09:50:28 Job executing on host: <192.168.64.194:9974>
...
001 (1739717.016.000) 08/29 09:50:28 Job executing on host: <192.168.64.193:9214>
...
001 (1739717.010.000) 08/29 09:50:28 Job executing on host: <192.168.64.195:9241>
...
001 (1739717.017.000) 08/29 09:50:28 Job executing on host: <192.168.64.189:9001>
...
006 (1739717.000.000) 08/29 09:50:37 Image size of job updated: 1196
	1  -  MemoryUsage of job (MB)
	148  -  ResidentSetSize of job (KB)
...
006 (1739717.001.000) 08/29 09:50:37 Image size of job updated: 1196
	1  -  MemoryUsage of job (MB)
	148  -  ResidentSetSize of job (KB)
...
006 (1739717.002.000) 08/29 09:50:37 Image size of job updated: 1196
	1  -  MemoryUsage of job (MB)
	148  -  ResidentSetSize of job (KB)
...
006 (1739717.005.000) 08/29 09:50:37 Image size of job updated: 1196
	1  -  MemoryUsage of job (MB)
	148  -  ResidentSetSize of job (KB)
...
006 (1739717.003.000) 08/29 09:50:37 Image size of job updated: 1196
	1  -  MemoryUsage of job (MB)
	148  -  ResidentSetSize of job (KB)
...
006 (1739717.006.000) 08/29 09:50:37 Image size of job updated: 1196
	1  -  MemoryUsage of job (MB)
	144  -  ResidentSetSize of job (KB)
...
006 (1739717.007.000) 08/29 09:50:37 Image size of job updated: 781424
	122  -  MemoryUsage of job (MB)
	124704  -  ResidentSetSize of job (KB)
...
006 (1739717.011.000) 08/29 09:50:37 Image size of job updated: 2
	3  -  MemoryUsage of job (MB)
	2324  -  ResidentSetSize of job (KB)
...
006 (1739717.013.000) 08/29 09:50:37 Image size of job updated: 2
	3  -  MemoryUsage of job (MB)
	2324  -  ResidentSetSize of job (KB)
...
006 (1739717.012.000) 08/29 09:50:37 Image size of job updated: 2
	3  -  MemoryUsage of job (MB)
	2324  -  ResidentSetSize of job (KB)
...
006 (1739717.004.000) 08/29 09:50:37 Image size of job updated: 1196
	1  -  MemoryUsage of job (MB)
	148  -  ResidentSetSize of job (KB)
...
006 (1739717.014.000) 08/29 09:50:37 Image size of job updated: 2
	3  -  MemoryUsage of job (MB)
	2324  -  ResidentSetSize of job (KB)
...
006 (1739717.015.000) 08/29 09:50:37 Image size of job updated: 2
	3  -  MemoryUsage of job (MB)
	2328  -  ResidentSetSize of job (KB)
...
006 (1739717.009.000) 08/29 09:50:37 Image size of job updated: 574172
	87  -  MemoryUsage of job (MB)
	89028  -  ResidentSetSize of job (KB)
...
006 (1739717.018.000) 08/29 09:50:37 Image size of job updated: 781428
	122  -  MemoryUsage of job (MB)
	124692  -  ResidentSetSize of job (KB)
...
006 (1739717.008.000) 08/29 09:50:37 Image size of job updated: 1196
	1  -  MemoryUsage of job (MB)
	148  -  ResidentSetSize of job (KB)
...
006 (1739717.016.000) 08/29 09:50:37 Image size of job updated: 2
	3  -  MemoryUsage of job (MB)
	2324  -  ResidentSetSize of job (KB)
...
006 (1739717.010.000) 08/29 09:50:37 Image size of job updated: 2
	3  -  MemoryUsage of job (MB)
	2324  -  ResidentSetSize of job (KB)
...
006 (1739717.017.000) 08/29 09:50:37 Image size of job updated: 2
	3  -  MemoryUsage of job (MB)
	2324  -  ResidentSetSize of job (KB)
...
006 (1739717.000.000) 08/29 09:51:16 Image size of job updated: 1320716
	1  -  MemoryUsage of job (MB)
	148  -  ResidentSetSize of job (KB)
...
005 (1739717.000.000) 08/29 09:51:16 Job terminated.
	(1) Normal termination (return value 0)
		Usr 0 00:00:34, Sys 0 00:00:00  -  Run Remote Usage
		Usr 0 00:00:00, Sys 0 00:00:00  -  Run Local Usage
		Usr 0 00:00:34, Sys 0 00:00:00  -  Total Remote Usage
		Usr 0 00:00:00, Sys 0 00:00:00  -  Total Local Usage
	0  -  Run Bytes Sent By Job
	0  -  Run Bytes Received By Job
	0  -  Total Bytes Sent By Job
	0  -  Total Bytes Received By Job
	Partitionable Resources :    Usage  Request Allocated
	   Cpus                 :                 1         1
	   Disk (KB)            :        2        2  18310934
	   Memory (MB)          :        1        1      2139
...
006 (1739717.005.000) 08/29 09:51:20 Image size of job updated: 1311684
	1  -  MemoryUsage of job (MB)
	148  -  ResidentSetSize of job (KB)
...
005 (1739717.005.000) 08/29 09:51:20 Job terminated.
	(1) Normal termination (return value 0)
		Usr 0 00:00:34, Sys 0 00:00:01  -  Run Remote Usage
		Usr 0 00:00:00, Sys 0 00:00:00  -  Run Local Usage
		Usr 0 00:00:34, Sys 0 00:00:01  -  Total Remote Usage
		Usr 0 00:00:00, Sys 0 00:00:00  -  Total Local Usage
	0  -  Run Bytes Sent By Job
	0  -  Run Bytes Received By Job
	0  -  Total Bytes Sent By Job
	0  -  Total Bytes Received By Job
	Partitionable Resources :    Usage  Request Allocated
	   Cpus                 :                 1         1
	   Disk (KB)            :        2        2  18310934
	   Memory (MB)          :        1        1      2139
...
006 (1739717.002.000) 08/29 09:54:28 Image size of job updated: 1301952
	1  -  MemoryUsage of job (MB)
	148  -  ResidentSetSize of job (KB)
...
005 (1739717.002.000) 08/29 09:54:28 Job terminated.
	(1) Normal termination (return value 0)
		Usr 0 00:00:25, Sys 0 00:00:00  -  Run Remote Usage
		Usr 0 00:00:00, Sys 0 00:00:00  -  Run Local Usage
		Usr 0 00:00:25, Sys 0 00:00:00  -  Total Remote Usage
		Usr 0 00:00:00, Sys 0 00:00:00  -  Total Local Usage
	0  -  Run Bytes Sent By Job
	0  -  Run Bytes Received By Job
	0  -  Total Bytes Sent By Job
	0  -  Total Bytes Received By Job
	Partitionable Resources :    Usage  Request Allocated
	   Cpus                 :                 1         1
	   Disk (KB)            :        2        2  18310934
	   Memory (MB)          :        1        1      2139
...
006 (1739717.011.000) 08/29 09:55:38 Image size of job updated: 1505136
	559  -  MemoryUsage of job (MB)
	571496  -  ResidentSetSize of job (KB)
...
006 (1739717.006.000) 08/29 09:55:38 Image size of job updated: 1203872
	145  -  MemoryUsage of job (MB)
	148152  -  ResidentSetSize of job (KB)
...
006 (1739717.007.000) 08/29 09:55:38 Image size of job updated: 1568160
	619  -  MemoryUsage of job (MB)
	633032  -  ResidentSetSize of job (KB)
...
006 (1739717.013.000) 08/29 09:55:38 Image size of job updated: 1299812
	328  -  MemoryUsage of job (MB)
	335320  -  ResidentSetSize of job (KB)
...
006 (1739717.012.000) 08/29 09:55:38 Image size of job updated: 1321204
	351  -  MemoryUsage of job (MB)
	358664  -  ResidentSetSize of job (KB)
...
006 (1739717.014.000) 08/29 09:55:38 Image size of job updated: 1308632
	334  -  MemoryUsage of job (MB)
	341540  -  ResidentSetSize of job (KB)
...
006 (1739717.004.000) 08/29 09:55:38 Image size of job updated: 1513560
	564  -  MemoryUsage of job (MB)
	577452  -  ResidentSetSize of job (KB)
...
006 (1739717.015.000) 08/29 09:55:38 Image size of job updated: 1230868
	256  -  MemoryUsage of job (MB)
	261988  -  ResidentSetSize of job (KB)
...
006 (1739717.016.000) 08/29 09:55:38 Image size of job updated: 1486824
	543  -  MemoryUsage of job (MB)
	555880  -  ResidentSetSize of job (KB)
...
006 (1739717.009.000) 08/29 09:55:38 Image size of job updated: 1208392
	236  -  MemoryUsage of job (MB)
	240976  -  ResidentSetSize of job (KB)
...
006 (1739717.008.000) 08/29 09:55:38 Image size of job updated: 1305520
	333  -  MemoryUsage of job (MB)
	340124  -  ResidentSetSize of job (KB)
...
006 (1739717.018.000) 08/29 09:55:38 Image size of job updated: 1525584
	579  -  MemoryUsage of job (MB)
	591908  -  ResidentSetSize of job (KB)
...
006 (1739717.010.000) 08/29 09:55:38 Image size of job updated: 1204012
	146  -  MemoryUsage of job (MB)
	148960  -  ResidentSetSize of job (KB)
...
006 (1739717.017.000) 08/29 09:55:38 Image size of job updated: 1203880
	145  -  MemoryUsage of job (MB)
	148136  -  ResidentSetSize of job (KB)
...
006 (1739717.001.000) 08/29 09:55:38 Image size of job updated: 1442556
	494  -  MemoryUsage of job (MB)
	504984  -  ResidentSetSize of job (KB)
...
006 (1739717.003.000) 08/29 09:55:38 Image size of job updated: 1307968
	337  -  MemoryUsage of job (MB)
	344264  -  ResidentSetSize of job (KB)
...
006 (1739717.009.000) 08/29 09:56:17 Image size of job updated: 1327540
	236  -  MemoryUsage of job (MB)
	240976  -  ResidentSetSize of job (KB)
...
005 (1739717.009.000) 08/29 09:56:17 Job terminated.
	(1) Normal termination (return value 0)
		Usr 0 00:00:36, Sys 0 00:00:00  -  Run Remote Usage
		Usr 0 00:00:00, Sys 0 00:00:00  -  Run Local Usage
		Usr 0 00:00:36, Sys 0 00:00:00  -  Total Remote Usage
		Usr 0 00:00:00, Sys 0 00:00:00  -  Total Local Usage
	0  -  Run Bytes Sent By Job
	0  -  Run Bytes Received By Job
	0  -  Total Bytes Sent By Job
	0  -  Total Bytes Received By Job
	Partitionable Resources :    Usage  Request Allocated
	   Cpus                 :                 1         1
	   Disk (KB)            :        2        2  18310934
	   Memory (MB)          :      236        1      2139
...
006 (1739717.007.000) 08/29 09:56:19 Image size of job updated: 1647028
	619  -  MemoryUsage of job (MB)
	633032  -  ResidentSetSize of job (KB)
...
005 (1739717.007.000) 08/29 09:56:19 Job terminated.
	(1) Normal termination (return value 0)
		Usr 0 00:03:26, Sys 0 00:00:06  -  Run Remote Usage
		Usr 0 00:00:00, Sys 0 00:00:00  -  Run Local Usage
		Usr 0 00:03:26, Sys 0 00:00:06  -  Total Remote Usage
		Usr 0 00:00:00, Sys 0 00:00:00  -  Total Local Usage
	0  -  Run Bytes Sent By Job
	0  -  Run Bytes Received By Job
	0  -  Total Bytes Sent By Job
	0  -  Total Bytes Received By Job
	Partitionable Resources :    Usage  Request Allocated
	   Cpus                 :                 1         1
	   Disk (KB)            :        2        2  18310934
	   Memory (MB)          :      619        1      2139
...
006 (1739717.011.000) 08/29 10:00:38 Image size of job updated: 2026004
	1071  -  MemoryUsage of job (MB)
	1095744  -  ResidentSetSize of job (KB)
...
006 (1739717.006.000) 08/29 10:00:38 Image size of job updated: 1729780
	777  -  MemoryUsage of job (MB)
	795032  -  ResidentSetSize of job (KB)
...
006 (1739717.013.000) 08/29 10:00:38 Image size of job updated: 1782512
	835  -  MemoryUsage of job (MB)
	854308  -  ResidentSetSize of job (KB)
...
006 (1739717.014.000) 08/29 10:00:38 Image size of job updated: 1791440
	840  -  MemoryUsage of job (MB)
	859980  -  ResidentSetSize of job (KB)
...
006 (1739717.012.000) 08/29 10:00:38 Image size of job updated: 1798908
	848  -  MemoryUsage of job (MB)
	867996  -  ResidentSetSize of job (KB)
...
006 (1739717.004.000) 08/29 10:00:38 Image size of job updated: 2072668
	1115  -  MemoryUsage of job (MB)
	1140752  -  ResidentSetSize of job (KB)
...
006 (1739717.015.000) 08/29 10:00:38 Image size of job updated: 1882756
	928  -  MemoryUsage of job (MB)
	949532  -  ResidentSetSize of job (KB)
...
006 (1739717.016.000) 08/29 10:00:38 Image size of job updated: 1920900
	968  -  MemoryUsage of job (MB)
	990616  -  ResidentSetSize of job (KB)
...
006 (1739717.008.000) 08/29 10:00:38 Image size of job updated: 1778904
	829  -  MemoryUsage of job (MB)
	848752  -  ResidentSetSize of job (KB)
...
006 (1739717.018.000) 08/29 10:00:38 Image size of job updated: 2074392
	1115  -  MemoryUsage of job (MB)
	1140748  -  ResidentSetSize of job (KB)
...
006 (1739717.017.000) 08/29 10:00:38 Image size of job updated: 1738976
	792  -  MemoryUsage of job (MB)
	810220  -  ResidentSetSize of job (KB)
...
006 (1739717.010.000) 08/29 10:00:38 Image size of job updated: 1735992
	787  -  MemoryUsage of job (MB)
	805712  -  ResidentSetSize of job (KB)
...
006 (1739717.001.000) 08/29 10:00:39 Image size of job updated: 1889132
	933  -  MemoryUsage of job (MB)
	954832  -  ResidentSetSize of job (KB)
...
006 (1739717.003.000) 08/29 10:00:39 Image size of job updated: 1788436
	836  -  MemoryUsage of job (MB)
	855516  -  ResidentSetSize of job (KB)
...
006 (1739717.004.000) 08/29 10:01:17 Image size of job updated: 2130452
	1115  -  MemoryUsage of job (MB)
	1140752  -  ResidentSetSize of job (KB)
...
005 (1739717.004.000) 08/29 10:01:17 Job terminated.
	(1) Normal termination (return value 0)
		Usr 0 00:07:27, Sys 0 00:00:06  -  Run Remote Usage
		Usr 0 00:00:00, Sys 0 00:00:00  -  Run Local Usage
		Usr 0 00:07:27, Sys 0 00:00:06  -  Total Remote Usage
		Usr 0 00:00:00, Sys 0 00:00:00  -  Total Local Usage
	0  -  Run Bytes Sent By Job
	0  -  Run Bytes Received By Job
	0  -  Total Bytes Sent By Job
	0  -  Total Bytes Received By Job
	Partitionable Resources :    Usage  Request Allocated
	   Cpus                 :                 1         1
	   Disk (KB)            :        2        2  18310934
	   Memory (MB)          :     1115        1      2139
...
006 (1739717.018.000) 08/29 10:01:19 Image size of job updated: 2130780
	1115  -  MemoryUsage of job (MB)
	1140748  -  ResidentSetSize of job (KB)
...
005 (1739717.018.000) 08/29 10:01:19 Job terminated.
	(1) Normal termination (return value 0)
		Usr 0 00:07:32, Sys 0 00:00:07  -  Run Remote Usage
		Usr 0 00:00:00, Sys 0 00:00:00  -  Run Local Usage
		Usr 0 00:07:32, Sys 0 00:00:07  -  Total Remote Usage
		Usr 0 00:00:00, Sys 0 00:00:00  -  Total Local Usage
	0  -  Run Bytes Sent By Job
	0  -  Run Bytes Received By Job
	0  -  Total Bytes Sent By Job
	0  -  Total Bytes Received By Job
	Partitionable Resources :    Usage  Request Allocated
	   Cpus                 :                 1         1
	   Disk (KB)            :        2        2  18310934
	   Memory (MB)          :     1115        1      2139
...
006 (1739717.011.000) 08/29 10:01:45 Image size of job updated: 2133472
	1071  -  MemoryUsage of job (MB)
	1095744  -  ResidentSetSize of job (KB)
...
005 (1739717.011.000) 08/29 10:01:45 Job terminated.
	(1) Normal termination (return value 0)
		Usr 0 00:07:55, Sys 0 00:00:06  -  Run Remote Usage
		Usr 0 00:00:00, Sys 0 00:00:00  -  Run Local Usage
		Usr 0 00:07:55, Sys 0 00:00:06  -  Total Remote Usage
		Usr 0 00:00:00, Sys 0 00:00:00  -  Total Local Usage
	0  -  Run Bytes Sent By Job
	0  -  Run Bytes Received By Job
	0  -  Total Bytes Sent By Job
	0  -  Total Bytes Received By Job
	Partitionable Resources :    Usage  Request Allocated
	   Cpus                 :                 1         1
	   Disk (KB)            :        2        2  18310934
	   Memory (MB)          :     1071        1      2139
...
006 (1739717.015.000) 08/29 10:03:07 Image size of job updated: 2152340
	928  -  MemoryUsage of job (MB)
	949532  -  ResidentSetSize of job (KB)
...
005 (1739717.015.000) 08/29 10:03:07 Job terminated.
	(1) Normal termination (return value 0)
		Usr 0 00:07:36, Sys 0 00:00:05  -  Run Remote Usage
		Usr 0 00:00:00, Sys 0 00:00:00  -  Run Local Usage
		Usr 0 00:07:36, Sys 0 00:00:05  -  Total Remote Usage
		Usr 0 00:00:00, Sys 0 00:00:00  -  Total Local Usage
	0  -  Run Bytes Sent By Job
	0  -  Run Bytes Received By Job
	0  -  Total Bytes Sent By Job
	0  -  Total Bytes Received By Job
	Partitionable Resources :    Usage  Request Allocated
	   Cpus                 :                 1         1
	   Disk (KB)            :        2        2  18310934
	   Memory (MB)          :      928        1      2139
...
006 (1739717.016.000) 08/29 10:03:17 Image size of job updated: 2158836
	968  -  MemoryUsage of job (MB)
	990616  -  ResidentSetSize of job (KB)
...
005 (1739717.016.000) 08/29 10:03:17 Job terminated.
	(1) Normal termination (return value 0)
		Usr 0 00:09:34, Sys 0 00:00:07  -  Run Remote Usage
		Usr 0 00:00:00, Sys 0 00:00:00  -  Run Local Usage
		Usr 0 00:09:34, Sys 0 00:00:07  -  Total Remote Usage
		Usr 0 00:00:00, Sys 0 00:00:00  -  Total Local Usage
	0  -  Run Bytes Sent By Job
	0  -  Run Bytes Received By Job
	0  -  Total Bytes Sent By Job
	0  -  Total Bytes Received By Job
	Partitionable Resources :    Usage  Request Allocated
	   Cpus                 :                 1         1
	   Disk (KB)            :        2        2  18310934
	   Memory (MB)          :      968        1      2139
...
006 (1739717.001.000) 08/29 10:03:32 Image size of job updated: 2157100
	933  -  MemoryUsage of job (MB)
	954832  -  ResidentSetSize of job (KB)
...
005 (1739717.001.000) 08/29 10:03:32 Job terminated.
	(1) Normal termination (return value 0)
		Usr 0 00:09:11, Sys 0 00:00:07  -  Run Remote Usage
		Usr 0 00:00:00, Sys 0 00:00:00  -  Run Local Usage
		Usr 0 00:09:11, Sys 0 00:00:07  -  Total Remote Usage
		Usr 0 00:00:00, Sys 0 00:00:00  -  Total Local Usage
	0  -  Run Bytes Sent By Job
	0  -  Run Bytes Received By Job
	0  -  Total Bytes Sent By Job
	0  -  Total Bytes Received By Job
	Partitionable Resources :    Usage  Request Allocated
	   Cpus                 :                 1         1
	   Disk (KB)            :        2        2  18310934
	   Memory (MB)          :      933        1      2139
...
006 (1739717.014.000) 08/29 10:04:25 Image size of job updated: 2141352
	840  -  MemoryUsage of job (MB)
	859980  -  ResidentSetSize of job (KB)
...
005 (1739717.014.000) 08/29 10:04:25 Job terminated.
	(1) Normal termination (return value 0)
		Usr 0 00:08:54, Sys 0 00:00:07  -  Run Remote Usage
		Usr 0 00:00:00, Sys 0 00:00:00  -  Run Local Usage
		Usr 0 00:08:54, Sys 0 00:00:07  -  Total Remote Usage
		Usr 0 00:00:00, Sys 0 00:00:00  -  Total Local Usage
	0  -  Run Bytes Sent By Job
	0  -  Run Bytes Received By Job
	0  -  Total Bytes Sent By Job
	0  -  Total Bytes Received By Job
	Partitionable Resources :    Usage  Request Allocated
	   Cpus                 :                 1         1
	   Disk (KB)            :        2        2  18310934
	   Memory (MB)          :      840        1      2139
...
006 (1739717.012.000) 08/29 10:04:34 Image size of job updated: 2155620
	848  -  MemoryUsage of job (MB)
	867996  -  ResidentSetSize of job (KB)
...
005 (1739717.012.000) 08/29 10:04:34 Job terminated.
	(1) Normal termination (return value 0)
		Usr 0 00:09:12, Sys 0 00:00:06  -  Run Remote Usage
		Usr 0 00:00:00, Sys 0 00:00:00  -  Run Local Usage
		Usr 0 00:09:12, Sys 0 00:00:06  -  Total Remote Usage
		Usr 0 00:00:00, Sys 0 00:00:00  -  Total Local Usage
	0  -  Run Bytes Sent By Job
	0  -  Run Bytes Received By Job
	0  -  Total Bytes Sent By Job
	0  -  Total Bytes Received By Job
	Partitionable Resources :    Usage  Request Allocated
	   Cpus                 :                 1         1
	   Disk (KB)            :        2        2  18310934
	   Memory (MB)          :      848        1      2139
...
006 (1739717.003.000) 08/29 10:04:42 Image size of job updated: 2138320
	836  -  MemoryUsage of job (MB)
	855516  -  ResidentSetSize of job (KB)
...
005 (1739717.003.000) 08/29 10:04:42 Job terminated.
	(1) Normal termination (return value 0)
		Usr 0 00:09:23, Sys 0 00:00:08  -  Run Remote Usage
		Usr 0 00:00:00, Sys 0 00:00:00  -  Run Local Usage
		Usr 0 00:09:23, Sys 0 00:00:08  -  Total Remote Usage
		Usr 0 00:00:00, Sys 0 00:00:00  -  Total Local Usage
	0  -  Run Bytes Sent By Job
	0  -  Run Bytes Received By Job
	0  -  Total Bytes Sent By Job
	0  -  Total Bytes Received By Job
	Partitionable Resources :    Usage  Request Allocated
	   Cpus                 :                 1         1
	   Disk (KB)            :        2        2  18310934
	   Memory (MB)          :      836        1      2139
...
006 (1739717.013.000) 08/29 10:04:43 Image size of job updated: 2141172
	835  -  MemoryUsage of job (MB)
	854308  -  ResidentSetSize of job (KB)
...
005 (1739717.013.000) 08/29 10:04:43 Job terminated.
	(1) Normal termination (return value 0)
		Usr 0 00:09:09, Sys 0 00:00:06  -  Run Remote Usage
		Usr 0 00:00:00, Sys 0 00:00:00  -  Run Local Usage
		Usr 0 00:09:09, Sys 0 00:00:06  -  Total Remote Usage
		Usr 0 00:00:00, Sys 0 00:00:00  -  Total Local Usage
	0  -  Run Bytes Sent By Job
	0  -  Run Bytes Received By Job
	0  -  Total Bytes Sent By Job
	0  -  Total Bytes Received By Job
	Partitionable Resources :    Usage  Request Allocated
	   Cpus                 :                 1         1
	   Disk (KB)            :        2        2  18310934
	   Memory (MB)          :      835        1      2139
...
006 (1739717.008.000) 08/29 10:04:47 Image size of job updated: 2134564
	829  -  MemoryUsage of job (MB)
	848752  -  ResidentSetSize of job (KB)
...
005 (1739717.008.000) 08/29 10:04:47 Job terminated.
	(1) Normal termination (return value 0)
		Usr 0 00:09:24, Sys 0 00:00:06  -  Run Remote Usage
		Usr 0 00:00:00, Sys 0 00:00:00  -  Run Local Usage
		Usr 0 00:09:24, Sys 0 00:00:06  -  Total Remote Usage
		Usr 0 00:00:00, Sys 0 00:00:00  -  Total Local Usage
	0  -  Run Bytes Sent By Job
	0  -  Run Bytes Received By Job
	0  -  Total Bytes Sent By Job
	0  -  Total Bytes Received By Job
	Partitionable Resources :    Usage  Request Allocated
	   Cpus                 :                 1         1
	   Disk (KB)            :        2        2  18310934
	   Memory (MB)          :      829        1      2139
...
006 (1739717.017.000) 08/29 10:05:03 Image size of job updated: 2155628
	792  -  MemoryUsage of job (MB)
	810220  -  ResidentSetSize of job (KB)
...
005 (1739717.017.000) 08/29 10:05:03 Job terminated.
	(1) Normal termination (return value 0)
		Usr 0 00:09:00, Sys 0 00:00:07  -  Run Remote Usage
		Usr 0 00:00:00, Sys 0 00:00:00  -  Run Local Usage
		Usr 0 00:09:00, Sys 0 00:00:07  -  Total Remote Usage
		Usr 0 00:00:00, Sys 0 00:00:00  -  Total Local Usage
	0  -  Run Bytes Sent By Job
	0  -  Run Bytes Received By Job
	0  -  Total Bytes Sent By Job
	0  -  Total Bytes Received By Job
	Partitionable Resources :    Usage  Request Allocated
	   Cpus                 :                 1         1
	   Disk (KB)            :        2        2  18310934
	   Memory (MB)          :      792        1      2139
...
006 (1739717.010.000) 08/29 10:05:12 Image size of job updated: 2140532
	787  -  MemoryUsage of job (MB)
	805712  -  ResidentSetSize of job (KB)
...
005 (1739717.010.000) 08/29 10:05:12 Job terminated.
	(1) Normal termination (return value 0)
		Usr 0 00:09:03, Sys 0 00:00:05  -  Run Remote Usage
		Usr 0 00:00:00, Sys 0 00:00:00  -  Run Local Usage
		Usr 0 00:09:03, Sys 0 00:00:05  -  Total Remote Usage
		Usr 0 00:00:00, Sys 0 00:00:00  -  Total Local Usage
	0  -  Run Bytes Sent By Job
	0  -  Run Bytes Received By Job
	0  -  Total Bytes Sent By Job
	0  -  Total Bytes Received By Job
	Partitionable Resources :    Usage  Request Allocated
	   Cpus                 :                 1         1
	   Disk (KB)            :        2        2  18310934
	   Memory (MB)          :      787        1      2139
...
006 (1739717.006.000) 08/29 10:05:24 Image size of job updated: 2146096
	777  -  MemoryUsage of job (MB)
	795032  -  ResidentSetSize of job (KB)
...
005 (1739717.006.000) 08/29 10:05:24 Job terminated.
	(1) Normal termination (return value 0)
		Usr 0 00:09:15, Sys 0 00:00:07  -  Run Remote Usage
		Usr 0 00:00:00, Sys 0 00:00:00  -  Run Local Usage
		Usr 0 00:09:15, Sys 0 00:00:07  -  Total Remote Usage
		Usr 0 00:00:00, Sys 0 00:00:00  -  Total Local Usage
	0  -  Run Bytes Sent By Job
	0  -  Run Bytes Received By Job
	0  -  Total Bytes Sent By Job
	0  -  Total Bytes Received By Job
	Partitionable Resources :    Usage  Request Allocated
	   Cpus                 :                 1         1
	   Disk (KB)            :        2        2  18310934
	   Memory (MB)          :      777        1      2139
...
