000 (1739714.000.000) 08/29 09:25:03 Job submitted from host: <128.91.77.183:9766?addrs=128.91.77.183-9766>
...
000 (1739714.001.000) 08/29 09:25:03 Job submitted from host: <128.91.77.183:9766?addrs=128.91.77.183-9766>
...
000 (1739714.002.000) 08/29 09:25:03 Job submitted from host: <128.91.77.183:9766?addrs=128.91.77.183-9766>
...
001 (1739714.000.000) 08/29 09:28:56 Job executing on host: <192.168.64.191:9442>
...
001 (1739714.001.000) 08/29 09:28:56 Job executing on host: <192.168.64.187:9226>
...
001 (1739714.002.000) 08/29 09:28:56 Job executing on host: <192.168.64.198:9568>
...
006 (1739714.000.000) 08/29 09:29:04 Image size of job updated: 1020936
	155  -  MemoryUsage of job (MB)
	157844  -  ResidentSetSize of job (KB)
...
006 (1739714.001.000) 08/29 09:29:04 Image size of job updated: 956992
	132  -  MemoryUsage of job (MB)
	134936  -  ResidentSetSize of job (KB)
...
006 (1739714.002.000) 08/29 09:29:05 Image size of job updated: 1089000
	231  -  MemoryUsage of job (MB)
	236060  -  ResidentSetSize of job (KB)
...
006 (1739714.001.000) 08/29 09:29:47 Image size of job updated: 1289920
	132  -  MemoryUsage of job (MB)
	134936  -  ResidentSetSize of job (KB)
...
005 (1739714.001.000) 08/29 09:29:47 Job terminated.
	(1) Normal termination (return value 0)
		Usr 0 00:00:16, Sys 0 00:00:01  -  Run Remote Usage
		Usr 0 00:00:00, Sys 0 00:00:00  -  Run Local Usage
		Usr 0 00:00:16, Sys 0 00:00:01  -  Total Remote Usage
		Usr 0 00:00:00, Sys 0 00:00:00  -  Total Local Usage
	0  -  Run Bytes Sent By Job
	0  -  Run Bytes Received By Job
	0  -  Total Bytes Sent By Job
	0  -  Total Bytes Received By Job
	Partitionable Resources :    Usage  Request Allocated
	   Cpus                 :                 1         1
	   Disk (KB)            :        2        2  18310934
	   Memory (MB)          :      132        1      2139
...
006 (1739714.000.000) 08/29 09:29:55 Image size of job updated: 1203740
	155  -  MemoryUsage of job (MB)
	157844  -  ResidentSetSize of job (KB)
...
005 (1739714.000.000) 08/29 09:29:55 Job terminated.
	(1) Normal termination (return value 0)
		Usr 0 00:00:03, Sys 0 00:00:00  -  Run Remote Usage
		Usr 0 00:00:00, Sys 0 00:00:00  -  Run Local Usage
		Usr 0 00:00:03, Sys 0 00:00:00  -  Total Remote Usage
		Usr 0 00:00:00, Sys 0 00:00:00  -  Total Local Usage
	0  -  Run Bytes Sent By Job
	0  -  Run Bytes Received By Job
	0  -  Total Bytes Sent By Job
	0  -  Total Bytes Received By Job
	Partitionable Resources :    Usage  Request Allocated
	   Cpus                 :                 1         1
	   Disk (KB)            :        2        2  18121186
	   Memory (MB)          :      155        1      2139
...
006 (1739714.002.000) 08/29 09:30:04 Image size of job updated: 1249320
	231  -  MemoryUsage of job (MB)
	236060  -  ResidentSetSize of job (KB)
...
005 (1739714.002.000) 08/29 09:30:04 Job terminated.
	(1) Normal termination (return value 0)
		Usr 0 00:00:09, Sys 0 00:00:00  -  Run Remote Usage
		Usr 0 00:00:00, Sys 0 00:00:00  -  Run Local Usage
		Usr 0 00:00:09, Sys 0 00:00:00  -  Total Remote Usage
		Usr 0 00:00:00, Sys 0 00:00:00  -  Total Local Usage
	0  -  Run Bytes Sent By Job
	0  -  Run Bytes Received By Job
	0  -  Total Bytes Sent By Job
	0  -  Total Bytes Received By Job
	Partitionable Resources :    Usage  Request Allocated
	   Cpus                 :                 1         1
	   Disk (KB)            :        2        2  18310928
	   Memory (MB)          :      231        1      2139
...
