000 (1739703.000.000) 08/29 09:20:38 Job submitted from host: <128.91.77.183:9766?addrs=128.91.77.183-9766>
...
000 (1739703.001.000) 08/29 09:20:38 Job submitted from host: <128.91.77.183:9766?addrs=128.91.77.183-9766>
...
000 (1739703.002.000) 08/29 09:20:38 Job submitted from host: <128.91.77.183:9766?addrs=128.91.77.183-9766>
...
000 (1739703.003.000) 08/29 09:20:38 Job submitted from host: <128.91.77.183:9766?addrs=128.91.77.183-9766>
...
000 (1739703.004.000) 08/29 09:20:38 Job submitted from host: <128.91.77.183:9766?addrs=128.91.77.183-9766>
...
000 (1739703.005.000) 08/29 09:20:38 Job submitted from host: <128.91.77.183:9766?addrs=128.91.77.183-9766>
...
000 (1739703.006.000) 08/29 09:20:38 Job submitted from host: <128.91.77.183:9766?addrs=128.91.77.183-9766>
...
000 (1739703.007.000) 08/29 09:20:38 Job submitted from host: <128.91.77.183:9766?addrs=128.91.77.183-9766>
...
000 (1739703.008.000) 08/29 09:20:38 Job submitted from host: <128.91.77.183:9766?addrs=128.91.77.183-9766>
...
000 (1739703.009.000) 08/29 09:20:38 Job submitted from host: <128.91.77.183:9766?addrs=128.91.77.183-9766>
...
000 (1739703.010.000) 08/29 09:20:38 Job submitted from host: <128.91.77.183:9766?addrs=128.91.77.183-9766>
...
000 (1739703.011.000) 08/29 09:20:38 Job submitted from host: <128.91.77.183:9766?addrs=128.91.77.183-9766>
...
001 (1739703.000.000) 08/29 09:28:35 Job executing on host: <192.168.64.192:9840>
...
001 (1739703.001.000) 08/29 09:28:35 Job executing on host: <192.168.64.198:9568>
...
001 (1739703.003.000) 08/29 09:28:35 Job executing on host: <192.168.64.187:9226>
...
001 (1739703.002.000) 08/29 09:28:35 Job executing on host: <192.168.64.194:9974>
...
001 (1739703.004.000) 08/29 09:28:35 Job executing on host: <192.168.64.194:9974>
...
001 (1739703.005.000) 08/29 09:28:36 Job executing on host: <192.168.64.187:9226>
...
001 (1739703.006.000) 08/29 09:28:36 Job executing on host: <192.168.64.191:9442>
...
001 (1739703.007.000) 08/29 09:28:36 Job executing on host: <192.168.64.198:9568>
...
001 (1739703.008.000) 08/29 09:28:36 Job executing on host: <192.168.64.198:9568>
...
001 (1739703.009.000) 08/29 09:28:36 Job executing on host: <192.168.64.198:9568>
...
001 (1739703.010.000) 08/29 09:28:36 Job executing on host: <192.168.64.187:9226>
...
001 (1739703.011.000) 08/29 09:28:36 Job executing on host: <192.168.64.200:9474>
...
006 (1739703.000.000) 08/29 09:28:43 Image size of job updated: 585884
	87  -  MemoryUsage of job (MB)
	88504  -  ResidentSetSize of job (KB)
...
006 (1739703.001.000) 08/29 09:28:43 Image size of job updated: 688252
	85  -  MemoryUsage of job (MB)
	86036  -  ResidentSetSize of job (KB)
...
006 (1739703.003.000) 08/29 09:28:43 Image size of job updated: 568456
	65  -  MemoryUsage of job (MB)
	66468  -  ResidentSetSize of job (KB)
...
006 (1739703.002.000) 08/29 09:28:43 Image size of job updated: 1011136
	117  -  MemoryUsage of job (MB)
	119048  -  ResidentSetSize of job (KB)
...
006 (1739703.005.000) 08/29 09:28:44 Image size of job updated: 753932
	27  -  MemoryUsage of job (MB)
	26896  -  ResidentSetSize of job (KB)
...
006 (1739703.006.000) 08/29 09:28:44 Image size of job updated: 1024416
	110  -  MemoryUsage of job (MB)
	112604  -  ResidentSetSize of job (KB)
...
006 (1739703.007.000) 08/29 09:28:44 Image size of job updated: 1203700
	224  -  MemoryUsage of job (MB)
	229312  -  ResidentSetSize of job (KB)
...
006 (1739703.004.000) 08/29 09:28:44 Image size of job updated: 1042384
	182  -  MemoryUsage of job (MB)
	186216  -  ResidentSetSize of job (KB)
...
006 (1739703.011.000) 08/29 09:28:45 Image size of job updated: 1044204
	138  -  MemoryUsage of job (MB)
	140784  -  ResidentSetSize of job (KB)
...
006 (1739703.010.000) 08/29 09:28:45 Image size of job updated: 2
	3  -  MemoryUsage of job (MB)
	2328  -  ResidentSetSize of job (KB)
...
006 (1739703.008.000) 08/29 09:28:45 Image size of job updated: 1203724
	229  -  MemoryUsage of job (MB)
	234332  -  ResidentSetSize of job (KB)
...
006 (1739703.009.000) 08/29 09:28:45 Image size of job updated: 1203700
	227  -  MemoryUsage of job (MB)
	232000  -  ResidentSetSize of job (KB)
...
006 (1739703.008.000) 08/29 09:29:02 Image size of job updated: 1287404
	229  -  MemoryUsage of job (MB)
	234332  -  ResidentSetSize of job (KB)
...
005 (1739703.008.000) 08/29 09:29:02 Job terminated.
	(1) Normal termination (return value 0)
		Usr 0 00:00:16, Sys 0 00:00:00  -  Run Remote Usage
		Usr 0 00:00:00, Sys 0 00:00:00  -  Run Local Usage
		Usr 0 00:00:16, Sys 0 00:00:00  -  Total Remote Usage
		Usr 0 00:00:00, Sys 0 00:00:00  -  Total Local Usage
	0  -  Run Bytes Sent By Job
	0  -  Run Bytes Received By Job
	0  -  Total Bytes Sent By Job
	0  -  Total Bytes Received By Job
	Partitionable Resources :    Usage  Request Allocated
	   Cpus                 :                 1         1
	   Disk (KB)            :        2        2  18310934
	   Memory (MB)          :      229        1      2139
...
006 (1739703.004.000) 08/29 09:29:13 Image size of job updated: 1282408
	182  -  MemoryUsage of job (MB)
	186216  -  ResidentSetSize of job (KB)
...
005 (1739703.004.000) 08/29 09:29:13 Job terminated.
	(1) Normal termination (return value 0)
		Usr 0 00:00:15, Sys 0 00:00:00  -  Run Remote Usage
		Usr 0 00:00:00, Sys 0 00:00:00  -  Run Local Usage
		Usr 0 00:00:15, Sys 0 00:00:00  -  Total Remote Usage
		Usr 0 00:00:00, Sys 0 00:00:00  -  Total Local Usage
	0  -  Run Bytes Sent By Job
	0  -  Run Bytes Received By Job
	0  -  Total Bytes Sent By Job
	0  -  Total Bytes Received By Job
	Partitionable Resources :    Usage  Request Allocated
	   Cpus                 :                 1         1
	   Disk (KB)            :        2        2  18310934
	   Memory (MB)          :      182        1      2139
...
006 (1739703.003.000) 08/29 09:29:16 Image size of job updated: 1292064
	65  -  MemoryUsage of job (MB)
	66468  -  ResidentSetSize of job (KB)
...
005 (1739703.003.000) 08/29 09:29:16 Job terminated.
	(1) Normal termination (return value 0)
		Usr 0 00:00:21, Sys 0 00:00:00  -  Run Remote Usage
		Usr 0 00:00:00, Sys 0 00:00:00  -  Run Local Usage
		Usr 0 00:00:21, Sys 0 00:00:00  -  Total Remote Usage
		Usr 0 00:00:00, Sys 0 00:00:00  -  Total Local Usage
	0  -  Run Bytes Sent By Job
	0  -  Run Bytes Received By Job
	0  -  Total Bytes Sent By Job
	0  -  Total Bytes Received By Job
	Partitionable Resources :    Usage  Request Allocated
	   Cpus                 :                 1         1
	   Disk (KB)            :        2        2  18310934
	   Memory (MB)          :       65        1      2139
...
006 (1739703.011.000) 08/29 09:29:26 Image size of job updated: 1317920
	138  -  MemoryUsage of job (MB)
	140784  -  ResidentSetSize of job (KB)
...
005 (1739703.011.000) 08/29 09:29:26 Job terminated.
	(1) Normal termination (return value 0)
		Usr 0 00:00:31, Sys 0 00:00:01  -  Run Remote Usage
		Usr 0 00:00:00, Sys 0 00:00:00  -  Run Local Usage
		Usr 0 00:00:31, Sys 0 00:00:01  -  Total Remote Usage
		Usr 0 00:00:00, Sys 0 00:00:00  -  Total Local Usage
	0  -  Run Bytes Sent By Job
	0  -  Run Bytes Received By Job
	0  -  Total Bytes Sent By Job
	0  -  Total Bytes Received By Job
	Partitionable Resources :    Usage  Request Allocated
	   Cpus                 :                 1         1
	   Disk (KB)            :        2        2  18310934
	   Memory (MB)          :      138        1      2139
...
006 (1739703.010.000) 08/29 09:29:32 Image size of job updated: 1300556
	3  -  MemoryUsage of job (MB)
	2328  -  ResidentSetSize of job (KB)
...
005 (1739703.010.000) 08/29 09:29:32 Job terminated.
	(1) Normal termination (return value 0)
		Usr 0 00:00:26, Sys 0 00:00:00  -  Run Remote Usage
		Usr 0 00:00:00, Sys 0 00:00:00  -  Run Local Usage
		Usr 0 00:00:26, Sys 0 00:00:00  -  Total Remote Usage
		Usr 0 00:00:00, Sys 0 00:00:00  -  Total Local Usage
	0  -  Run Bytes Sent By Job
	0  -  Run Bytes Received By Job
	0  -  Total Bytes Sent By Job
	0  -  Total Bytes Received By Job
	Partitionable Resources :    Usage  Request Allocated
	   Cpus                 :                 1         1
	   Disk (KB)            :        2        2  18310934
	   Memory (MB)          :        3        1      2139
...
006 (1739703.002.000) 08/29 09:29:36 Image size of job updated: 1312256
	117  -  MemoryUsage of job (MB)
	119048  -  ResidentSetSize of job (KB)
...
005 (1739703.002.000) 08/29 09:29:36 Job terminated.
	(1) Normal termination (return value 0)
		Usr 0 00:00:34, Sys 0 00:00:00  -  Run Remote Usage
		Usr 0 00:00:00, Sys 0 00:00:00  -  Run Local Usage
		Usr 0 00:00:34, Sys 0 00:00:00  -  Total Remote Usage
		Usr 0 00:00:00, Sys 0 00:00:00  -  Total Local Usage
	0  -  Run Bytes Sent By Job
	0  -  Run Bytes Received By Job
	0  -  Total Bytes Sent By Job
	0  -  Total Bytes Received By Job
	Partitionable Resources :    Usage  Request Allocated
	   Cpus                 :                 1         1
	   Disk (KB)            :        2        2  18310934
	   Memory (MB)          :      117        1      2139
...
006 (1739703.005.000) 08/29 09:29:41 Image size of job updated: 1318928
	27  -  MemoryUsage of job (MB)
	26896  -  ResidentSetSize of job (KB)
...
005 (1739703.005.000) 08/29 09:29:41 Job terminated.
	(1) Normal termination (return value 0)
		Usr 0 00:00:38, Sys 0 00:00:01  -  Run Remote Usage
		Usr 0 00:00:00, Sys 0 00:00:00  -  Run Local Usage
		Usr 0 00:00:38, Sys 0 00:00:01  -  Total Remote Usage
		Usr 0 00:00:00, Sys 0 00:00:00  -  Total Local Usage
	0  -  Run Bytes Sent By Job
	0  -  Run Bytes Received By Job
	0  -  Total Bytes Sent By Job
	0  -  Total Bytes Received By Job
	Partitionable Resources :    Usage  Request Allocated
	   Cpus                 :                 1         1
	   Disk (KB)            :        2        2  18310934
	   Memory (MB)          :       27        1      2139
...
006 (1739703.000.000) 08/29 09:29:45 Image size of job updated: 1332792
	87  -  MemoryUsage of job (MB)
	88504  -  ResidentSetSize of job (KB)
...
005 (1739703.000.000) 08/29 09:29:45 Job terminated.
	(1) Normal termination (return value 0)
		Usr 0 00:00:48, Sys 0 00:00:01  -  Run Remote Usage
		Usr 0 00:00:00, Sys 0 00:00:00  -  Run Local Usage
		Usr 0 00:00:48, Sys 0 00:00:01  -  Total Remote Usage
		Usr 0 00:00:00, Sys 0 00:00:00  -  Total Local Usage
	0  -  Run Bytes Sent By Job
	0  -  Run Bytes Received By Job
	0  -  Total Bytes Sent By Job
	0  -  Total Bytes Received By Job
	Partitionable Resources :    Usage  Request Allocated
	   Cpus                 :                 1         1
	   Disk (KB)            :        2        2  18310934
	   Memory (MB)          :       87        1      2139
...
006 (1739703.001.000) 08/29 09:30:12 Image size of job updated: 1366244
	85  -  MemoryUsage of job (MB)
	86036  -  ResidentSetSize of job (KB)
...
005 (1739703.001.000) 08/29 09:30:12 Job terminated.
	(1) Normal termination (return value 0)
		Usr 0 00:00:57, Sys 0 00:00:00  -  Run Remote Usage
		Usr 0 00:00:00, Sys 0 00:00:00  -  Run Local Usage
		Usr 0 00:00:57, Sys 0 00:00:00  -  Total Remote Usage
		Usr 0 00:00:00, Sys 0 00:00:00  -  Total Local Usage
	0  -  Run Bytes Sent By Job
	0  -  Run Bytes Received By Job
	0  -  Total Bytes Sent By Job
	0  -  Total Bytes Received By Job
	Partitionable Resources :    Usage  Request Allocated
	   Cpus                 :                 1         1
	   Disk (KB)            :        2        2  18310934
	   Memory (MB)          :       85        1      2139
...
006 (1739703.007.000) 08/29 09:30:34 Image size of job updated: 1366396
	224  -  MemoryUsage of job (MB)
	229312  -  ResidentSetSize of job (KB)
...
005 (1739703.007.000) 08/29 09:30:34 Job terminated.
	(1) Normal termination (return value 0)
		Usr 0 00:00:57, Sys 0 00:00:00  -  Run Remote Usage
		Usr 0 00:00:00, Sys 0 00:00:00  -  Run Local Usage
		Usr 0 00:00:57, Sys 0 00:00:00  -  Total Remote Usage
		Usr 0 00:00:00, Sys 0 00:00:00  -  Total Local Usage
	0  -  Run Bytes Sent By Job
	0  -  Run Bytes Received By Job
	0  -  Total Bytes Sent By Job
	0  -  Total Bytes Received By Job
	Partitionable Resources :    Usage  Request Allocated
	   Cpus                 :                 1         1
	   Disk (KB)            :        2        2  18310934
	   Memory (MB)          :      224        1      2139
...
006 (1739703.009.000) 08/29 09:30:36 Image size of job updated: 1372344
	227  -  MemoryUsage of job (MB)
	232000  -  ResidentSetSize of job (KB)
...
005 (1739703.009.000) 08/29 09:30:36 Job terminated.
	(1) Normal termination (return value 0)
		Usr 0 00:01:01, Sys 0 00:00:00  -  Run Remote Usage
		Usr 0 00:00:00, Sys 0 00:00:00  -  Run Local Usage
		Usr 0 00:01:01, Sys 0 00:00:00  -  Total Remote Usage
		Usr 0 00:00:00, Sys 0 00:00:00  -  Total Local Usage
	0  -  Run Bytes Sent By Job
	0  -  Run Bytes Received By Job
	0  -  Total Bytes Sent By Job
	0  -  Total Bytes Received By Job
	Partitionable Resources :    Usage  Request Allocated
	   Cpus                 :                 1         1
	   Disk (KB)            :        2        2  18310934
	   Memory (MB)          :      227        1      2139
...
006 (1739703.006.000) 08/29 09:31:43 Image size of job updated: 1370284
	110  -  MemoryUsage of job (MB)
	112604  -  ResidentSetSize of job (KB)
...
005 (1739703.006.000) 08/29 09:31:43 Job terminated.
	(1) Normal termination (return value 0)
		Usr 0 00:01:10, Sys 0 00:00:01  -  Run Remote Usage
		Usr 0 00:00:00, Sys 0 00:00:00  -  Run Local Usage
		Usr 0 00:01:10, Sys 0 00:00:01  -  Total Remote Usage
		Usr 0 00:00:00, Sys 0 00:00:00  -  Total Local Usage
	0  -  Run Bytes Sent By Job
	0  -  Run Bytes Received By Job
	0  -  Total Bytes Sent By Job
	0  -  Total Bytes Received By Job
	Partitionable Resources :    Usage  Request Allocated
	   Cpus                 :                 1         1
	   Disk (KB)            :        2        2  18121186
	   Memory (MB)          :      110        1      2139
...
