000 (1739708.000.000) 08/29 09:22:20 Job submitted from host: <128.91.77.183:9766?addrs=128.91.77.183-9766>
...
000 (1739708.001.000) 08/29 09:22:20 Job submitted from host: <128.91.77.183:9766?addrs=128.91.77.183-9766>
...
000 (1739708.002.000) 08/29 09:22:20 Job submitted from host: <128.91.77.183:9766?addrs=128.91.77.183-9766>
...
001 (1739708.000.000) 08/29 09:28:42 Job executing on host: <192.168.64.191:9442>
...
001 (1739708.001.000) 08/29 09:28:42 Job executing on host: <192.168.64.199:9406>
...
001 (1739708.002.000) 08/29 09:28:42 Job executing on host: <192.168.64.195:9241>
...
006 (1739708.000.000) 08/29 09:28:51 Image size of job updated: 882860
	83  -  MemoryUsage of job (MB)
	84868  -  ResidentSetSize of job (KB)
...
006 (1739708.001.000) 08/29 09:28:51 Image size of job updated: 1051832
	132  -  MemoryUsage of job (MB)
	134468  -  ResidentSetSize of job (KB)
...
006 (1739708.002.000) 08/29 09:28:51 Image size of job updated: 1025044
	118  -  MemoryUsage of job (MB)
	120060  -  ResidentSetSize of job (KB)
...
006 (1739708.001.000) 08/29 09:29:04 Image size of job updated: 1288644
	132  -  MemoryUsage of job (MB)
	134468  -  ResidentSetSize of job (KB)
...
005 (1739708.001.000) 08/29 09:29:04 Job terminated.
	(1) Normal termination (return value 0)
		Usr 0 00:00:15, Sys 0 00:00:00  -  Run Remote Usage
		Usr 0 00:00:00, Sys 0 00:00:00  -  Run Local Usage
		Usr 0 00:00:15, Sys 0 00:00:00  -  Total Remote Usage
		Usr 0 00:00:00, Sys 0 00:00:00  -  Total Local Usage
	0  -  Run Bytes Sent By Job
	0  -  Run Bytes Received By Job
	0  -  Total Bytes Sent By Job
	0  -  Total Bytes Received By Job
	Partitionable Resources :    Usage  Request Allocated
	   Cpus                 :                 1         1
	   Disk (KB)            :        2        2  18310934
	   Memory (MB)          :      132        1      2139
...
006 (1739708.000.000) 08/29 09:29:09 Image size of job updated: 1287036
	83  -  MemoryUsage of job (MB)
	84868  -  ResidentSetSize of job (KB)
...
005 (1739708.000.000) 08/29 09:29:09 Job terminated.
	(1) Normal termination (return value 0)
		Usr 0 00:00:16, Sys 0 00:00:00  -  Run Remote Usage
		Usr 0 00:00:00, Sys 0 00:00:00  -  Run Local Usage
		Usr 0 00:00:16, Sys 0 00:00:00  -  Total Remote Usage
		Usr 0 00:00:00, Sys 0 00:00:00  -  Total Local Usage
	0  -  Run Bytes Sent By Job
	0  -  Run Bytes Received By Job
	0  -  Total Bytes Sent By Job
	0  -  Total Bytes Received By Job
	Partitionable Resources :    Usage  Request Allocated
	   Cpus                 :                 1         1
	   Disk (KB)            :        2        2  18121186
	   Memory (MB)          :       83        1      2139
...
006 (1739708.002.000) 08/29 09:29:11 Image size of job updated: 1284360
	118  -  MemoryUsage of job (MB)
	120060  -  ResidentSetSize of job (KB)
...
005 (1739708.002.000) 08/29 09:29:11 Job terminated.
	(1) Normal termination (return value 0)
		Usr 0 00:00:15, Sys 0 00:00:00  -  Run Remote Usage
		Usr 0 00:00:00, Sys 0 00:00:00  -  Run Local Usage
		Usr 0 00:00:15, Sys 0 00:00:00  -  Total Remote Usage
		Usr 0 00:00:00, Sys 0 00:00:00  -  Total Local Usage
	0  -  Run Bytes Sent By Job
	0  -  Run Bytes Received By Job
	0  -  Total Bytes Sent By Job
	0  -  Total Bytes Received By Job
	Partitionable Resources :    Usage  Request Allocated
	   Cpus                 :                 1         1
	   Disk (KB)            :        2        2  18310934
	   Memory (MB)          :      118        1      2139
...
