000 (1739743.000.000) 08/29 14:01:58 Job submitted from host: <128.91.77.183:9766?addrs=128.91.77.183-9766>
...
001 (1739743.000.000) 08/29 14:02:08 Job executing on host: <192.168.64.191:9442>
...
006 (1739743.000.000) 08/29 14:02:17 Image size of job updated: 1050172
	193  -  MemoryUsage of job (MB)
	196776  -  ResidentSetSize of job (KB)
...
006 (1739743.000.000) 08/29 14:02:39 Image size of job updated: 1350932
	193  -  MemoryUsage of job (MB)
	196776  -  ResidentSetSize of job (KB)
...
005 (1739743.000.000) 08/29 14:02:39 Job terminated.
	(1) Normal termination (return value 0)
		Usr 0 00:00:16, Sys 0 00:00:00  -  Run Remote Usage
		Usr 0 00:00:00, Sys 0 00:00:00  -  Run Local Usage
		Usr 0 00:00:16, Sys 0 00:00:00  -  Total Remote Usage
		Usr 0 00:00:00, Sys 0 00:00:00  -  Total Local Usage
	0  -  Run Bytes Sent By Job
	0  -  Run Bytes Received By Job
	0  -  Total Bytes Sent By Job
	0  -  Total Bytes Received By Job
	Partitionable Resources :    Usage  Request Allocated
	   Cpus                 :                 1         1
	   Disk (KB)            :        2        2  17100153
	   Memory (MB)          :      193        1      2139
...
