000 (1739707.000.000) 08/29 09:22:04 Job submitted from host: <128.91.77.183:9766?addrs=128.91.77.183-9766>
...
000 (1739707.001.000) 08/29 09:22:04 Job submitted from host: <128.91.77.183:9766?addrs=128.91.77.183-9766>
...
001 (1739707.000.000) 08/29 09:28:42 Job executing on host: <192.168.64.199:9406>
...
001 (1739707.001.000) 08/29 09:28:42 Job executing on host: <192.168.64.200:9474>
...
006 (1739707.000.000) 08/29 09:28:51 Image size of job updated: 1051212
	126  -  MemoryUsage of job (MB)
	128276  -  ResidentSetSize of job (KB)
...
006 (1739707.001.000) 08/29 09:28:51 Image size of job updated: 1203684
	161  -  MemoryUsage of job (MB)
	164368  -  ResidentSetSize of job (KB)
...
006 (1739707.000.000) 08/29 09:29:02 Image size of job updated: 1249780
	126  -  MemoryUsage of job (MB)
	128276  -  ResidentSetSize of job (KB)
...
005 (1739707.000.000) 08/29 09:29:03 Job terminated.
	(1) Normal termination (return value 0)
		Usr 0 00:00:11, Sys 0 00:00:00  -  Run Remote Usage
		Usr 0 00:00:00, Sys 0 00:00:00  -  Run Local Usage
		Usr 0 00:00:11, Sys 0 00:00:00  -  Total Remote Usage
		Usr 0 00:00:00, Sys 0 00:00:00  -  Total Local Usage
	0  -  Run Bytes Sent By Job
	0  -  Run Bytes Received By Job
	0  -  Total Bytes Sent By Job
	0  -  Total Bytes Received By Job
	Partitionable Resources :    Usage  Request Allocated
	   Cpus                 :                 1         1
	   Disk (KB)            :        2        2  18310934
	   Memory (MB)          :      126        1      2139
...
006 (1739707.001.000) 08/29 09:29:05 Image size of job updated: 1288416
	161  -  MemoryUsage of job (MB)
	164368  -  ResidentSetSize of job (KB)
...
005 (1739707.001.000) 08/29 09:29:05 Job terminated.
	(1) Normal termination (return value 0)
		Usr 0 00:00:14, Sys 0 00:00:00  -  Run Remote Usage
		Usr 0 00:00:00, Sys 0 00:00:00  -  Run Local Usage
		Usr 0 00:00:14, Sys 0 00:00:00  -  Total Remote Usage
		Usr 0 00:00:00, Sys 0 00:00:00  -  Total Local Usage
	0  -  Run Bytes Sent By Job
	0  -  Run Bytes Received By Job
	0  -  Total Bytes Sent By Job
	0  -  Total Bytes Received By Job
	Partitionable Resources :    Usage  Request Allocated
	   Cpus                 :                 1         1
	   Disk (KB)            :        2        2  18310921
	   Memory (MB)          :      161        1      2139
...
