000 (1739724.000.000) 08/29 09:52:17 Job submitted from host: <128.91.77.183:9766?addrs=128.91.77.183-9766>
...
000 (1739724.001.000) 08/29 09:52:17 Job submitted from host: <128.91.77.183:9766?addrs=128.91.77.183-9766>
...
000 (1739724.002.000) 08/29 09:52:17 Job submitted from host: <128.91.77.183:9766?addrs=128.91.77.183-9766>
...
001 (1739724.000.000) 08/29 09:52:19 Job executing on host: <192.168.64.199:9406>
...
001 (1739724.001.000) 08/29 09:52:25 Job executing on host: <192.168.64.189:9001>
...
006 (1739724.000.000) 08/29 09:52:27 Image size of job updated: 2
	3  -  MemoryUsage of job (MB)
	2328  -  ResidentSetSize of job (KB)
...
001 (1739724.002.000) 08/29 09:52:29 Job executing on host: <192.168.64.199:9406>
...
006 (1739724.001.000) 08/29 09:52:34 Image size of job updated: 1083076
	225  -  MemoryUsage of job (MB)
	230280  -  ResidentSetSize of job (KB)
...
006 (1739724.002.000) 08/29 09:52:37 Image size of job updated: 947108
	136  -  MemoryUsage of job (MB)
	138896  -  ResidentSetSize of job (KB)
...
006 (1739724.000.000) 08/29 09:52:37 Image size of job updated: 1249500
	3  -  MemoryUsage of job (MB)
	2328  -  ResidentSetSize of job (KB)
...
005 (1739724.000.000) 08/29 09:52:37 Job terminated.
	(1) Normal termination (return value 0)
		Usr 0 00:00:10, Sys 0 00:00:00  -  Run Remote Usage
		Usr 0 00:00:00, Sys 0 00:00:00  -  Run Local Usage
		Usr 0 00:00:10, Sys 0 00:00:00  -  Total Remote Usage
		Usr 0 00:00:00, Sys 0 00:00:00  -  Total Local Usage
	0  -  Run Bytes Sent By Job
	0  -  Run Bytes Received By Job
	0  -  Total Bytes Sent By Job
	0  -  Total Bytes Received By Job
	Partitionable Resources :    Usage  Request Allocated
	   Cpus                 :                 1         1
	   Disk (KB)            :        2        2  18310934
	   Memory (MB)          :        3        1      2139
...
006 (1739724.001.000) 08/29 09:52:45 Image size of job updated: 1288436
	225  -  MemoryUsage of job (MB)
	230280  -  ResidentSetSize of job (KB)
...
005 (1739724.001.000) 08/29 09:52:45 Job terminated.
	(1) Normal termination (return value 0)
		Usr 0 00:00:16, Sys 0 00:00:00  -  Run Remote Usage
		Usr 0 00:00:00, Sys 0 00:00:00  -  Run Local Usage
		Usr 0 00:00:16, Sys 0 00:00:00  -  Total Remote Usage
		Usr 0 00:00:00, Sys 0 00:00:00  -  Total Local Usage
	0  -  Run Bytes Sent By Job
	0  -  Run Bytes Received By Job
	0  -  Total Bytes Sent By Job
	0  -  Total Bytes Received By Job
	Partitionable Resources :    Usage  Request Allocated
	   Cpus                 :                 1         1
	   Disk (KB)            :        2        2  18310934
	   Memory (MB)          :      225        1      2139
...
006 (1739724.002.000) 08/29 09:52:46 Image size of job updated: 1192524
	136  -  MemoryUsage of job (MB)
	138896  -  ResidentSetSize of job (KB)
...
005 (1739724.002.000) 08/29 09:52:46 Job terminated.
	(1) Normal termination (return value 0)
		Usr 0 00:00:06, Sys 0 00:00:00  -  Run Remote Usage
		Usr 0 00:00:00, Sys 0 00:00:00  -  Run Local Usage
		Usr 0 00:00:06, Sys 0 00:00:00  -  Total Remote Usage
		Usr 0 00:00:00, Sys 0 00:00:00  -  Total Local Usage
	0  -  Run Bytes Sent By Job
	0  -  Run Bytes Received By Job
	0  -  Total Bytes Sent By Job
	0  -  Total Bytes Received By Job
	Partitionable Resources :    Usage  Request Allocated
	   Cpus                 :                 1         1
	   Disk (KB)            :        2        2  18310934
	   Memory (MB)          :      136        1      2139
...
