000 (1739737.000.000) 08/29 13:51:35 Job submitted from host: <128.91.77.183:9766?addrs=128.91.77.183-9766>
...
001 (1739737.000.000) 08/29 13:51:43 Job executing on host: <192.168.64.200:9474>
...
006 (1739737.000.000) 08/29 13:51:52 Image size of job updated: 2
	3  -  MemoryUsage of job (MB)
	2328  -  ResidentSetSize of job (KB)
...
006 (1739737.000.000) 08/29 13:52:39 Image size of job updated: 1373412
	3  -  MemoryUsage of job (MB)
	2328  -  ResidentSetSize of job (KB)
...
005 (1739737.000.000) 08/29 13:52:39 Job terminated.
	(1) Normal termination (return value 0)
		Usr 0 00:00:30, Sys 0 00:00:03  -  Run Remote Usage
		Usr 0 00:00:00, Sys 0 00:00:00  -  Run Local Usage
		Usr 0 00:00:30, Sys 0 00:00:03  -  Total Remote Usage
		Usr 0 00:00:00, Sys 0 00:00:00  -  Total Local Usage
	0  -  Run Bytes Sent By Job
	0  -  Run Bytes Received By Job
	0  -  Total Bytes Sent By Job
	0  -  Total Bytes Received By Job
	Partitionable Resources :    Usage  Request Allocated
	   Cpus                 :                 1         1
	   Disk (KB)            :        2        2  17351700
	   Memory (MB)          :        3        1      2139
...
