starting batch job initialization
batch job user initialization finished
at3f09.hep.upenn.edu
/home/shepj/xaod/ROOTAnalysisTutorial/Run/Wenu_Pt0_70_weights
shepj

Processing /cvmfs/atlas.cern.ch/repo/sw/ASG/AnalysisBase/2.3.45/RootCore/scripts/load_packages.C...
xAOD::Init                INFO    Environment initialised for data access
Processing /cvmfs/atlas.cern.ch/repo/sw/ASG/AnalysisBase/2.3.45/RootCore/scripts/load_packages.C...
load_packages.C already run, not running again
Processing /home/shepj/xaod/ROOTAnalysisTutorial/RootCoreBin/user_scripts/EventLoop/batch_worker.C(10,"/home/shepj/xaod/ROOTAnalysisTutorial/Run/Wenu_Pt0_70_weights/submit/config.root")...
/var/lib/condor/execute/dir_14494/EventLoop-Worker-mc15_13TeV.361302.Sherpa_CT10_Wenu_Pt0_70_BFilter.merge.DAOD_TRUTH1.e3651_p2375-10-1472476719-14496
Processing File file:///disk/userdata00/atlas_data2/shepj/mc15_13TeV.361302.Sherpa_CT10_Wenu_Pt0_70_BFilter.merge.DAOD_TRUTH1.e3651_p2375//DAOD_TRUTH1.05969245._000004.pool.root.1
Hostname is at3f09.hep.upenn.edu
the metadata had for veto directory: 
output
tempdir
Old file name is /disk/userdata00/atlas_data2/shepj/mc15_13TeV.361302.Sherpa_CT10_Wenu_Pt0_70_BFilter.merge.DAOD_TRUTH1.e3651_p2375//DAOD_TRUTH1.05969245._000004.pool.root.1
New file name is _disk_userdata00_atlas_data2_shepj_mc15_13TeV.361302.Sherpa_CT10_Wenu_Pt0_70_BFilter.merge.DAOD_TRUTH1.e3651_p2375__DAOD_TRUTH1.05969245._000004.pool.root.1
Job location: /home/shepj/xaod/ROOTAnalysisTutorial/Run/Wenu_Pt0_70_weights
Veto directory: /home/shepj/xaod/ROOTAnalysisTutorial/Run/Wenu_Pt0_70_weights/veto
nfiles = 10. waiting.
nfiles = 10. waiting.
nfiles = 10. waiting.
nfiles = 10. waiting.
nfiles = 10. waiting.
nfiles = 10. waiting.
nfiles = 10. waiting.
nfiles = 10. waiting.
nfiles = 10. waiting.
nfiles = 10. waiting.
nfiles = 10. waiting.
nfiles = 10. waiting.
nfiles = 10. waiting.
nfiles = 11. waiting.
nfiles = 11. waiting.
nfiles = 11. waiting.
nfiles = 10. waiting.
nfiles = 10. waiting.
nfiles = 10. waiting.
nfiles = 11. waiting.
nfiles = 11. waiting.
nfiles = 11. waiting.
nfiles = 10. waiting.
nfiles = 10. waiting.
nfiles = 10. waiting.
nfiles = 10. waiting.
nfiles = 10. waiting.
nfiles = 10. waiting.
nfiles = 10. waiting.
nfiles = 10. waiting.
nfiles = 10. waiting.
nfiles = 11. waiting.
nfiles = 11. waiting.
nfiles = 11. waiting.
nfiles = 10. waiting.
nfiles = 10. waiting.
nfiles = 10. waiting.
nfiles = 10. waiting.
nfiles = 10. waiting.
nfiles = 10. waiting.
Transfer begin for _disk_userdata00_atlas_data2_shepj_mc15_13TeV.361302.Sherpa_CT10_Wenu_Pt0_70_BFilter.merge.DAOD_TRUTH1.e3651_p2375__DAOD_TRUTH1.05969245._000004.pool.root.1
cp /disk/userdata00/atlas_data2/shepj/mc15_13TeV.361302.Sherpa_CT10_Wenu_Pt0_70_BFilter.merge.DAOD_TRUTH1.e3651_p2375//DAOD_TRUTH1.05969245._000004.pool.root.1 tempdir/_disk_userdata00_atlas_data2_shepj_mc15_13TeV.361302.Sherpa_CT10_Wenu_Pt0_70_BFilter.merge.DAOD_TRUTH1.e3651_p2375__DAOD_TRUTH1.05969245._000004.pool.root.1
Transfer end. xrd command result: 
Checking that file exists tempdir/_disk_userdata00_atlas_data2_shepj_mc15_13TeV.361302.Sherpa_CT10_Wenu_Pt0_70_BFilter.merge.DAOD_TRUTH1.e3651_p2375__DAOD_TRUTH1.05969245._000004.pool.root.1
File exists: tempdir/_disk_userdata00_atlas_data2_shepj_mc15_13TeV.361302.Sherpa_CT10_Wenu_Pt0_70_BFilter.merge.DAOD_TRUTH1.e3651_p2375__DAOD_TRUTH1.05969245._000004.pool.root.1
Breaking out of queue after this many tries: 1
MyxAODAnalysis::initia... INFO    Number of events = 480000
TInterpreter::AutoParse   ERROR   Error parsing payload code for class xAOD::MissingETAuxContainer_v1 with content:


#ifndef G__VECTOR_HAS_CLASS_ITERATOR
  #define G__VECTOR_HAS_CLASS_ITERATOR 1
#endif
#ifndef ROOTCORE
  #define ROOTCORE 1
#endif
#ifndef ROOTCORE_RELEASE_SERIES
  #define ROOTCORE_RELEASE_SERIES 23
#endif
#ifndef ROOTCORE_TEST_FILE
  #define ROOTCORE_TEST_FILE "/afs/cern.ch/user/a/asgbase/patspace/xAODs/r6630/mc15_13TeV.410000.PowhegPythiaEvtGen_P2012_ttbar_hdamp172p5_nonallhad.recon.AOD.e3698_s2608_s2183_r6630_tid05352803_00/AOD.05352803._000242.pool.root.1"
#endif
#ifndef ROOTCORE_TEST_DATA
  #define ROOTCORE_TEST_DATA "/afs/cern.ch/user/a/asgbase/patspace/xAODs/r6630"
#endif
#ifndef ASG_TEST_FILE_DATA
  #define ASG_TEST_FILE_DATA "/afs/cern.ch/atlas/project/PAT/xAODs/p2410/data15_13TeV.00270448.physics_Main.merge.AOD.r6943_p2410/AOD.06297575._000522.pool.root.1"
#endif
#ifndef ASG_TEST_FILE_MC
  #define ASG_TEST_FILE_MC "/afs/cern.ch/user/a/asgbase/patspace/xAODs/r6630/mc15_13TeV.410000.PowhegPythiaEvtGen_P2012_ttbar_hdamp172p5_nonallhad.recon.AOD.e3698_s2608_s2183_r6630_tid05352803_00/AOD.05352803._000242.pool.root.1"
#endif
#ifndef XAOD_STANDALONE
  #define XAOD_STANDALONE 1
#endif
#ifndef XAOD_ANALYSIS
  #define XAOD_ANALYSIS 1
#endif
#ifndef ROOTCORE_PACKAGE
  #define ROOTCORE_PACKAGE "xAODMissingET"
#endif

#define _BACKWARD_BACKWARD_WARNING_H
// Dear emacs, this is -*- c++ -*-
// $Id: xAODMissingETDict.h 662681 2015-04-23 18:04:34Z khoo $
#ifndef XAODMISSINGET_XAODMISSINGETDICT_H
#define XAODMISSINGET_XAODMISSINGETDICT_H

// Needed to successfully generate the dictionary in standalone mode:
#if defined(__GCCXML__) and not defined(EIGEN_DONT_VECTORIZE)
#   define EIGEN_DONT_VECTORIZE
#endif // __GCCXML__

// System include(s):
#include <vector>

// EDM include(s):
#include "AthLinks/DataLink.h"
#include "AthLinks/ElementLink.h"

// Local include(s):
#include "xAODMissingET/MissingETContainer.h"
#include "xAODMissingET/MissingETAuxContainer.h"
#include "xAODMissingET/MissingETComponentMap.h"
#include "xAODMissingET/MissingETAuxComponentMap.h"
#include "xAODMissingET/MissingETAssociationMap.h"
#include "xAODMissingET/MissingETAuxAssociationMap.h"
#include "xAODMissingET/versions/MissingETBase.h"

namespace {
   struct GCCXML_DUMMY_INSTANTIATION_XAODMISSINGET {
      // Container(s):
      DataVector< xAOD::MissingET_v1 > c1;
      xAOD::MissingETContainer_v1 c2;
      DataVector< xAOD::MissingETComponent_v1 > c3;
      xAOD::MissingETComponentMap_v1 c4;
      DataVector< xAOD::MissingETAssociation_v1 > c5;
      xAOD::MissingETAssociationMap_v1 c6;
      // Smart pointer(s):
      DataLink< xAOD::MissingETContainer_v1 > dl1;
      std::vector< DataLink< xAOD::MissingETContainer_v1 > > dl2;
      ElementLink< xAOD::MissingETContainer_v1 > el1;
      std::vector< ElementLink< xAOD::MissingETContainer_v1 > > el2;
      std::vector< std::vector< ElementLink< xAOD::MissingETContainer_v1 > > > el3;
      DataLink< xAOD::MissingETComponentMap_v1 > dl3;
      std::vector< DataLink< xAOD::MissingETComponentMap_v1 > > dl4;
      ElementLink< xAOD::MissingETComponentMap_v1 > el4;
      std::vector< ElementLink< xAOD::MissingETComponentMap_v1 > > el5;
      std::vector< std::vector< ElementLink< xAOD::MissingETComponentMap_v1 > > > el6;
      DataLink< xAOD::MissingETAssociationMap_v1 > dl5;
      std::vector< DataLink< xAOD::MissingETAssociationMap_v1 > > dl6;
      ElementLink< xAOD::MissingETAssociationMap_v1 > el7;
      std::vector< ElementLink< xAOD::MissingETAssociationMap_v1 > > el8;
      std::vector< std::vector< ElementLink< xAOD::MissingETAssociationMap_v1 > > > el9;

      // Smart pointers needed for the correct generation of the auxiliary
      // class dictionaries:
      ElementLink< xAOD::IParticleContainer > el10;
      std::vector< ElementLink< xAOD::IParticleContainer > > el11;
      std::vector< std::vector< ElementLink< xAOD::IParticleContainer > > > el12;

      std::vector< MissingETBase::Types::bitmask_t > vec1;
      std::vector< unsigned long long > vec2;
      std::vector< std::vector< size_t > > vec3;
      std::vector< std::vector< unsigned char > > vec4;
      std::vector< std::vector< unsigned long long > > vec5;
      std::vector< std::vector< std::vector< size_t > > > vec6;
      std::vector< std::vector< std::vector< unsigned long > > > vec7;
      std::vector< std::vector< std::vector< unsigned char > > > vec8;
      std::vector< std::vector<std::vector<unsigned long long> > > vec9;
   };
}

#endif // XAODMISSINGET_XAODMISSINGETDICT_H

#undef  _BACKWARD_BACKWARD_WARNING_H

TClass::LoadClassInfo     ERROR   no interpreter information for class xAOD::MissingETAuxContainer_v1 is available eventhough it has a TClass initialization routine.
xAOD::TEvent::setUpDyn... WARNING Couldn't find setName(...) function for container MET_TruthAux.  (type: xAOD::MissingETAuxContainer_v1)
TInterpreter::AutoParse   ERROR   Error parsing payload code for class xAOD::JetAuxContainer_v1 with content:


#ifndef G__VECTOR_HAS_CLASS_ITERATOR
  #define G__VECTOR_HAS_CLASS_ITERATOR 1
#endif
#ifndef ROOTCORE
  #define ROOTCORE 1
#endif
#ifndef ROOTCORE_RELEASE_SERIES
  #define ROOTCORE_RELEASE_SERIES 23
#endif
#ifndef ROOTCORE_TEST_FILE
  #define ROOTCORE_TEST_FILE "/afs/cern.ch/user/a/asgbase/patspace/xAODs/r6630/mc15_13TeV.410000.PowhegPythiaEvtGen_P2012_ttbar_hdamp172p5_nonallhad.recon.AOD.e3698_s2608_s2183_r6630_tid05352803_00/AOD.05352803._000242.pool.root.1"
#endif
#ifndef ROOTCORE_TEST_DATA
  #define ROOTCORE_TEST_DATA "/afs/cern.ch/user/a/asgbase/patspace/xAODs/r6630"
#endif
#ifndef ASG_TEST_FILE_DATA
  #define ASG_TEST_FILE_DATA "/afs/cern.ch/atlas/project/PAT/xAODs/p2410/data15_13TeV.00270448.physics_Main.merge.AOD.r6943_p2410/AOD.06297575._000522.pool.root.1"
#endif
#ifndef ASG_TEST_FILE_MC
  #define ASG_TEST_FILE_MC "/afs/cern.ch/user/a/asgbase/patspace/xAODs/r6630/mc15_13TeV.410000.PowhegPythiaEvtGen_P2012_ttbar_hdamp172p5_nonallhad.recon.AOD.e3698_s2608_s2183_r6630_tid05352803_00/AOD.05352803._000242.pool.root.1"
#endif
#ifndef XAOD_STANDALONE
  #define XAOD_STANDALONE 1
#endif
#ifndef XAOD_ANALYSIS
  #define XAOD_ANALYSIS 1
#endif
#ifndef ROOTCORE_PACKAGE
  #define ROOTCORE_PACKAGE "xAODJet"
#endif

#define _BACKWARD_BACKWARD_WARNING_H
// Dear emacs, this is -*- c++ -*-
// $Id: xAODJetDict.h 658646 2015-04-02 10:29:26Z delsart $
#ifndef XAODJET_XAODJETDICT_H
#define XAODJET_XAODJETDICT_H

// Needed to successfully generate the dictionary in standalone mode:
#if defined(__GCCXML__) and not defined(EIGEN_DONT_VECTORIZE)
#   define EIGEN_DONT_VECTORIZE
#endif // __GCCXML__

// System include(s):
#include <vector>

// EDM include(s):
#include "AthLinks/DataLink.h"
#include "AthLinks/ElementLink.h"
#include "AthLinks/ElementLinkVector.h"

// Local include(s):
#include "xAODJet/JetContainer.h"
#include "xAODJet/versions/JetContainer_v1.h"
#include "xAODJet/versions/JetAuxContainer_v1.h"
#include "xAODJet/versions/JetTrigAuxContainer_v1.h"
#include "xAODJet/versions/Jet_v1.h"
#include "xAODJet/JetTypes.h"

namespace {
   struct GCCXML_DUMMY_INSTANTIATION_XAODJET {
      // Instantiate the container for gccxml:
      xAOD::JetContainer_v1 c1;

      // Smart pointers to Jet_v1:
      DataLink< xAOD::JetContainer_v1 > e1;
      std::vector< DataLink< xAOD::JetContainer_v1 > > e2;
      ElementLink< xAOD::JetContainer_v1 > e3;
      std::vector< ElementLink< xAOD::JetContainer_v1 > > e4;
      std::vector< std::vector< ElementLink< xAOD::JetContainer_v1 > > > e5;
      ElementLinkVector< xAOD::JetContainer_v1 > e6;
      std::vector< ElementLinkVector< xAOD::JetContainer_v1 > > e7;

      // Instantiations to create the EL member dictionaries correctly:
      xAOD::IParticleContainer pc1;
      ElementLink<xAOD::IParticleContainer> e10;

     std::pair<std::string,std::vector<const xAOD::IParticle*> > bug1;
     std::pair<std::string,std::vector<float> > bug2;
     std::pair<std::string,std::vector<std::vector<int> > > bug3;
     std::pair<std::string,std::vector<std::vector<float> > > bug4;

     // momentums     
     //xAOD::JetFourMom_t jet4mom;
     std::vector<xAOD::JetFourMom_t> vjet4mom;

     //std::vector<const xAOD::IParticle*> vpart; not yet : not sure this belongs elsewhere ?
     //
   };
}


template float xAOD::Jet_v1::getAttribute<float> (xAOD::JetAttribute::AttributeID) const ; 
template int xAOD::Jet_v1::getAttribute<int> (xAOD::JetAttribute::AttributeID) const ; 
template xAOD::JetFourMom_t xAOD::Jet_v1::getAttribute<xAOD::JetFourMom_t> (xAOD::JetAttribute::AttributeID) const ; 
template std::vector<float> xAOD::Jet_v1::getAttribute< std::vector<float> > (xAOD::JetAttribute::AttributeID) const ;
template std::vector<int> xAOD::Jet_v1::getAttribute< std::vector<int> > (xAOD::JetAttribute::AttributeID) const ;

template float xAOD::Jet_v1::getAttribute<float> (const std::string &) const ; 
template int xAOD::Jet_v1::getAttribute<int> (const std::string &) const ; 
template xAOD::JetFourMom_t xAOD::Jet_v1::getAttribute<xAOD::JetFourMom_t> (const std::string &) const ; 
template std::vector<float> xAOD::Jet_v1::getAttribute< std::vector<float> > (const std::string &) const ;
template std::vector<int> xAOD::Jet_v1::getAttribute< std::vector<int> > (const std::string &) const ;


template void xAOD::Jet_v1::setAttribute<float>(const std::string &, const float& ) ;
template void xAOD::Jet_v1::setAttribute<int>(const std::string &, const int& ) ;

template void xAOD::Jet_v1::setAttribute<std::vector<float> >(const std::string &, const std::vector<float>& ) ;
template void xAOD::Jet_v1::setAttribute<std::vector<int> >(const std::string &, const std::vector<int>& ) ;



template std::vector<const xAOD::IParticle*> xAOD::Jet_v1::getAssociatedObjects<xAOD::IParticle >( xAOD::JetAttribute::AssoParticlesID ) const;
template std::vector<const xAOD::IParticle*> xAOD::Jet_v1::getAssociatedObjects<xAOD::IParticle >( const std::string &  ) const ;

template void xAOD::Jet_v1::setAssociatedObjects<xAOD::IParticle >( const std::string &, const std::vector<const xAOD::IParticle*>& ) ;


template const xAOD::IParticle* xAOD::Jet_v1::getAssociatedObject<xAOD::IParticle>( const std::string &) const ;
template const xAOD::IParticle* xAOD::Jet_v1::getAssociatedObject<xAOD::IParticle>( xAOD::JetAttribute::AssoParticlesID ) const ;
template void xAOD::Jet_v1::setAssociatedObject<xAOD::IParticle>( const std::string &,  const xAOD::IParticle* ) ;



#endif // XAODJET_XAODJETDICT_H

#undef  _BACKWARD_BACKWARD_WARNING_H

TClass::LoadClassInfo     ERROR   no interpreter information for class xAOD::JetAuxContainer_v1 is available eventhough it has a TClass initialization routine.
xAOD::TEvent::setUpDyn... WARNING Couldn't find setName(...) function for container AntiKt4TruthJetsAux.  (type: xAOD::JetAuxContainer_v1)
total weighted event: 3139.03
pass at least 1 lepton cut: 1497.12
pass exactly 1 lepton cut: 1497.12
pass 200 MET cut: 0
pass 2 b-jet cut: 0
pass b-jets pt cut: 0
pass aMT2 cut: 0
pass close b-jet/MET: 0
pass mbb cut: 0
pass pT_lep / MET cut: 0
pass pT_lep cut: 0
 
total weighted event: 6312.82
pass at least 1 lepton cut: 2970.24
pass exactly 1 lepton cut: 2970.24
pass 200 MET cut: 1
pass 2 b-jet cut: 0
pass b-jets pt cut: 0
pass aMT2 cut: 0
pass close b-jet/MET: 0
pass mbb cut: 0
pass pT_lep / MET cut: 0
pass pT_lep cut: 0
 
total weighted event: 9421.16
pass at least 1 lepton cut: 4371.13
pass exactly 1 lepton cut: 4371.13
pass 200 MET cut: 1
pass 2 b-jet cut: 0
pass b-jets pt cut: 0
pass aMT2 cut: 0
pass close b-jet/MET: 0
pass mbb cut: 0
pass pT_lep / MET cut: 0
pass pT_lep cut: 0
 
total weighted event: 12571.9
pass at least 1 lepton cut: 5866.76
pass exactly 1 lepton cut: 5866.76
pass 200 MET cut: 1
pass 2 b-jet cut: 0
pass b-jets pt cut: 0
pass aMT2 cut: 0
pass close b-jet/MET: 0
pass mbb cut: 0
pass pT_lep / MET cut: 0
pass pT_lep cut: 0
 
total weighted event: 15693.7
pass at least 1 lepton cut: 7353.34
pass exactly 1 lepton cut: 7353.34
pass 200 MET cut: 1
pass 2 b-jet cut: 0
pass b-jets pt cut: 0
pass aMT2 cut: 0
pass close b-jet/MET: 0
pass mbb cut: 0
pass pT_lep / MET cut: 0
pass pT_lep cut: 0
 
total weighted event: 18774.6
pass at least 1 lepton cut: 8827.64
pass exactly 1 lepton cut: 8827.64
pass 200 MET cut: 1
pass 2 b-jet cut: 0
pass b-jets pt cut: 0
pass aMT2 cut: 0
pass close b-jet/MET: 0
pass mbb cut: 0
pass pT_lep / MET cut: 0
pass pT_lep cut: 0
 
total weighted event: 22067.4
pass at least 1 lepton cut: 10360
pass exactly 1 lepton cut: 10360
pass 200 MET cut: 1
pass 2 b-jet cut: 0
pass b-jets pt cut: 0
pass aMT2 cut: 0
pass close b-jet/MET: 0
pass mbb cut: 0
pass pT_lep / MET cut: 0
pass pT_lep cut: 0
 
total weighted event: 25237.4
pass at least 1 lepton cut: 11901.3
pass exactly 1 lepton cut: 11901.3
pass 200 MET cut: 1
pass 2 b-jet cut: 0
pass b-jets pt cut: 0
pass aMT2 cut: 0
pass close b-jet/MET: 0
pass mbb cut: 0
pass pT_lep / MET cut: 0
pass pT_lep cut: 0
 
total weighted event: 28395.8
pass at least 1 lepton cut: 13351.3
pass exactly 1 lepton cut: 13351.3
pass 200 MET cut: 1
pass 2 b-jet cut: 0
pass b-jets pt cut: 0
pass aMT2 cut: 0
pass close b-jet/MET: 0
pass mbb cut: 0
pass pT_lep / MET cut: 0
pass pT_lep cut: 0
 
total weighted event: 31479.3
pass at least 1 lepton cut: 14797.2
pass exactly 1 lepton cut: 14797.2
pass 200 MET cut: 1
pass 2 b-jet cut: 0
pass b-jets pt cut: 0
pass aMT2 cut: 0
pass close b-jet/MET: 0
pass mbb cut: 0
pass pT_lep / MET cut: 0
pass pT_lep cut: 0
 
total weighted event: 34668.6
pass at least 1 lepton cut: 16254.4
pass exactly 1 lepton cut: 16254.4
pass 200 MET cut: 1
pass 2 b-jet cut: 0
pass b-jets pt cut: 0
pass aMT2 cut: 0
pass close b-jet/MET: 0
pass mbb cut: 0
pass pT_lep / MET cut: 0
pass pT_lep cut: 0
 
total weighted event: 37784.1
pass at least 1 lepton cut: 17706.6
pass exactly 1 lepton cut: 17706.6
pass 200 MET cut: 1
pass 2 b-jet cut: 0
pass b-jets pt cut: 0
pass aMT2 cut: 0
pass close b-jet/MET: 0
pass mbb cut: 0
pass pT_lep / MET cut: 0
pass pT_lep cut: 0
 
total weighted event: 40869.7
pass at least 1 lepton cut: 19146.5
pass exactly 1 lepton cut: 19146.5
pass 200 MET cut: 1
pass 2 b-jet cut: 0
pass b-jets pt cut: 0
pass aMT2 cut: 0
pass close b-jet/MET: 0
pass mbb cut: 0
pass pT_lep / MET cut: 0
pass pT_lep cut: 0
 
total weighted event: 44016.2
pass at least 1 lepton cut: 20578.9
pass exactly 1 lepton cut: 20578.9
pass 200 MET cut: 1
pass 2 b-jet cut: 0
pass b-jets pt cut: 0
pass aMT2 cut: 0
pass close b-jet/MET: 0
pass mbb cut: 0
pass pT_lep / MET cut: 0
pass pT_lep cut: 0
 
total weighted event: 47129.2
pass at least 1 lepton cut: 22058.6
pass exactly 1 lepton cut: 22058.6
pass 200 MET cut: 1
pass 2 b-jet cut: 0
pass b-jets pt cut: 0
pass aMT2 cut: 0
pass close b-jet/MET: 0
pass mbb cut: 0
pass pT_lep / MET cut: 0
pass pT_lep cut: 0
 
total weighted event: 50210
pass at least 1 lepton cut: 23452.7
pass exactly 1 lepton cut: 23452.7
pass 200 MET cut: 1
pass 2 b-jet cut: 0
pass b-jets pt cut: 0
pass aMT2 cut: 0
pass close b-jet/MET: 0
pass mbb cut: 0
pass pT_lep / MET cut: 0
pass pT_lep cut: 0
 
total weighted event: 53324.1
pass at least 1 lepton cut: 24967.3
pass exactly 1 lepton cut: 24967.3
pass 200 MET cut: 1
pass 2 b-jet cut: 0
pass b-jets pt cut: 0
pass aMT2 cut: 0
pass close b-jet/MET: 0
pass mbb cut: 0
pass pT_lep / MET cut: 0
pass pT_lep cut: 0
 
total weighted event: 56404.4
pass at least 1 lepton cut: 26413.7
pass exactly 1 lepton cut: 26413.7
pass 200 MET cut: 1
pass 2 b-jet cut: 0
pass b-jets pt cut: 0
pass aMT2 cut: 0
pass close b-jet/MET: 0
pass mbb cut: 0
pass pT_lep / MET cut: 0
pass pT_lep cut: 0
 
total weighted event: 59439.9
pass at least 1 lepton cut: 27886.1
pass exactly 1 lepton cut: 27886.1
pass 200 MET cut: 1
pass 2 b-jet cut: 0
pass b-jets pt cut: 0
pass aMT2 cut: 0
pass close b-jet/MET: 0
pass mbb cut: 0
pass pT_lep / MET cut: 0
pass pT_lep cut: 0
 
total weighted event: 62702.1
pass at least 1 lepton cut: 29467.2
pass exactly 1 lepton cut: 29467.2
pass 200 MET cut: 1
pass 2 b-jet cut: 0
pass b-jets pt cut: 0
pass aMT2 cut: 0
pass close b-jet/MET: 0
pass mbb cut: 0
pass pT_lep / MET cut: 0
pass pT_lep cut: 0
 
total weighted event: 65841.2
pass at least 1 lepton cut: 30863.3
pass exactly 1 lepton cut: 30863.3
pass 200 MET cut: 1
pass 2 b-jet cut: 0
pass b-jets pt cut: 0
pass aMT2 cut: 0
pass close b-jet/MET: 0
pass mbb cut: 0
pass pT_lep / MET cut: 0
pass pT_lep cut: 0
 
total weighted event: 68911.6
pass at least 1 lepton cut: 32400
pass exactly 1 lepton cut: 32400
pass 200 MET cut: 1
pass 2 b-jet cut: 0
pass b-jets pt cut: 0
pass aMT2 cut: 0
pass close b-jet/MET: 0
pass mbb cut: 0
pass pT_lep / MET cut: 0
pass pT_lep cut: 0
 
total weighted event: 72032.6
pass at least 1 lepton cut: 33912.8
pass exactly 1 lepton cut: 33912.8
pass 200 MET cut: 2.8299
pass 2 b-jet cut: 0
pass b-jets pt cut: 0
pass aMT2 cut: 0
pass close b-jet/MET: 0
pass mbb cut: 0
pass pT_lep / MET cut: 0
pass pT_lep cut: 0
 
total weighted event: 75139.4
pass at least 1 lepton cut: 35383.3
pass exactly 1 lepton cut: 35383.3
pass 200 MET cut: 2.8299
pass 2 b-jet cut: 0
pass b-jets pt cut: 0
pass aMT2 cut: 0
pass close b-jet/MET: 0
pass mbb cut: 0
pass pT_lep / MET cut: 0
pass pT_lep cut: 0
 
total weighted event: 78113.2
pass at least 1 lepton cut: 36788.7
pass exactly 1 lepton cut: 36788.7
pass 200 MET cut: 2.8299
pass 2 b-jet cut: 0
pass b-jets pt cut: 0
pass aMT2 cut: 0
pass close b-jet/MET: 0
pass mbb cut: 0
pass pT_lep / MET cut: 0
pass pT_lep cut: 0
 
total weighted event: 81301.9
pass at least 1 lepton cut: 38347
pass exactly 1 lepton cut: 38347
pass 200 MET cut: 2.8299
pass 2 b-jet cut: 0
pass b-jets pt cut: 0
pass aMT2 cut: 0
pass close b-jet/MET: 0
pass mbb cut: 0
pass pT_lep / MET cut: 0
pass pT_lep cut: 0
 
total weighted event: 84401.6
pass at least 1 lepton cut: 39817.7
pass exactly 1 lepton cut: 39817.7
pass 200 MET cut: 2.8299
pass 2 b-jet cut: 0
pass b-jets pt cut: 0
pass aMT2 cut: 0
pass close b-jet/MET: 0
pass mbb cut: 0
pass pT_lep / MET cut: 0
pass pT_lep cut: 0
 
total weighted event: 87607
pass at least 1 lepton cut: 41347.4
pass exactly 1 lepton cut: 41347.4
pass 200 MET cut: 2.8299
pass 2 b-jet cut: 0
pass b-jets pt cut: 0
pass aMT2 cut: 0
pass close b-jet/MET: 0
pass mbb cut: 0
pass pT_lep / MET cut: 0
pass pT_lep cut: 0
 
total weighted event: 90680.7
pass at least 1 lepton cut: 42777.1
pass exactly 1 lepton cut: 42777.1
pass 200 MET cut: 2.8299
pass 2 b-jet cut: 0
pass b-jets pt cut: 0
pass aMT2 cut: 0
pass close b-jet/MET: 0
pass mbb cut: 0
pass pT_lep / MET cut: 0
pass pT_lep cut: 0
 
total weighted event: 93831.7
pass at least 1 lepton cut: 44343.8
pass exactly 1 lepton cut: 44343.8
pass 200 MET cut: 2.8299
pass 2 b-jet cut: 0
pass b-jets pt cut: 0
pass aMT2 cut: 0
pass close b-jet/MET: 0
pass mbb cut: 0
pass pT_lep / MET cut: 0
pass pT_lep cut: 0
 
total weighted event: 96939.6
pass at least 1 lepton cut: 45832.2
pass exactly 1 lepton cut: 45832.2
pass 200 MET cut: 2.8299
pass 2 b-jet cut: 0
pass b-jets pt cut: 0
pass aMT2 cut: 0
pass close b-jet/MET: 0
pass mbb cut: 0
pass pT_lep / MET cut: 0
pass pT_lep cut: 0
 
total weighted event: 100118
pass at least 1 lepton cut: 47376.4
pass exactly 1 lepton cut: 47376.4
pass 200 MET cut: 2.8299
pass 2 b-jet cut: 0
pass b-jets pt cut: 0
pass aMT2 cut: 0
pass close b-jet/MET: 0
pass mbb cut: 0
pass pT_lep / MET cut: 0
pass pT_lep cut: 0
 
total weighted event: 103299
pass at least 1 lepton cut: 48881.5
pass exactly 1 lepton cut: 48881.5
pass 200 MET cut: 2.8299
pass 2 b-jet cut: 0
pass b-jets pt cut: 0
pass aMT2 cut: 0
pass close b-jet/MET: 0
pass mbb cut: 0
pass pT_lep / MET cut: 0
pass pT_lep cut: 0
 
total weighted event: 106424
pass at least 1 lepton cut: 50322.9
pass exactly 1 lepton cut: 50322.9
pass 200 MET cut: 2.8299
pass 2 b-jet cut: 0
pass b-jets pt cut: 0
pass aMT2 cut: 0
pass close b-jet/MET: 0
pass mbb cut: 0
pass pT_lep / MET cut: 0
pass pT_lep cut: 0
 
total weighted event: 109604
pass at least 1 lepton cut: 51787.1
pass exactly 1 lepton cut: 51787.1
pass 200 MET cut: 2.8299
pass 2 b-jet cut: 0
pass b-jets pt cut: 0
pass aMT2 cut: 0
pass close b-jet/MET: 0
pass mbb cut: 0
pass pT_lep / MET cut: 0
pass pT_lep cut: 0
 
total weighted event: 112693
pass at least 1 lepton cut: 53257.1
pass exactly 1 lepton cut: 53257.1
pass 200 MET cut: 2.8299
pass 2 b-jet cut: 0
pass b-jets pt cut: 0
pass aMT2 cut: 0
pass close b-jet/MET: 0
pass mbb cut: 0
pass pT_lep / MET cut: 0
pass pT_lep cut: 0
 
total weighted event: 115657
pass at least 1 lepton cut: 54597.8
pass exactly 1 lepton cut: 54597.8
pass 200 MET cut: 2.8299
pass 2 b-jet cut: 0
pass b-jets pt cut: 0
pass aMT2 cut: 0
pass close b-jet/MET: 0
pass mbb cut: 0
pass pT_lep / MET cut: 0
pass pT_lep cut: 0
 
total weighted event: 118704
pass at least 1 lepton cut: 56080.7
pass exactly 1 lepton cut: 56080.7
pass 200 MET cut: 2.8299
pass 2 b-jet cut: 0
pass b-jets pt cut: 0
pass aMT2 cut: 0
pass close b-jet/MET: 0
pass mbb cut: 0
pass pT_lep / MET cut: 0
pass pT_lep cut: 0
 
total weighted event: 121771
pass at least 1 lepton cut: 57589.7
pass exactly 1 lepton cut: 57589.7
pass 200 MET cut: 2.8299
pass 2 b-jet cut: 0
pass b-jets pt cut: 0
pass aMT2 cut: 0
pass close b-jet/MET: 0
pass mbb cut: 0
pass pT_lep / MET cut: 0
pass pT_lep cut: 0
 
total weighted event: 125037
pass at least 1 lepton cut: 59131.3
pass exactly 1 lepton cut: 59131.3
pass 200 MET cut: 2.8299
pass 2 b-jet cut: 0
pass b-jets pt cut: 0
pass aMT2 cut: 0
pass close b-jet/MET: 0
pass mbb cut: 0
pass pT_lep / MET cut: 0
pass pT_lep cut: 0
 
total weighted event: 127999
pass at least 1 lepton cut: 60484.4
pass exactly 1 lepton cut: 60484.4
pass 200 MET cut: 2.8299
pass 2 b-jet cut: 0
pass b-jets pt cut: 0
pass aMT2 cut: 0
pass close b-jet/MET: 0
pass mbb cut: 0
pass pT_lep / MET cut: 0
pass pT_lep cut: 0
 
total weighted event: 131095
pass at least 1 lepton cut: 61940.7
pass exactly 1 lepton cut: 61940.7
pass 200 MET cut: 2.8299
pass 2 b-jet cut: 0
pass b-jets pt cut: 0
pass aMT2 cut: 0
pass close b-jet/MET: 0
pass mbb cut: 0
pass pT_lep / MET cut: 0
pass pT_lep cut: 0
 
total weighted event: 134202
pass at least 1 lepton cut: 63357.3
pass exactly 1 lepton cut: 63357.3
pass 200 MET cut: 2.8299
pass 2 b-jet cut: 0
pass b-jets pt cut: 0
pass aMT2 cut: 0
pass close b-jet/MET: 0
pass mbb cut: 0
pass pT_lep / MET cut: 0
pass pT_lep cut: 0
 
total weighted event: 137338
pass at least 1 lepton cut: 64910.2
pass exactly 1 lepton cut: 64910.2
pass 200 MET cut: 2.8299
pass 2 b-jet cut: 0
pass b-jets pt cut: 0
pass aMT2 cut: 0
pass close b-jet/MET: 0
pass mbb cut: 0
pass pT_lep / MET cut: 0
pass pT_lep cut: 0
 
total weighted event: 140470
pass at least 1 lepton cut: 66367.3
pass exactly 1 lepton cut: 66367.3
pass 200 MET cut: 2.8299
pass 2 b-jet cut: 0
pass b-jets pt cut: 0
pass aMT2 cut: 0
pass close b-jet/MET: 0
pass mbb cut: 0
pass pT_lep / MET cut: 0
pass pT_lep cut: 0
 
total weighted event: 143603
pass at least 1 lepton cut: 67789.7
pass exactly 1 lepton cut: 67789.7
pass 200 MET cut: 2.8299
pass 2 b-jet cut: 0
pass b-jets pt cut: 0
pass aMT2 cut: 0
pass close b-jet/MET: 0
pass mbb cut: 0
pass pT_lep / MET cut: 0
pass pT_lep cut: 0
 
total weighted event: 146629
pass at least 1 lepton cut: 69214.5
pass exactly 1 lepton cut: 69214.5
pass 200 MET cut: 2.8299
pass 2 b-jet cut: 0
pass b-jets pt cut: 0
pass aMT2 cut: 0
pass close b-jet/MET: 0
pass mbb cut: 0
pass pT_lep / MET cut: 0
pass pT_lep cut: 0
 
total weighted event: 149716
pass at least 1 lepton cut: 70697.4
pass exactly 1 lepton cut: 70697.4
pass 200 MET cut: 2.8299
pass 2 b-jet cut: 0
pass b-jets pt cut: 0
pass aMT2 cut: 0
pass close b-jet/MET: 0
pass mbb cut: 0
pass pT_lep / MET cut: 0
pass pT_lep cut: 0
 
total weighted event: 152702
pass at least 1 lepton cut: 72112
pass exactly 1 lepton cut: 72112
pass 200 MET cut: 2.8299
pass 2 b-jet cut: 0
pass b-jets pt cut: 0
pass aMT2 cut: 0
pass close b-jet/MET: 0
pass mbb cut: 0
pass pT_lep / MET cut: 0
pass pT_lep cut: 0
 
total weighted event: 155770
pass at least 1 lepton cut: 73599
pass exactly 1 lepton cut: 73599
pass 200 MET cut: 2.8299
pass 2 b-jet cut: 0
pass b-jets pt cut: 0
pass aMT2 cut: 0
pass close b-jet/MET: 0
pass mbb cut: 0
pass pT_lep / MET cut: 0
pass pT_lep cut: 0
 
total weighted event: 158770
pass at least 1 lepton cut: 75041.1
pass exactly 1 lepton cut: 75041.1
pass 200 MET cut: 2.8299
pass 2 b-jet cut: 0
pass b-jets pt cut: 0
pass aMT2 cut: 0
pass close b-jet/MET: 0
pass mbb cut: 0
pass pT_lep / MET cut: 0
pass pT_lep cut: 0
 
total weighted event: 161822
pass at least 1 lepton cut: 76452.4
pass exactly 1 lepton cut: 76452.4
pass 200 MET cut: 2.8299
pass 2 b-jet cut: 0
pass b-jets pt cut: 0
pass aMT2 cut: 0
pass close b-jet/MET: 0
pass mbb cut: 0
pass pT_lep / MET cut: 0
pass pT_lep cut: 0
 
total weighted event: 164950
pass at least 1 lepton cut: 77965.5
pass exactly 1 lepton cut: 77965.5
pass 200 MET cut: 5.47244
pass 2 b-jet cut: 0
pass b-jets pt cut: 0
pass aMT2 cut: 0
pass close b-jet/MET: 0
pass mbb cut: 0
pass pT_lep / MET cut: 0
pass pT_lep cut: 0
 
total weighted event: 168001
pass at least 1 lepton cut: 79361
pass exactly 1 lepton cut: 79361
pass 200 MET cut: 5.47244
pass 2 b-jet cut: 0
pass b-jets pt cut: 0
pass aMT2 cut: 0
pass close b-jet/MET: 0
pass mbb cut: 0
pass pT_lep / MET cut: 0
pass pT_lep cut: 0
 
total weighted event: 171222
pass at least 1 lepton cut: 80963.1
pass exactly 1 lepton cut: 80963.1
pass 200 MET cut: 5.47244
pass 2 b-jet cut: 0
pass b-jets pt cut: 0
pass aMT2 cut: 0
pass close b-jet/MET: 0
pass mbb cut: 0
pass pT_lep / MET cut: 0
pass pT_lep cut: 0
 
total weighted event: 174380
pass at least 1 lepton cut: 82471.9
pass exactly 1 lepton cut: 82471.9
pass 200 MET cut: 5.47244
pass 2 b-jet cut: 0
pass b-jets pt cut: 0
pass aMT2 cut: 0
pass close b-jet/MET: 0
pass mbb cut: 0
pass pT_lep / MET cut: 0
pass pT_lep cut: 0
 
total weighted event: 177467
pass at least 1 lepton cut: 83879.2
pass exactly 1 lepton cut: 83879.2
pass 200 MET cut: 5.47244
pass 2 b-jet cut: 0
pass b-jets pt cut: 0
pass aMT2 cut: 0
pass close b-jet/MET: 0
pass mbb cut: 0
pass pT_lep / MET cut: 0
pass pT_lep cut: 0
 
total weighted event: 180524
pass at least 1 lepton cut: 85397.3
pass exactly 1 lepton cut: 85397.3
pass 200 MET cut: 5.47244
pass 2 b-jet cut: 0
pass b-jets pt cut: 0
pass aMT2 cut: 0
pass close b-jet/MET: 0
pass mbb cut: 0
pass pT_lep / MET cut: 0
pass pT_lep cut: 0
 
total weighted event: 183541
pass at least 1 lepton cut: 86815.8
pass exactly 1 lepton cut: 86815.8
pass 200 MET cut: 5.47244
pass 2 b-jet cut: 0
pass b-jets pt cut: 0
pass aMT2 cut: 0
pass close b-jet/MET: 0
pass mbb cut: 0
pass pT_lep / MET cut: 0
pass pT_lep cut: 0
 
total weighted event: 186618
pass at least 1 lepton cut: 88321.1
pass exactly 1 lepton cut: 88321.1
pass 200 MET cut: 4.47244
pass 2 b-jet cut: -1
pass b-jets pt cut: -1
pass aMT2 cut: -1
pass close b-jet/MET: 0
pass mbb cut: 0
pass pT_lep / MET cut: 0
pass pT_lep cut: 0
 
total weighted event: 189713
pass at least 1 lepton cut: 89815.4
pass exactly 1 lepton cut: 89815.4
pass 200 MET cut: 4.47244
pass 2 b-jet cut: -1
pass b-jets pt cut: -1
pass aMT2 cut: -1
pass close b-jet/MET: 0
pass mbb cut: 0
pass pT_lep / MET cut: 0
pass pT_lep cut: 0
 
total weighted event: 192840
pass at least 1 lepton cut: 91329.3
pass exactly 1 lepton cut: 91329.3
pass 200 MET cut: 4.47244
pass 2 b-jet cut: -1
pass b-jets pt cut: -1
pass aMT2 cut: -1
pass close b-jet/MET: 0
pass mbb cut: 0
pass pT_lep / MET cut: 0
pass pT_lep cut: 0
 
total weighted event: 195857
pass at least 1 lepton cut: 92754.5
pass exactly 1 lepton cut: 92754.5
pass 200 MET cut: 4.47244
pass 2 b-jet cut: -1
pass b-jets pt cut: -1
pass aMT2 cut: -1
pass close b-jet/MET: 0
pass mbb cut: 0
pass pT_lep / MET cut: 0
pass pT_lep cut: 0
 
total weighted event: 198895
pass at least 1 lepton cut: 94214
pass exactly 1 lepton cut: 94214
pass 200 MET cut: 4.47244
pass 2 b-jet cut: -1
pass b-jets pt cut: -1
pass aMT2 cut: -1
pass close b-jet/MET: 0
pass mbb cut: 0
pass pT_lep / MET cut: 0
pass pT_lep cut: 0
 
total weighted event: 202130
pass at least 1 lepton cut: 95692.6
pass exactly 1 lepton cut: 95692.6
pass 200 MET cut: 4.47244
pass 2 b-jet cut: -1
pass b-jets pt cut: -1
pass aMT2 cut: -1
pass close b-jet/MET: 0
pass mbb cut: 0
pass pT_lep / MET cut: 0
pass pT_lep cut: 0
 
total weighted event: 205257
pass at least 1 lepton cut: 97128
pass exactly 1 lepton cut: 97128
pass 200 MET cut: 4.47244
pass 2 b-jet cut: -1
pass b-jets pt cut: -1
pass aMT2 cut: -1
pass close b-jet/MET: 0
pass mbb cut: 0
pass pT_lep / MET cut: 0
pass pT_lep cut: 0
 
total weighted event: 208358
pass at least 1 lepton cut: 98608.6
pass exactly 1 lepton cut: 98608.6
pass 200 MET cut: 4.47244
pass 2 b-jet cut: -1
pass b-jets pt cut: -1
pass aMT2 cut: -1
pass close b-jet/MET: 0
pass mbb cut: 0
pass pT_lep / MET cut: 0
pass pT_lep cut: 0
 
total weighted event: 211414
pass at least 1 lepton cut: 100065
pass exactly 1 lepton cut: 100065
pass 200 MET cut: 4.47244
pass 2 b-jet cut: -1
pass b-jets pt cut: -1
pass aMT2 cut: -1
pass close b-jet/MET: 0
pass mbb cut: 0
pass pT_lep / MET cut: 0
pass pT_lep cut: 0
 
total weighted event: 214519
pass at least 1 lepton cut: 101520
pass exactly 1 lepton cut: 101520
pass 200 MET cut: 4.47244
pass 2 b-jet cut: -1
pass b-jets pt cut: -1
pass aMT2 cut: -1
pass close b-jet/MET: 0
pass mbb cut: 0
pass pT_lep / MET cut: 0
pass pT_lep cut: 0
 
total weighted event: 217793
pass at least 1 lepton cut: 102987
pass exactly 1 lepton cut: 102987
pass 200 MET cut: 5.47244
pass 2 b-jet cut: -1
pass b-jets pt cut: -1
pass aMT2 cut: -1
pass close b-jet/MET: 0
pass mbb cut: 0
pass pT_lep / MET cut: 0
pass pT_lep cut: 0
 
total weighted event: 220911
pass at least 1 lepton cut: 104499
pass exactly 1 lepton cut: 104499
pass 200 MET cut: 5.47244
pass 2 b-jet cut: -1
pass b-jets pt cut: -1
pass aMT2 cut: -1
pass close b-jet/MET: 0
pass mbb cut: 0
pass pT_lep / MET cut: 0
pass pT_lep cut: 0
 
total weighted event: 224105
pass at least 1 lepton cut: 106003
pass exactly 1 lepton cut: 106003
pass 200 MET cut: 5.47244
pass 2 b-jet cut: -1
pass b-jets pt cut: -1
pass aMT2 cut: -1
pass close b-jet/MET: 0
pass mbb cut: 0
pass pT_lep / MET cut: 0
pass pT_lep cut: 0
 
total weighted event: 227393
pass at least 1 lepton cut: 107613
pass exactly 1 lepton cut: 107613
pass 200 MET cut: 5.47244
pass 2 b-jet cut: -1
pass b-jets pt cut: -1
pass aMT2 cut: -1
pass close b-jet/MET: 0
pass mbb cut: 0
pass pT_lep / MET cut: 0
pass pT_lep cut: 0
 
total weighted event: 230464
pass at least 1 lepton cut: 109083
pass exactly 1 lepton cut: 109083
pass 200 MET cut: 5.47244
pass 2 b-jet cut: -1
pass b-jets pt cut: -1
pass aMT2 cut: -1
pass close b-jet/MET: 0
pass mbb cut: 0
pass pT_lep / MET cut: 0
pass pT_lep cut: 0
 
total weighted event: 233542
pass at least 1 lepton cut: 110510
pass exactly 1 lepton cut: 110510
pass 200 MET cut: 5.47244
pass 2 b-jet cut: -1
pass b-jets pt cut: -1
pass aMT2 cut: -1
pass close b-jet/MET: 0
pass mbb cut: 0
pass pT_lep / MET cut: 0
pass pT_lep cut: 0
 
total weighted event: 236660
pass at least 1 lepton cut: 112032
pass exactly 1 lepton cut: 112032
pass 200 MET cut: 5.47244
pass 2 b-jet cut: -1
pass b-jets pt cut: -1
pass aMT2 cut: -1
pass close b-jet/MET: 0
pass mbb cut: 0
pass pT_lep / MET cut: 0
pass pT_lep cut: 0
 
total weighted event: 239806
pass at least 1 lepton cut: 113512
pass exactly 1 lepton cut: 113512
pass 200 MET cut: 5.47244
pass 2 b-jet cut: -1
pass b-jets pt cut: -1
pass aMT2 cut: -1
pass close b-jet/MET: 0
pass mbb cut: 0
pass pT_lep / MET cut: 0
pass pT_lep cut: 0
 
total weighted event: 242894
pass at least 1 lepton cut: 114987
pass exactly 1 lepton cut: 114987
pass 200 MET cut: 5.47244
pass 2 b-jet cut: -1
pass b-jets pt cut: -1
pass aMT2 cut: -1
pass close b-jet/MET: 0
pass mbb cut: 0
pass pT_lep / MET cut: 0
pass pT_lep cut: 0
 
total weighted event: 246101
pass at least 1 lepton cut: 116462
pass exactly 1 lepton cut: 116462
pass 200 MET cut: 5.47244
pass 2 b-jet cut: -1
pass b-jets pt cut: -1
pass aMT2 cut: -1
pass close b-jet/MET: 0
pass mbb cut: 0
pass pT_lep / MET cut: 0
pass pT_lep cut: 0
 
total weighted event: 249340
pass at least 1 lepton cut: 118015
pass exactly 1 lepton cut: 118015
pass 200 MET cut: 6.47244
pass 2 b-jet cut: -1
pass b-jets pt cut: -1
pass aMT2 cut: -1
pass close b-jet/MET: 0
pass mbb cut: 0
pass pT_lep / MET cut: 0
pass pT_lep cut: 0
 
total weighted event: 252350
pass at least 1 lepton cut: 119407
pass exactly 1 lepton cut: 119407
pass 200 MET cut: 15.4203
pass 2 b-jet cut: -1
pass b-jets pt cut: -1
pass aMT2 cut: -1
pass close b-jet/MET: 0
pass mbb cut: 0
pass pT_lep / MET cut: 0
pass pT_lep cut: 0
 
total weighted event: 255521
pass at least 1 lepton cut: 120910
pass exactly 1 lepton cut: 120910
pass 200 MET cut: 15.4203
pass 2 b-jet cut: -1
pass b-jets pt cut: -1
pass aMT2 cut: -1
pass close b-jet/MET: 0
pass mbb cut: 0
pass pT_lep / MET cut: 0
pass pT_lep cut: 0
 
total weighted event: 258645
pass at least 1 lepton cut: 122388
pass exactly 1 lepton cut: 122388
pass 200 MET cut: 15.4203
pass 2 b-jet cut: -1
pass b-jets pt cut: -1
pass aMT2 cut: -1
pass close b-jet/MET: 0
pass mbb cut: 0
pass pT_lep / MET cut: 0
pass pT_lep cut: 0
 
total weighted event: 261818
pass at least 1 lepton cut: 123943
pass exactly 1 lepton cut: 123943
pass 200 MET cut: 15.4203
pass 2 b-jet cut: -1
pass b-jets pt cut: -1
pass aMT2 cut: -1
pass close b-jet/MET: 0
pass mbb cut: 0
pass pT_lep / MET cut: 0
pass pT_lep cut: 0
 
total weighted event: 264854
pass at least 1 lepton cut: 125396
pass exactly 1 lepton cut: 125396
pass 200 MET cut: 15.4203
pass 2 b-jet cut: -1
pass b-jets pt cut: -1
pass aMT2 cut: -1
pass close b-jet/MET: 0
pass mbb cut: 0
pass pT_lep / MET cut: 0
pass pT_lep cut: 0
 
total weighted event: 268085
pass at least 1 lepton cut: 126947
pass exactly 1 lepton cut: 126947
pass 200 MET cut: 15.4203
pass 2 b-jet cut: -1
pass b-jets pt cut: -1
pass aMT2 cut: -1
pass close b-jet/MET: 0
pass mbb cut: 0
pass pT_lep / MET cut: 0
pass pT_lep cut: 0
 
total weighted event: 271190
pass at least 1 lepton cut: 128386
pass exactly 1 lepton cut: 128386
pass 200 MET cut: 15.4203
pass 2 b-jet cut: -1
pass b-jets pt cut: -1
pass aMT2 cut: -1
pass close b-jet/MET: 0
pass mbb cut: 0
pass pT_lep / MET cut: 0
pass pT_lep cut: 0
 
total weighted event: 274267
pass at least 1 lepton cut: 129832
pass exactly 1 lepton cut: 129832
pass 200 MET cut: 15.4203
pass 2 b-jet cut: -1
pass b-jets pt cut: -1
pass aMT2 cut: -1
pass close b-jet/MET: 0
pass mbb cut: 0
pass pT_lep / MET cut: 0
pass pT_lep cut: 0
 
total weighted event: 277320
pass at least 1 lepton cut: 131231
pass exactly 1 lepton cut: 131231
pass 200 MET cut: 15.4203
pass 2 b-jet cut: -1
pass b-jets pt cut: -1
pass aMT2 cut: -1
pass close b-jet/MET: 0
pass mbb cut: 0
pass pT_lep / MET cut: 0
pass pT_lep cut: 0
 
total weighted event: 280462
pass at least 1 lepton cut: 132708
pass exactly 1 lepton cut: 132708
pass 200 MET cut: 15.4203
pass 2 b-jet cut: -1
pass b-jets pt cut: -1
pass aMT2 cut: -1
pass close b-jet/MET: 0
pass mbb cut: 0
pass pT_lep / MET cut: 0
pass pT_lep cut: 0
 
total weighted event: 283531
pass at least 1 lepton cut: 134126
pass exactly 1 lepton cut: 134126
pass 200 MET cut: 15.4203
pass 2 b-jet cut: -1
pass b-jets pt cut: -1
pass aMT2 cut: -1
pass close b-jet/MET: 0
pass mbb cut: 0
pass pT_lep / MET cut: 0
pass pT_lep cut: 0
 
total weighted event: 286641
pass at least 1 lepton cut: 135642
pass exactly 1 lepton cut: 135642
pass 200 MET cut: 16.4203
pass 2 b-jet cut: -1
pass b-jets pt cut: -1
pass aMT2 cut: -1
pass close b-jet/MET: 0
pass mbb cut: 0
pass pT_lep / MET cut: 0
pass pT_lep cut: 0
 
total weighted event: 289873
pass at least 1 lepton cut: 137177
pass exactly 1 lepton cut: 137177
pass 200 MET cut: 12.2917
pass 2 b-jet cut: -1
pass b-jets pt cut: -1
pass aMT2 cut: -1
pass close b-jet/MET: 0
pass mbb cut: 0
pass pT_lep / MET cut: 0
pass pT_lep cut: 0
 
total weighted event: 292977
pass at least 1 lepton cut: 138595
pass exactly 1 lepton cut: 138595
pass 200 MET cut: 12.2917
pass 2 b-jet cut: -1
pass b-jets pt cut: -1
pass aMT2 cut: -1
pass close b-jet/MET: 0
pass mbb cut: 0
pass pT_lep / MET cut: 0
pass pT_lep cut: 0
 
total weighted event: 296110
pass at least 1 lepton cut: 140054
pass exactly 1 lepton cut: 140054
pass 200 MET cut: 12.2917
pass 2 b-jet cut: -1
pass b-jets pt cut: -1
pass aMT2 cut: -1
pass close b-jet/MET: 0
pass mbb cut: 0
pass pT_lep / MET cut: 0
pass pT_lep cut: 0
 
total weighted event: 299285
pass at least 1 lepton cut: 141544
pass exactly 1 lepton cut: 141544
pass 200 MET cut: 12.2917
pass 2 b-jet cut: -1
pass b-jets pt cut: -1
pass aMT2 cut: -1
pass close b-jet/MET: 0
pass mbb cut: 0
pass pT_lep / MET cut: 0
pass pT_lep cut: 0
 
worker finished:
Real time 0:16:49, CP time 590.270
xAOD::TFileAccessTracer   INFO    Sending file access statistics to http://rucio-lb-prod.cern.ch:18762/traces/
