starting batch job initialization
batch job user initialization finished
at3f08.hep.upenn.edu
/home/shepj/xaod/ROOTAnalysisTutorial/Run/Wenu_Pt0_70_weights
shepj

Processing /cvmfs/atlas.cern.ch/repo/sw/ASG/AnalysisBase/2.3.45/RootCore/scripts/load_packages.C...
xAOD::Init                INFO    Environment initialised for data access
Processing /cvmfs/atlas.cern.ch/repo/sw/ASG/AnalysisBase/2.3.45/RootCore/scripts/load_packages.C...
load_packages.C already run, not running again
Processing /home/shepj/xaod/ROOTAnalysisTutorial/RootCoreBin/user_scripts/EventLoop/batch_worker.C(8,"/home/shepj/xaod/ROOTAnalysisTutorial/Run/Wenu_Pt0_70_weights/submit/config.root")...
/var/lib/condor/execute/dir_6348/EventLoop-Worker-mc15_13TeV.361302.Sherpa_CT10_Wenu_Pt0_70_BFilter.merge.DAOD_TRUTH1.e3651_p2375-8-1472476716-6350
Processing File file:///disk/userdata00/atlas_data2/shepj/mc15_13TeV.361302.Sherpa_CT10_Wenu_Pt0_70_BFilter.merge.DAOD_TRUTH1.e3651_p2375//DAOD_TRUTH1.05969245._000002.pool.root.1
Hostname is at3f08.hep.upenn.edu
the metadata had for veto directory: 
output
tempdir
Old file name is /disk/userdata00/atlas_data2/shepj/mc15_13TeV.361302.Sherpa_CT10_Wenu_Pt0_70_BFilter.merge.DAOD_TRUTH1.e3651_p2375//DAOD_TRUTH1.05969245._000002.pool.root.1
New file name is _disk_userdata00_atlas_data2_shepj_mc15_13TeV.361302.Sherpa_CT10_Wenu_Pt0_70_BFilter.merge.DAOD_TRUTH1.e3651_p2375__DAOD_TRUTH1.05969245._000002.pool.root.1
Job location: /home/shepj/xaod/ROOTAnalysisTutorial/Run/Wenu_Pt0_70_weights
Veto directory: /home/shepj/xaod/ROOTAnalysisTutorial/Run/Wenu_Pt0_70_weights/veto
nfiles = 10. waiting.
nfiles = 10. waiting.
nfiles = 10. waiting.
nfiles = 10. waiting.
nfiles = 10. waiting.
nfiles = 10. waiting.
nfiles = 10. waiting.
nfiles = 10. waiting.
nfiles = 10. waiting.
nfiles = 10. waiting.
nfiles = 10. waiting.
nfiles = 10. waiting.
nfiles = 10. waiting.
nfiles = 10. waiting.
nfiles = 11. waiting.
nfiles = 11. waiting.
nfiles = 11. waiting.
nfiles = 11. waiting.
nfiles = 10. waiting.
Transfer begin for _disk_userdata00_atlas_data2_shepj_mc15_13TeV.361302.Sherpa_CT10_Wenu_Pt0_70_BFilter.merge.DAOD_TRUTH1.e3651_p2375__DAOD_TRUTH1.05969245._000002.pool.root.1
cp /disk/userdata00/atlas_data2/shepj/mc15_13TeV.361302.Sherpa_CT10_Wenu_Pt0_70_BFilter.merge.DAOD_TRUTH1.e3651_p2375//DAOD_TRUTH1.05969245._000002.pool.root.1 tempdir/_disk_userdata00_atlas_data2_shepj_mc15_13TeV.361302.Sherpa_CT10_Wenu_Pt0_70_BFilter.merge.DAOD_TRUTH1.e3651_p2375__DAOD_TRUTH1.05969245._000002.pool.root.1
Transfer end. xrd command result: 
Checking that file exists tempdir/_disk_userdata00_atlas_data2_shepj_mc15_13TeV.361302.Sherpa_CT10_Wenu_Pt0_70_BFilter.merge.DAOD_TRUTH1.e3651_p2375__DAOD_TRUTH1.05969245._000002.pool.root.1
File exists: tempdir/_disk_userdata00_atlas_data2_shepj_mc15_13TeV.361302.Sherpa_CT10_Wenu_Pt0_70_BFilter.merge.DAOD_TRUTH1.e3651_p2375__DAOD_TRUTH1.05969245._000002.pool.root.1
Breaking out of queue after this many tries: 1
MyxAODAnalysis::initia... INFO    Number of events = 480000
TInterpreter::AutoParse   ERROR   Error parsing payload code for class xAOD::MissingETAuxContainer_v1 with content:


#ifndef G__VECTOR_HAS_CLASS_ITERATOR
  #define G__VECTOR_HAS_CLASS_ITERATOR 1
#endif
#ifndef ROOTCORE
  #define ROOTCORE 1
#endif
#ifndef ROOTCORE_RELEASE_SERIES
  #define ROOTCORE_RELEASE_SERIES 23
#endif
#ifndef ROOTCORE_TEST_FILE
  #define ROOTCORE_TEST_FILE "/afs/cern.ch/user/a/asgbase/patspace/xAODs/r6630/mc15_13TeV.410000.PowhegPythiaEvtGen_P2012_ttbar_hdamp172p5_nonallhad.recon.AOD.e3698_s2608_s2183_r6630_tid05352803_00/AOD.05352803._000242.pool.root.1"
#endif
#ifndef ROOTCORE_TEST_DATA
  #define ROOTCORE_TEST_DATA "/afs/cern.ch/user/a/asgbase/patspace/xAODs/r6630"
#endif
#ifndef ASG_TEST_FILE_DATA
  #define ASG_TEST_FILE_DATA "/afs/cern.ch/atlas/project/PAT/xAODs/p2410/data15_13TeV.00270448.physics_Main.merge.AOD.r6943_p2410/AOD.06297575._000522.pool.root.1"
#endif
#ifndef ASG_TEST_FILE_MC
  #define ASG_TEST_FILE_MC "/afs/cern.ch/user/a/asgbase/patspace/xAODs/r6630/mc15_13TeV.410000.PowhegPythiaEvtGen_P2012_ttbar_hdamp172p5_nonallhad.recon.AOD.e3698_s2608_s2183_r6630_tid05352803_00/AOD.05352803._000242.pool.root.1"
#endif
#ifndef XAOD_STANDALONE
  #define XAOD_STANDALONE 1
#endif
#ifndef XAOD_ANALYSIS
  #define XAOD_ANALYSIS 1
#endif
#ifndef ROOTCORE_PACKAGE
  #define ROOTCORE_PACKAGE "xAODMissingET"
#endif

#define _BACKWARD_BACKWARD_WARNING_H
// Dear emacs, this is -*- c++ -*-
// $Id: xAODMissingETDict.h 662681 2015-04-23 18:04:34Z khoo $
#ifndef XAODMISSINGET_XAODMISSINGETDICT_H
#define XAODMISSINGET_XAODMISSINGETDICT_H

// Needed to successfully generate the dictionary in standalone mode:
#if defined(__GCCXML__) and not defined(EIGEN_DONT_VECTORIZE)
#   define EIGEN_DONT_VECTORIZE
#endif // __GCCXML__

// System include(s):
#include <vector>

// EDM include(s):
#include "AthLinks/DataLink.h"
#include "AthLinks/ElementLink.h"

// Local include(s):
#include "xAODMissingET/MissingETContainer.h"
#include "xAODMissingET/MissingETAuxContainer.h"
#include "xAODMissingET/MissingETComponentMap.h"
#include "xAODMissingET/MissingETAuxComponentMap.h"
#include "xAODMissingET/MissingETAssociationMap.h"
#include "xAODMissingET/MissingETAuxAssociationMap.h"
#include "xAODMissingET/versions/MissingETBase.h"

namespace {
   struct GCCXML_DUMMY_INSTANTIATION_XAODMISSINGET {
      // Container(s):
      DataVector< xAOD::MissingET_v1 > c1;
      xAOD::MissingETContainer_v1 c2;
      DataVector< xAOD::MissingETComponent_v1 > c3;
      xAOD::MissingETComponentMap_v1 c4;
      DataVector< xAOD::MissingETAssociation_v1 > c5;
      xAOD::MissingETAssociationMap_v1 c6;
      // Smart pointer(s):
      DataLink< xAOD::MissingETContainer_v1 > dl1;
      std::vector< DataLink< xAOD::MissingETContainer_v1 > > dl2;
      ElementLink< xAOD::MissingETContainer_v1 > el1;
      std::vector< ElementLink< xAOD::MissingETContainer_v1 > > el2;
      std::vector< std::vector< ElementLink< xAOD::MissingETContainer_v1 > > > el3;
      DataLink< xAOD::MissingETComponentMap_v1 > dl3;
      std::vector< DataLink< xAOD::MissingETComponentMap_v1 > > dl4;
      ElementLink< xAOD::MissingETComponentMap_v1 > el4;
      std::vector< ElementLink< xAOD::MissingETComponentMap_v1 > > el5;
      std::vector< std::vector< ElementLink< xAOD::MissingETComponentMap_v1 > > > el6;
      DataLink< xAOD::MissingETAssociationMap_v1 > dl5;
      std::vector< DataLink< xAOD::MissingETAssociationMap_v1 > > dl6;
      ElementLink< xAOD::MissingETAssociationMap_v1 > el7;
      std::vector< ElementLink< xAOD::MissingETAssociationMap_v1 > > el8;
      std::vector< std::vector< ElementLink< xAOD::MissingETAssociationMap_v1 > > > el9;

      // Smart pointers needed for the correct generation of the auxiliary
      // class dictionaries:
      ElementLink< xAOD::IParticleContainer > el10;
      std::vector< ElementLink< xAOD::IParticleContainer > > el11;
      std::vector< std::vector< ElementLink< xAOD::IParticleContainer > > > el12;

      std::vector< MissingETBase::Types::bitmask_t > vec1;
      std::vector< unsigned long long > vec2;
      std::vector< std::vector< size_t > > vec3;
      std::vector< std::vector< unsigned char > > vec4;
      std::vector< std::vector< unsigned long long > > vec5;
      std::vector< std::vector< std::vector< size_t > > > vec6;
      std::vector< std::vector< std::vector< unsigned long > > > vec7;
      std::vector< std::vector< std::vector< unsigned char > > > vec8;
      std::vector< std::vector<std::vector<unsigned long long> > > vec9;
   };
}

#endif // XAODMISSINGET_XAODMISSINGETDICT_H

#undef  _BACKWARD_BACKWARD_WARNING_H

TClass::LoadClassInfo     ERROR   no interpreter information for class xAOD::MissingETAuxContainer_v1 is available eventhough it has a TClass initialization routine.
xAOD::TEvent::setUpDyn... WARNING Couldn't find setName(...) function for container MET_TruthAux.  (type: xAOD::MissingETAuxContainer_v1)
TInterpreter::AutoParse   ERROR   Error parsing payload code for class xAOD::JetAuxContainer_v1 with content:


#ifndef G__VECTOR_HAS_CLASS_ITERATOR
  #define G__VECTOR_HAS_CLASS_ITERATOR 1
#endif
#ifndef ROOTCORE
  #define ROOTCORE 1
#endif
#ifndef ROOTCORE_RELEASE_SERIES
  #define ROOTCORE_RELEASE_SERIES 23
#endif
#ifndef ROOTCORE_TEST_FILE
  #define ROOTCORE_TEST_FILE "/afs/cern.ch/user/a/asgbase/patspace/xAODs/r6630/mc15_13TeV.410000.PowhegPythiaEvtGen_P2012_ttbar_hdamp172p5_nonallhad.recon.AOD.e3698_s2608_s2183_r6630_tid05352803_00/AOD.05352803._000242.pool.root.1"
#endif
#ifndef ROOTCORE_TEST_DATA
  #define ROOTCORE_TEST_DATA "/afs/cern.ch/user/a/asgbase/patspace/xAODs/r6630"
#endif
#ifndef ASG_TEST_FILE_DATA
  #define ASG_TEST_FILE_DATA "/afs/cern.ch/atlas/project/PAT/xAODs/p2410/data15_13TeV.00270448.physics_Main.merge.AOD.r6943_p2410/AOD.06297575._000522.pool.root.1"
#endif
#ifndef ASG_TEST_FILE_MC
  #define ASG_TEST_FILE_MC "/afs/cern.ch/user/a/asgbase/patspace/xAODs/r6630/mc15_13TeV.410000.PowhegPythiaEvtGen_P2012_ttbar_hdamp172p5_nonallhad.recon.AOD.e3698_s2608_s2183_r6630_tid05352803_00/AOD.05352803._000242.pool.root.1"
#endif
#ifndef XAOD_STANDALONE
  #define XAOD_STANDALONE 1
#endif
#ifndef XAOD_ANALYSIS
  #define XAOD_ANALYSIS 1
#endif
#ifndef ROOTCORE_PACKAGE
  #define ROOTCORE_PACKAGE "xAODJet"
#endif

#define _BACKWARD_BACKWARD_WARNING_H
// Dear emacs, this is -*- c++ -*-
// $Id: xAODJetDict.h 658646 2015-04-02 10:29:26Z delsart $
#ifndef XAODJET_XAODJETDICT_H
#define XAODJET_XAODJETDICT_H

// Needed to successfully generate the dictionary in standalone mode:
#if defined(__GCCXML__) and not defined(EIGEN_DONT_VECTORIZE)
#   define EIGEN_DONT_VECTORIZE
#endif // __GCCXML__

// System include(s):
#include <vector>

// EDM include(s):
#include "AthLinks/DataLink.h"
#include "AthLinks/ElementLink.h"
#include "AthLinks/ElementLinkVector.h"

// Local include(s):
#include "xAODJet/JetContainer.h"
#include "xAODJet/versions/JetContainer_v1.h"
#include "xAODJet/versions/JetAuxContainer_v1.h"
#include "xAODJet/versions/JetTrigAuxContainer_v1.h"
#include "xAODJet/versions/Jet_v1.h"
#include "xAODJet/JetTypes.h"

namespace {
   struct GCCXML_DUMMY_INSTANTIATION_XAODJET {
      // Instantiate the container for gccxml:
      xAOD::JetContainer_v1 c1;

      // Smart pointers to Jet_v1:
      DataLink< xAOD::JetContainer_v1 > e1;
      std::vector< DataLink< xAOD::JetContainer_v1 > > e2;
      ElementLink< xAOD::JetContainer_v1 > e3;
      std::vector< ElementLink< xAOD::JetContainer_v1 > > e4;
      std::vector< std::vector< ElementLink< xAOD::JetContainer_v1 > > > e5;
      ElementLinkVector< xAOD::JetContainer_v1 > e6;
      std::vector< ElementLinkVector< xAOD::JetContainer_v1 > > e7;

      // Instantiations to create the EL member dictionaries correctly:
      xAOD::IParticleContainer pc1;
      ElementLink<xAOD::IParticleContainer> e10;

     std::pair<std::string,std::vector<const xAOD::IParticle*> > bug1;
     std::pair<std::string,std::vector<float> > bug2;
     std::pair<std::string,std::vector<std::vector<int> > > bug3;
     std::pair<std::string,std::vector<std::vector<float> > > bug4;

     // momentums     
     //xAOD::JetFourMom_t jet4mom;
     std::vector<xAOD::JetFourMom_t> vjet4mom;

     //std::vector<const xAOD::IParticle*> vpart; not yet : not sure this belongs elsewhere ?
     //
   };
}


template float xAOD::Jet_v1::getAttribute<float> (xAOD::JetAttribute::AttributeID) const ; 
template int xAOD::Jet_v1::getAttribute<int> (xAOD::JetAttribute::AttributeID) const ; 
template xAOD::JetFourMom_t xAOD::Jet_v1::getAttribute<xAOD::JetFourMom_t> (xAOD::JetAttribute::AttributeID) const ; 
template std::vector<float> xAOD::Jet_v1::getAttribute< std::vector<float> > (xAOD::JetAttribute::AttributeID) const ;
template std::vector<int> xAOD::Jet_v1::getAttribute< std::vector<int> > (xAOD::JetAttribute::AttributeID) const ;

template float xAOD::Jet_v1::getAttribute<float> (const std::string &) const ; 
template int xAOD::Jet_v1::getAttribute<int> (const std::string &) const ; 
template xAOD::JetFourMom_t xAOD::Jet_v1::getAttribute<xAOD::JetFourMom_t> (const std::string &) const ; 
template std::vector<float> xAOD::Jet_v1::getAttribute< std::vector<float> > (const std::string &) const ;
template std::vector<int> xAOD::Jet_v1::getAttribute< std::vector<int> > (const std::string &) const ;


template void xAOD::Jet_v1::setAttribute<float>(const std::string &, const float& ) ;
template void xAOD::Jet_v1::setAttribute<int>(const std::string &, const int& ) ;

template void xAOD::Jet_v1::setAttribute<std::vector<float> >(const std::string &, const std::vector<float>& ) ;
template void xAOD::Jet_v1::setAttribute<std::vector<int> >(const std::string &, const std::vector<int>& ) ;



template std::vector<const xAOD::IParticle*> xAOD::Jet_v1::getAssociatedObjects<xAOD::IParticle >( xAOD::JetAttribute::AssoParticlesID ) const;
template std::vector<const xAOD::IParticle*> xAOD::Jet_v1::getAssociatedObjects<xAOD::IParticle >( const std::string &  ) const ;

template void xAOD::Jet_v1::setAssociatedObjects<xAOD::IParticle >( const std::string &, const std::vector<const xAOD::IParticle*>& ) ;


template const xAOD::IParticle* xAOD::Jet_v1::getAssociatedObject<xAOD::IParticle>( const std::string &) const ;
template const xAOD::IParticle* xAOD::Jet_v1::getAssociatedObject<xAOD::IParticle>( xAOD::JetAttribute::AssoParticlesID ) const ;
template void xAOD::Jet_v1::setAssociatedObject<xAOD::IParticle>( const std::string &,  const xAOD::IParticle* ) ;



#endif // XAODJET_XAODJETDICT_H

#undef  _BACKWARD_BACKWARD_WARNING_H

TClass::LoadClassInfo     ERROR   no interpreter information for class xAOD::JetAuxContainer_v1 is available eventhough it has a TClass initialization routine.
xAOD::TEvent::setUpDyn... WARNING Couldn't find setName(...) function for container AntiKt4TruthJetsAux.  (type: xAOD::JetAuxContainer_v1)
total weighted event: 3160.28
pass at least 1 lepton cut: 1488.36
pass exactly 1 lepton cut: 1488.36
pass 200 MET cut: 0
pass 2 b-jet cut: 0
pass b-jets pt cut: 0
pass aMT2 cut: 0
pass close b-jet/MET: 0
pass mbb cut: 0
pass pT_lep / MET cut: 0
pass pT_lep cut: 0
 
total weighted event: 6367.66
pass at least 1 lepton cut: 2992.75
pass exactly 1 lepton cut: 2992.75
pass 200 MET cut: 0
pass 2 b-jet cut: 0
pass b-jets pt cut: 0
pass aMT2 cut: 0
pass close b-jet/MET: 0
pass mbb cut: 0
pass pT_lep / MET cut: 0
pass pT_lep cut: 0
 
total weighted event: 9542.67
pass at least 1 lepton cut: 4554.91
pass exactly 1 lepton cut: 4554.91
pass 200 MET cut: 0
pass 2 b-jet cut: 0
pass b-jets pt cut: 0
pass aMT2 cut: 0
pass close b-jet/MET: 0
pass mbb cut: 0
pass pT_lep / MET cut: 0
pass pT_lep cut: 0
 
total weighted event: 12736.2
pass at least 1 lepton cut: 6075.9
pass exactly 1 lepton cut: 6075.9
pass 200 MET cut: 0
pass 2 b-jet cut: 0
pass b-jets pt cut: 0
pass aMT2 cut: 0
pass close b-jet/MET: 0
pass mbb cut: 0
pass pT_lep / MET cut: 0
pass pT_lep cut: 0
 
total weighted event: 15822.6
pass at least 1 lepton cut: 7561.53
pass exactly 1 lepton cut: 7561.53
pass 200 MET cut: 0
pass 2 b-jet cut: 0
pass b-jets pt cut: 0
pass aMT2 cut: 0
pass close b-jet/MET: 0
pass mbb cut: 0
pass pT_lep / MET cut: 0
pass pT_lep cut: 0
 
total weighted event: 18975.8
pass at least 1 lepton cut: 9007.27
pass exactly 1 lepton cut: 9007.27
pass 200 MET cut: 0
pass 2 b-jet cut: 0
pass b-jets pt cut: 0
pass aMT2 cut: 0
pass close b-jet/MET: 0
pass mbb cut: 0
pass pT_lep / MET cut: 0
pass pT_lep cut: 0
 
total weighted event: 22085.4
pass at least 1 lepton cut: 10434.6
pass exactly 1 lepton cut: 10434.6
pass 200 MET cut: 0
pass 2 b-jet cut: 0
pass b-jets pt cut: 0
pass aMT2 cut: 0
pass close b-jet/MET: 0
pass mbb cut: 0
pass pT_lep / MET cut: 0
pass pT_lep cut: 0
 
total weighted event: 25244.9
pass at least 1 lepton cut: 11898.1
pass exactly 1 lepton cut: 11898.1
pass 200 MET cut: 0
pass 2 b-jet cut: 0
pass b-jets pt cut: 0
pass aMT2 cut: 0
pass close b-jet/MET: 0
pass mbb cut: 0
pass pT_lep / MET cut: 0
pass pT_lep cut: 0
 
total weighted event: 28242.6
pass at least 1 lepton cut: 13279.6
pass exactly 1 lepton cut: 13279.6
pass 200 MET cut: 0
pass 2 b-jet cut: 0
pass b-jets pt cut: 0
pass aMT2 cut: 0
pass close b-jet/MET: 0
pass mbb cut: 0
pass pT_lep / MET cut: 0
pass pT_lep cut: 0
 
total weighted event: 31499.4
pass at least 1 lepton cut: 14821.1
pass exactly 1 lepton cut: 14821.1
pass 200 MET cut: 0
pass 2 b-jet cut: 0
pass b-jets pt cut: 0
pass aMT2 cut: 0
pass close b-jet/MET: 0
pass mbb cut: 0
pass pT_lep / MET cut: 0
pass pT_lep cut: 0
 
total weighted event: 34721.1
pass at least 1 lepton cut: 16383.2
pass exactly 1 lepton cut: 16383.2
pass 200 MET cut: 0
pass 2 b-jet cut: 0
pass b-jets pt cut: 0
pass aMT2 cut: 0
pass close b-jet/MET: 0
pass mbb cut: 0
pass pT_lep / MET cut: 0
pass pT_lep cut: 0
 
total weighted event: 37888.1
pass at least 1 lepton cut: 17847.1
pass exactly 1 lepton cut: 17847.1
pass 200 MET cut: 0
pass 2 b-jet cut: 0
pass b-jets pt cut: 0
pass aMT2 cut: 0
pass close b-jet/MET: 0
pass mbb cut: 0
pass pT_lep / MET cut: 0
pass pT_lep cut: 0
 
total weighted event: 41072.5
pass at least 1 lepton cut: 19288.4
pass exactly 1 lepton cut: 19288.4
pass 200 MET cut: 0
pass 2 b-jet cut: 0
pass b-jets pt cut: 0
pass aMT2 cut: 0
pass close b-jet/MET: 0
pass mbb cut: 0
pass pT_lep / MET cut: 0
pass pT_lep cut: 0
 
total weighted event: 44159.4
pass at least 1 lepton cut: 20692.2
pass exactly 1 lepton cut: 20692.2
pass 200 MET cut: 0
pass 2 b-jet cut: 0
pass b-jets pt cut: 0
pass aMT2 cut: 0
pass close b-jet/MET: 0
pass mbb cut: 0
pass pT_lep / MET cut: 0
pass pT_lep cut: 0
 
total weighted event: 47204.1
pass at least 1 lepton cut: 22116.2
pass exactly 1 lepton cut: 22116.2
pass 200 MET cut: 0
pass 2 b-jet cut: 0
pass b-jets pt cut: 0
pass aMT2 cut: 0
pass close b-jet/MET: 0
pass mbb cut: 0
pass pT_lep / MET cut: 0
pass pT_lep cut: 0
 
total weighted event: 50266
pass at least 1 lepton cut: 23557.7
pass exactly 1 lepton cut: 23557.7
pass 200 MET cut: 0
pass 2 b-jet cut: 0
pass b-jets pt cut: 0
pass aMT2 cut: 0
pass close b-jet/MET: 0
pass mbb cut: 0
pass pT_lep / MET cut: 0
pass pT_lep cut: 0
 
total weighted event: 53272
pass at least 1 lepton cut: 24936.1
pass exactly 1 lepton cut: 24936.1
pass 200 MET cut: 0
pass 2 b-jet cut: 0
pass b-jets pt cut: 0
pass aMT2 cut: 0
pass close b-jet/MET: 0
pass mbb cut: 0
pass pT_lep / MET cut: 0
pass pT_lep cut: 0
 
total weighted event: 56363.7
pass at least 1 lepton cut: 26422.5
pass exactly 1 lepton cut: 26422.5
pass 200 MET cut: 0
pass 2 b-jet cut: 0
pass b-jets pt cut: 0
pass aMT2 cut: 0
pass close b-jet/MET: 0
pass mbb cut: 0
pass pT_lep / MET cut: 0
pass pT_lep cut: 0
 
total weighted event: 59441
pass at least 1 lepton cut: 27851.5
pass exactly 1 lepton cut: 27851.5
pass 200 MET cut: 0
pass 2 b-jet cut: 0
pass b-jets pt cut: 0
pass aMT2 cut: 0
pass close b-jet/MET: 0
pass mbb cut: 0
pass pT_lep / MET cut: 0
pass pT_lep cut: 0
 
total weighted event: 62542.9
pass at least 1 lepton cut: 29340
pass exactly 1 lepton cut: 29340
pass 200 MET cut: 0
pass 2 b-jet cut: 0
pass b-jets pt cut: 0
pass aMT2 cut: 0
pass close b-jet/MET: 0
pass mbb cut: 0
pass pT_lep / MET cut: 0
pass pT_lep cut: 0
 
total weighted event: 65610.2
pass at least 1 lepton cut: 30884
pass exactly 1 lepton cut: 30884
pass 200 MET cut: 0
pass 2 b-jet cut: 0
pass b-jets pt cut: 0
pass aMT2 cut: 0
pass close b-jet/MET: 0
pass mbb cut: 0
pass pT_lep / MET cut: 0
pass pT_lep cut: 0
 
total weighted event: 68692.3
pass at least 1 lepton cut: 32292.9
pass exactly 1 lepton cut: 32292.9
pass 200 MET cut: -3.10961
pass 2 b-jet cut: 0
pass b-jets pt cut: 0
pass aMT2 cut: 0
pass close b-jet/MET: 0
pass mbb cut: 0
pass pT_lep / MET cut: 0
pass pT_lep cut: 0
 
total weighted event: 71829.8
pass at least 1 lepton cut: 33757.2
pass exactly 1 lepton cut: 33757.2
pass 200 MET cut: -3.10961
pass 2 b-jet cut: 0
pass b-jets pt cut: 0
pass aMT2 cut: 0
pass close b-jet/MET: 0
pass mbb cut: 0
pass pT_lep / MET cut: 0
pass pT_lep cut: 0
 
total weighted event: 74917.6
pass at least 1 lepton cut: 35206.6
pass exactly 1 lepton cut: 35206.6
pass 200 MET cut: -3.10961
pass 2 b-jet cut: 0
pass b-jets pt cut: 0
pass aMT2 cut: 0
pass close b-jet/MET: 0
pass mbb cut: 0
pass pT_lep / MET cut: 0
pass pT_lep cut: 0
 
total weighted event: 78004.2
pass at least 1 lepton cut: 36652.3
pass exactly 1 lepton cut: 36652.3
pass 200 MET cut: -3.10961
pass 2 b-jet cut: 0
pass b-jets pt cut: 0
pass aMT2 cut: 0
pass close b-jet/MET: 0
pass mbb cut: 0
pass pT_lep / MET cut: 0
pass pT_lep cut: 0
 
total weighted event: 81122.1
pass at least 1 lepton cut: 38167.2
pass exactly 1 lepton cut: 38167.2
pass 200 MET cut: -3.10961
pass 2 b-jet cut: 0
pass b-jets pt cut: 0
pass aMT2 cut: 0
pass close b-jet/MET: 0
pass mbb cut: 0
pass pT_lep / MET cut: 0
pass pT_lep cut: 0
 
total weighted event: 84192.6
pass at least 1 lepton cut: 39649.6
pass exactly 1 lepton cut: 39649.6
pass 200 MET cut: -3.10961
pass 2 b-jet cut: 0
pass b-jets pt cut: 0
pass aMT2 cut: 0
pass close b-jet/MET: 0
pass mbb cut: 0
pass pT_lep / MET cut: 0
pass pT_lep cut: 0
 
total weighted event: 87315.6
pass at least 1 lepton cut: 41186.4
pass exactly 1 lepton cut: 41186.4
pass 200 MET cut: -3.10961
pass 2 b-jet cut: 0
pass b-jets pt cut: 0
pass aMT2 cut: 0
pass close b-jet/MET: 0
pass mbb cut: 0
pass pT_lep / MET cut: 0
pass pT_lep cut: 0
 
total weighted event: 90536.3
pass at least 1 lepton cut: 42749.2
pass exactly 1 lepton cut: 42749.2
pass 200 MET cut: -3.10961
pass 2 b-jet cut: 0
pass b-jets pt cut: 0
pass aMT2 cut: 0
pass close b-jet/MET: 0
pass mbb cut: 0
pass pT_lep / MET cut: 0
pass pT_lep cut: 0
 
total weighted event: 93468
pass at least 1 lepton cut: 44206.3
pass exactly 1 lepton cut: 44206.3
pass 200 MET cut: -3.10961
pass 2 b-jet cut: 0
pass b-jets pt cut: 0
pass aMT2 cut: 0
pass close b-jet/MET: 0
pass mbb cut: 0
pass pT_lep / MET cut: 0
pass pT_lep cut: 0
 
total weighted event: 96624
pass at least 1 lepton cut: 45727.3
pass exactly 1 lepton cut: 45727.3
pass 200 MET cut: -3.10961
pass 2 b-jet cut: 0
pass b-jets pt cut: 0
pass aMT2 cut: 0
pass close b-jet/MET: 0
pass mbb cut: 0
pass pT_lep / MET cut: 0
pass pT_lep cut: 0
 
total weighted event: 99673.6
pass at least 1 lepton cut: 47203
pass exactly 1 lepton cut: 47203
pass 200 MET cut: -3.10961
pass 2 b-jet cut: 0
pass b-jets pt cut: 0
pass aMT2 cut: 0
pass close b-jet/MET: 0
pass mbb cut: 0
pass pT_lep / MET cut: 0
pass pT_lep cut: 0
 
total weighted event: 102780
pass at least 1 lepton cut: 48689.1
pass exactly 1 lepton cut: 48689.1
pass 200 MET cut: -3.10961
pass 2 b-jet cut: 0
pass b-jets pt cut: 0
pass aMT2 cut: 0
pass close b-jet/MET: 0
pass mbb cut: 0
pass pT_lep / MET cut: 0
pass pT_lep cut: 0
 
total weighted event: 105966
pass at least 1 lepton cut: 50200.7
pass exactly 1 lepton cut: 50200.7
pass 200 MET cut: -3.10961
pass 2 b-jet cut: 0
pass b-jets pt cut: 0
pass aMT2 cut: 0
pass close b-jet/MET: 0
pass mbb cut: 0
pass pT_lep / MET cut: 0
pass pT_lep cut: 0
 
total weighted event: 109039
pass at least 1 lepton cut: 51621
pass exactly 1 lepton cut: 51621
pass 200 MET cut: -3.10961
pass 2 b-jet cut: 0
pass b-jets pt cut: 0
pass aMT2 cut: 0
pass close b-jet/MET: 0
pass mbb cut: 0
pass pT_lep / MET cut: 0
pass pT_lep cut: 0
 
total weighted event: 112171
pass at least 1 lepton cut: 53081.5
pass exactly 1 lepton cut: 53081.5
pass 200 MET cut: -3.10961
pass 2 b-jet cut: 0
pass b-jets pt cut: 0
pass aMT2 cut: 0
pass close b-jet/MET: 0
pass mbb cut: 0
pass pT_lep / MET cut: 0
pass pT_lep cut: 0
 
total weighted event: 115328
pass at least 1 lepton cut: 54539.4
pass exactly 1 lepton cut: 54539.4
pass 200 MET cut: -3.10961
pass 2 b-jet cut: 0
pass b-jets pt cut: 0
pass aMT2 cut: 0
pass close b-jet/MET: 0
pass mbb cut: 0
pass pT_lep / MET cut: 0
pass pT_lep cut: 0
 
total weighted event: 118530
pass at least 1 lepton cut: 56060.3
pass exactly 1 lepton cut: 56060.3
pass 200 MET cut: -3.10961
pass 2 b-jet cut: 0
pass b-jets pt cut: 0
pass aMT2 cut: 0
pass close b-jet/MET: 0
pass mbb cut: 0
pass pT_lep / MET cut: 0
pass pT_lep cut: 0
 
total weighted event: 121681
pass at least 1 lepton cut: 57561.1
pass exactly 1 lepton cut: 57561.1
pass 200 MET cut: -3.10961
pass 2 b-jet cut: 0
pass b-jets pt cut: 0
pass aMT2 cut: 0
pass close b-jet/MET: 0
pass mbb cut: 0
pass pT_lep / MET cut: 0
pass pT_lep cut: 0
 
total weighted event: 124837
pass at least 1 lepton cut: 59041.4
pass exactly 1 lepton cut: 59041.4
pass 200 MET cut: -3.10961
pass 2 b-jet cut: 0
pass b-jets pt cut: 0
pass aMT2 cut: 0
pass close b-jet/MET: 0
pass mbb cut: 0
pass pT_lep / MET cut: 0
pass pT_lep cut: 0
 
total weighted event: 127720
pass at least 1 lepton cut: 60198.7
pass exactly 1 lepton cut: 60198.7
pass 200 MET cut: -3.10961
pass 2 b-jet cut: 0
pass b-jets pt cut: 0
pass aMT2 cut: 0
pass close b-jet/MET: 0
pass mbb cut: 0
pass pT_lep / MET cut: 0
pass pT_lep cut: 0
 
total weighted event: 130773
pass at least 1 lepton cut: 61669.5
pass exactly 1 lepton cut: 61669.5
pass 200 MET cut: -3.10961
pass 2 b-jet cut: 0
pass b-jets pt cut: 0
pass aMT2 cut: 0
pass close b-jet/MET: 0
pass mbb cut: 0
pass pT_lep / MET cut: 0
pass pT_lep cut: 0
 
total weighted event: 133840
pass at least 1 lepton cut: 63098.6
pass exactly 1 lepton cut: 63098.6
pass 200 MET cut: -3.10961
pass 2 b-jet cut: 0
pass b-jets pt cut: 0
pass aMT2 cut: 0
pass close b-jet/MET: 0
pass mbb cut: 0
pass pT_lep / MET cut: 0
pass pT_lep cut: 0
 
total weighted event: 136857
pass at least 1 lepton cut: 64451.3
pass exactly 1 lepton cut: 64451.3
pass 200 MET cut: -3.10961
pass 2 b-jet cut: 0
pass b-jets pt cut: 0
pass aMT2 cut: 0
pass close b-jet/MET: 0
pass mbb cut: 0
pass pT_lep / MET cut: 0
pass pT_lep cut: 0
 
total weighted event: 139938
pass at least 1 lepton cut: 65923.6
pass exactly 1 lepton cut: 65923.6
pass 200 MET cut: -3.10961
pass 2 b-jet cut: 0
pass b-jets pt cut: 0
pass aMT2 cut: 0
pass close b-jet/MET: 0
pass mbb cut: 0
pass pT_lep / MET cut: 0
pass pT_lep cut: 0
 
total weighted event: 143134
pass at least 1 lepton cut: 67420.4
pass exactly 1 lepton cut: 67420.4
pass 200 MET cut: -3.10961
pass 2 b-jet cut: 0
pass b-jets pt cut: 0
pass aMT2 cut: 0
pass close b-jet/MET: 0
pass mbb cut: 0
pass pT_lep / MET cut: 0
pass pT_lep cut: 0
 
total weighted event: 146126
pass at least 1 lepton cut: 68830.8
pass exactly 1 lepton cut: 68830.8
pass 200 MET cut: -3.10961
pass 2 b-jet cut: 0
pass b-jets pt cut: 0
pass aMT2 cut: 0
pass close b-jet/MET: 0
pass mbb cut: 0
pass pT_lep / MET cut: 0
pass pT_lep cut: 0
 
total weighted event: 149192
pass at least 1 lepton cut: 70291.9
pass exactly 1 lepton cut: 70291.9
pass 200 MET cut: -3.10961
pass 2 b-jet cut: 0
pass b-jets pt cut: 0
pass aMT2 cut: 0
pass close b-jet/MET: 0
pass mbb cut: 0
pass pT_lep / MET cut: 0
pass pT_lep cut: 0
 
total weighted event: 152332
pass at least 1 lepton cut: 71758.2
pass exactly 1 lepton cut: 71758.2
pass 200 MET cut: -3.10961
pass 2 b-jet cut: 0
pass b-jets pt cut: 0
pass aMT2 cut: 0
pass close b-jet/MET: 0
pass mbb cut: 0
pass pT_lep / MET cut: 0
pass pT_lep cut: 0
 
total weighted event: 155361
pass at least 1 lepton cut: 73184.2
pass exactly 1 lepton cut: 73184.2
pass 200 MET cut: -3.10961
pass 2 b-jet cut: 0
pass b-jets pt cut: 0
pass aMT2 cut: 0
pass close b-jet/MET: 0
pass mbb cut: 0
pass pT_lep / MET cut: 0
pass pT_lep cut: 0
 
total weighted event: 158478
pass at least 1 lepton cut: 74682.1
pass exactly 1 lepton cut: 74682.1
pass 200 MET cut: -3.10961
pass 2 b-jet cut: 0
pass b-jets pt cut: 0
pass aMT2 cut: 0
pass close b-jet/MET: 0
pass mbb cut: 0
pass pT_lep / MET cut: 0
pass pT_lep cut: 0
 
total weighted event: 161416
pass at least 1 lepton cut: 76105.9
pass exactly 1 lepton cut: 76105.9
pass 200 MET cut: -3.10961
pass 2 b-jet cut: 0
pass b-jets pt cut: 0
pass aMT2 cut: 0
pass close b-jet/MET: 0
pass mbb cut: 0
pass pT_lep / MET cut: 0
pass pT_lep cut: 0
 
total weighted event: 164576
pass at least 1 lepton cut: 77601.3
pass exactly 1 lepton cut: 77601.3
pass 200 MET cut: -3.10961
pass 2 b-jet cut: 0
pass b-jets pt cut: 0
pass aMT2 cut: 0
pass close b-jet/MET: 0
pass mbb cut: 0
pass pT_lep / MET cut: 0
pass pT_lep cut: 0
 
total weighted event: 167716
pass at least 1 lepton cut: 79060.5
pass exactly 1 lepton cut: 79060.5
pass 200 MET cut: -3.10961
pass 2 b-jet cut: 0
pass b-jets pt cut: 0
pass aMT2 cut: 0
pass close b-jet/MET: 0
pass mbb cut: 0
pass pT_lep / MET cut: 0
pass pT_lep cut: 0
 
total weighted event: 170767
pass at least 1 lepton cut: 80464.8
pass exactly 1 lepton cut: 80464.8
pass 200 MET cut: -3.10961
pass 2 b-jet cut: 0
pass b-jets pt cut: 0
pass aMT2 cut: 0
pass close b-jet/MET: 0
pass mbb cut: 0
pass pT_lep / MET cut: 0
pass pT_lep cut: 0
 
total weighted event: 173875
pass at least 1 lepton cut: 81979
pass exactly 1 lepton cut: 81979
pass 200 MET cut: -3.10961
pass 2 b-jet cut: 0
pass b-jets pt cut: 0
pass aMT2 cut: 0
pass close b-jet/MET: 0
pass mbb cut: 0
pass pT_lep / MET cut: 0
pass pT_lep cut: 0
 
total weighted event: 176978
pass at least 1 lepton cut: 83478.8
pass exactly 1 lepton cut: 83478.8
pass 200 MET cut: -3.10961
pass 2 b-jet cut: 0
pass b-jets pt cut: 0
pass aMT2 cut: 0
pass close b-jet/MET: 0
pass mbb cut: 0
pass pT_lep / MET cut: 0
pass pT_lep cut: 0
 
total weighted event: 180066
pass at least 1 lepton cut: 84901.1
pass exactly 1 lepton cut: 84901.1
pass 200 MET cut: -3.10961
pass 2 b-jet cut: 0
pass b-jets pt cut: 0
pass aMT2 cut: 0
pass close b-jet/MET: 0
pass mbb cut: 0
pass pT_lep / MET cut: 0
pass pT_lep cut: 0
 
total weighted event: 183073
pass at least 1 lepton cut: 86455.4
pass exactly 1 lepton cut: 86455.4
pass 200 MET cut: -3.10961
pass 2 b-jet cut: 0
pass b-jets pt cut: 0
pass aMT2 cut: 0
pass close b-jet/MET: 0
pass mbb cut: 0
pass pT_lep / MET cut: 0
pass pT_lep cut: 0
 
total weighted event: 186248
pass at least 1 lepton cut: 87995.9
pass exactly 1 lepton cut: 87995.9
pass 200 MET cut: -3.10961
pass 2 b-jet cut: 0
pass b-jets pt cut: 0
pass aMT2 cut: 0
pass close b-jet/MET: 0
pass mbb cut: 0
pass pT_lep / MET cut: 0
pass pT_lep cut: 0
 
total weighted event: 189302
pass at least 1 lepton cut: 89421.2
pass exactly 1 lepton cut: 89421.2
pass 200 MET cut: -3.10961
pass 2 b-jet cut: 0
pass b-jets pt cut: 0
pass aMT2 cut: 0
pass close b-jet/MET: 0
pass mbb cut: 0
pass pT_lep / MET cut: 0
pass pT_lep cut: 0
 
total weighted event: 192408
pass at least 1 lepton cut: 90871
pass exactly 1 lepton cut: 90871
pass 200 MET cut: -3.10961
pass 2 b-jet cut: 0
pass b-jets pt cut: 0
pass aMT2 cut: 0
pass close b-jet/MET: 0
pass mbb cut: 0
pass pT_lep / MET cut: 0
pass pT_lep cut: 0
 
total weighted event: 195540
pass at least 1 lepton cut: 92282.6
pass exactly 1 lepton cut: 92282.6
pass 200 MET cut: -3.10961
pass 2 b-jet cut: 0
pass b-jets pt cut: 0
pass aMT2 cut: 0
pass close b-jet/MET: 0
pass mbb cut: 0
pass pT_lep / MET cut: 0
pass pT_lep cut: 0
 
total weighted event: 198723
pass at least 1 lepton cut: 93834.8
pass exactly 1 lepton cut: 93834.8
pass 200 MET cut: -3.10961
pass 2 b-jet cut: 0
pass b-jets pt cut: 0
pass aMT2 cut: 0
pass close b-jet/MET: 0
pass mbb cut: 0
pass pT_lep / MET cut: 0
pass pT_lep cut: 0
 
total weighted event: 201852
pass at least 1 lepton cut: 95302.2
pass exactly 1 lepton cut: 95302.2
pass 200 MET cut: -3.10961
pass 2 b-jet cut: 0
pass b-jets pt cut: 0
pass aMT2 cut: 0
pass close b-jet/MET: 0
pass mbb cut: 0
pass pT_lep / MET cut: 0
pass pT_lep cut: 0
 
total weighted event: 204996
pass at least 1 lepton cut: 96800.4
pass exactly 1 lepton cut: 96800.4
pass 200 MET cut: -3.10961
pass 2 b-jet cut: 0
pass b-jets pt cut: 0
pass aMT2 cut: 0
pass close b-jet/MET: 0
pass mbb cut: 0
pass pT_lep / MET cut: 0
pass pT_lep cut: 0
 
total weighted event: 208143
pass at least 1 lepton cut: 98265.6
pass exactly 1 lepton cut: 98265.6
pass 200 MET cut: -3.10961
pass 2 b-jet cut: 0
pass b-jets pt cut: 0
pass aMT2 cut: 0
pass close b-jet/MET: 0
pass mbb cut: 0
pass pT_lep / MET cut: 0
pass pT_lep cut: 0
 
total weighted event: 211376
pass at least 1 lepton cut: 99664.1
pass exactly 1 lepton cut: 99664.1
pass 200 MET cut: -3.10961
pass 2 b-jet cut: 0
pass b-jets pt cut: 0
pass aMT2 cut: 0
pass close b-jet/MET: 0
pass mbb cut: 0
pass pT_lep / MET cut: 0
pass pT_lep cut: 0
 
total weighted event: 214462
pass at least 1 lepton cut: 101169
pass exactly 1 lepton cut: 101169
pass 200 MET cut: -3.10961
pass 2 b-jet cut: 0
pass b-jets pt cut: 0
pass aMT2 cut: 0
pass close b-jet/MET: 0
pass mbb cut: 0
pass pT_lep / MET cut: 0
pass pT_lep cut: 0
 
total weighted event: 217574
pass at least 1 lepton cut: 102653
pass exactly 1 lepton cut: 102653
pass 200 MET cut: -3.10961
pass 2 b-jet cut: 0
pass b-jets pt cut: 0
pass aMT2 cut: 0
pass close b-jet/MET: 0
pass mbb cut: 0
pass pT_lep / MET cut: 0
pass pT_lep cut: 0
 
total weighted event: 220698
pass at least 1 lepton cut: 104200
pass exactly 1 lepton cut: 104200
pass 200 MET cut: -3.10961
pass 2 b-jet cut: 0
pass b-jets pt cut: 0
pass aMT2 cut: 0
pass close b-jet/MET: 0
pass mbb cut: 0
pass pT_lep / MET cut: 0
pass pT_lep cut: 0
 
total weighted event: 223783
pass at least 1 lepton cut: 105652
pass exactly 1 lepton cut: 105652
pass 200 MET cut: -3.10961
pass 2 b-jet cut: 0
pass b-jets pt cut: 0
pass aMT2 cut: 0
pass close b-jet/MET: 0
pass mbb cut: 0
pass pT_lep / MET cut: 0
pass pT_lep cut: 0
 
total weighted event: 226925
pass at least 1 lepton cut: 107214
pass exactly 1 lepton cut: 107214
pass 200 MET cut: -3.10961
pass 2 b-jet cut: 0
pass b-jets pt cut: 0
pass aMT2 cut: 0
pass close b-jet/MET: 0
pass mbb cut: 0
pass pT_lep / MET cut: 0
pass pT_lep cut: 0
 
total weighted event: 230064
pass at least 1 lepton cut: 108743
pass exactly 1 lepton cut: 108743
pass 200 MET cut: -3.10961
pass 2 b-jet cut: 0
pass b-jets pt cut: 0
pass aMT2 cut: 0
pass close b-jet/MET: 0
pass mbb cut: 0
pass pT_lep / MET cut: 0
pass pT_lep cut: 0
 
total weighted event: 233305
pass at least 1 lepton cut: 110275
pass exactly 1 lepton cut: 110275
pass 200 MET cut: -3.10961
pass 2 b-jet cut: 0
pass b-jets pt cut: 0
pass aMT2 cut: 0
pass close b-jet/MET: 0
pass mbb cut: 0
pass pT_lep / MET cut: 0
pass pT_lep cut: 0
 
total weighted event: 236417
pass at least 1 lepton cut: 111756
pass exactly 1 lepton cut: 111756
pass 200 MET cut: -3.10961
pass 2 b-jet cut: 0
pass b-jets pt cut: 0
pass aMT2 cut: 0
pass close b-jet/MET: 0
pass mbb cut: 0
pass pT_lep / MET cut: 0
pass pT_lep cut: 0
 
total weighted event: 239582
pass at least 1 lepton cut: 113191
pass exactly 1 lepton cut: 113191
pass 200 MET cut: -3.10961
pass 2 b-jet cut: 0
pass b-jets pt cut: 0
pass aMT2 cut: 0
pass close b-jet/MET: 0
pass mbb cut: 0
pass pT_lep / MET cut: 0
pass pT_lep cut: 0
 
total weighted event: 242732
pass at least 1 lepton cut: 114734
pass exactly 1 lepton cut: 114734
pass 200 MET cut: -3.10961
pass 2 b-jet cut: 0
pass b-jets pt cut: 0
pass aMT2 cut: 0
pass close b-jet/MET: 0
pass mbb cut: 0
pass pT_lep / MET cut: 0
pass pT_lep cut: 0
 
total weighted event: 245838
pass at least 1 lepton cut: 116201
pass exactly 1 lepton cut: 116201
pass 200 MET cut: -3.10961
pass 2 b-jet cut: 0
pass b-jets pt cut: 0
pass aMT2 cut: 0
pass close b-jet/MET: 0
pass mbb cut: 0
pass pT_lep / MET cut: 0
pass pT_lep cut: 0
 
total weighted event: 248884
pass at least 1 lepton cut: 117629
pass exactly 1 lepton cut: 117629
pass 200 MET cut: -3.10961
pass 2 b-jet cut: 0
pass b-jets pt cut: 0
pass aMT2 cut: 0
pass close b-jet/MET: 0
pass mbb cut: 0
pass pT_lep / MET cut: 0
pass pT_lep cut: 0
 
total weighted event: 251957
pass at least 1 lepton cut: 119159
pass exactly 1 lepton cut: 119159
pass 200 MET cut: -3.10961
pass 2 b-jet cut: 0
pass b-jets pt cut: 0
pass aMT2 cut: 0
pass close b-jet/MET: 0
pass mbb cut: 0
pass pT_lep / MET cut: 0
pass pT_lep cut: 0
 
total weighted event: 254991
pass at least 1 lepton cut: 120625
pass exactly 1 lepton cut: 120625
pass 200 MET cut: -3.10961
pass 2 b-jet cut: 0
pass b-jets pt cut: 0
pass aMT2 cut: 0
pass close b-jet/MET: 0
pass mbb cut: 0
pass pT_lep / MET cut: 0
pass pT_lep cut: 0
 
total weighted event: 258153
pass at least 1 lepton cut: 122096
pass exactly 1 lepton cut: 122096
pass 200 MET cut: -3.10961
pass 2 b-jet cut: 0
pass b-jets pt cut: 0
pass aMT2 cut: 0
pass close b-jet/MET: 0
pass mbb cut: 0
pass pT_lep / MET cut: 0
pass pT_lep cut: 0
 
total weighted event: 261304
pass at least 1 lepton cut: 123517
pass exactly 1 lepton cut: 123517
pass 200 MET cut: -3.10961
pass 2 b-jet cut: 0
pass b-jets pt cut: 0
pass aMT2 cut: 0
pass close b-jet/MET: 0
pass mbb cut: 0
pass pT_lep / MET cut: 0
pass pT_lep cut: 0
 
total weighted event: 264401
pass at least 1 lepton cut: 124999
pass exactly 1 lepton cut: 124999
pass 200 MET cut: -3.10961
pass 2 b-jet cut: 0
pass b-jets pt cut: 0
pass aMT2 cut: 0
pass close b-jet/MET: 0
pass mbb cut: 0
pass pT_lep / MET cut: 0
pass pT_lep cut: 0
 
total weighted event: 267612
pass at least 1 lepton cut: 126525
pass exactly 1 lepton cut: 126525
pass 200 MET cut: -3.10961
pass 2 b-jet cut: 0
pass b-jets pt cut: 0
pass aMT2 cut: 0
pass close b-jet/MET: 0
pass mbb cut: 0
pass pT_lep / MET cut: 0
pass pT_lep cut: 0
 
total weighted event: 270719
pass at least 1 lepton cut: 128031
pass exactly 1 lepton cut: 128031
pass 200 MET cut: -1.97471
pass 2 b-jet cut: 0
pass b-jets pt cut: 0
pass aMT2 cut: 0
pass close b-jet/MET: 0
pass mbb cut: 0
pass pT_lep / MET cut: 0
pass pT_lep cut: 0
 
total weighted event: 273808
pass at least 1 lepton cut: 129473
pass exactly 1 lepton cut: 129473
pass 200 MET cut: 0.178466
pass 2 b-jet cut: 0
pass b-jets pt cut: 0
pass aMT2 cut: 0
pass close b-jet/MET: 0
pass mbb cut: 0
pass pT_lep / MET cut: 0
pass pT_lep cut: 0
 
total weighted event: 276843
pass at least 1 lepton cut: 130909
pass exactly 1 lepton cut: 130909
pass 200 MET cut: 1.17847
pass 2 b-jet cut: 0
pass b-jets pt cut: 0
pass aMT2 cut: 0
pass close b-jet/MET: 0
pass mbb cut: 0
pass pT_lep / MET cut: 0
pass pT_lep cut: 0
 
total weighted event: 279405
pass at least 1 lepton cut: 131801
pass exactly 1 lepton cut: 131801
pass 200 MET cut: 1.17847
pass 2 b-jet cut: 0
pass b-jets pt cut: 0
pass aMT2 cut: 0
pass close b-jet/MET: 0
pass mbb cut: 0
pass pT_lep / MET cut: 0
pass pT_lep cut: 0
 
total weighted event: 282585
pass at least 1 lepton cut: 133283
pass exactly 1 lepton cut: 133283
pass 200 MET cut: 1.17847
pass 2 b-jet cut: 0
pass b-jets pt cut: 0
pass aMT2 cut: 0
pass close b-jet/MET: 0
pass mbb cut: 0
pass pT_lep / MET cut: 0
pass pT_lep cut: 0
 
total weighted event: 285719
pass at least 1 lepton cut: 134791
pass exactly 1 lepton cut: 134791
pass 200 MET cut: 1.17847
pass 2 b-jet cut: 0
pass b-jets pt cut: 0
pass aMT2 cut: 0
pass close b-jet/MET: 0
pass mbb cut: 0
pass pT_lep / MET cut: 0
pass pT_lep cut: 0
 
total weighted event: 288851
pass at least 1 lepton cut: 136299
pass exactly 1 lepton cut: 136299
pass 200 MET cut: 1.17847
pass 2 b-jet cut: 0
pass b-jets pt cut: 0
pass aMT2 cut: 0
pass close b-jet/MET: 0
pass mbb cut: 0
pass pT_lep / MET cut: 0
pass pT_lep cut: 0
 
total weighted event: 291900
pass at least 1 lepton cut: 137735
pass exactly 1 lepton cut: 137735
pass 200 MET cut: 1.17847
pass 2 b-jet cut: 0
pass b-jets pt cut: 0
pass aMT2 cut: 0
pass close b-jet/MET: 0
pass mbb cut: 0
pass pT_lep / MET cut: 0
pass pT_lep cut: 0
 
total weighted event: 295037
pass at least 1 lepton cut: 139239
pass exactly 1 lepton cut: 139239
pass 200 MET cut: 1.17847
pass 2 b-jet cut: 0
pass b-jets pt cut: 0
pass aMT2 cut: 0
pass close b-jet/MET: 0
pass mbb cut: 0
pass pT_lep / MET cut: 0
pass pT_lep cut: 0
 
total weighted event: 298203
pass at least 1 lepton cut: 140806
pass exactly 1 lepton cut: 140806
pass 200 MET cut: 1.17847
pass 2 b-jet cut: 0
pass b-jets pt cut: 0
pass aMT2 cut: 0
pass close b-jet/MET: 0
pass mbb cut: 0
pass pT_lep / MET cut: 0
pass pT_lep cut: 0
 
worker finished:
Real time 0:15:23, CP time 592.920
xAOD::TFileAccessTracer   INFO    Sending file access statistics to http://rucio-lb-prod.cern.ch:18762/traces/
