000 (1739701.000.000) 08/29 09:17:35 Job submitted from host: <128.91.77.183:9766?addrs=128.91.77.183-9766>
...
000 (1739701.001.000) 08/29 09:17:35 Job submitted from host: <128.91.77.183:9766?addrs=128.91.77.183-9766>
...
000 (1739701.002.000) 08/29 09:17:35 Job submitted from host: <128.91.77.183:9766?addrs=128.91.77.183-9766>
...
000 (1739701.003.000) 08/29 09:17:35 Job submitted from host: <128.91.77.183:9766?addrs=128.91.77.183-9766>
...
000 (1739701.004.000) 08/29 09:17:35 Job submitted from host: <128.91.77.183:9766?addrs=128.91.77.183-9766>
...
000 (1739701.005.000) 08/29 09:17:35 Job submitted from host: <128.91.77.183:9766?addrs=128.91.77.183-9766>
...
000 (1739701.006.000) 08/29 09:17:35 Job submitted from host: <128.91.77.183:9766?addrs=128.91.77.183-9766>
...
000 (1739701.007.000) 08/29 09:17:35 Job submitted from host: <128.91.77.183:9766?addrs=128.91.77.183-9766>
...
000 (1739701.008.000) 08/29 09:17:35 Job submitted from host: <128.91.77.183:9766?addrs=128.91.77.183-9766>
...
000 (1739701.009.000) 08/29 09:17:35 Job submitted from host: <128.91.77.183:9766?addrs=128.91.77.183-9766>
...
000 (1739701.010.000) 08/29 09:17:35 Job submitted from host: <128.91.77.183:9766?addrs=128.91.77.183-9766>
...
000 (1739701.011.000) 08/29 09:17:35 Job submitted from host: <128.91.77.183:9766?addrs=128.91.77.183-9766>
...
000 (1739701.012.000) 08/29 09:17:35 Job submitted from host: <128.91.77.183:9766?addrs=128.91.77.183-9766>
...
000 (1739701.013.000) 08/29 09:17:35 Job submitted from host: <128.91.77.183:9766?addrs=128.91.77.183-9766>
...
000 (1739701.014.000) 08/29 09:17:35 Job submitted from host: <128.91.77.183:9766?addrs=128.91.77.183-9766>
...
000 (1739701.015.000) 08/29 09:17:35 Job submitted from host: <128.91.77.183:9766?addrs=128.91.77.183-9766>
...
000 (1739701.016.000) 08/29 09:17:35 Job submitted from host: <128.91.77.183:9766?addrs=128.91.77.183-9766>
...
000 (1739701.017.000) 08/29 09:17:35 Job submitted from host: <128.91.77.183:9766?addrs=128.91.77.183-9766>
...
000 (1739701.018.000) 08/29 09:17:35 Job submitted from host: <128.91.77.183:9766?addrs=128.91.77.183-9766>
...
000 (1739701.019.000) 08/29 09:17:35 Job submitted from host: <128.91.77.183:9766?addrs=128.91.77.183-9766>
...
000 (1739701.020.000) 08/29 09:17:35 Job submitted from host: <128.91.77.183:9766?addrs=128.91.77.183-9766>
...
000 (1739701.021.000) 08/29 09:17:35 Job submitted from host: <128.91.77.183:9766?addrs=128.91.77.183-9766>
...
000 (1739701.022.000) 08/29 09:17:35 Job submitted from host: <128.91.77.183:9766?addrs=128.91.77.183-9766>
...
000 (1739701.023.000) 08/29 09:17:35 Job submitted from host: <128.91.77.183:9766?addrs=128.91.77.183-9766>
...
000 (1739701.024.000) 08/29 09:17:35 Job submitted from host: <128.91.77.183:9766?addrs=128.91.77.183-9766>
...
000 (1739701.025.000) 08/29 09:17:35 Job submitted from host: <128.91.77.183:9766?addrs=128.91.77.183-9766>
...
001 (1739701.001.000) 08/29 09:18:30 Job executing on host: <192.168.64.191:9442>
...
001 (1739701.002.000) 08/29 09:18:30 Job executing on host: <192.168.64.187:9226>
...
001 (1739701.024.000) 08/29 09:18:30 Job executing on host: <192.168.64.187:9226>
...
001 (1739701.006.000) 08/29 09:18:30 Job executing on host: <192.168.64.198:9568>
...
001 (1739701.016.000) 08/29 09:18:30 Job executing on host: <192.168.64.198:9568>
...
001 (1739701.004.000) 08/29 09:18:30 Job executing on host: <192.168.64.197:9770>
...
001 (1739701.014.000) 08/29 09:18:30 Job executing on host: <192.168.64.197:9770>
...
001 (1739701.011.000) 08/29 09:18:30 Job executing on host: <192.168.64.200:9474>
...
001 (1739701.022.000) 08/29 09:18:30 Job executing on host: <192.168.64.200:9474>
...
001 (1739701.000.000) 08/29 09:18:30 Job executing on host: <192.168.64.200:9474>
...
001 (1739701.007.000) 08/29 09:18:30 Job executing on host: <192.168.64.189:9001>
...
001 (1739701.017.000) 08/29 09:18:30 Job executing on host: <192.168.64.189:9001>
...
001 (1739701.005.000) 08/29 09:18:30 Job executing on host: <192.168.64.193:9214>
...
001 (1739701.015.000) 08/29 09:18:30 Job executing on host: <192.168.64.193:9214>
...
001 (1739701.003.000) 08/29 09:18:30 Job executing on host: <192.168.64.192:9840>
...
001 (1739701.025.000) 08/29 09:18:30 Job executing on host: <192.168.64.192:9840>
...
001 (1739701.021.000) 08/29 09:18:31 Job executing on host: <192.168.64.195:9241>
...
001 (1739701.010.000) 08/29 09:18:31 Job executing on host: <192.168.64.195:9241>
...
001 (1739701.008.000) 08/29 09:18:31 Job executing on host: <192.168.64.194:9974>
...
001 (1739701.018.000) 08/29 09:18:31 Job executing on host: <192.168.64.194:9974>
...
001 (1739701.012.000) 08/29 09:18:31 Job executing on host: <192.168.64.199:9406>
...
001 (1739701.019.000) 08/29 09:18:31 Job executing on host: <192.168.64.199:9406>
...
001 (1739701.009.000) 08/29 09:18:31 Job executing on host: <192.168.64.199:9406>
...
001 (1739701.020.000) 08/29 09:18:31 Job executing on host: <192.168.64.195:9241>
...
001 (1739701.023.000) 08/29 09:18:31 Job executing on host: <192.168.64.200:9474>
...
001 (1739701.013.000) 08/29 09:18:31 Job executing on host: <192.168.64.191:9442>
...
006 (1739701.011.000) 08/29 09:18:39 Image size of job updated: 117512
	1  -  MemoryUsage of job (MB)
	148  -  ResidentSetSize of job (KB)
...
006 (1739701.007.000) 08/29 09:18:39 Image size of job updated: 1196
	1  -  MemoryUsage of job (MB)
	148  -  ResidentSetSize of job (KB)
...
006 (1739701.000.000) 08/29 09:18:39 Image size of job updated: 1196
	1  -  MemoryUsage of job (MB)
	148  -  ResidentSetSize of job (KB)
...
006 (1739701.022.000) 08/29 09:18:39 Image size of job updated: 117512
	1  -  MemoryUsage of job (MB)
	148  -  ResidentSetSize of job (KB)
...
006 (1739701.014.000) 08/29 09:18:39 Image size of job updated: 2
	3  -  MemoryUsage of job (MB)
	2324  -  ResidentSetSize of job (KB)
...
006 (1739701.016.000) 08/29 09:18:39 Image size of job updated: 2
	3  -  MemoryUsage of job (MB)
	2328  -  ResidentSetSize of job (KB)
...
006 (1739701.017.000) 08/29 09:18:39 Image size of job updated: 2
	3  -  MemoryUsage of job (MB)
	2324  -  ResidentSetSize of job (KB)
...
006 (1739701.015.000) 08/29 09:18:39 Image size of job updated: 1196
	1  -  MemoryUsage of job (MB)
	148  -  ResidentSetSize of job (KB)
...
006 (1739701.005.000) 08/29 09:18:39 Image size of job updated: 2
	3  -  MemoryUsage of job (MB)
	2320  -  ResidentSetSize of job (KB)
...
006 (1739701.010.000) 08/29 09:18:39 Image size of job updated: 1196
	1  -  MemoryUsage of job (MB)
	148  -  ResidentSetSize of job (KB)
...
006 (1739701.021.000) 08/29 09:18:39 Image size of job updated: 117512
	1  -  MemoryUsage of job (MB)
	148  -  ResidentSetSize of job (KB)
...
006 (1739701.008.000) 08/29 09:18:39 Image size of job updated: 1196
	1  -  MemoryUsage of job (MB)
	148  -  ResidentSetSize of job (KB)
...
006 (1739701.012.000) 08/29 09:18:39 Image size of job updated: 1196
	1  -  MemoryUsage of job (MB)
	148  -  ResidentSetSize of job (KB)
...
006 (1739701.025.000) 08/29 09:18:39 Image size of job updated: 117512
	3  -  MemoryUsage of job (MB)
	2416  -  ResidentSetSize of job (KB)
...
006 (1739701.003.000) 08/29 09:18:39 Image size of job updated: 2
	3  -  MemoryUsage of job (MB)
	2328  -  ResidentSetSize of job (KB)
...
006 (1739701.020.000) 08/29 09:18:39 Image size of job updated: 2
	3  -  MemoryUsage of job (MB)
	2324  -  ResidentSetSize of job (KB)
...
006 (1739701.018.000) 08/29 09:18:39 Image size of job updated: 2
	3  -  MemoryUsage of job (MB)
	2328  -  ResidentSetSize of job (KB)
...
006 (1739701.023.000) 08/29 09:18:39 Image size of job updated: 2
	3  -  MemoryUsage of job (MB)
	2324  -  ResidentSetSize of job (KB)
...
006 (1739701.009.000) 08/29 09:18:39 Image size of job updated: 117512
	3  -  MemoryUsage of job (MB)
	2412  -  ResidentSetSize of job (KB)
...
006 (1739701.019.000) 08/29 09:18:39 Image size of job updated: 2
	3  -  MemoryUsage of job (MB)
	2328  -  ResidentSetSize of job (KB)
...
006 (1739701.013.000) 08/29 09:18:39 Image size of job updated: 2
	3  -  MemoryUsage of job (MB)
	2324  -  ResidentSetSize of job (KB)
...
006 (1739701.001.000) 08/29 09:18:39 Image size of job updated: 1196
	1  -  MemoryUsage of job (MB)
	148  -  ResidentSetSize of job (KB)
...
006 (1739701.024.000) 08/29 09:18:39 Image size of job updated: 107144
	2  -  MemoryUsage of job (MB)
	1328  -  ResidentSetSize of job (KB)
...
006 (1739701.002.000) 08/29 09:18:39 Image size of job updated: 117512
	2  -  MemoryUsage of job (MB)
	1328  -  ResidentSetSize of job (KB)
...
006 (1739701.006.000) 08/29 09:18:39 Image size of job updated: 1196
	1  -  MemoryUsage of job (MB)
	148  -  ResidentSetSize of job (KB)
...
006 (1739701.004.000) 08/29 09:18:39 Image size of job updated: 1196
	1  -  MemoryUsage of job (MB)
	148  -  ResidentSetSize of job (KB)
...
006 (1739701.023.000) 08/29 09:19:32 Image size of job updated: 1295264
	3  -  MemoryUsage of job (MB)
	2324  -  ResidentSetSize of job (KB)
...
005 (1739701.023.000) 08/29 09:19:51 Job terminated.
	(1) Normal termination (return value 0)
		Usr 0 00:00:34, Sys 0 00:00:01  -  Run Remote Usage
		Usr 0 00:00:00, Sys 0 00:00:00  -  Run Local Usage
		Usr 0 00:00:34, Sys 0 00:00:01  -  Total Remote Usage
		Usr 0 00:00:00, Sys 0 00:00:00  -  Total Local Usage
	0  -  Run Bytes Sent By Job
	0  -  Run Bytes Received By Job
	0  -  Total Bytes Sent By Job
	0  -  Total Bytes Received By Job
	Partitionable Resources :    Usage  Request Allocated
	   Cpus                 :                 1         1
	   Disk (KB)            :        2        2  18310934
	   Memory (MB)          :        3        1      2139
...
006 (1739701.013.000) 08/29 09:19:59 Image size of job updated: 1357596
	3  -  MemoryUsage of job (MB)
	2324  -  ResidentSetSize of job (KB)
...
006 (1739701.015.000) 08/29 09:20:12 Image size of job updated: 1341540
	1  -  MemoryUsage of job (MB)
	148  -  ResidentSetSize of job (KB)
...
005 (1739701.013.000) 08/29 09:20:13 Job terminated.
	(1) Normal termination (return value 0)
		Usr 0 00:01:02, Sys 0 00:00:01  -  Run Remote Usage
		Usr 0 00:00:00, Sys 0 00:00:00  -  Run Local Usage
		Usr 0 00:01:02, Sys 0 00:00:01  -  Total Remote Usage
		Usr 0 00:00:00, Sys 0 00:00:00  -  Total Local Usage
	0  -  Run Bytes Sent By Job
	0  -  Run Bytes Received By Job
	0  -  Total Bytes Sent By Job
	0  -  Total Bytes Received By Job
	Partitionable Resources :    Usage  Request Allocated
	   Cpus                 :                 1         1
	   Disk (KB)            :        2        2  18310934
	   Memory (MB)          :        3        1      2139
...
005 (1739701.015.000) 08/29 09:20:13 Job terminated.
	(1) Normal termination (return value 0)
		Usr 0 00:00:50, Sys 0 00:00:03  -  Run Remote Usage
		Usr 0 00:00:00, Sys 0 00:00:00  -  Run Local Usage
		Usr 0 00:00:50, Sys 0 00:00:03  -  Total Remote Usage
		Usr 0 00:00:00, Sys 0 00:00:00  -  Total Local Usage
	0  -  Run Bytes Sent By Job
	0  -  Run Bytes Received By Job
	0  -  Total Bytes Sent By Job
	0  -  Total Bytes Received By Job
	Partitionable Resources :    Usage  Request Allocated
	   Cpus                 :                 1         1
	   Disk (KB)            :        2        2  18310934
	   Memory (MB)          :        1        1      2139
...
006 (1739701.024.000) 08/29 09:20:45 Image size of job updated: 1314684
	2  -  MemoryUsage of job (MB)
	1328  -  ResidentSetSize of job (KB)
...
005 (1739701.024.000) 08/29 09:20:45 Job terminated.
	(1) Normal termination (return value 0)
		Usr 0 00:00:35, Sys 0 00:00:03  -  Run Remote Usage
		Usr 0 00:00:00, Sys 0 00:00:00  -  Run Local Usage
		Usr 0 00:00:35, Sys 0 00:00:03  -  Total Remote Usage
		Usr 0 00:00:00, Sys 0 00:00:00  -  Total Local Usage
	0  -  Run Bytes Sent By Job
	0  -  Run Bytes Received By Job
	0  -  Total Bytes Sent By Job
	0  -  Total Bytes Received By Job
	Partitionable Resources :    Usage  Request Allocated
	   Cpus                 :                 1         1
	   Disk (KB)            :        2        2  18310934
	   Memory (MB)          :        2        1      2139
...
006 (1739701.020.000) 08/29 09:21:24 Image size of job updated: 1321408
	3  -  MemoryUsage of job (MB)
	2324  -  ResidentSetSize of job (KB)
...
005 (1739701.020.000) 08/29 09:21:24 Job terminated.
	(1) Normal termination (return value 0)
		Usr 0 00:00:40, Sys 0 00:00:01  -  Run Remote Usage
		Usr 0 00:00:00, Sys 0 00:00:00  -  Run Local Usage
		Usr 0 00:00:40, Sys 0 00:00:01  -  Total Remote Usage
		Usr 0 00:00:00, Sys 0 00:00:00  -  Total Local Usage
	0  -  Run Bytes Sent By Job
	0  -  Run Bytes Received By Job
	0  -  Total Bytes Sent By Job
	0  -  Total Bytes Received By Job
	Partitionable Resources :    Usage  Request Allocated
	   Cpus                 :                 1         1
	   Disk (KB)            :        2        2  18310934
	   Memory (MB)          :        3        1      2139
...
006 (1739701.025.000) 08/29 09:22:36 Image size of job updated: 1350860
	3  -  MemoryUsage of job (MB)
	2416  -  ResidentSetSize of job (KB)
...
005 (1739701.025.000) 08/29 09:22:36 Job terminated.
	(1) Normal termination (return value 0)
		Usr 0 00:00:59, Sys 0 00:00:01  -  Run Remote Usage
		Usr 0 00:00:00, Sys 0 00:00:00  -  Run Local Usage
		Usr 0 00:00:59, Sys 0 00:00:01  -  Total Remote Usage
		Usr 0 00:00:00, Sys 0 00:00:00  -  Total Local Usage
	0  -  Run Bytes Sent By Job
	0  -  Run Bytes Received By Job
	0  -  Total Bytes Sent By Job
	0  -  Total Bytes Received By Job
	Partitionable Resources :    Usage  Request Allocated
	   Cpus                 :                 1         1
	   Disk (KB)            :        2        2  18310934
	   Memory (MB)          :        3        1      2139
...
006 (1739701.022.000) 08/29 09:23:39 Image size of job updated: 1526628
	540  -  MemoryUsage of job (MB)
	552100  -  ResidentSetSize of job (KB)
...
006 (1739701.011.000) 08/29 09:23:39 Image size of job updated: 1539652
	551  -  MemoryUsage of job (MB)
	563204  -  ResidentSetSize of job (KB)
...
006 (1739701.007.000) 08/29 09:23:39 Image size of job updated: 1612676
	621  -  MemoryUsage of job (MB)
	635252  -  ResidentSetSize of job (KB)
...
006 (1739701.000.000) 08/29 09:23:39 Image size of job updated: 1624344
	635  -  MemoryUsage of job (MB)
	650072  -  ResidentSetSize of job (KB)
...
006 (1739701.014.000) 08/29 09:23:39 Image size of job updated: 1203856
	145  -  MemoryUsage of job (MB)
	148212  -  ResidentSetSize of job (KB)
...
006 (1739701.016.000) 08/29 09:23:39 Image size of job updated: 1203952
	145  -  MemoryUsage of job (MB)
	148192  -  ResidentSetSize of job (KB)
...
006 (1739701.017.000) 08/29 09:23:39 Image size of job updated: 1600644
	614  -  MemoryUsage of job (MB)
	627716  -  ResidentSetSize of job (KB)
...
006 (1739701.005.000) 08/29 09:23:39 Image size of job updated: 1597932
	611  -  MemoryUsage of job (MB)
	625024  -  ResidentSetSize of job (KB)
...
006 (1739701.021.000) 08/29 09:23:39 Image size of job updated: 1443000
	455  -  MemoryUsage of job (MB)
	465140  -  ResidentSetSize of job (KB)
...
006 (1739701.010.000) 08/29 09:23:39 Image size of job updated: 1203844
	145  -  MemoryUsage of job (MB)
	148172  -  ResidentSetSize of job (KB)
...
006 (1739701.008.000) 08/29 09:23:39 Image size of job updated: 1402544
	416  -  MemoryUsage of job (MB)
	425540  -  ResidentSetSize of job (KB)
...
006 (1739701.012.000) 08/29 09:23:39 Image size of job updated: 1203824
	145  -  MemoryUsage of job (MB)
	148068  -  ResidentSetSize of job (KB)
...
006 (1739701.003.000) 08/29 09:23:39 Image size of job updated: 1596140
	609  -  MemoryUsage of job (MB)
	623364  -  ResidentSetSize of job (KB)
...
006 (1739701.018.000) 08/29 09:23:39 Image size of job updated: 1203840
	145  -  MemoryUsage of job (MB)
	148140  -  ResidentSetSize of job (KB)
...
006 (1739701.009.000) 08/29 09:23:39 Image size of job updated: 1203820
	144  -  MemoryUsage of job (MB)
	147324  -  ResidentSetSize of job (KB)
...
006 (1739701.019.000) 08/29 09:23:39 Image size of job updated: 1203820
	145  -  MemoryUsage of job (MB)
	148064  -  ResidentSetSize of job (KB)
...
006 (1739701.001.000) 08/29 09:23:40 Image size of job updated: 1645084
	655  -  MemoryUsage of job (MB)
	670400  -  ResidentSetSize of job (KB)
...
006 (1739701.006.000) 08/29 09:23:40 Image size of job updated: 1204076
	144  -  MemoryUsage of job (MB)
	147436  -  ResidentSetSize of job (KB)
...
006 (1739701.002.000) 08/29 09:23:40 Image size of job updated: 1518192
	533  -  MemoryUsage of job (MB)
	545496  -  ResidentSetSize of job (KB)
...
006 (1739701.004.000) 08/29 09:23:40 Image size of job updated: 1203836
	144  -  MemoryUsage of job (MB)
	147360  -  ResidentSetSize of job (KB)
...
006 (1739701.000.000) 08/29 09:23:52 Image size of job updated: 1642016
	635  -  MemoryUsage of job (MB)
	650072  -  ResidentSetSize of job (KB)
...
005 (1739701.000.000) 08/29 09:23:52 Job terminated.
	(1) Normal termination (return value 0)
		Usr 0 00:03:30, Sys 0 00:00:05  -  Run Remote Usage
		Usr 0 00:00:00, Sys 0 00:00:00  -  Run Local Usage
		Usr 0 00:03:30, Sys 0 00:00:05  -  Total Remote Usage
		Usr 0 00:00:00, Sys 0 00:00:00  -  Total Local Usage
	0  -  Run Bytes Sent By Job
	0  -  Run Bytes Received By Job
	0  -  Total Bytes Sent By Job
	0  -  Total Bytes Received By Job
	Partitionable Resources :    Usage  Request Allocated
	   Cpus                 :                 1         1
	   Disk (KB)            :        2        2  18310934
	   Memory (MB)          :      635        1      2139
...
006 (1739701.007.000) 08/29 09:24:01 Image size of job updated: 1650492
	621  -  MemoryUsage of job (MB)
	635252  -  ResidentSetSize of job (KB)
...
005 (1739701.007.000) 08/29 09:24:01 Job terminated.
	(1) Normal termination (return value 0)
		Usr 0 00:04:05, Sys 0 00:00:07  -  Run Remote Usage
		Usr 0 00:00:00, Sys 0 00:00:00  -  Run Local Usage
		Usr 0 00:04:05, Sys 0 00:00:07  -  Total Remote Usage
		Usr 0 00:00:00, Sys 0 00:00:00  -  Total Local Usage
	0  -  Run Bytes Sent By Job
	0  -  Run Bytes Received By Job
	0  -  Total Bytes Sent By Job
	0  -  Total Bytes Received By Job
	Partitionable Resources :    Usage  Request Allocated
	   Cpus                 :                 1         1
	   Disk (KB)            :        2        2  18310934
	   Memory (MB)          :      621        1      2139
...
006 (1739701.011.000) 08/29 09:28:18 Image size of job updated: 1979224
	551  -  MemoryUsage of job (MB)
	563204  -  ResidentSetSize of job (KB)
...
005 (1739701.011.000) 08/29 09:28:18 Job terminated.
	(1) Normal termination (return value 0)
		Usr 0 00:06:20, Sys 0 00:00:06  -  Run Remote Usage
		Usr 0 00:00:00, Sys 0 00:00:00  -  Run Local Usage
		Usr 0 00:06:20, Sys 0 00:00:06  -  Total Remote Usage
		Usr 0 00:00:00, Sys 0 00:00:00  -  Total Local Usage
	0  -  Run Bytes Sent By Job
	0  -  Run Bytes Received By Job
	0  -  Total Bytes Sent By Job
	0  -  Total Bytes Received By Job
	Partitionable Resources :    Usage  Request Allocated
	   Cpus                 :                 1         1
	   Disk (KB)            :        2        2  18310934
	   Memory (MB)          :      551        1      2139
...
006 (1739701.022.000) 08/29 09:28:39 Image size of job updated: 2016752
	1021  -  MemoryUsage of job (MB)
	1044588  -  ResidentSetSize of job (KB)
...
006 (1739701.017.000) 08/29 09:28:39 Image size of job updated: 1913488
	920  -  MemoryUsage of job (MB)
	941256  -  ResidentSetSize of job (KB)
...
006 (1739701.014.000) 08/29 09:28:39 Image size of job updated: 1640268
	648  -  MemoryUsage of job (MB)
	662824  -  ResidentSetSize of job (KB)
...
006 (1739701.016.000) 08/29 09:28:39 Image size of job updated: 1583176
	591  -  MemoryUsage of job (MB)
	605128  -  ResidentSetSize of job (KB)
...
006 (1739701.005.000) 08/29 09:28:39 Image size of job updated: 1915680
	922  -  MemoryUsage of job (MB)
	943484  -  ResidentSetSize of job (KB)
...
006 (1739701.021.000) 08/29 09:28:39 Image size of job updated: 1729380
	738  -  MemoryUsage of job (MB)
	755112  -  ResidentSetSize of job (KB)
...
006 (1739701.010.000) 08/29 09:28:39 Image size of job updated: 1557412
	568  -  MemoryUsage of job (MB)
	580680  -  ResidentSetSize of job (KB)
...
006 (1739701.008.000) 08/29 09:28:39 Image size of job updated: 1688116
	695  -  MemoryUsage of job (MB)
	711128  -  ResidentSetSize of job (KB)
...
006 (1739701.012.000) 08/29 09:28:39 Image size of job updated: 1685568
	693  -  MemoryUsage of job (MB)
	709316  -  ResidentSetSize of job (KB)
...
006 (1739701.003.000) 08/29 09:28:39 Image size of job updated: 1902468
	909  -  MemoryUsage of job (MB)
	930044  -  ResidentSetSize of job (KB)
...
006 (1739701.001.000) 08/29 09:28:40 Image size of job updated: 1948644
	952  -  MemoryUsage of job (MB)
	974484  -  ResidentSetSize of job (KB)
...
006 (1739701.006.000) 08/29 09:28:40 Image size of job updated: 1582816
	592  -  MemoryUsage of job (MB)
	605488  -  ResidentSetSize of job (KB)
...
006 (1739701.002.000) 08/29 09:28:40 Image size of job updated: 1807512
	816  -  MemoryUsage of job (MB)
	835264  -  ResidentSetSize of job (KB)
...
006 (1739701.004.000) 08/29 09:28:40 Image size of job updated: 1656560
	664  -  MemoryUsage of job (MB)
	679864  -  ResidentSetSize of job (KB)
...
006 (1739701.018.000) 08/29 09:28:40 Image size of job updated: 1573144
	583  -  MemoryUsage of job (MB)
	596548  -  ResidentSetSize of job (KB)
...
006 (1739701.009.000) 08/29 09:28:40 Image size of job updated: 1659652
	667  -  MemoryUsage of job (MB)
	682736  -  ResidentSetSize of job (KB)
...
006 (1739701.019.000) 08/29 09:28:40 Image size of job updated: 1706092
	713  -  MemoryUsage of job (MB)
	729892  -  ResidentSetSize of job (KB)
...
006 (1739701.022.000) 08/29 09:29:19 Image size of job updated: 2081812
	1021  -  MemoryUsage of job (MB)
	1044588  -  ResidentSetSize of job (KB)
...
005 (1739701.022.000) 08/29 09:29:19 Job terminated.
	(1) Normal termination (return value 0)
		Usr 0 00:07:00, Sys 0 00:00:06  -  Run Remote Usage
		Usr 0 00:00:00, Sys 0 00:00:00  -  Run Local Usage
		Usr 0 00:07:00, Sys 0 00:00:06  -  Total Remote Usage
		Usr 0 00:00:00, Sys 0 00:00:00  -  Total Local Usage
	0  -  Run Bytes Sent By Job
	0  -  Run Bytes Received By Job
	0  -  Total Bytes Sent By Job
	0  -  Total Bytes Received By Job
	Partitionable Resources :    Usage  Request Allocated
	   Cpus                 :                 1         1
	   Disk (KB)            :        2        2  18310934
	   Memory (MB)          :     1021        1      2139
...
006 (1739701.001.000) 08/29 09:29:31 Image size of job updated: 2007024
	952  -  MemoryUsage of job (MB)
	974484  -  ResidentSetSize of job (KB)
...
005 (1739701.001.000) 08/29 09:29:31 Job terminated.
	(1) Normal termination (return value 0)
		Usr 0 00:07:51, Sys 0 00:00:07  -  Run Remote Usage
		Usr 0 00:00:00, Sys 0 00:00:00  -  Run Local Usage
		Usr 0 00:07:51, Sys 0 00:00:07  -  Total Remote Usage
		Usr 0 00:00:00, Sys 0 00:00:00  -  Total Local Usage
	0  -  Run Bytes Sent By Job
	0  -  Run Bytes Received By Job
	0  -  Total Bytes Sent By Job
	0  -  Total Bytes Received By Job
	Partitionable Resources :    Usage  Request Allocated
	   Cpus                 :                 1         1
	   Disk (KB)            :        2        2  18310934
	   Memory (MB)          :      952        1      2139
...
006 (1739701.017.000) 08/29 09:31:33 Image size of job updated: 2152136
	920  -  MemoryUsage of job (MB)
	941256  -  ResidentSetSize of job (KB)
...
005 (1739701.017.000) 08/29 09:31:33 Job terminated.
	(1) Normal termination (return value 0)
		Usr 0 00:09:06, Sys 0 00:00:09  -  Run Remote Usage
		Usr 0 00:00:00, Sys 0 00:00:00  -  Run Local Usage
		Usr 0 00:09:06, Sys 0 00:00:09  -  Total Remote Usage
		Usr 0 00:00:00, Sys 0 00:00:00  -  Total Local Usage
	0  -  Run Bytes Sent By Job
	0  -  Run Bytes Received By Job
	0  -  Total Bytes Sent By Job
	0  -  Total Bytes Received By Job
	Partitionable Resources :    Usage  Request Allocated
	   Cpus                 :                 1         1
	   Disk (KB)            :        2        2  18310934
	   Memory (MB)          :      920        1      2139
...
006 (1739701.005.000) 08/29 09:31:34 Image size of job updated: 2151348
	922  -  MemoryUsage of job (MB)
	943484  -  ResidentSetSize of job (KB)
...
005 (1739701.005.000) 08/29 09:31:34 Job terminated.
	(1) Normal termination (return value 0)
		Usr 0 00:09:31, Sys 0 00:00:09  -  Run Remote Usage
		Usr 0 00:00:00, Sys 0 00:00:00  -  Run Local Usage
		Usr 0 00:09:31, Sys 0 00:00:09  -  Total Remote Usage
		Usr 0 00:00:00, Sys 0 00:00:00  -  Total Local Usage
	0  -  Run Bytes Sent By Job
	0  -  Run Bytes Received By Job
	0  -  Total Bytes Sent By Job
	0  -  Total Bytes Received By Job
	Partitionable Resources :    Usage  Request Allocated
	   Cpus                 :                 1         1
	   Disk (KB)            :        2        2  18310934
	   Memory (MB)          :      922        1      2139
...
006 (1739701.003.000) 08/29 09:31:39 Image size of job updated: 2162600
	909  -  MemoryUsage of job (MB)
	930044  -  ResidentSetSize of job (KB)
...
005 (1739701.003.000) 08/29 09:31:39 Job terminated.
	(1) Normal termination (return value 0)
		Usr 0 00:09:21, Sys 0 00:00:09  -  Run Remote Usage
		Usr 0 00:00:00, Sys 0 00:00:00  -  Run Local Usage
		Usr 0 00:09:21, Sys 0 00:00:09  -  Total Remote Usage
		Usr 0 00:00:00, Sys 0 00:00:00  -  Total Local Usage
	0  -  Run Bytes Sent By Job
	0  -  Run Bytes Received By Job
	0  -  Total Bytes Sent By Job
	0  -  Total Bytes Received By Job
	Partitionable Resources :    Usage  Request Allocated
	   Cpus                 :                 1         1
	   Disk (KB)            :        2        2  18310934
	   Memory (MB)          :      909        1      2139
...
006 (1739701.019.000) 08/29 09:32:44 Image size of job updated: 2133888
	713  -  MemoryUsage of job (MB)
	729892  -  ResidentSetSize of job (KB)
...
005 (1739701.019.000) 08/29 09:32:44 Job terminated.
	(1) Normal termination (return value 0)
		Usr 0 00:07:30, Sys 0 00:00:07  -  Run Remote Usage
		Usr 0 00:00:00, Sys 0 00:00:00  -  Run Local Usage
		Usr 0 00:07:30, Sys 0 00:00:07  -  Total Remote Usage
		Usr 0 00:00:00, Sys 0 00:00:00  -  Total Local Usage
	0  -  Run Bytes Sent By Job
	0  -  Run Bytes Received By Job
	0  -  Total Bytes Sent By Job
	0  -  Total Bytes Received By Job
	Partitionable Resources :    Usage  Request Allocated
	   Cpus                 :                 1         1
	   Disk (KB)            :        2        2  18310934
	   Memory (MB)          :      713        1      2139
...
006 (1739701.002.000) 08/29 09:32:47 Image size of job updated: 2159932
	816  -  MemoryUsage of job (MB)
	835264  -  ResidentSetSize of job (KB)
...
005 (1739701.002.000) 08/29 09:32:47 Job terminated.
	(1) Normal termination (return value 0)
		Usr 0 00:09:39, Sys 0 00:00:08  -  Run Remote Usage
		Usr 0 00:00:00, Sys 0 00:00:00  -  Run Local Usage
		Usr 0 00:09:39, Sys 0 00:00:08  -  Total Remote Usage
		Usr 0 00:00:00, Sys 0 00:00:00  -  Total Local Usage
	0  -  Run Bytes Sent By Job
	0  -  Run Bytes Received By Job
	0  -  Total Bytes Sent By Job
	0  -  Total Bytes Received By Job
	Partitionable Resources :    Usage  Request Allocated
	   Cpus                 :                 1         1
	   Disk (KB)            :        2        2  18310934
	   Memory (MB)          :      816        1      2139
...
006 (1739701.012.000) 08/29 09:33:17 Image size of job updated: 2158280
	693  -  MemoryUsage of job (MB)
	709316  -  ResidentSetSize of job (KB)
...
005 (1739701.012.000) 08/29 09:33:17 Job terminated.
	(1) Normal termination (return value 0)
		Usr 0 00:08:08, Sys 0 00:00:12  -  Run Remote Usage
		Usr 0 00:00:00, Sys 0 00:00:00  -  Run Local Usage
		Usr 0 00:08:08, Sys 0 00:00:12  -  Total Remote Usage
		Usr 0 00:00:00, Sys 0 00:00:00  -  Total Local Usage
	0  -  Run Bytes Sent By Job
	0  -  Run Bytes Received By Job
	0  -  Total Bytes Sent By Job
	0  -  Total Bytes Received By Job
	Partitionable Resources :    Usage  Request Allocated
	   Cpus                 :                 1         1
	   Disk (KB)            :        2        2  18310934
	   Memory (MB)          :      693        1      2139
...
006 (1739701.009.000) 08/29 09:33:25 Image size of job updated: 2149592
	667  -  MemoryUsage of job (MB)
	682736  -  ResidentSetSize of job (KB)
...
005 (1739701.009.000) 08/29 09:33:25 Job terminated.
	(1) Normal termination (return value 0)
		Usr 0 00:07:59, Sys 0 00:00:08  -  Run Remote Usage
		Usr 0 00:00:00, Sys 0 00:00:00  -  Run Local Usage
		Usr 0 00:07:59, Sys 0 00:00:08  -  Total Remote Usage
		Usr 0 00:00:00, Sys 0 00:00:00  -  Total Local Usage
	0  -  Run Bytes Sent By Job
	0  -  Run Bytes Received By Job
	0  -  Total Bytes Sent By Job
	0  -  Total Bytes Received By Job
	Partitionable Resources :    Usage  Request Allocated
	   Cpus                 :                 1         1
	   Disk (KB)            :        2        2  18310934
	   Memory (MB)          :      667        1      2139
...
006 (1739701.004.000) 08/29 09:33:26 Image size of job updated: 2152496
	664  -  MemoryUsage of job (MB)
	679864  -  ResidentSetSize of job (KB)
...
005 (1739701.004.000) 08/29 09:33:26 Job terminated.
	(1) Normal termination (return value 0)
		Usr 0 00:07:58, Sys 0 00:00:07  -  Run Remote Usage
		Usr 0 00:00:00, Sys 0 00:00:00  -  Run Local Usage
		Usr 0 00:07:58, Sys 0 00:00:07  -  Total Remote Usage
		Usr 0 00:00:00, Sys 0 00:00:00  -  Total Local Usage
	0  -  Run Bytes Sent By Job
	0  -  Run Bytes Received By Job
	0  -  Total Bytes Sent By Job
	0  -  Total Bytes Received By Job
	Partitionable Resources :    Usage  Request Allocated
	   Cpus                 :                 1         1
	   Disk (KB)            :        2        2  18310934
	   Memory (MB)          :      664        1      2139
...
006 (1739701.016.000) 08/29 09:33:40 Image size of job updated: 2097412
	1094  -  MemoryUsage of job (MB)
	1119532  -  ResidentSetSize of job (KB)
...
006 (1739701.021.000) 08/29 09:33:40 Image size of job updated: 2136880
	1136  -  MemoryUsage of job (MB)
	1162656  -  ResidentSetSize of job (KB)
...
006 (1739701.010.000) 08/29 09:33:40 Image size of job updated: 1953248
	954  -  MemoryUsage of job (MB)
	976592  -  ResidentSetSize of job (KB)
...
006 (1739701.008.000) 08/29 09:33:40 Image size of job updated: 2092652
	1090  -  MemoryUsage of job (MB)
	1115876  -  ResidentSetSize of job (KB)
...
006 (1739701.014.000) 08/29 09:33:41 Image size of job updated: 2135756
	1132  -  MemoryUsage of job (MB)
	1158368  -  ResidentSetSize of job (KB)
...
006 (1739701.018.000) 08/29 09:33:41 Image size of job updated: 1979904
	980  -  MemoryUsage of job (MB)
	1003376  -  ResidentSetSize of job (KB)
...
006 (1739701.006.000) 08/29 09:33:41 Image size of job updated: 2089388
	1087  -  MemoryUsage of job (MB)
	1112212  -  ResidentSetSize of job (KB)
...
006 (1739701.021.000) 08/29 09:33:46 Image size of job updated: 2159032
	1136  -  MemoryUsage of job (MB)
	1162656  -  ResidentSetSize of job (KB)
...
005 (1739701.021.000) 08/29 09:33:46 Job terminated.
	(1) Normal termination (return value 0)
		Usr 0 00:09:34, Sys 0 00:00:10  -  Run Remote Usage
		Usr 0 00:00:00, Sys 0 00:00:00  -  Run Local Usage
		Usr 0 00:09:34, Sys 0 00:00:10  -  Total Remote Usage
		Usr 0 00:00:00, Sys 0 00:00:00  -  Total Local Usage
	0  -  Run Bytes Sent By Job
	0  -  Run Bytes Received By Job
	0  -  Total Bytes Sent By Job
	0  -  Total Bytes Received By Job
	Partitionable Resources :    Usage  Request Allocated
	   Cpus                 :                 1         1
	   Disk (KB)            :        2        2  18310934
	   Memory (MB)          :     1136        1      2139
...
006 (1739701.014.000) 08/29 09:33:53 Image size of job updated: 2159168
	1132  -  MemoryUsage of job (MB)
	1158368  -  ResidentSetSize of job (KB)
...
005 (1739701.014.000) 08/29 09:33:53 Job terminated.
	(1) Normal termination (return value 0)
		Usr 0 00:08:26, Sys 0 00:00:07  -  Run Remote Usage
		Usr 0 00:00:00, Sys 0 00:00:00  -  Run Local Usage
		Usr 0 00:08:26, Sys 0 00:00:07  -  Total Remote Usage
		Usr 0 00:00:00, Sys 0 00:00:00  -  Total Local Usage
	0  -  Run Bytes Sent By Job
	0  -  Run Bytes Received By Job
	0  -  Total Bytes Sent By Job
	0  -  Total Bytes Received By Job
	Partitionable Resources :    Usage  Request Allocated
	   Cpus                 :                 1         1
	   Disk (KB)            :        2        2  18310934
	   Memory (MB)          :     1132        1      2139
...
006 (1739701.016.000) 08/29 09:34:09 Image size of job updated: 2150848
	1094  -  MemoryUsage of job (MB)
	1119532  -  ResidentSetSize of job (KB)
...
005 (1739701.016.000) 08/29 09:34:09 Job terminated.
	(1) Normal termination (return value 0)
		Usr 0 00:08:00, Sys 0 00:00:06  -  Run Remote Usage
		Usr 0 00:00:00, Sys 0 00:00:00  -  Run Local Usage
		Usr 0 00:08:00, Sys 0 00:00:06  -  Total Remote Usage
		Usr 0 00:00:00, Sys 0 00:00:00  -  Total Local Usage
	0  -  Run Bytes Sent By Job
	0  -  Run Bytes Received By Job
	0  -  Total Bytes Sent By Job
	0  -  Total Bytes Received By Job
	Partitionable Resources :    Usage  Request Allocated
	   Cpus                 :                 1         1
	   Disk (KB)            :        2        2  18310934
	   Memory (MB)          :     1094        1      2139
...
006 (1739701.006.000) 08/29 09:34:13 Image size of job updated: 2156660
	1087  -  MemoryUsage of job (MB)
	1112212  -  ResidentSetSize of job (KB)
...
005 (1739701.006.000) 08/29 09:34:13 Job terminated.
	(1) Normal termination (return value 0)
		Usr 0 00:08:10, Sys 0 00:00:06  -  Run Remote Usage
		Usr 0 00:00:00, Sys 0 00:00:00  -  Run Local Usage
		Usr 0 00:08:10, Sys 0 00:00:06  -  Total Remote Usage
		Usr 0 00:00:00, Sys 0 00:00:00  -  Total Local Usage
	0  -  Run Bytes Sent By Job
	0  -  Run Bytes Received By Job
	0  -  Total Bytes Sent By Job
	0  -  Total Bytes Received By Job
	Partitionable Resources :    Usage  Request Allocated
	   Cpus                 :                 1         1
	   Disk (KB)            :        2        2  18310934
	   Memory (MB)          :     1087        1      2139
...
006 (1739701.008.000) 08/29 09:34:19 Image size of job updated: 2158148
	1090  -  MemoryUsage of job (MB)
	1115876  -  ResidentSetSize of job (KB)
...
005 (1739701.008.000) 08/29 09:34:19 Job terminated.
	(1) Normal termination (return value 0)
		Usr 0 00:09:50, Sys 0 00:00:08  -  Run Remote Usage
		Usr 0 00:00:00, Sys 0 00:00:00  -  Run Local Usage
		Usr 0 00:09:50, Sys 0 00:00:08  -  Total Remote Usage
		Usr 0 00:00:00, Sys 0 00:00:00  -  Total Local Usage
	0  -  Run Bytes Sent By Job
	0  -  Run Bytes Received By Job
	0  -  Total Bytes Sent By Job
	0  -  Total Bytes Received By Job
	Partitionable Resources :    Usage  Request Allocated
	   Cpus                 :                 1         1
	   Disk (KB)            :        2        2  18310934
	   Memory (MB)          :     1090        1      2139
...
006 (1739701.018.000) 08/29 09:35:37 Image size of job updated: 2153844
	980  -  MemoryUsage of job (MB)
	1003376  -  ResidentSetSize of job (KB)
...
005 (1739701.018.000) 08/29 09:35:37 Job terminated.
	(1) Normal termination (return value 0)
		Usr 0 00:09:44, Sys 0 00:00:07  -  Run Remote Usage
		Usr 0 00:00:00, Sys 0 00:00:00  -  Run Local Usage
		Usr 0 00:09:44, Sys 0 00:00:07  -  Total Remote Usage
		Usr 0 00:00:00, Sys 0 00:00:00  -  Total Local Usage
	0  -  Run Bytes Sent By Job
	0  -  Run Bytes Received By Job
	0  -  Total Bytes Sent By Job
	0  -  Total Bytes Received By Job
	Partitionable Resources :    Usage  Request Allocated
	   Cpus                 :                 1         1
	   Disk (KB)            :        2        2  18310934
	   Memory (MB)          :      980        1      2139
...
006 (1739701.010.000) 08/29 09:35:52 Image size of job updated: 2149072
	954  -  MemoryUsage of job (MB)
	976592  -  ResidentSetSize of job (KB)
...
005 (1739701.010.000) 08/29 09:35:52 Job terminated.
	(1) Normal termination (return value 0)
		Usr 0 00:09:36, Sys 0 00:00:13  -  Run Remote Usage
		Usr 0 00:00:00, Sys 0 00:00:00  -  Run Local Usage
		Usr 0 00:09:36, Sys 0 00:00:13  -  Total Remote Usage
		Usr 0 00:00:00, Sys 0 00:00:00  -  Total Local Usage
	0  -  Run Bytes Sent By Job
	0  -  Run Bytes Received By Job
	0  -  Total Bytes Sent By Job
	0  -  Total Bytes Received By Job
	Partitionable Resources :    Usage  Request Allocated
	   Cpus                 :                 1         1
	   Disk (KB)            :        2        2  18310934
	   Memory (MB)          :      954        1      2139
...
