starting batch job initialization
batch job user initialization finished
at3f14.hep.upenn.edu
/home/shepj/xaod/ROOTAnalysisTutorial/Run/Wmunu_Pt0_70_weights
shepj

Processing /cvmfs/atlas.cern.ch/repo/sw/ASG/AnalysisBase/2.3.45/RootCore/scripts/load_packages.C...
xAOD::Init                INFO    Environment initialised for data access
Processing /cvmfs/atlas.cern.ch/repo/sw/ASG/AnalysisBase/2.3.45/RootCore/scripts/load_packages.C...
load_packages.C already run, not running again
Processing /home/shepj/xaod/ROOTAnalysisTutorial/RootCoreBin/user_scripts/EventLoop/batch_worker.C(17,"/home/shepj/xaod/ROOTAnalysisTutorial/Run/Wmunu_Pt0_70_weights/submit/config.root")...
/var/lib/condor/execute/dir_27983/EventLoop-Worker-mc15_13TeV.361326.Sherpa_CT10_Wmunu_Pt0_70_BFilter.merge.DAOD_TRUTH1.e3651_p2375-17-1472477327-27984
Processing File file:///disk/userdata00/atlas_data2/shepj/mc15_13TeV.361326.Sherpa_CT10_Wmunu_Pt0_70_BFilter.merge.DAOD_TRUTH1.e3651_p2375//DAOD_TRUTH1.05969333._000015.pool.root.1
Hostname is at3f14.hep.upenn.edu
the metadata had for veto directory: 
output
tempdir
Old file name is /disk/userdata00/atlas_data2/shepj/mc15_13TeV.361326.Sherpa_CT10_Wmunu_Pt0_70_BFilter.merge.DAOD_TRUTH1.e3651_p2375//DAOD_TRUTH1.05969333._000015.pool.root.1
New file name is _disk_userdata00_atlas_data2_shepj_mc15_13TeV.361326.Sherpa_CT10_Wmunu_Pt0_70_BFilter.merge.DAOD_TRUTH1.e3651_p2375__DAOD_TRUTH1.05969333._000015.pool.root.1
Job location: /home/shepj/xaod/ROOTAnalysisTutorial/Run/Wmunu_Pt0_70_weights
Veto directory: /home/shepj/xaod/ROOTAnalysisTutorial/Run/Wmunu_Pt0_70_weights/veto
Transfer begin for _disk_userdata00_atlas_data2_shepj_mc15_13TeV.361326.Sherpa_CT10_Wmunu_Pt0_70_BFilter.merge.DAOD_TRUTH1.e3651_p2375__DAOD_TRUTH1.05969333._000015.pool.root.1
cp /disk/userdata00/atlas_data2/shepj/mc15_13TeV.361326.Sherpa_CT10_Wmunu_Pt0_70_BFilter.merge.DAOD_TRUTH1.e3651_p2375//DAOD_TRUTH1.05969333._000015.pool.root.1 tempdir/_disk_userdata00_atlas_data2_shepj_mc15_13TeV.361326.Sherpa_CT10_Wmunu_Pt0_70_BFilter.merge.DAOD_TRUTH1.e3651_p2375__DAOD_TRUTH1.05969333._000015.pool.root.1
Transfer end. xrd command result: 
Checking that file exists tempdir/_disk_userdata00_atlas_data2_shepj_mc15_13TeV.361326.Sherpa_CT10_Wmunu_Pt0_70_BFilter.merge.DAOD_TRUTH1.e3651_p2375__DAOD_TRUTH1.05969333._000015.pool.root.1
File exists: tempdir/_disk_userdata00_atlas_data2_shepj_mc15_13TeV.361326.Sherpa_CT10_Wmunu_Pt0_70_BFilter.merge.DAOD_TRUTH1.e3651_p2375__DAOD_TRUTH1.05969333._000015.pool.root.1
Breaking out of queue after this many tries: 1
MyxAODAnalysis::initia... INFO    Number of events = 480000
TInterpreter::AutoParse   ERROR   Error parsing payload code for class xAOD::MissingETAuxContainer_v1 with content:


#ifndef G__VECTOR_HAS_CLASS_ITERATOR
  #define G__VECTOR_HAS_CLASS_ITERATOR 1
#endif
#ifndef ROOTCORE
  #define ROOTCORE 1
#endif
#ifndef ROOTCORE_RELEASE_SERIES
  #define ROOTCORE_RELEASE_SERIES 23
#endif
#ifndef ROOTCORE_TEST_FILE
  #define ROOTCORE_TEST_FILE "/afs/cern.ch/user/a/asgbase/patspace/xAODs/r6630/mc15_13TeV.410000.PowhegPythiaEvtGen_P2012_ttbar_hdamp172p5_nonallhad.recon.AOD.e3698_s2608_s2183_r6630_tid05352803_00/AOD.05352803._000242.pool.root.1"
#endif
#ifndef ROOTCORE_TEST_DATA
  #define ROOTCORE_TEST_DATA "/afs/cern.ch/user/a/asgbase/patspace/xAODs/r6630"
#endif
#ifndef ASG_TEST_FILE_DATA
  #define ASG_TEST_FILE_DATA "/afs/cern.ch/atlas/project/PAT/xAODs/p2410/data15_13TeV.00270448.physics_Main.merge.AOD.r6943_p2410/AOD.06297575._000522.pool.root.1"
#endif
#ifndef ASG_TEST_FILE_MC
  #define ASG_TEST_FILE_MC "/afs/cern.ch/user/a/asgbase/patspace/xAODs/r6630/mc15_13TeV.410000.PowhegPythiaEvtGen_P2012_ttbar_hdamp172p5_nonallhad.recon.AOD.e3698_s2608_s2183_r6630_tid05352803_00/AOD.05352803._000242.pool.root.1"
#endif
#ifndef XAOD_STANDALONE
  #define XAOD_STANDALONE 1
#endif
#ifndef XAOD_ANALYSIS
  #define XAOD_ANALYSIS 1
#endif
#ifndef ROOTCORE_PACKAGE
  #define ROOTCORE_PACKAGE "xAODMissingET"
#endif

#define _BACKWARD_BACKWARD_WARNING_H
// Dear emacs, this is -*- c++ -*-
// $Id: xAODMissingETDict.h 662681 2015-04-23 18:04:34Z khoo $
#ifndef XAODMISSINGET_XAODMISSINGETDICT_H
#define XAODMISSINGET_XAODMISSINGETDICT_H

// Needed to successfully generate the dictionary in standalone mode:
#if defined(__GCCXML__) and not defined(EIGEN_DONT_VECTORIZE)
#   define EIGEN_DONT_VECTORIZE
#endif // __GCCXML__

// System include(s):
#include <vector>

// EDM include(s):
#include "AthLinks/DataLink.h"
#include "AthLinks/ElementLink.h"

// Local include(s):
#include "xAODMissingET/MissingETContainer.h"
#include "xAODMissingET/MissingETAuxContainer.h"
#include "xAODMissingET/MissingETComponentMap.h"
#include "xAODMissingET/MissingETAuxComponentMap.h"
#include "xAODMissingET/MissingETAssociationMap.h"
#include "xAODMissingET/MissingETAuxAssociationMap.h"
#include "xAODMissingET/versions/MissingETBase.h"

namespace {
   struct GCCXML_DUMMY_INSTANTIATION_XAODMISSINGET {
      // Container(s):
      DataVector< xAOD::MissingET_v1 > c1;
      xAOD::MissingETContainer_v1 c2;
      DataVector< xAOD::MissingETComponent_v1 > c3;
      xAOD::MissingETComponentMap_v1 c4;
      DataVector< xAOD::MissingETAssociation_v1 > c5;
      xAOD::MissingETAssociationMap_v1 c6;
      // Smart pointer(s):
      DataLink< xAOD::MissingETContainer_v1 > dl1;
      std::vector< DataLink< xAOD::MissingETContainer_v1 > > dl2;
      ElementLink< xAOD::MissingETContainer_v1 > el1;
      std::vector< ElementLink< xAOD::MissingETContainer_v1 > > el2;
      std::vector< std::vector< ElementLink< xAOD::MissingETContainer_v1 > > > el3;
      DataLink< xAOD::MissingETComponentMap_v1 > dl3;
      std::vector< DataLink< xAOD::MissingETComponentMap_v1 > > dl4;
      ElementLink< xAOD::MissingETComponentMap_v1 > el4;
      std::vector< ElementLink< xAOD::MissingETComponentMap_v1 > > el5;
      std::vector< std::vector< ElementLink< xAOD::MissingETComponentMap_v1 > > > el6;
      DataLink< xAOD::MissingETAssociationMap_v1 > dl5;
      std::vector< DataLink< xAOD::MissingETAssociationMap_v1 > > dl6;
      ElementLink< xAOD::MissingETAssociationMap_v1 > el7;
      std::vector< ElementLink< xAOD::MissingETAssociationMap_v1 > > el8;
      std::vector< std::vector< ElementLink< xAOD::MissingETAssociationMap_v1 > > > el9;

      // Smart pointers needed for the correct generation of the auxiliary
      // class dictionaries:
      ElementLink< xAOD::IParticleContainer > el10;
      std::vector< ElementLink< xAOD::IParticleContainer > > el11;
      std::vector< std::vector< ElementLink< xAOD::IParticleContainer > > > el12;

      std::vector< MissingETBase::Types::bitmask_t > vec1;
      std::vector< unsigned long long > vec2;
      std::vector< std::vector< size_t > > vec3;
      std::vector< std::vector< unsigned char > > vec4;
      std::vector< std::vector< unsigned long long > > vec5;
      std::vector< std::vector< std::vector< size_t > > > vec6;
      std::vector< std::vector< std::vector< unsigned long > > > vec7;
      std::vector< std::vector< std::vector< unsigned char > > > vec8;
      std::vector< std::vector<std::vector<unsigned long long> > > vec9;
   };
}

#endif // XAODMISSINGET_XAODMISSINGETDICT_H

#undef  _BACKWARD_BACKWARD_WARNING_H

TClass::LoadClassInfo     ERROR   no interpreter information for class xAOD::MissingETAuxContainer_v1 is available eventhough it has a TClass initialization routine.
xAOD::TEvent::setUpDyn... WARNING Couldn't find setName(...) function for container MET_TruthAux.  (type: xAOD::MissingETAuxContainer_v1)
TInterpreter::AutoParse   ERROR   Error parsing payload code for class xAOD::JetAuxContainer_v1 with content:


#ifndef G__VECTOR_HAS_CLASS_ITERATOR
  #define G__VECTOR_HAS_CLASS_ITERATOR 1
#endif
#ifndef ROOTCORE
  #define ROOTCORE 1
#endif
#ifndef ROOTCORE_RELEASE_SERIES
  #define ROOTCORE_RELEASE_SERIES 23
#endif
#ifndef ROOTCORE_TEST_FILE
  #define ROOTCORE_TEST_FILE "/afs/cern.ch/user/a/asgbase/patspace/xAODs/r6630/mc15_13TeV.410000.PowhegPythiaEvtGen_P2012_ttbar_hdamp172p5_nonallhad.recon.AOD.e3698_s2608_s2183_r6630_tid05352803_00/AOD.05352803._000242.pool.root.1"
#endif
#ifndef ROOTCORE_TEST_DATA
  #define ROOTCORE_TEST_DATA "/afs/cern.ch/user/a/asgbase/patspace/xAODs/r6630"
#endif
#ifndef ASG_TEST_FILE_DATA
  #define ASG_TEST_FILE_DATA "/afs/cern.ch/atlas/project/PAT/xAODs/p2410/data15_13TeV.00270448.physics_Main.merge.AOD.r6943_p2410/AOD.06297575._000522.pool.root.1"
#endif
#ifndef ASG_TEST_FILE_MC
  #define ASG_TEST_FILE_MC "/afs/cern.ch/user/a/asgbase/patspace/xAODs/r6630/mc15_13TeV.410000.PowhegPythiaEvtGen_P2012_ttbar_hdamp172p5_nonallhad.recon.AOD.e3698_s2608_s2183_r6630_tid05352803_00/AOD.05352803._000242.pool.root.1"
#endif
#ifndef XAOD_STANDALONE
  #define XAOD_STANDALONE 1
#endif
#ifndef XAOD_ANALYSIS
  #define XAOD_ANALYSIS 1
#endif
#ifndef ROOTCORE_PACKAGE
  #define ROOTCORE_PACKAGE "xAODJet"
#endif

#define _BACKWARD_BACKWARD_WARNING_H
// Dear emacs, this is -*- c++ -*-
// $Id: xAODJetDict.h 658646 2015-04-02 10:29:26Z delsart $
#ifndef XAODJET_XAODJETDICT_H
#define XAODJET_XAODJETDICT_H

// Needed to successfully generate the dictionary in standalone mode:
#if defined(__GCCXML__) and not defined(EIGEN_DONT_VECTORIZE)
#   define EIGEN_DONT_VECTORIZE
#endif // __GCCXML__

// System include(s):
#include <vector>

// EDM include(s):
#include "AthLinks/DataLink.h"
#include "AthLinks/ElementLink.h"
#include "AthLinks/ElementLinkVector.h"

// Local include(s):
#include "xAODJet/JetContainer.h"
#include "xAODJet/versions/JetContainer_v1.h"
#include "xAODJet/versions/JetAuxContainer_v1.h"
#include "xAODJet/versions/JetTrigAuxContainer_v1.h"
#include "xAODJet/versions/Jet_v1.h"
#include "xAODJet/JetTypes.h"

namespace {
   struct GCCXML_DUMMY_INSTANTIATION_XAODJET {
      // Instantiate the container for gccxml:
      xAOD::JetContainer_v1 c1;

      // Smart pointers to Jet_v1:
      DataLink< xAOD::JetContainer_v1 > e1;
      std::vector< DataLink< xAOD::JetContainer_v1 > > e2;
      ElementLink< xAOD::JetContainer_v1 > e3;
      std::vector< ElementLink< xAOD::JetContainer_v1 > > e4;
      std::vector< std::vector< ElementLink< xAOD::JetContainer_v1 > > > e5;
      ElementLinkVector< xAOD::JetContainer_v1 > e6;
      std::vector< ElementLinkVector< xAOD::JetContainer_v1 > > e7;

      // Instantiations to create the EL member dictionaries correctly:
      xAOD::IParticleContainer pc1;
      ElementLink<xAOD::IParticleContainer> e10;

     std::pair<std::string,std::vector<const xAOD::IParticle*> > bug1;
     std::pair<std::string,std::vector<float> > bug2;
     std::pair<std::string,std::vector<std::vector<int> > > bug3;
     std::pair<std::string,std::vector<std::vector<float> > > bug4;

     // momentums     
     //xAOD::JetFourMom_t jet4mom;
     std::vector<xAOD::JetFourMom_t> vjet4mom;

     //std::vector<const xAOD::IParticle*> vpart; not yet : not sure this belongs elsewhere ?
     //
   };
}


template float xAOD::Jet_v1::getAttribute<float> (xAOD::JetAttribute::AttributeID) const ; 
template int xAOD::Jet_v1::getAttribute<int> (xAOD::JetAttribute::AttributeID) const ; 
template xAOD::JetFourMom_t xAOD::Jet_v1::getAttribute<xAOD::JetFourMom_t> (xAOD::JetAttribute::AttributeID) const ; 
template std::vector<float> xAOD::Jet_v1::getAttribute< std::vector<float> > (xAOD::JetAttribute::AttributeID) const ;
template std::vector<int> xAOD::Jet_v1::getAttribute< std::vector<int> > (xAOD::JetAttribute::AttributeID) const ;

template float xAOD::Jet_v1::getAttribute<float> (const std::string &) const ; 
template int xAOD::Jet_v1::getAttribute<int> (const std::string &) const ; 
template xAOD::JetFourMom_t xAOD::Jet_v1::getAttribute<xAOD::JetFourMom_t> (const std::string &) const ; 
template std::vector<float> xAOD::Jet_v1::getAttribute< std::vector<float> > (const std::string &) const ;
template std::vector<int> xAOD::Jet_v1::getAttribute< std::vector<int> > (const std::string &) const ;


template void xAOD::Jet_v1::setAttribute<float>(const std::string &, const float& ) ;
template void xAOD::Jet_v1::setAttribute<int>(const std::string &, const int& ) ;

template void xAOD::Jet_v1::setAttribute<std::vector<float> >(const std::string &, const std::vector<float>& ) ;
template void xAOD::Jet_v1::setAttribute<std::vector<int> >(const std::string &, const std::vector<int>& ) ;



template std::vector<const xAOD::IParticle*> xAOD::Jet_v1::getAssociatedObjects<xAOD::IParticle >( xAOD::JetAttribute::AssoParticlesID ) const;
template std::vector<const xAOD::IParticle*> xAOD::Jet_v1::getAssociatedObjects<xAOD::IParticle >( const std::string &  ) const ;

template void xAOD::Jet_v1::setAssociatedObjects<xAOD::IParticle >( const std::string &, const std::vector<const xAOD::IParticle*>& ) ;


template const xAOD::IParticle* xAOD::Jet_v1::getAssociatedObject<xAOD::IParticle>( const std::string &) const ;
template const xAOD::IParticle* xAOD::Jet_v1::getAssociatedObject<xAOD::IParticle>( xAOD::JetAttribute::AssoParticlesID ) const ;
template void xAOD::Jet_v1::setAssociatedObject<xAOD::IParticle>( const std::string &,  const xAOD::IParticle* ) ;



#endif // XAODJET_XAODJETDICT_H

#undef  _BACKWARD_BACKWARD_WARNING_H

TClass::LoadClassInfo     ERROR   no interpreter information for class xAOD::JetAuxContainer_v1 is available eventhough it has a TClass initialization routine.
xAOD::TEvent::setUpDyn... WARNING Couldn't find setName(...) function for container AntiKt4TruthJetsAux.  (type: xAOD::JetAuxContainer_v1)
total weighted event: 3172.4
pass at least 1 lepton cut: 1410.38
pass exactly 1 lepton cut: 1410.38
pass 200 MET cut: 0
pass 2 b-jet cut: 0
pass b-jets pt cut: 0
pass aMT2 cut: 0
pass close b-jet/MET: 0
pass mbb cut: 0
pass pT_lep / MET cut: 0
pass pT_lep cut: 0
 
total weighted event: 6307.4
pass at least 1 lepton cut: 2837.8
pass exactly 1 lepton cut: 2837.8
pass 200 MET cut: 0
pass 2 b-jet cut: 0
pass b-jets pt cut: 0
pass aMT2 cut: 0
pass close b-jet/MET: 0
pass mbb cut: 0
pass pT_lep / MET cut: 0
pass pT_lep cut: 0
 
total weighted event: 9411.47
pass at least 1 lepton cut: 4194.1
pass exactly 1 lepton cut: 4194.1
pass 200 MET cut: 0
pass 2 b-jet cut: 0
pass b-jets pt cut: 0
pass aMT2 cut: 0
pass close b-jet/MET: 0
pass mbb cut: 0
pass pT_lep / MET cut: 0
pass pT_lep cut: 0
 
total weighted event: 12605.2
pass at least 1 lepton cut: 5605.2
pass exactly 1 lepton cut: 5605.2
pass 200 MET cut: 0
pass 2 b-jet cut: 0
pass b-jets pt cut: 0
pass aMT2 cut: 0
pass close b-jet/MET: 0
pass mbb cut: 0
pass pT_lep / MET cut: 0
pass pT_lep cut: 0
 
total weighted event: 15636.8
pass at least 1 lepton cut: 6915.63
pass exactly 1 lepton cut: 6915.63
pass 200 MET cut: 0
pass 2 b-jet cut: 0
pass b-jets pt cut: 0
pass aMT2 cut: 0
pass close b-jet/MET: 0
pass mbb cut: 0
pass pT_lep / MET cut: 0
pass pT_lep cut: 0
 
total weighted event: 18891.5
pass at least 1 lepton cut: 8391.92
pass exactly 1 lepton cut: 8391.92
pass 200 MET cut: 0
pass 2 b-jet cut: 0
pass b-jets pt cut: 0
pass aMT2 cut: 0
pass close b-jet/MET: 0
pass mbb cut: 0
pass pT_lep / MET cut: 0
pass pT_lep cut: 0
 
total weighted event: 22042.9
pass at least 1 lepton cut: 9758.97
pass exactly 1 lepton cut: 9758.97
pass 200 MET cut: 0
pass 2 b-jet cut: 0
pass b-jets pt cut: 0
pass aMT2 cut: 0
pass close b-jet/MET: 0
pass mbb cut: 0
pass pT_lep / MET cut: 0
pass pT_lep cut: 0
 
total weighted event: 25076.5
pass at least 1 lepton cut: 11080.4
pass exactly 1 lepton cut: 11080.4
pass 200 MET cut: 0
pass 2 b-jet cut: 0
pass b-jets pt cut: 0
pass aMT2 cut: 0
pass close b-jet/MET: 0
pass mbb cut: 0
pass pT_lep / MET cut: 0
pass pT_lep cut: 0
 
total weighted event: 28178.3
pass at least 1 lepton cut: 12460.6
pass exactly 1 lepton cut: 12460.6
pass 200 MET cut: 0
pass 2 b-jet cut: 0
pass b-jets pt cut: 0
pass aMT2 cut: 0
pass close b-jet/MET: 0
pass mbb cut: 0
pass pT_lep / MET cut: 0
pass pT_lep cut: 0
 
total weighted event: 31223.1
pass at least 1 lepton cut: 13742.5
pass exactly 1 lepton cut: 13742.5
pass 200 MET cut: 0
pass 2 b-jet cut: 0
pass b-jets pt cut: 0
pass aMT2 cut: 0
pass close b-jet/MET: 0
pass mbb cut: 0
pass pT_lep / MET cut: 0
pass pT_lep cut: 0
 
total weighted event: 34439.6
pass at least 1 lepton cut: 15139.4
pass exactly 1 lepton cut: 15139.4
pass 200 MET cut: 0
pass 2 b-jet cut: 0
pass b-jets pt cut: 0
pass aMT2 cut: 0
pass close b-jet/MET: 0
pass mbb cut: 0
pass pT_lep / MET cut: 0
pass pT_lep cut: 0
 
total weighted event: 37501.3
pass at least 1 lepton cut: 16488.1
pass exactly 1 lepton cut: 16488.1
pass 200 MET cut: 0
pass 2 b-jet cut: 0
pass b-jets pt cut: 0
pass aMT2 cut: 0
pass close b-jet/MET: 0
pass mbb cut: 0
pass pT_lep / MET cut: 0
pass pT_lep cut: 0
 
total weighted event: 40620.5
pass at least 1 lepton cut: 17882.8
pass exactly 1 lepton cut: 17882.8
pass 200 MET cut: 0
pass 2 b-jet cut: 0
pass b-jets pt cut: 0
pass aMT2 cut: 0
pass close b-jet/MET: 0
pass mbb cut: 0
pass pT_lep / MET cut: 0
pass pT_lep cut: 0
 
total weighted event: 43745.1
pass at least 1 lepton cut: 19254
pass exactly 1 lepton cut: 19254
pass 200 MET cut: 0
pass 2 b-jet cut: 0
pass b-jets pt cut: 0
pass aMT2 cut: 0
pass close b-jet/MET: 0
pass mbb cut: 0
pass pT_lep / MET cut: 0
pass pT_lep cut: 0
 
total weighted event: 46867.8
pass at least 1 lepton cut: 20549.7
pass exactly 1 lepton cut: 20549.7
pass 200 MET cut: 0
pass 2 b-jet cut: 0
pass b-jets pt cut: 0
pass aMT2 cut: 0
pass close b-jet/MET: 0
pass mbb cut: 0
pass pT_lep / MET cut: 0
pass pT_lep cut: 0
 
total weighted event: 50089.6
pass at least 1 lepton cut: 21940.4
pass exactly 1 lepton cut: 21940.4
pass 200 MET cut: 0
pass 2 b-jet cut: 0
pass b-jets pt cut: 0
pass aMT2 cut: 0
pass close b-jet/MET: 0
pass mbb cut: 0
pass pT_lep / MET cut: 0
pass pT_lep cut: 0
 
total weighted event: 53138.9
pass at least 1 lepton cut: 23271.9
pass exactly 1 lepton cut: 23271.9
pass 200 MET cut: 0
pass 2 b-jet cut: 0
pass b-jets pt cut: 0
pass aMT2 cut: 0
pass close b-jet/MET: 0
pass mbb cut: 0
pass pT_lep / MET cut: 0
pass pT_lep cut: 0
 
total weighted event: 56192
pass at least 1 lepton cut: 24573.2
pass exactly 1 lepton cut: 24573.2
pass 200 MET cut: 0
pass 2 b-jet cut: 0
pass b-jets pt cut: 0
pass aMT2 cut: 0
pass close b-jet/MET: 0
pass mbb cut: 0
pass pT_lep / MET cut: 0
pass pT_lep cut: 0
 
total weighted event: 59210.5
pass at least 1 lepton cut: 25869.9
pass exactly 1 lepton cut: 25869.9
pass 200 MET cut: 0
pass 2 b-jet cut: 0
pass b-jets pt cut: 0
pass aMT2 cut: 0
pass close b-jet/MET: 0
pass mbb cut: 0
pass pT_lep / MET cut: 0
pass pT_lep cut: 0
 
total weighted event: 62336.4
pass at least 1 lepton cut: 27195.6
pass exactly 1 lepton cut: 27195.6
pass 200 MET cut: 0
pass 2 b-jet cut: 0
pass b-jets pt cut: 0
pass aMT2 cut: 0
pass close b-jet/MET: 0
pass mbb cut: 0
pass pT_lep / MET cut: 0
pass pT_lep cut: 0
 
total weighted event: 65474.9
pass at least 1 lepton cut: 28524.1
pass exactly 1 lepton cut: 28524.1
pass 200 MET cut: 0
pass 2 b-jet cut: 0
pass b-jets pt cut: 0
pass aMT2 cut: 0
pass close b-jet/MET: 0
pass mbb cut: 0
pass pT_lep / MET cut: 0
pass pT_lep cut: 0
 
total weighted event: 68621
pass at least 1 lepton cut: 29891.6
pass exactly 1 lepton cut: 29891.6
pass 200 MET cut: 0
pass 2 b-jet cut: 0
pass b-jets pt cut: 0
pass aMT2 cut: 0
pass close b-jet/MET: 0
pass mbb cut: 0
pass pT_lep / MET cut: 0
pass pT_lep cut: 0
 
total weighted event: 71817.9
pass at least 1 lepton cut: 31258.3
pass exactly 1 lepton cut: 31258.3
pass 200 MET cut: 0
pass 2 b-jet cut: 0
pass b-jets pt cut: 0
pass aMT2 cut: 0
pass close b-jet/MET: 0
pass mbb cut: 0
pass pT_lep / MET cut: 0
pass pT_lep cut: 0
 
total weighted event: 74983.2
pass at least 1 lepton cut: 32669.6
pass exactly 1 lepton cut: 32669.6
pass 200 MET cut: 0
pass 2 b-jet cut: 0
pass b-jets pt cut: 0
pass aMT2 cut: 0
pass close b-jet/MET: 0
pass mbb cut: 0
pass pT_lep / MET cut: 0
pass pT_lep cut: 0
 
total weighted event: 78141.2
pass at least 1 lepton cut: 33993.4
pass exactly 1 lepton cut: 33993.4
pass 200 MET cut: 0
pass 2 b-jet cut: 0
pass b-jets pt cut: 0
pass aMT2 cut: 0
pass close b-jet/MET: 0
pass mbb cut: 0
pass pT_lep / MET cut: 0
pass pT_lep cut: 0
 
total weighted event: 81292.1
pass at least 1 lepton cut: 35353.7
pass exactly 1 lepton cut: 35353.7
pass 200 MET cut: 0
pass 2 b-jet cut: 0
pass b-jets pt cut: 0
pass aMT2 cut: 0
pass close b-jet/MET: 0
pass mbb cut: 0
pass pT_lep / MET cut: 0
pass pT_lep cut: 0
 
total weighted event: 84372
pass at least 1 lepton cut: 36680.4
pass exactly 1 lepton cut: 36680.4
pass 200 MET cut: 0
pass 2 b-jet cut: 0
pass b-jets pt cut: 0
pass aMT2 cut: 0
pass close b-jet/MET: 0
pass mbb cut: 0
pass pT_lep / MET cut: 0
pass pT_lep cut: 0
 
total weighted event: 87501.4
pass at least 1 lepton cut: 38024.6
pass exactly 1 lepton cut: 38024.6
pass 200 MET cut: 0
pass 2 b-jet cut: 0
pass b-jets pt cut: 0
pass aMT2 cut: 0
pass close b-jet/MET: 0
pass mbb cut: 0
pass pT_lep / MET cut: 0
pass pT_lep cut: 0
 
total weighted event: 90746
pass at least 1 lepton cut: 39462
pass exactly 1 lepton cut: 39462
pass 200 MET cut: 0
pass 2 b-jet cut: 0
pass b-jets pt cut: 0
pass aMT2 cut: 0
pass close b-jet/MET: 0
pass mbb cut: 0
pass pT_lep / MET cut: 0
pass pT_lep cut: 0
 
total weighted event: 93815.3
pass at least 1 lepton cut: 40867.6
pass exactly 1 lepton cut: 40867.6
pass 200 MET cut: 0
pass 2 b-jet cut: 0
pass b-jets pt cut: 0
pass aMT2 cut: 0
pass close b-jet/MET: 0
pass mbb cut: 0
pass pT_lep / MET cut: 0
pass pT_lep cut: 0
 
total weighted event: 97010.7
pass at least 1 lepton cut: 42285.5
pass exactly 1 lepton cut: 42285.5
pass 200 MET cut: 0
pass 2 b-jet cut: 0
pass b-jets pt cut: 0
pass aMT2 cut: 0
pass close b-jet/MET: 0
pass mbb cut: 0
pass pT_lep / MET cut: 0
pass pT_lep cut: 0
 
total weighted event: 100145
pass at least 1 lepton cut: 43667
pass exactly 1 lepton cut: 43667
pass 200 MET cut: 0
pass 2 b-jet cut: 0
pass b-jets pt cut: 0
pass aMT2 cut: 0
pass close b-jet/MET: 0
pass mbb cut: 0
pass pT_lep / MET cut: 0
pass pT_lep cut: 0
 
total weighted event: 103246
pass at least 1 lepton cut: 45051.9
pass exactly 1 lepton cut: 45051.9
pass 200 MET cut: 0
pass 2 b-jet cut: 0
pass b-jets pt cut: 0
pass aMT2 cut: 0
pass close b-jet/MET: 0
pass mbb cut: 0
pass pT_lep / MET cut: 0
pass pT_lep cut: 0
 
total weighted event: 106538
pass at least 1 lepton cut: 46459.1
pass exactly 1 lepton cut: 46459.1
pass 200 MET cut: 0
pass 2 b-jet cut: 0
pass b-jets pt cut: 0
pass aMT2 cut: 0
pass close b-jet/MET: 0
pass mbb cut: 0
pass pT_lep / MET cut: 0
pass pT_lep cut: 0
 
total weighted event: 109748
pass at least 1 lepton cut: 47908
pass exactly 1 lepton cut: 47908
pass 200 MET cut: 0
pass 2 b-jet cut: 0
pass b-jets pt cut: 0
pass aMT2 cut: 0
pass close b-jet/MET: 0
pass mbb cut: 0
pass pT_lep / MET cut: 0
pass pT_lep cut: 0
 
total weighted event: 112815
pass at least 1 lepton cut: 49167.5
pass exactly 1 lepton cut: 49167.5
pass 200 MET cut: 0
pass 2 b-jet cut: 0
pass b-jets pt cut: 0
pass aMT2 cut: 0
pass close b-jet/MET: 0
pass mbb cut: 0
pass pT_lep / MET cut: 0
pass pT_lep cut: 0
 
total weighted event: 116005
pass at least 1 lepton cut: 50546.9
pass exactly 1 lepton cut: 50546.9
pass 200 MET cut: 0
pass 2 b-jet cut: 0
pass b-jets pt cut: 0
pass aMT2 cut: 0
pass close b-jet/MET: 0
pass mbb cut: 0
pass pT_lep / MET cut: 0
pass pT_lep cut: 0
 
total weighted event: 119070
pass at least 1 lepton cut: 51895.5
pass exactly 1 lepton cut: 51895.5
pass 200 MET cut: 0
pass 2 b-jet cut: 0
pass b-jets pt cut: 0
pass aMT2 cut: 0
pass close b-jet/MET: 0
pass mbb cut: 0
pass pT_lep / MET cut: 0
pass pT_lep cut: 0
 
total weighted event: 122210
pass at least 1 lepton cut: 53256.9
pass exactly 1 lepton cut: 53256.9
pass 200 MET cut: 0
pass 2 b-jet cut: 0
pass b-jets pt cut: 0
pass aMT2 cut: 0
pass close b-jet/MET: 0
pass mbb cut: 0
pass pT_lep / MET cut: 0
pass pT_lep cut: 0
 
total weighted event: 125316
pass at least 1 lepton cut: 54657
pass exactly 1 lepton cut: 54657
pass 200 MET cut: 0
pass 2 b-jet cut: 0
pass b-jets pt cut: 0
pass aMT2 cut: 0
pass close b-jet/MET: 0
pass mbb cut: 0
pass pT_lep / MET cut: 0
pass pT_lep cut: 0
 
total weighted event: 128469
pass at least 1 lepton cut: 56018.9
pass exactly 1 lepton cut: 56018.9
pass 200 MET cut: 0
pass 2 b-jet cut: 0
pass b-jets pt cut: 0
pass aMT2 cut: 0
pass close b-jet/MET: 0
pass mbb cut: 0
pass pT_lep / MET cut: 0
pass pT_lep cut: 0
 
total weighted event: 131549
pass at least 1 lepton cut: 57342.3
pass exactly 1 lepton cut: 57342.3
pass 200 MET cut: 0
pass 2 b-jet cut: 0
pass b-jets pt cut: 0
pass aMT2 cut: 0
pass close b-jet/MET: 0
pass mbb cut: 0
pass pT_lep / MET cut: 0
pass pT_lep cut: 0
 
total weighted event: 134617
pass at least 1 lepton cut: 58659.7
pass exactly 1 lepton cut: 58659.7
pass 200 MET cut: 0
pass 2 b-jet cut: 0
pass b-jets pt cut: 0
pass aMT2 cut: 0
pass close b-jet/MET: 0
pass mbb cut: 0
pass pT_lep / MET cut: 0
pass pT_lep cut: 0
 
total weighted event: 137777
pass at least 1 lepton cut: 60010.7
pass exactly 1 lepton cut: 60010.7
pass 200 MET cut: 0
pass 2 b-jet cut: 0
pass b-jets pt cut: 0
pass aMT2 cut: 0
pass close b-jet/MET: 0
pass mbb cut: 0
pass pT_lep / MET cut: 0
pass pT_lep cut: 0
 
total weighted event: 140906
pass at least 1 lepton cut: 61390.6
pass exactly 1 lepton cut: 61390.6
pass 200 MET cut: 0
pass 2 b-jet cut: 0
pass b-jets pt cut: 0
pass aMT2 cut: 0
pass close b-jet/MET: 0
pass mbb cut: 0
pass pT_lep / MET cut: 0
pass pT_lep cut: 0
 
total weighted event: 144053
pass at least 1 lepton cut: 62799.2
pass exactly 1 lepton cut: 62799.2
pass 200 MET cut: 0
pass 2 b-jet cut: 0
pass b-jets pt cut: 0
pass aMT2 cut: 0
pass close b-jet/MET: 0
pass mbb cut: 0
pass pT_lep / MET cut: 0
pass pT_lep cut: 0
 
total weighted event: 147092
pass at least 1 lepton cut: 64080
pass exactly 1 lepton cut: 64080
pass 200 MET cut: 0
pass 2 b-jet cut: 0
pass b-jets pt cut: 0
pass aMT2 cut: 0
pass close b-jet/MET: 0
pass mbb cut: 0
pass pT_lep / MET cut: 0
pass pT_lep cut: 0
 
total weighted event: 150229
pass at least 1 lepton cut: 65471.7
pass exactly 1 lepton cut: 65471.7
pass 200 MET cut: 0
pass 2 b-jet cut: 0
pass b-jets pt cut: 0
pass aMT2 cut: 0
pass close b-jet/MET: 0
pass mbb cut: 0
pass pT_lep / MET cut: 0
pass pT_lep cut: 0
 
total weighted event: 153348
pass at least 1 lepton cut: 66841
pass exactly 1 lepton cut: 66841
pass 200 MET cut: 0
pass 2 b-jet cut: 0
pass b-jets pt cut: 0
pass aMT2 cut: 0
pass close b-jet/MET: 0
pass mbb cut: 0
pass pT_lep / MET cut: 0
pass pT_lep cut: 0
 
total weighted event: 156326
pass at least 1 lepton cut: 68132.1
pass exactly 1 lepton cut: 68132.1
pass 200 MET cut: 0
pass 2 b-jet cut: 0
pass b-jets pt cut: 0
pass aMT2 cut: 0
pass close b-jet/MET: 0
pass mbb cut: 0
pass pT_lep / MET cut: 0
pass pT_lep cut: 0
 
total weighted event: 159385
pass at least 1 lepton cut: 69380.8
pass exactly 1 lepton cut: 69380.8
pass 200 MET cut: 0
pass 2 b-jet cut: 0
pass b-jets pt cut: 0
pass aMT2 cut: 0
pass close b-jet/MET: 0
pass mbb cut: 0
pass pT_lep / MET cut: 0
pass pT_lep cut: 0
 
total weighted event: 162455
pass at least 1 lepton cut: 70667.6
pass exactly 1 lepton cut: 70667.6
pass 200 MET cut: 0
pass 2 b-jet cut: 0
pass b-jets pt cut: 0
pass aMT2 cut: 0
pass close b-jet/MET: 0
pass mbb cut: 0
pass pT_lep / MET cut: 0
pass pT_lep cut: 0
 
total weighted event: 165506
pass at least 1 lepton cut: 71994
pass exactly 1 lepton cut: 71994
pass 200 MET cut: 0
pass 2 b-jet cut: 0
pass b-jets pt cut: 0
pass aMT2 cut: 0
pass close b-jet/MET: 0
pass mbb cut: 0
pass pT_lep / MET cut: 0
pass pT_lep cut: 0
 
total weighted event: 168696
pass at least 1 lepton cut: 73358
pass exactly 1 lepton cut: 73358
pass 200 MET cut: 0
pass 2 b-jet cut: 0
pass b-jets pt cut: 0
pass aMT2 cut: 0
pass close b-jet/MET: 0
pass mbb cut: 0
pass pT_lep / MET cut: 0
pass pT_lep cut: 0
 
total weighted event: 171849
pass at least 1 lepton cut: 74751.3
pass exactly 1 lepton cut: 74751.3
pass 200 MET cut: 0
pass 2 b-jet cut: 0
pass b-jets pt cut: 0
pass aMT2 cut: 0
pass close b-jet/MET: 0
pass mbb cut: 0
pass pT_lep / MET cut: 0
pass pT_lep cut: 0
 
total weighted event: 175086
pass at least 1 lepton cut: 76232.5
pass exactly 1 lepton cut: 76232.5
pass 200 MET cut: 0
pass 2 b-jet cut: 0
pass b-jets pt cut: 0
pass aMT2 cut: 0
pass close b-jet/MET: 0
pass mbb cut: 0
pass pT_lep / MET cut: 0
pass pT_lep cut: 0
 
total weighted event: 178286
pass at least 1 lepton cut: 77601.6
pass exactly 1 lepton cut: 77601.6
pass 200 MET cut: 0
pass 2 b-jet cut: 0
pass b-jets pt cut: 0
pass aMT2 cut: 0
pass close b-jet/MET: 0
pass mbb cut: 0
pass pT_lep / MET cut: 0
pass pT_lep cut: 0
 
total weighted event: 181452
pass at least 1 lepton cut: 79005.6
pass exactly 1 lepton cut: 79005.6
pass 200 MET cut: 0
pass 2 b-jet cut: 0
pass b-jets pt cut: 0
pass aMT2 cut: 0
pass close b-jet/MET: 0
pass mbb cut: 0
pass pT_lep / MET cut: 0
pass pT_lep cut: 0
 
total weighted event: 184594
pass at least 1 lepton cut: 80385.2
pass exactly 1 lepton cut: 80385.2
pass 200 MET cut: 0
pass 2 b-jet cut: 0
pass b-jets pt cut: 0
pass aMT2 cut: 0
pass close b-jet/MET: 0
pass mbb cut: 0
pass pT_lep / MET cut: 0
pass pT_lep cut: 0
 
total weighted event: 187666
pass at least 1 lepton cut: 81748.2
pass exactly 1 lepton cut: 81748.2
pass 200 MET cut: 0
pass 2 b-jet cut: 0
pass b-jets pt cut: 0
pass aMT2 cut: 0
pass close b-jet/MET: 0
pass mbb cut: 0
pass pT_lep / MET cut: 0
pass pT_lep cut: 0
 
total weighted event: 190738
pass at least 1 lepton cut: 83080.3
pass exactly 1 lepton cut: 83080.3
pass 200 MET cut: 0
pass 2 b-jet cut: 0
pass b-jets pt cut: 0
pass aMT2 cut: 0
pass close b-jet/MET: 0
pass mbb cut: 0
pass pT_lep / MET cut: 0
pass pT_lep cut: 0
 
total weighted event: 193838
pass at least 1 lepton cut: 84504.4
pass exactly 1 lepton cut: 84504.4
pass 200 MET cut: 0
pass 2 b-jet cut: 0
pass b-jets pt cut: 0
pass aMT2 cut: 0
pass close b-jet/MET: 0
pass mbb cut: 0
pass pT_lep / MET cut: 0
pass pT_lep cut: 0
 
total weighted event: 196972
pass at least 1 lepton cut: 85845.2
pass exactly 1 lepton cut: 85845.2
pass 200 MET cut: 0
pass 2 b-jet cut: 0
pass b-jets pt cut: 0
pass aMT2 cut: 0
pass close b-jet/MET: 0
pass mbb cut: 0
pass pT_lep / MET cut: 0
pass pT_lep cut: 0
 
total weighted event: 200060
pass at least 1 lepton cut: 87170.3
pass exactly 1 lepton cut: 87170.3
pass 200 MET cut: 0
pass 2 b-jet cut: 0
pass b-jets pt cut: 0
pass aMT2 cut: 0
pass close b-jet/MET: 0
pass mbb cut: 0
pass pT_lep / MET cut: 0
pass pT_lep cut: 0
 
total weighted event: 202549
pass at least 1 lepton cut: 88551.3
pass exactly 1 lepton cut: 88551.3
pass 200 MET cut: 0
pass 2 b-jet cut: 0
pass b-jets pt cut: 0
pass aMT2 cut: 0
pass close b-jet/MET: 0
pass mbb cut: 0
pass pT_lep / MET cut: 0
pass pT_lep cut: 0
 
total weighted event: 205634
pass at least 1 lepton cut: 89946.9
pass exactly 1 lepton cut: 89946.9
pass 200 MET cut: 0
pass 2 b-jet cut: 0
pass b-jets pt cut: 0
pass aMT2 cut: 0
pass close b-jet/MET: 0
pass mbb cut: 0
pass pT_lep / MET cut: 0
pass pT_lep cut: 0
 
total weighted event: 208709
pass at least 1 lepton cut: 91316.7
pass exactly 1 lepton cut: 91316.7
pass 200 MET cut: 0
pass 2 b-jet cut: 0
pass b-jets pt cut: 0
pass aMT2 cut: 0
pass close b-jet/MET: 0
pass mbb cut: 0
pass pT_lep / MET cut: 0
pass pT_lep cut: 0
 
total weighted event: 211807
pass at least 1 lepton cut: 92657.8
pass exactly 1 lepton cut: 92657.8
pass 200 MET cut: 0
pass 2 b-jet cut: 0
pass b-jets pt cut: 0
pass aMT2 cut: 0
pass close b-jet/MET: 0
pass mbb cut: 0
pass pT_lep / MET cut: 0
pass pT_lep cut: 0
 
total weighted event: 214824
pass at least 1 lepton cut: 93938.3
pass exactly 1 lepton cut: 93938.3
pass 200 MET cut: 0
pass 2 b-jet cut: 0
pass b-jets pt cut: 0
pass aMT2 cut: 0
pass close b-jet/MET: 0
pass mbb cut: 0
pass pT_lep / MET cut: 0
pass pT_lep cut: 0
 
total weighted event: 218020
pass at least 1 lepton cut: 95364.8
pass exactly 1 lepton cut: 95364.8
pass 200 MET cut: 0
pass 2 b-jet cut: 0
pass b-jets pt cut: 0
pass aMT2 cut: 0
pass close b-jet/MET: 0
pass mbb cut: 0
pass pT_lep / MET cut: 0
pass pT_lep cut: 0
 
total weighted event: 221216
pass at least 1 lepton cut: 96764.2
pass exactly 1 lepton cut: 96764.2
pass 200 MET cut: 0
pass 2 b-jet cut: 0
pass b-jets pt cut: 0
pass aMT2 cut: 0
pass close b-jet/MET: 0
pass mbb cut: 0
pass pT_lep / MET cut: 0
pass pT_lep cut: 0
 
total weighted event: 224421
pass at least 1 lepton cut: 98191
pass exactly 1 lepton cut: 98191
pass 200 MET cut: 0
pass 2 b-jet cut: 0
pass b-jets pt cut: 0
pass aMT2 cut: 0
pass close b-jet/MET: 0
pass mbb cut: 0
pass pT_lep / MET cut: 0
pass pT_lep cut: 0
 
total weighted event: 227522
pass at least 1 lepton cut: 99473.3
pass exactly 1 lepton cut: 99473.3
pass 200 MET cut: -1
pass 2 b-jet cut: 0
pass b-jets pt cut: 0
pass aMT2 cut: 0
pass close b-jet/MET: 0
pass mbb cut: 0
pass pT_lep / MET cut: 0
pass pT_lep cut: 0
 
total weighted event: 230683
pass at least 1 lepton cut: 100793
pass exactly 1 lepton cut: 100793
pass 200 MET cut: -1
pass 2 b-jet cut: 0
pass b-jets pt cut: 0
pass aMT2 cut: 0
pass close b-jet/MET: 0
pass mbb cut: 0
pass pT_lep / MET cut: 0
pass pT_lep cut: 0
 
total weighted event: 233776
pass at least 1 lepton cut: 102088
pass exactly 1 lepton cut: 102088
pass 200 MET cut: -1
pass 2 b-jet cut: 0
pass b-jets pt cut: 0
pass aMT2 cut: 0
pass close b-jet/MET: 0
pass mbb cut: 0
pass pT_lep / MET cut: 0
pass pT_lep cut: 0
 
total weighted event: 236793
pass at least 1 lepton cut: 103374
pass exactly 1 lepton cut: 103374
pass 200 MET cut: -1
pass 2 b-jet cut: 0
pass b-jets pt cut: 0
pass aMT2 cut: 0
pass close b-jet/MET: 0
pass mbb cut: 0
pass pT_lep / MET cut: 0
pass pT_lep cut: 0
 
total weighted event: 239894
pass at least 1 lepton cut: 104738
pass exactly 1 lepton cut: 104738
pass 200 MET cut: -1
pass 2 b-jet cut: 0
pass b-jets pt cut: 0
pass aMT2 cut: 0
pass close b-jet/MET: 0
pass mbb cut: 0
pass pT_lep / MET cut: 0
pass pT_lep cut: 0
 
total weighted event: 243027
pass at least 1 lepton cut: 106112
pass exactly 1 lepton cut: 106112
pass 200 MET cut: -1
pass 2 b-jet cut: 0
pass b-jets pt cut: 0
pass aMT2 cut: 0
pass close b-jet/MET: 0
pass mbb cut: 0
pass pT_lep / MET cut: 0
pass pT_lep cut: 0
 
total weighted event: 246112
pass at least 1 lepton cut: 107442
pass exactly 1 lepton cut: 107442
pass 200 MET cut: -1
pass 2 b-jet cut: 0
pass b-jets pt cut: 0
pass aMT2 cut: 0
pass close b-jet/MET: 0
pass mbb cut: 0
pass pT_lep / MET cut: 0
pass pT_lep cut: 0
 
total weighted event: 249030
pass at least 1 lepton cut: 108655
pass exactly 1 lepton cut: 108655
pass 200 MET cut: -1
pass 2 b-jet cut: 0
pass b-jets pt cut: 0
pass aMT2 cut: 0
pass close b-jet/MET: 0
pass mbb cut: 0
pass pT_lep / MET cut: 0
pass pT_lep cut: 0
 
total weighted event: 252221
pass at least 1 lepton cut: 110084
pass exactly 1 lepton cut: 110084
pass 200 MET cut: -1
pass 2 b-jet cut: 0
pass b-jets pt cut: 0
pass aMT2 cut: 0
pass close b-jet/MET: 0
pass mbb cut: 0
pass pT_lep / MET cut: 0
pass pT_lep cut: 0
 
total weighted event: 255298
pass at least 1 lepton cut: 111417
pass exactly 1 lepton cut: 111417
pass 200 MET cut: -1
pass 2 b-jet cut: 0
pass b-jets pt cut: 0
pass aMT2 cut: 0
pass close b-jet/MET: 0
pass mbb cut: 0
pass pT_lep / MET cut: 0
pass pT_lep cut: 0
 
total weighted event: 258323
pass at least 1 lepton cut: 112758
pass exactly 1 lepton cut: 112758
pass 200 MET cut: -1
pass 2 b-jet cut: 0
pass b-jets pt cut: 0
pass aMT2 cut: 0
pass close b-jet/MET: 0
pass mbb cut: 0
pass pT_lep / MET cut: 0
pass pT_lep cut: 0
 
total weighted event: 261498
pass at least 1 lepton cut: 114062
pass exactly 1 lepton cut: 114062
pass 200 MET cut: -1
pass 2 b-jet cut: 0
pass b-jets pt cut: 0
pass aMT2 cut: 0
pass close b-jet/MET: 0
pass mbb cut: 0
pass pT_lep / MET cut: 0
pass pT_lep cut: 0
 
total weighted event: 264619
pass at least 1 lepton cut: 115408
pass exactly 1 lepton cut: 115408
pass 200 MET cut: -1
pass 2 b-jet cut: 0
pass b-jets pt cut: 0
pass aMT2 cut: 0
pass close b-jet/MET: 0
pass mbb cut: 0
pass pT_lep / MET cut: 0
pass pT_lep cut: 0
 
total weighted event: 267827
pass at least 1 lepton cut: 116767
pass exactly 1 lepton cut: 116767
pass 200 MET cut: -1
pass 2 b-jet cut: 0
pass b-jets pt cut: 0
pass aMT2 cut: 0
pass close b-jet/MET: 0
pass mbb cut: 0
pass pT_lep / MET cut: 0
pass pT_lep cut: 0
 
total weighted event: 271017
pass at least 1 lepton cut: 118235
pass exactly 1 lepton cut: 118235
pass 200 MET cut: -1
pass 2 b-jet cut: 0
pass b-jets pt cut: 0
pass aMT2 cut: 0
pass close b-jet/MET: 0
pass mbb cut: 0
pass pT_lep / MET cut: 0
pass pT_lep cut: 0
 
total weighted event: 274148
pass at least 1 lepton cut: 119539
pass exactly 1 lepton cut: 119539
pass 200 MET cut: -1
pass 2 b-jet cut: 0
pass b-jets pt cut: 0
pass aMT2 cut: 0
pass close b-jet/MET: 0
pass mbb cut: 0
pass pT_lep / MET cut: 0
pass pT_lep cut: 0
 
total weighted event: 277137
pass at least 1 lepton cut: 120843
pass exactly 1 lepton cut: 120843
pass 200 MET cut: -1
pass 2 b-jet cut: 0
pass b-jets pt cut: 0
pass aMT2 cut: 0
pass close b-jet/MET: 0
pass mbb cut: 0
pass pT_lep / MET cut: 0
pass pT_lep cut: 0
 
total weighted event: 280306
pass at least 1 lepton cut: 122155
pass exactly 1 lepton cut: 122155
pass 200 MET cut: -1
pass 2 b-jet cut: 0
pass b-jets pt cut: 0
pass aMT2 cut: 0
pass close b-jet/MET: 0
pass mbb cut: 0
pass pT_lep / MET cut: 0
pass pT_lep cut: 0
 
total weighted event: 283388
pass at least 1 lepton cut: 123474
pass exactly 1 lepton cut: 123474
pass 200 MET cut: -1
pass 2 b-jet cut: 0
pass b-jets pt cut: 0
pass aMT2 cut: 0
pass close b-jet/MET: 0
pass mbb cut: 0
pass pT_lep / MET cut: 0
pass pT_lep cut: 0
 
total weighted event: 286494
pass at least 1 lepton cut: 124841
pass exactly 1 lepton cut: 124841
pass 200 MET cut: -1
pass 2 b-jet cut: 0
pass b-jets pt cut: 0
pass aMT2 cut: 0
pass close b-jet/MET: 0
pass mbb cut: 0
pass pT_lep / MET cut: 0
pass pT_lep cut: 0
 
total weighted event: 289532
pass at least 1 lepton cut: 126160
pass exactly 1 lepton cut: 126160
pass 200 MET cut: -1
pass 2 b-jet cut: 0
pass b-jets pt cut: 0
pass aMT2 cut: 0
pass close b-jet/MET: 0
pass mbb cut: 0
pass pT_lep / MET cut: 0
pass pT_lep cut: 0
 
total weighted event: 292660
pass at least 1 lepton cut: 127518
pass exactly 1 lepton cut: 127518
pass 200 MET cut: -1
pass 2 b-jet cut: 0
pass b-jets pt cut: 0
pass aMT2 cut: 0
pass close b-jet/MET: 0
pass mbb cut: 0
pass pT_lep / MET cut: 0
pass pT_lep cut: 0
 
total weighted event: 295864
pass at least 1 lepton cut: 128915
pass exactly 1 lepton cut: 128915
pass 200 MET cut: -1
pass 2 b-jet cut: 0
pass b-jets pt cut: 0
pass aMT2 cut: 0
pass close b-jet/MET: 0
pass mbb cut: 0
pass pT_lep / MET cut: 0
pass pT_lep cut: 0
 
total weighted event: 298962
pass at least 1 lepton cut: 130285
pass exactly 1 lepton cut: 130285
pass 200 MET cut: -1
pass 2 b-jet cut: 0
pass b-jets pt cut: 0
pass aMT2 cut: 0
pass close b-jet/MET: 0
pass mbb cut: 0
pass pT_lep / MET cut: 0
pass pT_lep cut: 0
 
worker finished:
Real time 0:10:51, CP time 458.800
xAOD::TFileAccessTracer   INFO    Sending file access statistics to http://rucio-lb-prod.cern.ch:18762/traces/
