000 (1739709.000.000) 08/29 09:23:24 Job submitted from host: <128.91.77.183:9766?addrs=128.91.77.183-9766>
...
000 (1739709.001.000) 08/29 09:23:24 Job submitted from host: <128.91.77.183:9766?addrs=128.91.77.183-9766>
...
000 (1739709.002.000) 08/29 09:23:24 Job submitted from host: <128.91.77.183:9766?addrs=128.91.77.183-9766>
...
000 (1739709.003.000) 08/29 09:23:24 Job submitted from host: <128.91.77.183:9766?addrs=128.91.77.183-9766>
...
000 (1739709.004.000) 08/29 09:23:24 Job submitted from host: <128.91.77.183:9766?addrs=128.91.77.183-9766>
...
000 (1739709.005.000) 08/29 09:23:24 Job submitted from host: <128.91.77.183:9766?addrs=128.91.77.183-9766>
...
000 (1739709.006.000) 08/29 09:23:24 Job submitted from host: <128.91.77.183:9766?addrs=128.91.77.183-9766>
...
000 (1739709.007.000) 08/29 09:23:24 Job submitted from host: <128.91.77.183:9766?addrs=128.91.77.183-9766>
...
000 (1739709.008.000) 08/29 09:23:24 Job submitted from host: <128.91.77.183:9766?addrs=128.91.77.183-9766>
...
000 (1739709.009.000) 08/29 09:23:24 Job submitted from host: <128.91.77.183:9766?addrs=128.91.77.183-9766>
...
000 (1739709.010.000) 08/29 09:23:24 Job submitted from host: <128.91.77.183:9766?addrs=128.91.77.183-9766>
...
000 (1739709.011.000) 08/29 09:23:24 Job submitted from host: <128.91.77.183:9766?addrs=128.91.77.183-9766>
...
000 (1739709.012.000) 08/29 09:23:24 Job submitted from host: <128.91.77.183:9766?addrs=128.91.77.183-9766>
...
000 (1739709.013.000) 08/29 09:23:24 Job submitted from host: <128.91.77.183:9766?addrs=128.91.77.183-9766>
...
000 (1739709.014.000) 08/29 09:23:24 Job submitted from host: <128.91.77.183:9766?addrs=128.91.77.183-9766>
...
000 (1739709.015.000) 08/29 09:23:24 Job submitted from host: <128.91.77.183:9766?addrs=128.91.77.183-9766>
...
000 (1739709.016.000) 08/29 09:23:24 Job submitted from host: <128.91.77.183:9766?addrs=128.91.77.183-9766>
...
000 (1739709.017.000) 08/29 09:23:24 Job submitted from host: <128.91.77.183:9766?addrs=128.91.77.183-9766>
...
001 (1739709.000.000) 08/29 09:28:43 Job executing on host: <192.168.64.197:9770>
...
001 (1739709.001.000) 08/29 09:28:43 Job executing on host: <192.168.64.197:9770>
...
001 (1739709.002.000) 08/29 09:28:43 Job executing on host: <192.168.64.191:9442>
...
001 (1739709.003.000) 08/29 09:28:44 Job executing on host: <192.168.64.194:9974>
...
001 (1739709.004.000) 08/29 09:28:44 Job executing on host: <192.168.64.191:9442>
...
001 (1739709.005.000) 08/29 09:28:44 Job executing on host: <192.168.64.193:9214>
...
001 (1739709.006.000) 08/29 09:28:44 Job executing on host: <192.168.64.193:9214>
...
001 (1739709.007.000) 08/29 09:28:44 Job executing on host: <192.168.64.195:9241>
...
001 (1739709.008.000) 08/29 09:28:44 Job executing on host: <192.168.64.197:9770>
...
001 (1739709.009.000) 08/29 09:28:45 Job executing on host: <192.168.64.199:9406>
...
001 (1739709.010.000) 08/29 09:28:45 Job executing on host: <192.168.64.191:9442>
...
001 (1739709.011.000) 08/29 09:28:46 Job executing on host: <192.168.64.194:9974>
...
001 (1739709.012.000) 08/29 09:28:46 Job executing on host: <192.168.64.194:9974>
...
001 (1739709.013.000) 08/29 09:28:46 Job executing on host: <192.168.64.192:9840>
...
001 (1739709.014.000) 08/29 09:28:46 Job executing on host: <192.168.64.195:9241>
...
001 (1739709.015.000) 08/29 09:28:47 Job executing on host: <192.168.64.199:9406>
...
001 (1739709.016.000) 08/29 09:28:47 Job executing on host: <192.168.64.198:9568>
...
001 (1739709.017.000) 08/29 09:28:47 Job executing on host: <192.168.64.200:9474>
...
006 (1739709.000.000) 08/29 09:28:51 Image size of job updated: 1089032
	164  -  MemoryUsage of job (MB)
	167328  -  ResidentSetSize of job (KB)
...
006 (1739709.003.000) 08/29 09:28:52 Image size of job updated: 582144
	84  -  MemoryUsage of job (MB)
	85340  -  ResidentSetSize of job (KB)
...
006 (1739709.004.000) 08/29 09:28:52 Image size of job updated: 765284
	87  -  MemoryUsage of job (MB)
	88348  -  ResidentSetSize of job (KB)
...
006 (1739709.001.000) 08/29 09:28:52 Image size of job updated: 1089004
	167  -  MemoryUsage of job (MB)
	170056  -  ResidentSetSize of job (KB)
...
006 (1739709.002.000) 08/29 09:28:52 Image size of job updated: 823544
	84  -  MemoryUsage of job (MB)
	85256  -  ResidentSetSize of job (KB)
...
006 (1739709.009.000) 08/29 09:28:53 Image size of job updated: 1203696
	198  -  MemoryUsage of job (MB)
	202148  -  ResidentSetSize of job (KB)
...
006 (1739709.010.000) 08/29 09:28:53 Image size of job updated: 750380
	113  -  MemoryUsage of job (MB)
	115688  -  ResidentSetSize of job (KB)
...
006 (1739709.005.000) 08/29 09:28:53 Image size of job updated: 1027408
	107  -  MemoryUsage of job (MB)
	108676  -  ResidentSetSize of job (KB)
...
006 (1739709.006.000) 08/29 09:28:53 Image size of job updated: 1042844
	125  -  MemoryUsage of job (MB)
	127160  -  ResidentSetSize of job (KB)
...
006 (1739709.007.000) 08/29 09:28:53 Image size of job updated: 899968
	84  -  MemoryUsage of job (MB)
	85876  -  ResidentSetSize of job (KB)
...
006 (1739709.008.000) 08/29 09:28:53 Image size of job updated: 1089008
	143  -  MemoryUsage of job (MB)
	146160  -  ResidentSetSize of job (KB)
...
006 (1739709.011.000) 08/29 09:28:54 Image size of job updated: 1021516
	148  -  MemoryUsage of job (MB)
	151060  -  ResidentSetSize of job (KB)
...
006 (1739709.012.000) 08/29 09:28:54 Image size of job updated: 1031716
	162  -  MemoryUsage of job (MB)
	165656  -  ResidentSetSize of job (KB)
...
006 (1739709.015.000) 08/29 09:28:55 Image size of job updated: 1068016
	175  -  MemoryUsage of job (MB)
	178408  -  ResidentSetSize of job (KB)
...
006 (1739709.016.000) 08/29 09:28:55 Image size of job updated: 1089032
	149  -  MemoryUsage of job (MB)
	151712  -  ResidentSetSize of job (KB)
...
006 (1739709.017.000) 08/29 09:28:55 Image size of job updated: 1089012
	161  -  MemoryUsage of job (MB)
	164856  -  ResidentSetSize of job (KB)
...
006 (1739709.013.000) 08/29 09:28:55 Image size of job updated: 1035056
	129  -  MemoryUsage of job (MB)
	131668  -  ResidentSetSize of job (KB)
...
006 (1739709.014.000) 08/29 09:28:55 Image size of job updated: 1030312
	108  -  MemoryUsage of job (MB)
	110320  -  ResidentSetSize of job (KB)
...
006 (1739709.000.000) 08/29 09:30:09 Image size of job updated: 1314180
	164  -  MemoryUsage of job (MB)
	167328  -  ResidentSetSize of job (KB)
...
005 (1739709.000.000) 08/29 09:30:09 Job terminated.
	(1) Normal termination (return value 0)
		Usr 0 00:00:27, Sys 0 00:00:00  -  Run Remote Usage
		Usr 0 00:00:00, Sys 0 00:00:00  -  Run Local Usage
		Usr 0 00:00:27, Sys 0 00:00:00  -  Total Remote Usage
		Usr 0 00:00:00, Sys 0 00:00:00  -  Total Local Usage
	0  -  Run Bytes Sent By Job
	0  -  Run Bytes Received By Job
	0  -  Total Bytes Sent By Job
	0  -  Total Bytes Received By Job
	Partitionable Resources :    Usage  Request Allocated
	   Cpus                 :                 1         1
	   Disk (KB)            :        2        2  18310934
	   Memory (MB)          :      164        1      2139
...
006 (1739709.012.000) 08/29 09:32:49 Image size of job updated: 1352304
	162  -  MemoryUsage of job (MB)
	165656  -  ResidentSetSize of job (KB)
...
005 (1739709.012.000) 08/29 09:32:49 Job terminated.
	(1) Normal termination (return value 0)
		Usr 0 00:00:56, Sys 0 00:00:00  -  Run Remote Usage
		Usr 0 00:00:00, Sys 0 00:00:00  -  Run Local Usage
		Usr 0 00:00:56, Sys 0 00:00:00  -  Total Remote Usage
		Usr 0 00:00:00, Sys 0 00:00:00  -  Total Local Usage
	0  -  Run Bytes Sent By Job
	0  -  Run Bytes Received By Job
	0  -  Total Bytes Sent By Job
	0  -  Total Bytes Received By Job
	Partitionable Resources :    Usage  Request Allocated
	   Cpus                 :                 1         1
	   Disk (KB)            :        2        2  18310934
	   Memory (MB)          :      162        1      2139
...
006 (1739709.003.000) 08/29 09:33:52 Image size of job updated: 1516336
	567  -  MemoryUsage of job (MB)
	579884  -  ResidentSetSize of job (KB)
...
006 (1739709.004.000) 08/29 09:33:52 Image size of job updated: 1509480
	564  -  MemoryUsage of job (MB)
	576784  -  ResidentSetSize of job (KB)
...
006 (1739709.009.000) 08/29 09:33:53 Image size of job updated: 1389960
	445  -  MemoryUsage of job (MB)
	455192  -  ResidentSetSize of job (KB)
...
006 (1739709.010.000) 08/29 09:33:53 Image size of job updated: 1303976
	330  -  MemoryUsage of job (MB)
	337640  -  ResidentSetSize of job (KB)
...
006 (1739709.001.000) 08/29 09:33:53 Image size of job updated: 1395968
	449  -  MemoryUsage of job (MB)
	459496  -  ResidentSetSize of job (KB)
...
006 (1739709.002.000) 08/29 09:33:54 Image size of job updated: 1420816
	473  -  MemoryUsage of job (MB)
	483384  -  ResidentSetSize of job (KB)
...
006 (1739709.007.000) 08/29 09:33:54 Image size of job updated: 1429156
	482  -  MemoryUsage of job (MB)
	492600  -  ResidentSetSize of job (KB)
...
006 (1739709.008.000) 08/29 09:33:54 Image size of job updated: 1355284
	406  -  MemoryUsage of job (MB)
	415028  -  ResidentSetSize of job (KB)
...
006 (1739709.011.000) 08/29 09:33:54 Image size of job updated: 1203976
	169  -  MemoryUsage of job (MB)
	172236  -  ResidentSetSize of job (KB)
...
006 (1739709.005.000) 08/29 09:33:54 Image size of job updated: 1455936
	512  -  MemoryUsage of job (MB)
	524244  -  ResidentSetSize of job (KB)
...
006 (1739709.006.000) 08/29 09:33:54 Image size of job updated: 1526008
	575  -  MemoryUsage of job (MB)
	588776  -  ResidentSetSize of job (KB)
...
006 (1739709.015.000) 08/29 09:33:55 Image size of job updated: 1384796
	441  -  MemoryUsage of job (MB)
	450628  -  ResidentSetSize of job (KB)
...
006 (1739709.016.000) 08/29 09:33:55 Image size of job updated: 1314984
	374  -  MemoryUsage of job (MB)
	382196  -  ResidentSetSize of job (KB)
...
006 (1739709.017.000) 08/29 09:33:55 Image size of job updated: 1509880
	563  -  MemoryUsage of job (MB)
	576372  -  ResidentSetSize of job (KB)
...
006 (1739709.013.000) 08/29 09:33:56 Image size of job updated: 1363696
	421  -  MemoryUsage of job (MB)
	430916  -  ResidentSetSize of job (KB)
...
006 (1739709.014.000) 08/29 09:33:56 Image size of job updated: 1353864
	383  -  MemoryUsage of job (MB)
	391332  -  ResidentSetSize of job (KB)
...
006 (1739709.004.000) 08/29 09:34:01 Image size of job updated: 1532120
	564  -  MemoryUsage of job (MB)
	576784  -  ResidentSetSize of job (KB)
...
005 (1739709.004.000) 08/29 09:34:01 Job terminated.
	(1) Normal termination (return value 0)
		Usr 0 00:02:42, Sys 0 00:00:02  -  Run Remote Usage
		Usr 0 00:00:00, Sys 0 00:00:00  -  Run Local Usage
		Usr 0 00:02:42, Sys 0 00:00:02  -  Total Remote Usage
		Usr 0 00:00:00, Sys 0 00:00:00  -  Total Local Usage
	0  -  Run Bytes Sent By Job
	0  -  Run Bytes Received By Job
	0  -  Total Bytes Sent By Job
	0  -  Total Bytes Received By Job
	Partitionable Resources :    Usage  Request Allocated
	   Cpus                 :                 1         1
	   Disk (KB)            :        2        2  18121186
	   Memory (MB)          :      564        1      2139
...
006 (1739709.016.000) 08/29 09:34:30 Image size of job updated: 1368884
	374  -  MemoryUsage of job (MB)
	382196  -  ResidentSetSize of job (KB)
...
005 (1739709.016.000) 08/29 09:34:30 Job terminated.
	(1) Normal termination (return value 0)
		Usr 0 00:00:53, Sys 0 00:00:00  -  Run Remote Usage
		Usr 0 00:00:00, Sys 0 00:00:00  -  Run Local Usage
		Usr 0 00:00:53, Sys 0 00:00:00  -  Total Remote Usage
		Usr 0 00:00:00, Sys 0 00:00:00  -  Total Local Usage
	0  -  Run Bytes Sent By Job
	0  -  Run Bytes Received By Job
	0  -  Total Bytes Sent By Job
	0  -  Total Bytes Received By Job
	Partitionable Resources :    Usage  Request Allocated
	   Cpus                 :                 1         1
	   Disk (KB)            :        2        2  18310934
	   Memory (MB)          :      374        1      2139
...
006 (1739709.006.000) 08/29 09:35:04 Image size of job updated: 1642080
	575  -  MemoryUsage of job (MB)
	588776  -  ResidentSetSize of job (KB)
...
005 (1739709.006.000) 08/29 09:35:04 Job terminated.
	(1) Normal termination (return value 0)
		Usr 0 00:03:49, Sys 0 00:00:02  -  Run Remote Usage
		Usr 0 00:00:00, Sys 0 00:00:00  -  Run Local Usage
		Usr 0 00:03:49, Sys 0 00:00:02  -  Total Remote Usage
		Usr 0 00:00:00, Sys 0 00:00:00  -  Total Local Usage
	0  -  Run Bytes Sent By Job
	0  -  Run Bytes Received By Job
	0  -  Total Bytes Sent By Job
	0  -  Total Bytes Received By Job
	Partitionable Resources :    Usage  Request Allocated
	   Cpus                 :                 1         1
	   Disk (KB)            :        2        2  18224539
	   Memory (MB)          :      575        1      2139
...
006 (1739709.003.000) 08/29 09:38:52 Image size of job updated: 1957052
	1000  -  MemoryUsage of job (MB)
	1023104  -  ResidentSetSize of job (KB)
...
006 (1739709.010.000) 08/29 09:38:54 Image size of job updated: 1808568
	858  -  MemoryUsage of job (MB)
	878288  -  ResidentSetSize of job (KB)
...
006 (1739709.001.000) 08/29 09:38:54 Image size of job updated: 1911868
	956  -  MemoryUsage of job (MB)
	978012  -  ResidentSetSize of job (KB)
...
006 (1739709.002.000) 08/29 09:38:54 Image size of job updated: 1872764
	914  -  MemoryUsage of job (MB)
	935272  -  ResidentSetSize of job (KB)
...
006 (1739709.008.000) 08/29 09:38:54 Image size of job updated: 1852268
	898  -  MemoryUsage of job (MB)
	918872  -  ResidentSetSize of job (KB)
...
006 (1739709.007.000) 08/29 09:38:54 Image size of job updated: 1876304
	921  -  MemoryUsage of job (MB)
	942392  -  ResidentSetSize of job (KB)
...
006 (1739709.011.000) 08/29 09:38:54 Image size of job updated: 1771100
	823  -  MemoryUsage of job (MB)
	842304  -  ResidentSetSize of job (KB)
...
006 (1739709.009.000) 08/29 09:38:54 Image size of job updated: 1918064
	963  -  MemoryUsage of job (MB)
	985732  -  ResidentSetSize of job (KB)
...
006 (1739709.005.000) 08/29 09:38:55 Image size of job updated: 1929728
	977  -  MemoryUsage of job (MB)
	999472  -  ResidentSetSize of job (KB)
...
006 (1739709.015.000) 08/29 09:38:55 Image size of job updated: 1906936
	951  -  MemoryUsage of job (MB)
	973004  -  ResidentSetSize of job (KB)
...
006 (1739709.017.000) 08/29 09:38:56 Image size of job updated: 2059348
	1103  -  MemoryUsage of job (MB)
	1129136  -  ResidentSetSize of job (KB)
...
006 (1739709.013.000) 08/29 09:38:56 Image size of job updated: 1827676
	879  -  MemoryUsage of job (MB)
	899508  -  ResidentSetSize of job (KB)
...
006 (1739709.014.000) 08/29 09:38:56 Image size of job updated: 1797488
	847  -  MemoryUsage of job (MB)
	866380  -  ResidentSetSize of job (KB)
...
006 (1739709.017.000) 08/29 09:39:46 Image size of job updated: 2141556
	1103  -  MemoryUsage of job (MB)
	1129136  -  ResidentSetSize of job (KB)
...
005 (1739709.017.000) 08/29 09:39:46 Job terminated.
	(1) Normal termination (return value 0)
		Usr 0 00:07:32, Sys 0 00:00:05  -  Run Remote Usage
		Usr 0 00:00:00, Sys 0 00:00:00  -  Run Local Usage
		Usr 0 00:07:32, Sys 0 00:00:05  -  Total Remote Usage
		Usr 0 00:00:00, Sys 0 00:00:00  -  Total Local Usage
	0  -  Run Bytes Sent By Job
	0  -  Run Bytes Received By Job
	0  -  Total Bytes Sent By Job
	0  -  Total Bytes Received By Job
	Partitionable Resources :    Usage  Request Allocated
	   Cpus                 :                 1         1
	   Disk (KB)            :        2        2  18310934
	   Memory (MB)          :     1103        1      2139
...
006 (1739709.015.000) 08/29 09:40:10 Image size of job updated: 2040132
	951  -  MemoryUsage of job (MB)
	973004  -  ResidentSetSize of job (KB)
...
005 (1739709.015.000) 08/29 09:40:10 Job terminated.
	(1) Normal termination (return value 0)
		Usr 0 00:06:52, Sys 0 00:00:03  -  Run Remote Usage
		Usr 0 00:00:00, Sys 0 00:00:00  -  Run Local Usage
		Usr 0 00:06:52, Sys 0 00:00:03  -  Total Remote Usage
		Usr 0 00:00:00, Sys 0 00:00:00  -  Total Local Usage
	0  -  Run Bytes Sent By Job
	0  -  Run Bytes Received By Job
	0  -  Total Bytes Sent By Job
	0  -  Total Bytes Received By Job
	Partitionable Resources :    Usage  Request Allocated
	   Cpus                 :                 1         1
	   Disk (KB)            :        2        2  18310934
	   Memory (MB)          :      951        1      2139
...
006 (1739709.009.000) 08/29 09:40:18 Image size of job updated: 2086848
	963  -  MemoryUsage of job (MB)
	985732  -  ResidentSetSize of job (KB)
...
005 (1739709.009.000) 08/29 09:40:18 Job terminated.
	(1) Normal termination (return value 0)
		Usr 0 00:07:08, Sys 0 00:00:04  -  Run Remote Usage
		Usr 0 00:00:00, Sys 0 00:00:00  -  Run Local Usage
		Usr 0 00:07:08, Sys 0 00:00:04  -  Total Remote Usage
		Usr 0 00:00:00, Sys 0 00:00:00  -  Total Local Usage
	0  -  Run Bytes Sent By Job
	0  -  Run Bytes Received By Job
	0  -  Total Bytes Sent By Job
	0  -  Total Bytes Received By Job
	Partitionable Resources :    Usage  Request Allocated
	   Cpus                 :                 1         1
	   Disk (KB)            :        2        2  18310934
	   Memory (MB)          :      963        1      2139
...
006 (1739709.003.000) 08/29 09:41:01 Image size of job updated: 2138548
	1000  -  MemoryUsage of job (MB)
	1023104  -  ResidentSetSize of job (KB)
...
005 (1739709.003.000) 08/29 09:41:01 Job terminated.
	(1) Normal termination (return value 0)
		Usr 0 00:09:22, Sys 0 00:00:06  -  Run Remote Usage
		Usr 0 00:00:00, Sys 0 00:00:00  -  Run Local Usage
		Usr 0 00:09:22, Sys 0 00:00:06  -  Total Remote Usage
		Usr 0 00:00:00, Sys 0 00:00:00  -  Total Local Usage
	0  -  Run Bytes Sent By Job
	0  -  Run Bytes Received By Job
	0  -  Total Bytes Sent By Job
	0  -  Total Bytes Received By Job
	Partitionable Resources :    Usage  Request Allocated
	   Cpus                 :                 1         1
	   Disk (KB)            :        2        2  18310934
	   Memory (MB)          :     1000        1      2139
...
006 (1739709.005.000) 08/29 09:41:08 Image size of job updated: 2143452
	977  -  MemoryUsage of job (MB)
	999472  -  ResidentSetSize of job (KB)
...
005 (1739709.005.000) 08/29 09:41:08 Job terminated.
	(1) Normal termination (return value 0)
		Usr 0 00:08:38, Sys 0 00:00:06  -  Run Remote Usage
		Usr 0 00:00:00, Sys 0 00:00:00  -  Run Local Usage
		Usr 0 00:08:38, Sys 0 00:00:06  -  Total Remote Usage
		Usr 0 00:00:00, Sys 0 00:00:00  -  Total Local Usage
	0  -  Run Bytes Sent By Job
	0  -  Run Bytes Received By Job
	0  -  Total Bytes Sent By Job
	0  -  Total Bytes Received By Job
	Partitionable Resources :    Usage  Request Allocated
	   Cpus                 :                 1         1
	   Disk (KB)            :        2        2  18079539
	   Memory (MB)          :      977        1      2139
...
006 (1739709.001.000) 08/29 09:41:11 Image size of job updated: 2150704
	956  -  MemoryUsage of job (MB)
	978012  -  ResidentSetSize of job (KB)
...
005 (1739709.001.000) 08/29 09:41:12 Job terminated.
	(1) Normal termination (return value 0)
		Usr 0 00:07:47, Sys 0 00:00:05  -  Run Remote Usage
		Usr 0 00:00:00, Sys 0 00:00:00  -  Run Local Usage
		Usr 0 00:07:47, Sys 0 00:00:05  -  Total Remote Usage
		Usr 0 00:00:00, Sys 0 00:00:00  -  Total Local Usage
	0  -  Run Bytes Sent By Job
	0  -  Run Bytes Received By Job
	0  -  Total Bytes Sent By Job
	0  -  Total Bytes Received By Job
	Partitionable Resources :    Usage  Request Allocated
	   Cpus                 :                 1         1
	   Disk (KB)            :        2        2  18310893
	   Memory (MB)          :      956        1      2139
...
006 (1739709.007.000) 08/29 09:41:51 Image size of job updated: 2148188
	921  -  MemoryUsage of job (MB)
	942392  -  ResidentSetSize of job (KB)
...
005 (1739709.007.000) 08/29 09:41:51 Job terminated.
	(1) Normal termination (return value 0)
		Usr 0 00:09:01, Sys 0 00:00:07  -  Run Remote Usage
		Usr 0 00:00:00, Sys 0 00:00:00  -  Run Local Usage
		Usr 0 00:09:01, Sys 0 00:00:07  -  Total Remote Usage
		Usr 0 00:00:00, Sys 0 00:00:00  -  Total Local Usage
	0  -  Run Bytes Sent By Job
	0  -  Run Bytes Received By Job
	0  -  Total Bytes Sent By Job
	0  -  Total Bytes Received By Job
	Partitionable Resources :    Usage  Request Allocated
	   Cpus                 :                 1         1
	   Disk (KB)            :        2        2  18310934
	   Memory (MB)          :      921        1      2139
...
006 (1739709.008.000) 08/29 09:41:53 Image size of job updated: 2156636
	898  -  MemoryUsage of job (MB)
	918872  -  ResidentSetSize of job (KB)
...
005 (1739709.008.000) 08/29 09:41:53 Job terminated.
	(1) Normal termination (return value 0)
		Usr 0 00:08:05, Sys 0 00:00:04  -  Run Remote Usage
		Usr 0 00:00:00, Sys 0 00:00:00  -  Run Local Usage
		Usr 0 00:08:05, Sys 0 00:00:04  -  Total Remote Usage
		Usr 0 00:00:00, Sys 0 00:00:00  -  Total Local Usage
	0  -  Run Bytes Sent By Job
	0  -  Run Bytes Received By Job
	0  -  Total Bytes Sent By Job
	0  -  Total Bytes Received By Job
	Partitionable Resources :    Usage  Request Allocated
	   Cpus                 :                 1         1
	   Disk (KB)            :        2        2  18310934
	   Memory (MB)          :      898        1      2139
...
006 (1739709.002.000) 08/29 09:41:54 Image size of job updated: 2141892
	914  -  MemoryUsage of job (MB)
	935272  -  ResidentSetSize of job (KB)
...
005 (1739709.002.000) 08/29 09:41:54 Job terminated.
	(1) Normal termination (return value 0)
		Usr 0 00:09:02, Sys 0 00:00:06  -  Run Remote Usage
		Usr 0 00:00:00, Sys 0 00:00:00  -  Run Local Usage
		Usr 0 00:09:02, Sys 0 00:00:06  -  Total Remote Usage
		Usr 0 00:00:00, Sys 0 00:00:00  -  Total Local Usage
	0  -  Run Bytes Sent By Job
	0  -  Run Bytes Received By Job
	0  -  Total Bytes Sent By Job
	0  -  Total Bytes Received By Job
	Partitionable Resources :    Usage  Request Allocated
	   Cpus                 :                 1         1
	   Disk (KB)            :        2        2  18135564
	   Memory (MB)          :      914        1      2139
...
006 (1739709.010.000) 08/29 09:42:29 Image size of job updated: 2138316
	858  -  MemoryUsage of job (MB)
	878288  -  ResidentSetSize of job (KB)
...
005 (1739709.010.000) 08/29 09:42:29 Job terminated.
	(1) Normal termination (return value 0)
		Usr 0 00:08:54, Sys 0 00:00:05  -  Run Remote Usage
		Usr 0 00:00:00, Sys 0 00:00:00  -  Run Local Usage
		Usr 0 00:08:54, Sys 0 00:00:05  -  Total Remote Usage
		Usr 0 00:00:00, Sys 0 00:00:00  -  Total Local Usage
	0  -  Run Bytes Sent By Job
	0  -  Run Bytes Received By Job
	0  -  Total Bytes Sent By Job
	0  -  Total Bytes Received By Job
	Partitionable Resources :    Usage  Request Allocated
	   Cpus                 :                 1         1
	   Disk (KB)            :        2        2  18121186
	   Memory (MB)          :      858        1      2139
...
006 (1739709.013.000) 08/29 09:42:32 Image size of job updated: 2149348
	879  -  MemoryUsage of job (MB)
	899508  -  ResidentSetSize of job (KB)
...
005 (1739709.013.000) 08/29 09:42:32 Job terminated.
	(1) Normal termination (return value 0)
		Usr 0 00:08:51, Sys 0 00:00:06  -  Run Remote Usage
		Usr 0 00:00:00, Sys 0 00:00:00  -  Run Local Usage
		Usr 0 00:08:51, Sys 0 00:00:06  -  Total Remote Usage
		Usr 0 00:00:00, Sys 0 00:00:00  -  Total Local Usage
	0  -  Run Bytes Sent By Job
	0  -  Run Bytes Received By Job
	0  -  Total Bytes Sent By Job
	0  -  Total Bytes Received By Job
	Partitionable Resources :    Usage  Request Allocated
	   Cpus                 :                 1         1
	   Disk (KB)            :        2        2  18080302
	   Memory (MB)          :      879        1      2139
...
006 (1739709.014.000) 08/29 09:43:03 Image size of job updated: 2152676
	847  -  MemoryUsage of job (MB)
	866380  -  ResidentSetSize of job (KB)
...
005 (1739709.014.000) 08/29 09:43:03 Job terminated.
	(1) Normal termination (return value 0)
		Usr 0 00:09:14, Sys 0 00:00:05  -  Run Remote Usage
		Usr 0 00:00:00, Sys 0 00:00:00  -  Run Local Usage
		Usr 0 00:09:14, Sys 0 00:00:05  -  Total Remote Usage
		Usr 0 00:00:00, Sys 0 00:00:00  -  Total Local Usage
	0  -  Run Bytes Sent By Job
	0  -  Run Bytes Received By Job
	0  -  Total Bytes Sent By Job
	0  -  Total Bytes Received By Job
	Partitionable Resources :    Usage  Request Allocated
	   Cpus                 :                 1         1
	   Disk (KB)            :        2        2  18310934
	   Memory (MB)          :      847        1      2139
...
006 (1739709.011.000) 08/29 09:43:15 Image size of job updated: 2140168
	823  -  MemoryUsage of job (MB)
	842304  -  ResidentSetSize of job (KB)
...
005 (1739709.011.000) 08/29 09:43:15 Job terminated.
	(1) Normal termination (return value 0)
		Usr 0 00:09:29, Sys 0 00:00:05  -  Run Remote Usage
		Usr 0 00:00:00, Sys 0 00:00:00  -  Run Local Usage
		Usr 0 00:09:29, Sys 0 00:00:05  -  Total Remote Usage
		Usr 0 00:00:00, Sys 0 00:00:00  -  Total Local Usage
	0  -  Run Bytes Sent By Job
	0  -  Run Bytes Received By Job
	0  -  Total Bytes Sent By Job
	0  -  Total Bytes Received By Job
	Partitionable Resources :    Usage  Request Allocated
	   Cpus                 :                 1         1
	   Disk (KB)            :        2        2  18310934
	   Memory (MB)          :      823        1      2139
...
