starting batch job initialization
batch job user initialization finished
at3f09.hep.upenn.edu
/home/shepj/xaod/ROOTAnalysisTutorial/Run/singletbar_weights
shepj

Processing /cvmfs/atlas.cern.ch/repo/sw/ASG/AnalysisBase/2.3.45/RootCore/scripts/load_packages.C...
xAOD::Init                INFO    Environment initialised for data access
Processing /cvmfs/atlas.cern.ch/repo/sw/ASG/AnalysisBase/2.3.45/RootCore/scripts/load_packages.C...
load_packages.C already run, not running again
Processing /home/shepj/xaod/ROOTAnalysisTutorial/RootCoreBin/user_scripts/EventLoop/batch_worker.C(0,"/home/shepj/xaod/ROOTAnalysisTutorial/Run/singletbar_weights/submit/config.root")...
/var/lib/condor/execute/dir_19842/EventLoop-Worker-mc15_13TeV.407021.PowhegPythiaEvtGen_P2012CT10_Wt_inclusive_tbar_MET200.merge.DAOD_TRUTH1.e4024_p2613-0-1472479683-19843
Processing File file:///disk/userdata00/atlas_data2/shepj/mc15_13TeV.407021.PowhegPythiaEvtGen_P2012CT10_Wt_inclusive_tbar_MET200.merge.DAOD_TRUTH1.e4024_p2613//DAOD_TRUTH1.08398022._000001.pool.root.1
Hostname is at3f09.hep.upenn.edu
the metadata had for veto directory: 
output
tempdir
Old file name is /disk/userdata00/atlas_data2/shepj/mc15_13TeV.407021.PowhegPythiaEvtGen_P2012CT10_Wt_inclusive_tbar_MET200.merge.DAOD_TRUTH1.e4024_p2613//DAOD_TRUTH1.08398022._000001.pool.root.1
New file name is _disk_userdata00_atlas_data2_shepj_mc15_13TeV.407021.PowhegPythiaEvtGen_P2012CT10_Wt_inclusive_tbar_MET200.merge.DAOD_TRUTH1.e4024_p2613__DAOD_TRUTH1.08398022._000001.pool.root.1
Job location: /home/shepj/xaod/ROOTAnalysisTutorial/Run/singletbar_weights
Veto directory: /home/shepj/xaod/ROOTAnalysisTutorial/Run/singletbar_weights/veto
Transfer begin for _disk_userdata00_atlas_data2_shepj_mc15_13TeV.407021.PowhegPythiaEvtGen_P2012CT10_Wt_inclusive_tbar_MET200.merge.DAOD_TRUTH1.e4024_p2613__DAOD_TRUTH1.08398022._000001.pool.root.1
cp /disk/userdata00/atlas_data2/shepj/mc15_13TeV.407021.PowhegPythiaEvtGen_P2012CT10_Wt_inclusive_tbar_MET200.merge.DAOD_TRUTH1.e4024_p2613//DAOD_TRUTH1.08398022._000001.pool.root.1 tempdir/_disk_userdata00_atlas_data2_shepj_mc15_13TeV.407021.PowhegPythiaEvtGen_P2012CT10_Wt_inclusive_tbar_MET200.merge.DAOD_TRUTH1.e4024_p2613__DAOD_TRUTH1.08398022._000001.pool.root.1
Transfer end. xrd command result: 
Checking that file exists tempdir/_disk_userdata00_atlas_data2_shepj_mc15_13TeV.407021.PowhegPythiaEvtGen_P2012CT10_Wt_inclusive_tbar_MET200.merge.DAOD_TRUTH1.e4024_p2613__DAOD_TRUTH1.08398022._000001.pool.root.1
File exists: tempdir/_disk_userdata00_atlas_data2_shepj_mc15_13TeV.407021.PowhegPythiaEvtGen_P2012CT10_Wt_inclusive_tbar_MET200.merge.DAOD_TRUTH1.e4024_p2613__DAOD_TRUTH1.08398022._000001.pool.root.1
Breaking out of queue after this many tries: 1
MyxAODAnalysis::initia... INFO    Number of events = 50000
TInterpreter::AutoParse   ERROR   Error parsing payload code for class xAOD::MissingETAuxContainer_v1 with content:


#ifndef G__VECTOR_HAS_CLASS_ITERATOR
  #define G__VECTOR_HAS_CLASS_ITERATOR 1
#endif
#ifndef ROOTCORE
  #define ROOTCORE 1
#endif
#ifndef ROOTCORE_RELEASE_SERIES
  #define ROOTCORE_RELEASE_SERIES 23
#endif
#ifndef ROOTCORE_TEST_FILE
  #define ROOTCORE_TEST_FILE "/afs/cern.ch/user/a/asgbase/patspace/xAODs/r6630/mc15_13TeV.410000.PowhegPythiaEvtGen_P2012_ttbar_hdamp172p5_nonallhad.recon.AOD.e3698_s2608_s2183_r6630_tid05352803_00/AOD.05352803._000242.pool.root.1"
#endif
#ifndef ROOTCORE_TEST_DATA
  #define ROOTCORE_TEST_DATA "/afs/cern.ch/user/a/asgbase/patspace/xAODs/r6630"
#endif
#ifndef ASG_TEST_FILE_DATA
  #define ASG_TEST_FILE_DATA "/afs/cern.ch/atlas/project/PAT/xAODs/p2410/data15_13TeV.00270448.physics_Main.merge.AOD.r6943_p2410/AOD.06297575._000522.pool.root.1"
#endif
#ifndef ASG_TEST_FILE_MC
  #define ASG_TEST_FILE_MC "/afs/cern.ch/user/a/asgbase/patspace/xAODs/r6630/mc15_13TeV.410000.PowhegPythiaEvtGen_P2012_ttbar_hdamp172p5_nonallhad.recon.AOD.e3698_s2608_s2183_r6630_tid05352803_00/AOD.05352803._000242.pool.root.1"
#endif
#ifndef XAOD_STANDALONE
  #define XAOD_STANDALONE 1
#endif
#ifndef XAOD_ANALYSIS
  #define XAOD_ANALYSIS 1
#endif
#ifndef ROOTCORE_PACKAGE
  #define ROOTCORE_PACKAGE "xAODMissingET"
#endif

#define _BACKWARD_BACKWARD_WARNING_H
// Dear emacs, this is -*- c++ -*-
// $Id: xAODMissingETDict.h 662681 2015-04-23 18:04:34Z khoo $
#ifndef XAODMISSINGET_XAODMISSINGETDICT_H
#define XAODMISSINGET_XAODMISSINGETDICT_H

// Needed to successfully generate the dictionary in standalone mode:
#if defined(__GCCXML__) and not defined(EIGEN_DONT_VECTORIZE)
#   define EIGEN_DONT_VECTORIZE
#endif // __GCCXML__

// System include(s):
#include <vector>

// EDM include(s):
#include "AthLinks/DataLink.h"
#include "AthLinks/ElementLink.h"

// Local include(s):
#include "xAODMissingET/MissingETContainer.h"
#include "xAODMissingET/MissingETAuxContainer.h"
#include "xAODMissingET/MissingETComponentMap.h"
#include "xAODMissingET/MissingETAuxComponentMap.h"
#include "xAODMissingET/MissingETAssociationMap.h"
#include "xAODMissingET/MissingETAuxAssociationMap.h"
#include "xAODMissingET/versions/MissingETBase.h"

namespace {
   struct GCCXML_DUMMY_INSTANTIATION_XAODMISSINGET {
      // Container(s):
      DataVector< xAOD::MissingET_v1 > c1;
      xAOD::MissingETContainer_v1 c2;
      DataVector< xAOD::MissingETComponent_v1 > c3;
      xAOD::MissingETComponentMap_v1 c4;
      DataVector< xAOD::MissingETAssociation_v1 > c5;
      xAOD::MissingETAssociationMap_v1 c6;
      // Smart pointer(s):
      DataLink< xAOD::MissingETContainer_v1 > dl1;
      std::vector< DataLink< xAOD::MissingETContainer_v1 > > dl2;
      ElementLink< xAOD::MissingETContainer_v1 > el1;
      std::vector< ElementLink< xAOD::MissingETContainer_v1 > > el2;
      std::vector< std::vector< ElementLink< xAOD::MissingETContainer_v1 > > > el3;
      DataLink< xAOD::MissingETComponentMap_v1 > dl3;
      std::vector< DataLink< xAOD::MissingETComponentMap_v1 > > dl4;
      ElementLink< xAOD::MissingETComponentMap_v1 > el4;
      std::vector< ElementLink< xAOD::MissingETComponentMap_v1 > > el5;
      std::vector< std::vector< ElementLink< xAOD::MissingETComponentMap_v1 > > > el6;
      DataLink< xAOD::MissingETAssociationMap_v1 > dl5;
      std::vector< DataLink< xAOD::MissingETAssociationMap_v1 > > dl6;
      ElementLink< xAOD::MissingETAssociationMap_v1 > el7;
      std::vector< ElementLink< xAOD::MissingETAssociationMap_v1 > > el8;
      std::vector< std::vector< ElementLink< xAOD::MissingETAssociationMap_v1 > > > el9;

      // Smart pointers needed for the correct generation of the auxiliary
      // class dictionaries:
      ElementLink< xAOD::IParticleContainer > el10;
      std::vector< ElementLink< xAOD::IParticleContainer > > el11;
      std::vector< std::vector< ElementLink< xAOD::IParticleContainer > > > el12;

      std::vector< MissingETBase::Types::bitmask_t > vec1;
      std::vector< unsigned long long > vec2;
      std::vector< std::vector< size_t > > vec3;
      std::vector< std::vector< unsigned char > > vec4;
      std::vector< std::vector< unsigned long long > > vec5;
      std::vector< std::vector< std::vector< size_t > > > vec6;
      std::vector< std::vector< std::vector< unsigned long > > > vec7;
      std::vector< std::vector< std::vector< unsigned char > > > vec8;
      std::vector< std::vector<std::vector<unsigned long long> > > vec9;
   };
}

#endif // XAODMISSINGET_XAODMISSINGETDICT_H

#undef  _BACKWARD_BACKWARD_WARNING_H

TClass::LoadClassInfo     ERROR   no interpreter information for class xAOD::MissingETAuxContainer_v1 is available eventhough it has a TClass initialization routine.
xAOD::TEvent::setUpDyn... WARNING Couldn't find setName(...) function for container MET_TruthAux.  (type: xAOD::MissingETAuxContainer_v1)
TInterpreter::AutoParse   ERROR   Error parsing payload code for class xAOD::JetAuxContainer_v1 with content:


#ifndef G__VECTOR_HAS_CLASS_ITERATOR
  #define G__VECTOR_HAS_CLASS_ITERATOR 1
#endif
#ifndef ROOTCORE
  #define ROOTCORE 1
#endif
#ifndef ROOTCORE_RELEASE_SERIES
  #define ROOTCORE_RELEASE_SERIES 23
#endif
#ifndef ROOTCORE_TEST_FILE
  #define ROOTCORE_TEST_FILE "/afs/cern.ch/user/a/asgbase/patspace/xAODs/r6630/mc15_13TeV.410000.PowhegPythiaEvtGen_P2012_ttbar_hdamp172p5_nonallhad.recon.AOD.e3698_s2608_s2183_r6630_tid05352803_00/AOD.05352803._000242.pool.root.1"
#endif
#ifndef ROOTCORE_TEST_DATA
  #define ROOTCORE_TEST_DATA "/afs/cern.ch/user/a/asgbase/patspace/xAODs/r6630"
#endif
#ifndef ASG_TEST_FILE_DATA
  #define ASG_TEST_FILE_DATA "/afs/cern.ch/atlas/project/PAT/xAODs/p2410/data15_13TeV.00270448.physics_Main.merge.AOD.r6943_p2410/AOD.06297575._000522.pool.root.1"
#endif
#ifndef ASG_TEST_FILE_MC
  #define ASG_TEST_FILE_MC "/afs/cern.ch/user/a/asgbase/patspace/xAODs/r6630/mc15_13TeV.410000.PowhegPythiaEvtGen_P2012_ttbar_hdamp172p5_nonallhad.recon.AOD.e3698_s2608_s2183_r6630_tid05352803_00/AOD.05352803._000242.pool.root.1"
#endif
#ifndef XAOD_STANDALONE
  #define XAOD_STANDALONE 1
#endif
#ifndef XAOD_ANALYSIS
  #define XAOD_ANALYSIS 1
#endif
#ifndef ROOTCORE_PACKAGE
  #define ROOTCORE_PACKAGE "xAODJet"
#endif

#define _BACKWARD_BACKWARD_WARNING_H
// Dear emacs, this is -*- c++ -*-
// $Id: xAODJetDict.h 658646 2015-04-02 10:29:26Z delsart $
#ifndef XAODJET_XAODJETDICT_H
#define XAODJET_XAODJETDICT_H

// Needed to successfully generate the dictionary in standalone mode:
#if defined(__GCCXML__) and not defined(EIGEN_DONT_VECTORIZE)
#   define EIGEN_DONT_VECTORIZE
#endif // __GCCXML__

// System include(s):
#include <vector>

// EDM include(s):
#include "AthLinks/DataLink.h"
#include "AthLinks/ElementLink.h"
#include "AthLinks/ElementLinkVector.h"

// Local include(s):
#include "xAODJet/JetContainer.h"
#include "xAODJet/versions/JetContainer_v1.h"
#include "xAODJet/versions/JetAuxContainer_v1.h"
#include "xAODJet/versions/JetTrigAuxContainer_v1.h"
#include "xAODJet/versions/Jet_v1.h"
#include "xAODJet/JetTypes.h"

namespace {
   struct GCCXML_DUMMY_INSTANTIATION_XAODJET {
      // Instantiate the container for gccxml:
      xAOD::JetContainer_v1 c1;

      // Smart pointers to Jet_v1:
      DataLink< xAOD::JetContainer_v1 > e1;
      std::vector< DataLink< xAOD::JetContainer_v1 > > e2;
      ElementLink< xAOD::JetContainer_v1 > e3;
      std::vector< ElementLink< xAOD::JetContainer_v1 > > e4;
      std::vector< std::vector< ElementLink< xAOD::JetContainer_v1 > > > e5;
      ElementLinkVector< xAOD::JetContainer_v1 > e6;
      std::vector< ElementLinkVector< xAOD::JetContainer_v1 > > e7;

      // Instantiations to create the EL member dictionaries correctly:
      xAOD::IParticleContainer pc1;
      ElementLink<xAOD::IParticleContainer> e10;

     std::pair<std::string,std::vector<const xAOD::IParticle*> > bug1;
     std::pair<std::string,std::vector<float> > bug2;
     std::pair<std::string,std::vector<std::vector<int> > > bug3;
     std::pair<std::string,std::vector<std::vector<float> > > bug4;

     // momentums     
     //xAOD::JetFourMom_t jet4mom;
     std::vector<xAOD::JetFourMom_t> vjet4mom;

     //std::vector<const xAOD::IParticle*> vpart; not yet : not sure this belongs elsewhere ?
     //
   };
}


template float xAOD::Jet_v1::getAttribute<float> (xAOD::JetAttribute::AttributeID) const ; 
template int xAOD::Jet_v1::getAttribute<int> (xAOD::JetAttribute::AttributeID) const ; 
template xAOD::JetFourMom_t xAOD::Jet_v1::getAttribute<xAOD::JetFourMom_t> (xAOD::JetAttribute::AttributeID) const ; 
template std::vector<float> xAOD::Jet_v1::getAttribute< std::vector<float> > (xAOD::JetAttribute::AttributeID) const ;
template std::vector<int> xAOD::Jet_v1::getAttribute< std::vector<int> > (xAOD::JetAttribute::AttributeID) const ;

template float xAOD::Jet_v1::getAttribute<float> (const std::string &) const ; 
template int xAOD::Jet_v1::getAttribute<int> (const std::string &) const ; 
template xAOD::JetFourMom_t xAOD::Jet_v1::getAttribute<xAOD::JetFourMom_t> (const std::string &) const ; 
template std::vector<float> xAOD::Jet_v1::getAttribute< std::vector<float> > (const std::string &) const ;
template std::vector<int> xAOD::Jet_v1::getAttribute< std::vector<int> > (const std::string &) const ;


template void xAOD::Jet_v1::setAttribute<float>(const std::string &, const float& ) ;
template void xAOD::Jet_v1::setAttribute<int>(const std::string &, const int& ) ;

template void xAOD::Jet_v1::setAttribute<std::vector<float> >(const std::string &, const std::vector<float>& ) ;
template void xAOD::Jet_v1::setAttribute<std::vector<int> >(const std::string &, const std::vector<int>& ) ;



template std::vector<const xAOD::IParticle*> xAOD::Jet_v1::getAssociatedObjects<xAOD::IParticle >( xAOD::JetAttribute::AssoParticlesID ) const;
template std::vector<const xAOD::IParticle*> xAOD::Jet_v1::getAssociatedObjects<xAOD::IParticle >( const std::string &  ) const ;

template void xAOD::Jet_v1::setAssociatedObjects<xAOD::IParticle >( const std::string &, const std::vector<const xAOD::IParticle*>& ) ;


template const xAOD::IParticle* xAOD::Jet_v1::getAssociatedObject<xAOD::IParticle>( const std::string &) const ;
template const xAOD::IParticle* xAOD::Jet_v1::getAssociatedObject<xAOD::IParticle>( xAOD::JetAttribute::AssoParticlesID ) const ;
template void xAOD::Jet_v1::setAssociatedObject<xAOD::IParticle>( const std::string &,  const xAOD::IParticle* ) ;



#endif // XAODJET_XAODJETDICT_H

#undef  _BACKWARD_BACKWARD_WARNING_H

TClass::LoadClassInfo     ERROR   no interpreter information for class xAOD::JetAuxContainer_v1 is available eventhough it has a TClass initialization routine.
xAOD::TEvent::setUpDyn... WARNING Couldn't find setName(...) function for container AntiKt4TruthJetsAux.  (type: xAOD::JetAuxContainer_v1)
total weighted event: 0.000168164
pass at least 1 lepton cut: 8.88254e-05
pass exactly 1 lepton cut: 7.64383e-05
pass 200 MET cut: 4.13245e-05
pass 2 b-jet cut: 2.00309e-05
pass b-jets pt cut: 4.74327e-06
pass aMT2 cut: 3.65129e-06
pass close b-jet/MET: 2.62756e-06
pass mbb cut: 2.55932e-06
pass pT_lep / MET cut: 2.38869e-07
pass pT_lep cut: 2.04745e-07
 
total weighted event: 0.000336386
pass at least 1 lepton cut: 0.000178423
pass exactly 1 lepton cut: 0.000155505
pass 200 MET cut: 8.32798e-05
pass 2 b-jet cut: 3.96294e-05
pass b-jets pt cut: 9.41268e-06
pass aMT2 cut: 7.23004e-06
pass close b-jet/MET: 5.0134e-06
pass mbb cut: 4.8429e-06
pass pT_lep / MET cut: 6.13787e-07
pass pT_lep cut: 5.45579e-07
 
total weighted event: 0.000504431
pass at least 1 lepton cut: 0.000269779
pass exactly 1 lepton cut: 0.000235561
pass 200 MET cut: 0.000126849
pass 2 b-jet cut: 6.02877e-05
pass b-jets pt cut: 1.3954e-05
pass aMT2 cut: 1.05763e-05
pass close b-jet/MET: 7.36941e-06
pass mbb cut: 7.16477e-06
pass pT_lep / MET cut: 8.52802e-07
pass pT_lep cut: 7.16304e-07
 
total weighted event: 0.000673425
pass at least 1 lepton cut: 0.000360554
pass exactly 1 lepton cut: 0.000313674
pass 200 MET cut: 0.000168516
pass 2 b-jet cut: 8.09462e-05
pass b-jets pt cut: 1.85983e-05
pass aMT2 cut: 1.42303e-05
pass close b-jet/MET: 9.82819e-06
pass mbb cut: 9.4528e-06
pass pT_lep / MET cut: 1.09185e-06
pass pT_lep cut: 8.52902e-07
 
total weighted event: 0.000841586
pass at least 1 lepton cut: 0.00044969
pass exactly 1 lepton cut: 0.000391954
pass 200 MET cut: 0.00021218
pass 2 b-jet cut: 0.000102658
pass b-jets pt cut: 2.34114e-05
pass aMT2 cut: 1.77804e-05
pass close b-jet/MET: 1.24908e-05
pass mbb cut: 1.19447e-05
pass pT_lep / MET cut: 1.29666e-06
pass pT_lep cut: 9.89446e-07
 
total weighted event: 0.00100954
pass at least 1 lepton cut: 0.000541411
pass exactly 1 lepton cut: 0.000471941
pass 200 MET cut: 0.000254906
pass 2 b-jet cut: 0.000123013
pass b-jets pt cut: 2.83896e-05
pass aMT2 cut: 2.16333e-05
pass close b-jet/MET: 1.52527e-05
pass mbb cut: 1.46384e-05
pass pT_lep / MET cut: 1.56944e-06
pass pT_lep cut: 1.05764e-06
 
total weighted event: 0.00117832
pass at least 1 lepton cut: 0.000633049
pass exactly 1 lepton cut: 0.000551095
pass 200 MET cut: 0.000296589
pass 2 b-jet cut: 0.000144521
pass b-jets pt cut: 3.33398e-05
pass aMT2 cut: 2.54912e-05
pass close b-jet/MET: 1.82229e-05
pass mbb cut: 1.74721e-05
pass pT_lep / MET cut: 1.67186e-06
pass pT_lep cut: 1.16006e-06
 
total weighted event: 0.00134634
pass at least 1 lepton cut: 0.000722193
pass exactly 1 lepton cut: 0.000628314
pass 200 MET cut: 0.00033701
pass 2 b-jet cut: 0.000163032
pass b-jets pt cut: 3.75065e-05
pass aMT2 cut: 2.85652e-05
pass close b-jet/MET: 2.04771e-05
pass mbb cut: 1.95555e-05
pass pT_lep / MET cut: 1.87679e-06
pass pT_lep cut: 1.36499e-06
 
total weighted event: 0.00151437
pass at least 1 lepton cut: 0.000812396
pass exactly 1 lepton cut: 0.000705713
pass 200 MET cut: 0.000377974
pass 2 b-jet cut: 0.000182662
pass b-jets pt cut: 4.19365e-05
pass aMT2 cut: 3.19389e-05
pass close b-jet/MET: 2.2999e-05
pass mbb cut: 2.18729e-05
pass pT_lep / MET cut: 2.0131e-06
pass pT_lep cut: 1.46722e-06
 
total weighted event: 0.00168259
pass at least 1 lepton cut: 0.000902786
pass exactly 1 lepton cut: 0.000783858
pass 200 MET cut: 0.000420714
pass 2 b-jet cut: 0.000202548
pass b-jets pt cut: 4.69171e-05
pass aMT2 cut: 3.5589e-05
pass close b-jet/MET: 2.57964e-05
pass mbb cut: 2.46362e-05
pass pT_lep / MET cut: 2.21779e-06
pass pT_lep cut: 1.6378e-06
 
worker finished:
Real time 0:01:33, CP time 64.130
xAOD::TFileAccessTracer   INFO    Sending file access statistics to http://rucio-lb-prod.cern.ch:18762/traces/
