In file included from input_line_12:18:
In file included from /cvmfs/atlas.cern.ch/repo/ATLASLocalRootBase/x86_64/root/6.04.12-x86_64-slc6-gcc49-opt/etc/../etc/dictpch/allHeaders.h:120:
In file included from /afs/cern.ch/sw/lcg/contrib/gcc/4.9.3/x86_64-slc6/bin/../lib/gcc/x86_64-unknown-linux-gnu/4.9.3/../../../../include/c++/4.9.3/set:60:
/cvmfs/atlas.cern.ch/repo/ATLASLocalRootBase/x86_64/Gcc/gcc493_x86_64_slc6/slc6/x86_64-slc6-gcc49-opt/bin/../lib/gcc/x86_64-unknown-linux-gnu/4.9.3/../../../../include/c++/4.9.3/x86_64-unknown-linux-gnu/../../../../include/c++/4.9.3/bits/stl_tree.h:1598:34: error: no viable conversion from 'pair<[2 * ...]>' to 'pair<[2 * ...]>'
      pair<_Base_ptr, _Base_ptr> __res
                                 ^
/cvmfs/atlas.cern.ch/repo/ATLASLocalRootBase/x86_64/Gcc/gcc493_x86_64_slc6/slc6/x86_64-slc6-gcc49-opt/bin/../lib/gcc/x86_64-unknown-linux-gnu/4.9.3/../../../../include/c++/4.9.3/x86_64-unknown-linux-gnu/../../../../include/c++/4.9.3/bits/stl_tree.h:1843:4: note: in instantiation of function template specialization 'std::_Rb_tree<const xAOD::IParticle *, std::pair<const xAOD::IParticle *const, xAOD::MissingETAssociation_v1::ConstVec>, std::_Select1st<std::pair<const xAOD::IParticle *const, xAOD::MissingETAssociation_v1::ConstVec> >, std::less<const xAOD::IParticle *>, std::allocator<std::pair<const xAOD::IParticle *const, xAOD::MissingETAssociation_v1::ConstVec> > >::_M_insert_unique_<std::pair<const xAOD::IParticle *const, xAOD::MissingETAssociation_v1::ConstVec> &>' requested here
          _M_insert_unique_(end(), *__first);
          ^
/cvmfs/atlas.cern.ch/repo/ATLASLocalRootBase/x86_64/Gcc/gcc493_x86_64_slc6/slc6/x86_64-slc6-gcc49-opt/bin/../lib/gcc/x86_64-unknown-linux-gnu/4.9.3/../../../../include/c++/4.9.3/x86_64-unknown-linux-gnu/../../../../include/c++/4.9.3/bits/stl_map.h:706:16: note: in instantiation of function template specialization 'std::_Rb_tree<const xAOD::IParticle *, std::pair<const xAOD::IParticle *const, xAOD::MissingETAssociation_v1::ConstVec>, std::_Select1st<std::pair<const xAOD::IParticle *const, xAOD::MissingETAssociation_v1::ConstVec> >, std::less<const xAOD::IParticle *>, std::allocator<std::pair<const xAOD::IParticle *const, xAOD::MissingETAssociation_v1::ConstVec> > >::_M_insert_unique<std::_Rb_tree_iterator<std::pair<const xAOD::IParticle *const, xAOD::MissingETAssociation_v1::ConstVec> > >' requested here
        { _M_t._M_insert_unique(__first, __last); }
               ^
/home/shepj/xaod/ROOTAnalysisTutorial/RootCoreBin/include/xAODMissingET/versions/MissingETAssociation_v1.icc:319:20: note: in instantiation of function template specialization 'std::map<const xAOD::IParticle *, xAOD::MissingETAssociation_v1::ConstVec, std::less<const xAOD::IParticle *>, std::allocator<std::pair<const xAOD::IParticle *const, xAOD::MissingETAssociation_v1::ConstVec> > >::insert<std::_Rb_tree_iterator<std::pair<const xAOD::IParticle *const, xAOD::MissingETAssociation_v1::ConstVec> > >' requested here
{ this->m_override.insert(pOverride.begin(),pOverride.end());}
                   ^
/cvmfs/atlas.cern.ch/repo/ATLASLocalRootBase/x86_64/Gcc/gcc493_x86_64_slc6/slc6/x86_64-slc6-gcc49-opt/bin/../lib/gcc/x86_64-unknown-linux-gnu/4.9.3/../../../../include/c++/4.9.3/x86_64-unknown-linux-gnu/../../../../include/c++/4.9.3/bits/stl_pair.h:127:17: note: candidate constructor not viable: no known conversion from 'pair<_Base_ptr, _Base_ptr>' to 'const std::pair<std::_Rb_tree_node_base *, std::_Rb_tree_node_base *> &' for 1st argument
      constexpr pair(const pair&) = default;
                ^
/cvmfs/atlas.cern.ch/repo/ATLASLocalRootBase/x86_64/Gcc/gcc493_x86_64_slc6/slc6/x86_64-slc6-gcc49-opt/bin/../lib/gcc/x86_64-unknown-linux-gnu/4.9.3/../../../../include/c++/4.9.3/x86_64-unknown-linux-gnu/../../../../include/c++/4.9.3/bits/stl_pair.h:128:17: note: candidate constructor not viable: no known conversion from 'pair<_Base_ptr, _Base_ptr>' to 'std::pair<std::_Rb_tree_node_base *, std::_Rb_tree_node_base *> &&' for 1st argument
      constexpr pair(pair&&) = default;
                ^
/cvmfs/atlas.cern.ch/repo/ATLASLocalRootBase/x86_64/Gcc/gcc493_x86_64_slc6/slc6/x86_64-slc6-gcc49-opt/bin/../lib/gcc/x86_64-unknown-linux-gnu/4.9.3/../../../../include/c++/4.9.3/x86_64-unknown-linux-gnu/../../../../include/c++/4.9.3/bits/stl_pair.h:124:12: note: candidate template ignored: substitution failure [with _U1 = std::_Rb_tree_node_base *, _U2 = std::_Rb_tree_node_base *, $2 = void]
        constexpr pair(const pair<_U1, _U2>& __p)
                  ^
/cvmfs/atlas.cern.ch/repo/ATLASLocalRootBase/x86_64/Gcc/gcc493_x86_64_slc6/slc6/x86_64-slc6-gcc49-opt/bin/../lib/gcc/x86_64-unknown-linux-gnu/4.9.3/../../../../include/c++/4.9.3/x86_64-unknown-linux-gnu/../../../../include/c++/4.9.3/bits/stl_pair.h:150:12: note: candidate template ignored: substitution failure [with _U1 = std::_Rb_tree_node_base *, _U2 = std::_Rb_tree_node_base *, $2 = void]
        constexpr pair(pair<_U1, _U2>&& __p)
                  ^
In file included from input_line_12:18:
In file included from /cvmfs/atlas.cern.ch/repo/ATLASLocalRootBase/x86_64/root/6.04.12-x86_64-slc6-gcc49-opt/etc/../etc/dictpch/allHeaders.h:120:
In file included from /afs/cern.ch/sw/lcg/contrib/gcc/4.9.3/x86_64-slc6/bin/../lib/gcc/x86_64-unknown-linux-gnu/4.9.3/../../../../include/c++/4.9.3/set:60:
/cvmfs/atlas.cern.ch/repo/ATLASLocalRootBase/x86_64/Gcc/gcc493_x86_64_slc6/slc6/x86_64-slc6-gcc49-opt/bin/../lib/gcc/x86_64-unknown-linux-gnu/4.9.3/../../../../include/c++/4.9.3/x86_64-unknown-linux-gnu/../../../../include/c++/4.9.3/bits/stl_tree.h:1544:13: error: no viable conversion from 'pair<[2 * ...]>' to 'pair<[2 * ...]>'
            return _Res(0, _M_rightmost());
                   ^~~~~~~~~~~~~~~~~~~~~~~
/cvmfs/atlas.cern.ch/repo/ATLASLocalRootBase/x86_64/Gcc/gcc493_x86_64_slc6/slc6/x86_64-slc6-gcc49-opt/bin/../lib/gcc/x86_64-unknown-linux-gnu/4.9.3/../../../../include/c++/4.9.3/x86_64-unknown-linux-gnu/../../../../include/c++/4.9.3/bits/stl_tree.h:1599:4: note: in instantiation of member function 'std::_Rb_tree<const xAOD::IParticle *, std::pair<const xAOD::IParticle *const, xAOD::MissingETAssociation_v1::ConstVec>, std::_Select1st<std::pair<const xAOD::IParticle *const, xAOD::MissingETAssociation_v1::ConstVec> >, std::less<const xAOD::IParticle *>, std::allocator<std::pair<const xAOD::IParticle *const, xAOD::MissingETAssociation_v1::ConstVec> > >::_M_get_insert_hint_unique_pos' requested here
        = _M_get_insert_hint_unique_pos(__position, _KeyOfValue()(__v));
          ^
/cvmfs/atlas.cern.ch/repo/ATLASLocalRootBase/x86_64/Gcc/gcc493_x86_64_slc6/slc6/x86_64-slc6-gcc49-opt/bin/../lib/gcc/x86_64-unknown-linux-gnu/4.9.3/../../../../include/c++/4.9.3/x86_64-unknown-linux-gnu/../../../../include/c++/4.9.3/bits/stl_tree.h:1843:4: note: in instantiation of function template specialization 'std::_Rb_tree<const xAOD::IParticle *, std::pair<const xAOD::IParticle *const, xAOD::MissingETAssociation_v1::ConstVec>, std::_Select1st<std::pair<const xAOD::IParticle *const, xAOD::MissingETAssociation_v1::ConstVec> >, std::less<const xAOD::IParticle *>, std::allocator<std::pair<const xAOD::IParticle *const, xAOD::MissingETAssociation_v1::ConstVec> > >::_M_insert_unique_<std::pair<const xAOD::IParticle *const, xAOD::MissingETAssociation_v1::ConstVec> &>' requested here
          _M_insert_unique_(end(), *__first);
          ^
/cvmfs/atlas.cern.ch/repo/ATLASLocalRootBase/x86_64/Gcc/gcc493_x86_64_slc6/slc6/x86_64-slc6-gcc49-opt/bin/../lib/gcc/x86_64-unknown-linux-gnu/4.9.3/../../../../include/c++/4.9.3/x86_64-unknown-linux-gnu/../../../../include/c++/4.9.3/bits/stl_map.h:706:16: note: in instantiation of function template specialization 'std::_Rb_tree<const xAOD::IParticle *, std::pair<const xAOD::IParticle *const, xAOD::MissingETAssociation_v1::ConstVec>, std::_Select1st<std::pair<const xAOD::IParticle *const, xAOD::MissingETAssociation_v1::ConstVec> >, std::less<const xAOD::IParticle *>, std::allocator<std::pair<const xAOD::IParticle *const, xAOD::MissingETAssociation_v1::ConstVec> > >::_M_insert_unique<std::_Rb_tree_iterator<std::pair<const xAOD::IParticle *const, xAOD::MissingETAssociation_v1::ConstVec> > >' requested here
        { _M_t._M_insert_unique(__first, __last); }
               ^
/home/shepj/xaod/ROOTAnalysisTutorial/RootCoreBin/include/xAODMissingET/versions/MissingETAssociation_v1.icc:319:20: note: in instantiation of function template specialization 'std::map<const xAOD::IParticle *, xAOD::MissingETAssociation_v1::ConstVec, std::less<const xAOD::IParticle *>, std::allocator<std::pair<const xAOD::IParticle *const, xAOD::MissingETAssociation_v1::ConstVec> > >::insert<std::_Rb_tree_iterator<std::pair<const xAOD::IParticle *const, xAOD::MissingETAssociation_v1::ConstVec> > >' requested here
{ this->m_override.insert(pOverride.begin(),pOverride.end());}
                   ^
/cvmfs/atlas.cern.ch/repo/ATLASLocalRootBase/x86_64/Gcc/gcc493_x86_64_slc6/slc6/x86_64-slc6-gcc49-opt/bin/../lib/gcc/x86_64-unknown-linux-gnu/4.9.3/../../../../include/c++/4.9.3/x86_64-unknown-linux-gnu/../../../../include/c++/4.9.3/bits/stl_pair.h:127:17: note: candidate constructor not viable: no known conversion from '_Res' (aka 'pair<_Base_ptr, _Base_ptr>') to 'const std::pair<std::_Rb_tree_node_base *, std::_Rb_tree_node_base *> &' for 1st argument
      constexpr pair(const pair&) = default;
                ^
/cvmfs/atlas.cern.ch/repo/ATLASLocalRootBase/x86_64/Gcc/gcc493_x86_64_slc6/slc6/x86_64-slc6-gcc49-opt/bin/../lib/gcc/x86_64-unknown-linux-gnu/4.9.3/../../../../include/c++/4.9.3/x86_64-unknown-linux-gnu/../../../../include/c++/4.9.3/bits/stl_pair.h:128:17: note: candidate constructor not viable: no known conversion from '_Res' (aka 'pair<_Base_ptr, _Base_ptr>') to 'std::pair<std::_Rb_tree_node_base *, std::_Rb_tree_node_base *> &&' for 1st argument
      constexpr pair(pair&&) = default;
                ^
/cvmfs/atlas.cern.ch/repo/ATLASLocalRootBase/x86_64/Gcc/gcc493_x86_64_slc6/slc6/x86_64-slc6-gcc49-opt/bin/../lib/gcc/x86_64-unknown-linux-gnu/4.9.3/../../../../include/c++/4.9.3/x86_64-unknown-linux-gnu/../../../../include/c++/4.9.3/bits/stl_pair.h:124:12: note: candidate template ignored: substitution failure [with _U1 = std::_Rb_tree_node_base *, _U2 = std::_Rb_tree_node_base *, $2 = void]
        constexpr pair(const pair<_U1, _U2>& __p)
                  ^
/cvmfs/atlas.cern.ch/repo/ATLASLocalRootBase/x86_64/Gcc/gcc493_x86_64_slc6/slc6/x86_64-slc6-gcc49-opt/bin/../lib/gcc/x86_64-unknown-linux-gnu/4.9.3/../../../../include/c++/4.9.3/x86_64-unknown-linux-gnu/../../../../include/c++/4.9.3/bits/stl_pair.h:150:12: note: candidate template ignored: substitution failure [with _U1 = std::_Rb_tree_node_base *, _U2 = std::_Rb_tree_node_base *, $2 = void]
        constexpr pair(pair<_U1, _U2>&& __p)
                  ^
In file included from input_line_161:68:
In file included from /home/shepj/xaod/ROOTAnalysisTutorial/RootCoreBin/include/xAODJet/JetContainer.h:7:
In file included from /home/shepj/xaod/ROOTAnalysisTutorial/RootCoreBin/include/xAODJet/Jet.h:7:
In file included from /home/shepj/xaod/ROOTAnalysisTutorial/RootCoreBin/include/xAODJet/versions/Jet_v1.h:369:
In file included from /home/shepj/xaod/ROOTAnalysisTutorial/RootCoreBin/include/xAODJet/versions/Jet_v1.icc:4:
In file included from /home/shepj/xaod/ROOTAnalysisTutorial/RootCoreBin/include/xAODJet/versions/JetAccessorMap_v1.h:19:
/home/shepj/xaod/ROOTAnalysisTutorial/RootCoreBin/include/xAODJet/JetAccessors.h:106:24: error: no member named 'begin' in 'std::vector<double, std::allocator<double> >'
        a(p).assign( v.begin() , v.end() );
                     ~ ^
/home/shepj/xaod/ROOTAnalysisTutorial/RootCoreBin/include/xAODJet/JetAccessors.h:106:36: error: no member named 'end' in 'std::vector<double, std::allocator<double> >'
        a(p).assign( v.begin() , v.end() );
                                 ~ ^
/home/shepj/xaod/ROOTAnalysisTutorial/RootCoreBin/include/xAODJet/JetAccessors.h:111:24: error: no member named 'begin' in 'std::vector<float, std::allocator<float> >'
        v.assign( vecF.begin() , vecF.end() );
                  ~~~~ ^
/home/shepj/xaod/ROOTAnalysisTutorial/RootCoreBin/include/xAODJet/JetAccessors.h:111:39: error: no member named 'end' in 'std::vector<float, std::allocator<float> >'
        v.assign( vecF.begin() , vecF.end() );
                                 ~~~~ ^
/home/shepj/xaod/ROOTAnalysisTutorial/RootCoreBin/include/xAODJet/JetAccessors.h:116:29: error: no matching constructor for initialization of 'std::vector<double>'
        std::vector<double> v; getAttribute(p,v);
                            ^
/cvmfs/atlas.cern.ch/repo/ATLASLocalRootBase/x86_64/Gcc/gcc493_x86_64_slc6/slc6/x86_64-slc6-gcc49-opt/bin/../lib/gcc/x86_64-unknown-linux-gnu/4.9.3/../../../../include/c++/4.9.3/x86_64-unknown-linux-gnu/../../../../include/c++/4.9.3/bits/stl_vector.h:401:9: note: candidate constructor template not viable: requires at least 2 arguments, but 0 were provided
        vector(_InputIterator __first, _InputIterator __last,
        ^
/cvmfs/atlas.cern.ch/repo/ATLASLocalRootBase/x86_64/Gcc/gcc493_x86_64_slc6/slc6/x86_64-slc6-gcc49-opt/bin/../lib/gcc/x86_64-unknown-linux-gnu/4.9.3/../../../../include/c++/4.9.3/x86_64-unknown-linux-gnu/../../../../include/c++/4.9.3/bits/stl_vector.h:277:7: note: candidate constructor not viable: requires at least argument '__n', but no arguments were provided
      vector(size_type __n, const allocator_type& __a = allocator_type())
      ^
/cvmfs/atlas.cern.ch/repo/ATLASLocalRootBase/x86_64/Gcc/gcc493_x86_64_slc6/slc6/x86_64-slc6-gcc49-opt/bin/../lib/gcc/x86_64-unknown-linux-gnu/4.9.3/../../../../include/c++/4.9.3/x86_64-unknown-linux-gnu/../../../../include/c++/4.9.3/bits/stl_vector.h:339:7: note: candidate constructor not viable: requires 2 arguments, but 0 were provided
      vector(const vector& __x, const allocator_type& __a)
      ^
/cvmfs/atlas.cern.ch/repo/ATLASLocalRootBase/x86_64/Gcc/gcc493_x86_64_slc6/slc6/x86_64-slc6-gcc49-opt/bin/../lib/gcc/x86_64-unknown-linux-gnu/4.9.3/../../../../include/c++/4.9.3/x86_64-unknown-linux-gnu/../../../../include/c++/4.9.3/bits/stl_vector.h:348:7: note: candidate constructor not viable: requires 2 arguments, but 0 were provided
      vector(vector&& __rv, const allocator_type& __m)
      ^
/cvmfs/atlas.cern.ch/repo/ATLASLocalRootBase/x86_64/Gcc/gcc493_x86_64_slc6/slc6/x86_64-slc6-gcc49-opt/bin/../lib/gcc/x86_64-unknown-linux-gnu/4.9.3/../../../../include/c++/4.9.3/x86_64-unknown-linux-gnu/../../../../include/c++/4.9.3/bits/stl_vector.h:373:7: note: candidate constructor not viable: requires at least argument '__l', but no arguments were provided
      vector(initializer_list<value_type> __l,
      ^
/cvmfs/atlas.cern.ch/repo/ATLASLocalRootBase/x86_64/Gcc/gcc493_x86_64_slc6/slc6/x86_64-slc6-gcc49-opt/bin/../lib/gcc/x86_64-unknown-linux-gnu/4.9.3/../../../../include/c++/4.9.3/x86_64-unknown-linux-gnu/../../../../include/c++/4.9.3/bits/stl_vector.h:289:7: note: candidate constructor not viable: requires at least 2 arguments, but 0 were provided
      vector(size_type __n, const value_type& __value,
      ^
In file included from input_line_161:68:
In file included from /home/shepj/xaod/ROOTAnalysisTutorial/RootCoreBin/include/xAODJet/JetContainer.h:7:
In file included from /home/shepj/xaod/ROOTAnalysisTutorial/RootCoreBin/include/xAODJet/Jet.h:7:
In file included from /home/shepj/xaod/ROOTAnalysisTutorial/RootCoreBin/include/xAODJet/versions/Jet_v1.h:369:
/home/shepj/xaod/ROOTAnalysisTutorial/RootCoreBin/include/xAODJet/versions/Jet_v1.icc:45:12: error: no matching constructor for initialization of 'std::vector<float, std::allocator<float> >'
    return acc->getAttribute(*this);    
           ^~~~~~~~~~~~~~~~~~~~~~~~
input_line_161:111:43: note: in instantiation of function template specialization 'xAOD::Jet_v1::getAttribute<std::vector<float, std::allocator<float> > >' requested here
template std::vector<float> xAOD::Jet_v1::getAttribute< std::vector<float> > (xAOD::JetAttribute::AttributeID) const ;
                                          ^
/cvmfs/atlas.cern.ch/repo/ATLASLocalRootBase/x86_64/Gcc/gcc493_x86_64_slc6/slc6/x86_64-slc6-gcc49-opt/bin/../lib/gcc/x86_64-unknown-linux-gnu/4.9.3/../../../../include/c++/4.9.3/x86_64-unknown-linux-gnu/../../../../include/c++/4.9.3/bits/stl_vector.h:373:7: note: candidate constructor not viable: no known conversion from 'const std::vector<float, std::allocator<float> >' to 'initializer_list<value_type>' for 1st argument
      vector(initializer_list<value_type> __l,
      ^
/cvmfs/atlas.cern.ch/repo/ATLASLocalRootBase/x86_64/Gcc/gcc493_x86_64_slc6/slc6/x86_64-slc6-gcc49-opt/bin/../lib/gcc/x86_64-unknown-linux-gnu/4.9.3/../../../../include/c++/4.9.3/x86_64-unknown-linux-gnu/../../../../include/c++/4.9.3/bits/stl_vector.h:401:9: note: candidate constructor template not viable: requires at least 2 arguments, but 1 was provided
        vector(_InputIterator __first, _InputIterator __last,
        ^
/cvmfs/atlas.cern.ch/repo/ATLASLocalRootBase/x86_64/Gcc/gcc493_x86_64_slc6/slc6/x86_64-slc6-gcc49-opt/bin/../lib/gcc/x86_64-unknown-linux-gnu/4.9.3/../../../../include/c++/4.9.3/x86_64-unknown-linux-gnu/../../../../include/c++/4.9.3/bits/stl_vector.h:339:7: note: candidate constructor not viable: requires 2 arguments, but 1 was provided
      vector(const vector& __x, const allocator_type& __a)
      ^
/cvmfs/atlas.cern.ch/repo/ATLASLocalRootBase/x86_64/Gcc/gcc493_x86_64_slc6/slc6/x86_64-slc6-gcc49-opt/bin/../lib/gcc/x86_64-unknown-linux-gnu/4.9.3/../../../../include/c++/4.9.3/x86_64-unknown-linux-gnu/../../../../include/c++/4.9.3/bits/stl_vector.h:348:7: note: candidate constructor not viable: requires 2 arguments, but 1 was provided
      vector(vector&& __rv, const allocator_type& __m)
      ^
/cvmfs/atlas.cern.ch/repo/ATLASLocalRootBase/x86_64/Gcc/gcc493_x86_64_slc6/slc6/x86_64-slc6-gcc49-opt/bin/../lib/gcc/x86_64-unknown-linux-gnu/4.9.3/../../../../include/c++/4.9.3/x86_64-unknown-linux-gnu/../../../../include/c++/4.9.3/bits/stl_vector.h:289:7: note: candidate constructor not viable: requires at least 2 arguments, but 1 was provided
      vector(size_type __n, const value_type& __value,
      ^
In file included from input_line_161:68:
In file included from /home/shepj/xaod/ROOTAnalysisTutorial/RootCoreBin/include/xAODJet/JetContainer.h:7:
In file included from /home/shepj/xaod/ROOTAnalysisTutorial/RootCoreBin/include/xAODJet/Jet.h:7:
In file included from /home/shepj/xaod/ROOTAnalysisTutorial/RootCoreBin/include/xAODJet/versions/Jet_v1.h:369:
/home/shepj/xaod/ROOTAnalysisTutorial/RootCoreBin/include/xAODJet/versions/Jet_v1.icc:23:12: error: no matching constructor for initialization of 'std::vector<float, std::allocator<float> >'
    return a.getAttribute(*this);
           ^~~~~~~~~~~~~~~~~~~~~
input_line_161:117:43: note: in instantiation of function template specialization 'xAOD::Jet_v1::getAttribute<std::vector<float, std::allocator<float> > >' requested here
template std::vector<float> xAOD::Jet_v1::getAttribute< std::vector<float> > (const std::string &) const ;
                                          ^
/cvmfs/atlas.cern.ch/repo/ATLASLocalRootBase/x86_64/Gcc/gcc493_x86_64_slc6/slc6/x86_64-slc6-gcc49-opt/bin/../lib/gcc/x86_64-unknown-linux-gnu/4.9.3/../../../../include/c++/4.9.3/x86_64-unknown-linux-gnu/../../../../include/c++/4.9.3/bits/stl_vector.h:373:7: note: candidate constructor not viable: no known conversion from 'const std::vector<float, std::allocator<float> >' to 'initializer_list<value_type>' for 1st argument
      vector(initializer_list<value_type> __l,
      ^
/cvmfs/atlas.cern.ch/repo/ATLASLocalRootBase/x86_64/Gcc/gcc493_x86_64_slc6/slc6/x86_64-slc6-gcc49-opt/bin/../lib/gcc/x86_64-unknown-linux-gnu/4.9.3/../../../../include/c++/4.9.3/x86_64-unknown-linux-gnu/../../../../include/c++/4.9.3/bits/stl_vector.h:401:9: note: candidate constructor template not viable: requires at least 2 arguments, but 1 was provided
        vector(_InputIterator __first, _InputIterator __last,
        ^
/cvmfs/atlas.cern.ch/repo/ATLASLocalRootBase/x86_64/Gcc/gcc493_x86_64_slc6/slc6/x86_64-slc6-gcc49-opt/bin/../lib/gcc/x86_64-unknown-linux-gnu/4.9.3/../../../../include/c++/4.9.3/x86_64-unknown-linux-gnu/../../../../include/c++/4.9.3/bits/stl_vector.h:339:7: note: candidate constructor not viable: requires 2 arguments, but 1 was provided
      vector(const vector& __x, const allocator_type& __a)
      ^
/cvmfs/atlas.cern.ch/repo/ATLASLocalRootBase/x86_64/Gcc/gcc493_x86_64_slc6/slc6/x86_64-slc6-gcc49-opt/bin/../lib/gcc/x86_64-unknown-linux-gnu/4.9.3/../../../../include/c++/4.9.3/x86_64-unknown-linux-gnu/../../../../include/c++/4.9.3/bits/stl_vector.h:348:7: note: candidate constructor not viable: requires 2 arguments, but 1 was provided
      vector(vector&& __rv, const allocator_type& __m)
      ^
/cvmfs/atlas.cern.ch/repo/ATLASLocalRootBase/x86_64/Gcc/gcc493_x86_64_slc6/slc6/x86_64-slc6-gcc49-opt/bin/../lib/gcc/x86_64-unknown-linux-gnu/4.9.3/../../../../include/c++/4.9.3/x86_64-unknown-linux-gnu/../../../../include/c++/4.9.3/bits/stl_vector.h:289:7: note: candidate constructor not viable: requires at least 2 arguments, but 1 was provided
      vector(size_type __n, const value_type& __value,
      ^
In file included from input_line_75:56:
In file included from /home/shepj/xaod/ROOTAnalysisTutorial/RootCoreBin/include/xAODRootAccess/TStore.h:16:
In file included from /home/shepj/xaod/ROOTAnalysisTutorial/RootCoreBin/include/AthContainers/ConstDataVector.h:63:
In file included from /home/shepj/xaod/ROOTAnalysisTutorial/RootCoreBin/include/AthContainers/DataVector.h:507:
In file included from /home/shepj/xaod/ROOTAnalysisTutorial/RootCoreBin/include/AthContainers/AuxVectorBase.h:15:
In file included from /home/shepj/xaod/ROOTAnalysisTutorial/RootCoreBin/include/AthContainers/AuxVectorData.h:892:
In file included from /home/shepj/xaod/ROOTAnalysisTutorial/RootCoreBin/include/AthContainers/AuxVectorData.icc:11:
In file included from /home/shepj/xaod/ROOTAnalysisTutorial/RootCoreBin/include/AthContainers/AuxTypeRegistry.h:18:
/home/shepj/xaod/ROOTAnalysisTutorial/RootCoreBin/include/AthContainers/tools/AuxTypeVector.h:77:3: error: constructor for 'SG::AuxTypeVector<float, std::vector<float, std::allocator<float> > >' must explicitly initialize the member 'm_vec' which does not have a default constructor
  AuxTypeVector (size_t size, size_t capacity);
  ^
/home/shepj/xaod/ROOTAnalysisTutorial/RootCoreBin/include/AthContainers/tools/AuxTypeVectorFactory.icc:22:14: note: in instantiation of member function 'SG::AuxTypeVector<float, std::vector<float, std::allocator<float> > >::AuxTypeVector' requested here
  return new AuxTypeVector<T> (size, capacity);
             ^
/home/shepj/xaod/ROOTAnalysisTutorial/RootCoreBin/include/AthContainers/AuxTypeRegistry.icc:97:14: note: in instantiation of member function 'SG::AuxTypeVectorFactory<float>::create' requested here
  return new SG::AuxTypeVectorFactory<T>;
             ^
/home/shepj/xaod/ROOTAnalysisTutorial/RootCoreBin/include/AthContainers/AuxTypeRegistry.icc:27:65: note: in instantiation of function template specialization 'SG::AuxTypeRegistry::makeFactory<float>' requested here
  return findAuxID (name, clsname, typeid(T), &AuxTypeRegistry::makeFactory<T>);
                                                                ^
/home/shepj/xaod/ROOTAnalysisTutorial/RootCoreBin/include/AthContainers/AuxElement.icc:297:46: note: in instantiation of function template specialization 'SG::AuxTypeRegistry::getAuxID<float>' requested here
  : m_auxid (SG::AuxTypeRegistry::instance().getAuxID<T> (name))
                                             ^
/home/shepj/xaod/ROOTAnalysisTutorial/RootCoreBin/include/AthContainers/AuxElement.icc:403:5: note: in instantiation of member function 'SG::AuxElement::ConstAccessor<float>::ConstAccessor' requested here
  : ConstAccessor<T> (name)
    ^
/home/shepj/xaod/ROOTAnalysisTutorial/RootCoreBin/include/xAODJet/JetAccessors.h:75:59: note: in instantiation of member function 'SG::AuxElement::Accessor<float>::Accessor' requested here
      AccessorWrapper(const std::string & n) : Named(n) , a(n) {}
                                                          ^
/home/shepj/xaod/ROOTAnalysisTutorial/RootCoreBin/include/AthContainers/tools/AuxTypeVector.h:217:15: note: member is declared here
  vector_type m_vec;
              ^
/cvmfs/atlas.cern.ch/repo/ATLASLocalRootBase/x86_64/Gcc/gcc493_x86_64_slc6/slc6/x86_64-slc6-gcc49-opt/bin/../lib/gcc/x86_64-unknown-linux-gnu/4.9.3/../../../../include/c++/4.9.3/x86_64-unknown-linux-gnu/../../../../include/c++/4.9.3/bits/stl_vector.h:214:11: note: 'std::vector<float, std::allocator<float> >' declared here
    class vector : protected _Vector_base<_Tp, _Alloc>
          ^
In file included from input_line_75:56:
In file included from /home/shepj/xaod/ROOTAnalysisTutorial/RootCoreBin/include/xAODRootAccess/TStore.h:16:
In file included from /home/shepj/xaod/ROOTAnalysisTutorial/RootCoreBin/include/AthContainers/ConstDataVector.h:63:
In file included from /home/shepj/xaod/ROOTAnalysisTutorial/RootCoreBin/include/AthContainers/DataVector.h:507:
In file included from /home/shepj/xaod/ROOTAnalysisTutorial/RootCoreBin/include/AthContainers/AuxVectorBase.h:15:
In file included from /home/shepj/xaod/ROOTAnalysisTutorial/RootCoreBin/include/AthContainers/AuxVectorData.h:892:
In file included from /home/shepj/xaod/ROOTAnalysisTutorial/RootCoreBin/include/AthContainers/AuxVectorData.icc:11:
In file included from /home/shepj/xaod/ROOTAnalysisTutorial/RootCoreBin/include/AthContainers/AuxTypeRegistry.h:18:
In file included from /home/shepj/xaod/ROOTAnalysisTutorial/RootCoreBin/include/AthContainers/tools/AuxTypeVector.h:224:
/home/shepj/xaod/ROOTAnalysisTutorial/RootCoreBin/include/AthContainers/tools/AuxTypeVector.icc:22:9: error: no member named 'reserve' in 'std::vector<float, std::allocator<float> >'
  m_vec.reserve (capacity * SCALE);
  ~~~~~ ^
/home/shepj/xaod/ROOTAnalysisTutorial/RootCoreBin/include/AthContainers/tools/AuxTypeVector.icc:23:29: error: too few arguments to function call, expected 2, have 1
  m_vec.resize (size * SCALE);
  ~~~~~~~~~~~~              ^
/cvmfs/atlas.cern.ch/repo/ATLASLocalRootBase/x86_64/Gcc/gcc493_x86_64_slc6/slc6/x86_64-slc6-gcc49-opt/bin/../lib/gcc/x86_64-unknown-linux-gnu/4.9.3/../../../../include/c++/4.9.3/x86_64-unknown-linux-gnu/../../../../include/c++/4.9.3/bits/stl_vector.h:692:7: note: 'resize' declared here
      void
      ^
In file included from input_line_75:56:
In file included from /home/shepj/xaod/ROOTAnalysisTutorial/RootCoreBin/include/xAODRootAccess/TStore.h:16:
In file included from /home/shepj/xaod/ROOTAnalysisTutorial/RootCoreBin/include/AthContainers/ConstDataVector.h:63:
In file included from /home/shepj/xaod/ROOTAnalysisTutorial/RootCoreBin/include/AthContainers/DataVector.h:507:
In file included from /home/shepj/xaod/ROOTAnalysisTutorial/RootCoreBin/include/AthContainers/AuxVectorBase.h:15:
In file included from /home/shepj/xaod/ROOTAnalysisTutorial/RootCoreBin/include/AthContainers/AuxVectorData.h:892:
In file included from /home/shepj/xaod/ROOTAnalysisTutorial/RootCoreBin/include/AthContainers/AuxVectorData.icc:11:
In file included from /home/shepj/xaod/ROOTAnalysisTutorial/RootCoreBin/include/AthContainers/AuxTypeRegistry.h:18:
/home/shepj/xaod/ROOTAnalysisTutorial/RootCoreBin/include/AthContainers/tools/AuxTypeVector.h:77:3: error: constructor for 'SG::AuxTypeVector<std::vector<float, std::allocator<float> >, std::vector<std::vector<float, std::allocator<float> >, std::allocator<std::vector<float, std::allocator<float> > > > >' must explicitly initialize the member 'm_vec' which does not have a default constructor
  AuxTypeVector (size_t size, size_t capacity);
  ^
/home/shepj/xaod/ROOTAnalysisTutorial/RootCoreBin/include/AthContainers/tools/AuxTypeVectorFactory.icc:22:14: note: in instantiation of member function 'SG::AuxTypeVector<std::vector<float, std::allocator<float> >, std::vector<std::vector<float, std::allocator<float> >, std::allocator<std::vector<float, std::allocator<float> > > > >::AuxTypeVector' requested here
  return new AuxTypeVector<T> (size, capacity);
             ^
/home/shepj/xaod/ROOTAnalysisTutorial/RootCoreBin/include/AthContainers/AuxTypeRegistry.icc:97:14: note: in instantiation of member function 'SG::AuxTypeVectorFactory<std::vector<float, std::allocator<float> > >::create' requested here
  return new SG::AuxTypeVectorFactory<T>;
             ^
/home/shepj/xaod/ROOTAnalysisTutorial/RootCoreBin/include/AthContainers/AuxTypeRegistry.icc:27:65: note: in instantiation of function template specialization 'SG::AuxTypeRegistry::makeFactory<std::vector<float, std::allocator<float> > >' requested here
  return findAuxID (name, clsname, typeid(T), &AuxTypeRegistry::makeFactory<T>);
                                                                ^
/home/shepj/xaod/ROOTAnalysisTutorial/RootCoreBin/include/AthContainers/AuxElement.icc:297:46: note: in instantiation of function template specialization 'SG::AuxTypeRegistry::getAuxID<std::vector<float, std::allocator<float> > >' requested here
  : m_auxid (SG::AuxTypeRegistry::instance().getAuxID<T> (name))
                                             ^
/home/shepj/xaod/ROOTAnalysisTutorial/RootCoreBin/include/AthContainers/AuxElement.icc:403:5: note: in instantiation of member function 'SG::AuxElement::ConstAccessor<std::vector<float, std::allocator<float> > >::ConstAccessor' requested here
  : ConstAccessor<T> (name)
    ^
/home/shepj/xaod/ROOTAnalysisTutorial/RootCoreBin/include/xAODJet/JetAccessors.h:103:58: note: in instantiation of member function 'SG::AuxElement::Accessor<std::vector<float, std::allocator<float> > >::Accessor' requested here
      AccessorWrapper(const std::string & n) : Named(n), a(n) {}
                                                         ^
/home/shepj/xaod/ROOTAnalysisTutorial/RootCoreBin/include/AthContainers/tools/AuxTypeVector.h:217:15: note: member is declared here
  vector_type m_vec;
              ^
/cvmfs/atlas.cern.ch/repo/ATLASLocalRootBase/x86_64/Gcc/gcc493_x86_64_slc6/slc6/x86_64-slc6-gcc49-opt/bin/../lib/gcc/x86_64-unknown-linux-gnu/4.9.3/../../../../include/c++/4.9.3/x86_64-unknown-linux-gnu/../../../../include/c++/4.9.3/bits/stl_vector.h:214:11: note: 'std::vector<std::vector<float, std::allocator<float> >, std::allocator<std::vector<float, std::allocator<float> > > >' declared here
    class vector : protected _Vector_base<_Tp, _Alloc>
          ^
In file included from input_line_75:56:
In file included from /home/shepj/xaod/ROOTAnalysisTutorial/RootCoreBin/include/xAODRootAccess/TStore.h:16:
In file included from /home/shepj/xaod/ROOTAnalysisTutorial/RootCoreBin/include/AthContainers/ConstDataVector.h:63:
In file included from /home/shepj/xaod/ROOTAnalysisTutorial/RootCoreBin/include/AthContainers/DataVector.h:507:
In file included from /home/shepj/xaod/ROOTAnalysisTutorial/RootCoreBin/include/AthContainers/AuxVectorBase.h:15:
In file included from /home/shepj/xaod/ROOTAnalysisTutorial/RootCoreBin/include/AthContainers/AuxVectorData.h:892:
In file included from /home/shepj/xaod/ROOTAnalysisTutorial/RootCoreBin/include/AthContainers/AuxVectorData.icc:11:
In file included from /home/shepj/xaod/ROOTAnalysisTutorial/RootCoreBin/include/AthContainers/AuxTypeRegistry.h:18:
In file included from /home/shepj/xaod/ROOTAnalysisTutorial/RootCoreBin/include/AthContainers/tools/AuxTypeVector.h:224:
/home/shepj/xaod/ROOTAnalysisTutorial/RootCoreBin/include/AthContainers/tools/AuxTypeVector.icc:22:9: error: no member named 'reserve' in 'std::vector<std::vector<float, std::allocator<float> >, std::allocator<std::vector<float, std::allocator<float> > > >'
  m_vec.reserve (capacity * SCALE);
  ~~~~~ ^
/home/shepj/xaod/ROOTAnalysisTutorial/RootCoreBin/include/AthContainers/tools/AuxTypeVector.icc:23:29: error: too few arguments to function call, expected 2, have 1
  m_vec.resize (size * SCALE);
  ~~~~~~~~~~~~              ^
/cvmfs/atlas.cern.ch/repo/ATLASLocalRootBase/x86_64/Gcc/gcc493_x86_64_slc6/slc6/x86_64-slc6-gcc49-opt/bin/../lib/gcc/x86_64-unknown-linux-gnu/4.9.3/../../../../include/c++/4.9.3/x86_64-unknown-linux-gnu/../../../../include/c++/4.9.3/bits/stl_vector.h:692:7: note: 'resize' declared here
      void
      ^
In file included from input_line_75:56:
In file included from /home/shepj/xaod/ROOTAnalysisTutorial/RootCoreBin/include/xAODRootAccess/TStore.h:16:
In file included from /home/shepj/xaod/ROOTAnalysisTutorial/RootCoreBin/include/AthContainers/ConstDataVector.h:63:
In file included from /home/shepj/xaod/ROOTAnalysisTutorial/RootCoreBin/include/AthContainers/DataVector.h:507:
In file included from /home/shepj/xaod/ROOTAnalysisTutorial/RootCoreBin/include/AthContainers/AuxVectorBase.h:15:
In file included from /home/shepj/xaod/ROOTAnalysisTutorial/RootCoreBin/include/AthContainers/AuxVectorData.h:892:
In file included from /home/shepj/xaod/ROOTAnalysisTutorial/RootCoreBin/include/AthContainers/AuxVectorData.icc:11:
In file included from /home/shepj/xaod/ROOTAnalysisTutorial/RootCoreBin/include/AthContainers/AuxTypeRegistry.h:18:
In file included from /home/shepj/xaod/ROOTAnalysisTutorial/RootCoreBin/include/AthContainers/tools/AuxTypeVector.h:224:
/home/shepj/xaod/ROOTAnalysisTutorial/RootCoreBin/include/AthContainers/tools/AuxTypeVector.icc:314:58: error: no viable overloaded '='
  (reinterpret_cast<vector_value_type*>(dst))[dst_index] = 
  ~~~~~~~~~~~~~~~~~~~~~~~~~~~~~~~~~~~~~~~~~~~~~~~~~~~~~~ ^
/home/shepj/xaod/ROOTAnalysisTutorial/RootCoreBin/include/AthContainers/tools/AuxTypeVectorFactory.icc:39:28: note: in instantiation of member function 'SG::AuxTypeVector<std::vector<float, std::allocator<float> >, std::vector<std::vector<float, std::allocator<float> >, std::allocator<std::vector<float, std::allocator<float> > > > >::copy' requested here
  return AuxTypeVector<T>::copy (dst, dst_index, src, src_index);
                           ^
/home/shepj/xaod/ROOTAnalysisTutorial/RootCoreBin/include/AthContainers/AuxTypeRegistry.icc:97:14: note: in instantiation of member function 'SG::AuxTypeVectorFactory<std::vector<float, std::allocator<float> > >::copy' requested here
  return new SG::AuxTypeVectorFactory<T>;
             ^
/home/shepj/xaod/ROOTAnalysisTutorial/RootCoreBin/include/AthContainers/AuxTypeRegistry.icc:27:65: note: in instantiation of function template specialization 'SG::AuxTypeRegistry::makeFactory<std::vector<float, std::allocator<float> > >' requested here
  return findAuxID (name, clsname, typeid(T), &AuxTypeRegistry::makeFactory<T>);
                                                                ^
/home/shepj/xaod/ROOTAnalysisTutorial/RootCoreBin/include/AthContainers/AuxElement.icc:297:46: note: in instantiation of function template specialization 'SG::AuxTypeRegistry::getAuxID<std::vector<float, std::allocator<float> > >' requested here
  : m_auxid (SG::AuxTypeRegistry::instance().getAuxID<T> (name))
                                             ^
/home/shepj/xaod/ROOTAnalysisTutorial/RootCoreBin/include/AthContainers/AuxElement.icc:403:5: note: in instantiation of member function 'SG::AuxElement::ConstAccessor<std::vector<float, std::allocator<float> > >::ConstAccessor' requested here
  : ConstAccessor<T> (name)
    ^
/home/shepj/xaod/ROOTAnalysisTutorial/RootCoreBin/include/xAODJet/JetAccessors.h:103:58: note: in instantiation of member function 'SG::AuxElement::Accessor<std::vector<float, std::allocator<float> > >::Accessor' requested here
      AccessorWrapper(const std::string & n) : Named(n), a(n) {}
                                                         ^
/cvmfs/atlas.cern.ch/repo/ATLASLocalRootBase/x86_64/Gcc/gcc493_x86_64_slc6/slc6/x86_64-slc6-gcc49-opt/bin/../lib/gcc/x86_64-unknown-linux-gnu/4.9.3/../../../../include/c++/4.9.3/x86_64-unknown-linux-gnu/../../../../include/c++/4.9.3/bits/stl_vector.h:470:7: note: candidate function not viable: no known conversion from 'const vector_value_type' (aka 'const std::vector<float, std::allocator<float> >') to 'initializer_list<value_type>' for 1st argument
      operator=(initializer_list<value_type> __l)
      ^
/cvmfs/atlas.cern.ch/repo/ATLASLocalRootBase/x86_64/Gcc/gcc493_x86_64_slc6/slc6/x86_64-slc6-gcc49-opt/bin/../lib/gcc/x86_64-unknown-linux-gnu/4.9.3/../../../../include/c++/4.9.3/x86_64-unknown-linux-gnu/../../../../include/c++/4.9.3/bits/stl_vector.h:1560:11: error: no member named 'swap' in 'std::vector<float, std::allocator<float> >'
    { __x.swap(__y); }
      ~~~ ^
/home/shepj/xaod/ROOTAnalysisTutorial/RootCoreBin/include/AthContainers/tools/AuxTypeVector.icc:333:8: note: in instantiation of function template specialization 'std::swap<float, std::allocator<float> >' requested here
  std::swap ((reinterpret_cast<vector_value_type*>(a))[aindex],
       ^
/home/shepj/xaod/ROOTAnalysisTutorial/RootCoreBin/include/AthContainers/tools/AuxTypeVectorFactory.icc:56:28: note: in instantiation of member function 'SG::AuxTypeVector<std::vector<float, std::allocator<float> >, std::vector<std::vector<float, std::allocator<float> >, std::allocator<std::vector<float, std::allocator<float> > > > >::swap' requested here
  return AuxTypeVector<T>::swap (a, aindex, b, bindex);
                           ^
/home/shepj/xaod/ROOTAnalysisTutorial/RootCoreBin/include/AthContainers/AuxTypeRegistry.icc:97:14: note: in instantiation of member function 'SG::AuxTypeVectorFactory<std::vector<float, std::allocator<float> > >::swap' requested here
  return new SG::AuxTypeVectorFactory<T>;
             ^
/home/shepj/xaod/ROOTAnalysisTutorial/RootCoreBin/include/AthContainers/AuxTypeRegistry.icc:27:65: note: in instantiation of function template specialization 'SG::AuxTypeRegistry::makeFactory<std::vector<float, std::allocator<float> > >' requested here
  return findAuxID (name, clsname, typeid(T), &AuxTypeRegistry::makeFactory<T>);
                                                                ^
/home/shepj/xaod/ROOTAnalysisTutorial/RootCoreBin/include/AthContainers/AuxElement.icc:297:46: note: in instantiation of function template specialization 'SG::AuxTypeRegistry::getAuxID<std::vector<float, std::allocator<float> > >' requested here
  : m_auxid (SG::AuxTypeRegistry::instance().getAuxID<T> (name))
                                             ^
/home/shepj/xaod/ROOTAnalysisTutorial/RootCoreBin/include/AthContainers/AuxElement.icc:403:5: note: in instantiation of member function 'SG::AuxElement::ConstAccessor<std::vector<float, std::allocator<float> > >::ConstAccessor' requested here
  : ConstAccessor<T> (name)
    ^
/home/shepj/xaod/ROOTAnalysisTutorial/RootCoreBin/include/xAODJet/JetAccessors.h:103:58: note: in instantiation of member function 'SG::AuxElement::Accessor<std::vector<float, std::allocator<float> > >::Accessor' requested here
      AccessorWrapper(const std::string & n) : Named(n), a(n) {}
                                                         ^
In file included from input_line_75:56:
In file included from /home/shepj/xaod/ROOTAnalysisTutorial/RootCoreBin/include/xAODRootAccess/TStore.h:16:
In file included from /home/shepj/xaod/ROOTAnalysisTutorial/RootCoreBin/include/AthContainers/ConstDataVector.h:63:
In file included from /home/shepj/xaod/ROOTAnalysisTutorial/RootCoreBin/include/AthContainers/DataVector.h:507:
In file included from /home/shepj/xaod/ROOTAnalysisTutorial/RootCoreBin/include/AthContainers/AuxVectorBase.h:15:
In file included from /home/shepj/xaod/ROOTAnalysisTutorial/RootCoreBin/include/AthContainers/AuxVectorData.h:892:
In file included from /home/shepj/xaod/ROOTAnalysisTutorial/RootCoreBin/include/AthContainers/AuxVectorData.icc:11:
In file included from /home/shepj/xaod/ROOTAnalysisTutorial/RootCoreBin/include/AthContainers/AuxTypeRegistry.h:18:
In file included from /home/shepj/xaod/ROOTAnalysisTutorial/RootCoreBin/include/AthContainers/tools/AuxTypeVector.h:224:
/home/shepj/xaod/ROOTAnalysisTutorial/RootCoreBin/include/AthContainers/tools/AuxTypeVector.icc:347:60: error: no matching constructor for initialization of 'vector_value_type' (aka 'std::vector<float, std::allocator<float> >')
  (reinterpret_cast<vector_value_type*>(dst))[dst_index] = vector_value_type();
                                                           ^
/home/shepj/xaod/ROOTAnalysisTutorial/RootCoreBin/include/AthContainers/tools/AuxTypeVectorFactory.icc:68:28: note: in instantiation of member function 'SG::AuxTypeVector<std::vector<float, std::allocator<float> >, std::vector<std::vector<float, std::allocator<float> >, std::allocator<std::vector<float, std::allocator<float> > > > >::clear' requested here
  return AuxTypeVector<T>::clear (dst, dst_index);
                           ^
/home/shepj/xaod/ROOTAnalysisTutorial/RootCoreBin/include/AthContainers/AuxTypeRegistry.icc:97:14: note: in instantiation of member function 'SG::AuxTypeVectorFactory<std::vector<float, std::allocator<float> > >::clear' requested here
  return new SG::AuxTypeVectorFactory<T>;
             ^
/home/shepj/xaod/ROOTAnalysisTutorial/RootCoreBin/include/AthContainers/AuxTypeRegistry.icc:27:65: note: in instantiation of function template specialization 'SG::AuxTypeRegistry::makeFactory<std::vector<float, std::allocator<float> > >' requested here
  return findAuxID (name, clsname, typeid(T), &AuxTypeRegistry::makeFactory<T>);
                                                                ^
/home/shepj/xaod/ROOTAnalysisTutorial/RootCoreBin/include/AthContainers/AuxElement.icc:297:46: note: in instantiation of function template specialization 'SG::AuxTypeRegistry::getAuxID<std::vector<float, std::allocator<float> > >' requested here
  : m_auxid (SG::AuxTypeRegistry::instance().getAuxID<T> (name))
                                             ^
/home/shepj/xaod/ROOTAnalysisTutorial/RootCoreBin/include/AthContainers/AuxElement.icc:403:5: note: in instantiation of member function 'SG::AuxElement::ConstAccessor<std::vector<float, std::allocator<float> > >::ConstAccessor' requested here
  : ConstAccessor<T> (name)
    ^
/home/shepj/xaod/ROOTAnalysisTutorial/RootCoreBin/include/xAODJet/JetAccessors.h:103:58: note: in instantiation of member function 'SG::AuxElement::Accessor<std::vector<float, std::allocator<float> > >::Accessor' requested here
      AccessorWrapper(const std::string & n) : Named(n), a(n) {}
                                                         ^
/cvmfs/atlas.cern.ch/repo/ATLASLocalRootBase/x86_64/Gcc/gcc493_x86_64_slc6/slc6/x86_64-slc6-gcc49-opt/bin/../lib/gcc/x86_64-unknown-linux-gnu/4.9.3/../../../../include/c++/4.9.3/x86_64-unknown-linux-gnu/../../../../include/c++/4.9.3/bits/stl_vector.h:401:9: note: candidate constructor template not viable: requires at least 2 arguments, but 0 were provided
        vector(_InputIterator __first, _InputIterator __last,
        ^
/cvmfs/atlas.cern.ch/repo/ATLASLocalRootBase/x86_64/Gcc/gcc493_x86_64_slc6/slc6/x86_64-slc6-gcc49-opt/bin/../lib/gcc/x86_64-unknown-linux-gnu/4.9.3/../../../../include/c++/4.9.3/x86_64-unknown-linux-gnu/../../../../include/c++/4.9.3/bits/stl_vector.h:277:7: note: candidate constructor not viable: requires at least argument '__n', but no arguments were provided
      vector(size_type __n, const allocator_type& __a = allocator_type())
      ^
/cvmfs/atlas.cern.ch/repo/ATLASLocalRootBase/x86_64/Gcc/gcc493_x86_64_slc6/slc6/x86_64-slc6-gcc49-opt/bin/../lib/gcc/x86_64-unknown-linux-gnu/4.9.3/../../../../include/c++/4.9.3/x86_64-unknown-linux-gnu/../../../../include/c++/4.9.3/bits/stl_vector.h:339:7: note: candidate constructor not viable: requires 2 arguments, but 0 were provided
      vector(const vector& __x, const allocator_type& __a)
      ^
/cvmfs/atlas.cern.ch/repo/ATLASLocalRootBase/x86_64/Gcc/gcc493_x86_64_slc6/slc6/x86_64-slc6-gcc49-opt/bin/../lib/gcc/x86_64-unknown-linux-gnu/4.9.3/../../../../include/c++/4.9.3/x86_64-unknown-linux-gnu/../../../../include/c++/4.9.3/bits/stl_vector.h:348:7: note: candidate constructor not viable: requires 2 arguments, but 0 were provided
      vector(vector&& __rv, const allocator_type& __m)
      ^
/cvmfs/atlas.cern.ch/repo/ATLASLocalRootBase/x86_64/Gcc/gcc493_x86_64_slc6/slc6/x86_64-slc6-gcc49-opt/bin/../lib/gcc/x86_64-unknown-linux-gnu/4.9.3/../../../../include/c++/4.9.3/x86_64-unknown-linux-gnu/../../../../include/c++/4.9.3/bits/stl_vector.h:373:7: note: candidate constructor not viable: requires at least argument '__l', but no arguments were provided
      vector(initializer_list<value_type> __l,
      ^
/cvmfs/atlas.cern.ch/repo/ATLASLocalRootBase/x86_64/Gcc/gcc493_x86_64_slc6/slc6/x86_64-slc6-gcc49-opt/bin/../lib/gcc/x86_64-unknown-linux-gnu/4.9.3/../../../../include/c++/4.9.3/x86_64-unknown-linux-gnu/../../../../include/c++/4.9.3/bits/stl_vector.h:289:7: note: candidate constructor not viable: requires at least 2 arguments, but 0 were provided
      vector(size_type __n, const value_type& __value,
      ^
In file included from input_line_161:68:
In file included from /home/shepj/xaod/ROOTAnalysisTutorial/RootCoreBin/include/xAODJet/JetContainer.h:7:
In file included from /home/shepj/xaod/ROOTAnalysisTutorial/RootCoreBin/include/xAODJet/Jet.h:7:
In file included from /home/shepj/xaod/ROOTAnalysisTutorial/RootCoreBin/include/xAODJet/versions/Jet_v1.h:369:
In file included from /home/shepj/xaod/ROOTAnalysisTutorial/RootCoreBin/include/xAODJet/versions/Jet_v1.icc:4:
In file included from /home/shepj/xaod/ROOTAnalysisTutorial/RootCoreBin/include/xAODJet/versions/JetAccessorMap_v1.h:19:
/home/shepj/xaod/ROOTAnalysisTutorial/RootCoreBin/include/xAODJet/JetAccessors.h:49:14: error: no viable overloaded '='
        a(p) = v;
        ~~~~ ^ ~
/home/shepj/xaod/ROOTAnalysisTutorial/RootCoreBin/include/xAODJet/versions/Jet_v1.icc:58:7: note: in instantiation of member function 'xAOD::JetAttributeAccessor::AccessorWrapper<std::vector<float, std::allocator<float> > >::setAttribute' requested here
    a.setAttribute(*this,v);
      ^
/cvmfs/atlas.cern.ch/repo/ATLASLocalRootBase/x86_64/Gcc/gcc493_x86_64_slc6/slc6/x86_64-slc6-gcc49-opt/bin/../lib/gcc/x86_64-unknown-linux-gnu/4.9.3/../../../../include/c++/4.9.3/x86_64-unknown-linux-gnu/../../../../include/c++/4.9.3/bits/stl_vector.h:470:7: note: candidate function not viable: no known conversion from 'const std::vector<float, std::allocator<float> >' to 'initializer_list<value_type>' for 1st argument
      operator=(initializer_list<value_type> __l)
      ^
In file included from input_line_75:56:
In file included from /home/shepj/xaod/ROOTAnalysisTutorial/RootCoreBin/include/xAODRootAccess/TStore.h:16:
In file included from /home/shepj/xaod/ROOTAnalysisTutorial/RootCoreBin/include/AthContainers/ConstDataVector.h:63:
In file included from /home/shepj/xaod/ROOTAnalysisTutorial/RootCoreBin/include/AthContainers/DataVector.h:3287:
/home/shepj/xaod/ROOTAnalysisTutorial/RootCoreBin/include/AthContainers/DataVector.icc:2267:18: error: no member named 'size' in 'std::vector<xAOD::IParticle *, std::allocator<xAOD::IParticle *> >'
  return m_pCont.size();
         ~~~~~~~ ^
/home/shepj/xaod/ROOTAnalysisTutorial/RootCoreBin/include/AthLinks/ElementLink.icc:467:21: note: in instantiation of member function 'DataVector<xAOD::IParticle, DataModel_detail::NoBase>::size' requested here
   if( m_container->size() <=
                    ^
/home/shepj/xaod/ROOTAnalysisTutorial/RootCoreBin/include/xAODJet/JetAccessors.h:258:59: note: in instantiation of member function 'ElementLink<DataVector<xAOD::IParticle, DataModel_detail::NoBase> >::isValid' requested here
        static const Obj* fromEL(const LinkType&el){if(el.isValid()) return dynamic_cast<const Obj*>(*el); return NULL;}
                                                          ^
/home/shepj/xaod/ROOTAnalysisTutorial/RootCoreBin/include/xAODJet/JetAccessors.h:351:68: note: in instantiation of member function 'xAOD::JetAttributeAccessor::(anonymous namespace)::InternalTypes<xAOD::IParticle, true>::fromEL' requested here
        for(size_t i=0;i<elv.size(); i++) ipvec[i] = InternalType::fromEL(elv[i]) ;
                                                                   ^
/home/shepj/xaod/ROOTAnalysisTutorial/RootCoreBin/include/xAODJet/versions/Jet_v1.icc:87:21: note: in instantiation of member function 'xAOD::JetAttributeAccessor::ObjectAccessorWrapper<std::vector<const xAOD::IParticle *, std::allocator<const xAOD::IParticle *> > >::getAttribute' requested here
        return acc->getAttribute(*this);
                    ^
In file included from input_line_75:56:
In file included from /home/shepj/xaod/ROOTAnalysisTutorial/RootCoreBin/include/xAODRootAccess/TStore.h:16:
In file included from /home/shepj/xaod/ROOTAnalysisTutorial/RootCoreBin/include/AthContainers/ConstDataVector.h:63:
In file included from /home/shepj/xaod/ROOTAnalysisTutorial/RootCoreBin/include/AthContainers/DataVector.h:3287:
/home/shepj/xaod/ROOTAnalysisTutorial/RootCoreBin/include/AthContainers/DataVector.icc:2401:10: error: no viable overloaded operator[] for type 'const PtrVector' (aka 'const vector<xAOD::IParticle *>')
  return m_pCont[n];
         ^~~~~~~ ~
/home/shepj/xaod/ROOTAnalysisTutorial/RootCoreBin/include/AthLinks/ElementLink.icc:425:19: note: in instantiation of member function 'DataVector<xAOD::IParticle, DataModel_detail::NoBase>::operator[]' requested here
      m_element = ( *m_container )[ index ];
                  ^
/home/shepj/xaod/ROOTAnalysisTutorial/RootCoreBin/include/AthLinks/ElementLink.icc:387:30: note: in instantiation of member function 'ElementLink<DataVector<xAOD::IParticle, DataModel_detail::NoBase> >::cptr' requested here
   ElementConstPointer ptr = cptr();
                             ^
/home/shepj/xaod/ROOTAnalysisTutorial/RootCoreBin/include/xAODJet/JetAccessors.h:258:102: note: in instantiation of member function 'ElementLink<DataVector<xAOD::IParticle, DataModel_detail::NoBase> >::operator*' requested here
        static const Obj* fromEL(const LinkType&el){if(el.isValid()) return dynamic_cast<const Obj*>(*el); return NULL;}
                                                                                                     ^
/home/shepj/xaod/ROOTAnalysisTutorial/RootCoreBin/include/xAODJet/JetAccessors.h:351:68: note: in instantiation of member function 'xAOD::JetAttributeAccessor::(anonymous namespace)::InternalTypes<xAOD::IParticle, true>::fromEL' requested here
        for(size_t i=0;i<elv.size(); i++) ipvec[i] = InternalType::fromEL(elv[i]) ;
                                                                   ^
/home/shepj/xaod/ROOTAnalysisTutorial/RootCoreBin/include/xAODJet/versions/Jet_v1.icc:87:21: note: in instantiation of member function 'xAOD::JetAttributeAccessor::ObjectAccessorWrapper<std::vector<const xAOD::IParticle *, std::allocator<const xAOD::IParticle *> > >::getAttribute' requested here
        return acc->getAttribute(*this);
                    ^
/cvmfs/atlas.cern.ch/repo/ATLASLocalRootBase/x86_64/Gcc/gcc493_x86_64_slc6/slc6/x86_64-slc6-gcc49-opt/bin/../lib/gcc/x86_64-unknown-linux-gnu/4.9.3/../../../../include/c++/4.9.3/x86_64-unknown-linux-gnu/../../../../include/c++/4.9.3/bits/stl_vector.h:779:7: note: candidate function not viable: 'this' argument has type 'const PtrVector' (aka 'const vector<xAOD::IParticle *>'), but method is not marked const
      operator[](size_type __n) _GLIBCXX_NOEXCEPT
      ^
