000 (1739715.000.000) 08/29 09:25:23 Job submitted from host: <128.91.77.183:9766?addrs=128.91.77.183-9766>
...
000 (1739715.001.000) 08/29 09:25:23 Job submitted from host: <128.91.77.183:9766?addrs=128.91.77.183-9766>
...
001 (1739715.000.000) 08/29 09:28:56 Job executing on host: <192.168.64.189:9001>
...
001 (1739715.001.000) 08/29 09:28:57 Job executing on host: <192.168.64.192:9840>
...
006 (1739715.001.000) 08/29 09:29:05 Image size of job updated: 765512
	120  -  MemoryUsage of job (MB)
	122696  -  ResidentSetSize of job (KB)
...
006 (1739715.000.000) 08/29 09:29:05 Image size of job updated: 1045640
	157  -  MemoryUsage of job (MB)
	160240  -  ResidentSetSize of job (KB)
...
006 (1739715.000.000) 08/29 09:29:22 Image size of job updated: 1258204
	157  -  MemoryUsage of job (MB)
	160240  -  ResidentSetSize of job (KB)
...
005 (1739715.000.000) 08/29 09:29:22 Job terminated.
	(1) Normal termination (return value 0)
		Usr 0 00:00:16, Sys 0 00:00:00  -  Run Remote Usage
		Usr 0 00:00:00, Sys 0 00:00:00  -  Run Local Usage
		Usr 0 00:00:16, Sys 0 00:00:00  -  Total Remote Usage
		Usr 0 00:00:00, Sys 0 00:00:00  -  Total Local Usage
	0  -  Run Bytes Sent By Job
	0  -  Run Bytes Received By Job
	0  -  Total Bytes Sent By Job
	0  -  Total Bytes Received By Job
	Partitionable Resources :    Usage  Request Allocated
	   Cpus                 :                 1         1
	   Disk (KB)            :        2        2  18056494
	   Memory (MB)          :      157        1      2139
...
006 (1739715.001.000) 08/29 09:29:35 Image size of job updated: 1249536
	120  -  MemoryUsage of job (MB)
	122696  -  ResidentSetSize of job (KB)
...
005 (1739715.001.000) 08/29 09:29:35 Job terminated.
	(1) Normal termination (return value 0)
		Usr 0 00:00:10, Sys 0 00:00:00  -  Run Remote Usage
		Usr 0 00:00:00, Sys 0 00:00:00  -  Run Local Usage
		Usr 0 00:00:10, Sys 0 00:00:00  -  Total Remote Usage
		Usr 0 00:00:00, Sys 0 00:00:00  -  Total Local Usage
	0  -  Run Bytes Sent By Job
	0  -  Run Bytes Received By Job
	0  -  Total Bytes Sent By Job
	0  -  Total Bytes Received By Job
	Partitionable Resources :    Usage  Request Allocated
	   Cpus                 :                 1         1
	   Disk (KB)            :        2        2  18310934
	   Memory (MB)          :      120        1      2139
...
