000 (1739718.000.000) 08/29 09:50:32 Job submitted from host: <128.91.77.183:9766?addrs=128.91.77.183-9766>
...
000 (1739718.001.000) 08/29 09:50:32 Job submitted from host: <128.91.77.183:9766?addrs=128.91.77.183-9766>
...
000 (1739718.002.000) 08/29 09:50:32 Job submitted from host: <128.91.77.183:9766?addrs=128.91.77.183-9766>
...
000 (1739718.003.000) 08/29 09:50:32 Job submitted from host: <128.91.77.183:9766?addrs=128.91.77.183-9766>
...
000 (1739718.004.000) 08/29 09:50:32 Job submitted from host: <128.91.77.183:9766?addrs=128.91.77.183-9766>
...
000 (1739718.005.000) 08/29 09:50:32 Job submitted from host: <128.91.77.183:9766?addrs=128.91.77.183-9766>
...
000 (1739718.006.000) 08/29 09:50:32 Job submitted from host: <128.91.77.183:9766?addrs=128.91.77.183-9766>
...
000 (1739718.007.000) 08/29 09:50:32 Job submitted from host: <128.91.77.183:9766?addrs=128.91.77.183-9766>
...
000 (1739718.008.000) 08/29 09:50:32 Job submitted from host: <128.91.77.183:9766?addrs=128.91.77.183-9766>
...
000 (1739718.009.000) 08/29 09:50:32 Job submitted from host: <128.91.77.183:9766?addrs=128.91.77.183-9766>
...
000 (1739718.010.000) 08/29 09:50:32 Job submitted from host: <128.91.77.183:9766?addrs=128.91.77.183-9766>
...
001 (1739718.000.000) 08/29 09:50:48 Job executing on host: <192.168.64.194:9974>
...
001 (1739718.001.000) 08/29 09:50:48 Job executing on host: <192.168.64.199:9406>
...
001 (1739718.002.000) 08/29 09:50:48 Job executing on host: <192.168.64.195:9241>
...
001 (1739718.003.000) 08/29 09:50:48 Job executing on host: <192.168.64.200:9474>
...
001 (1739718.004.000) 08/29 09:50:48 Job executing on host: <192.168.64.191:9442>
...
001 (1739718.005.000) 08/29 09:50:48 Job executing on host: <192.168.64.187:9226>
...
001 (1739718.006.000) 08/29 09:50:48 Job executing on host: <192.168.64.192:9840>
...
001 (1739718.007.000) 08/29 09:50:49 Job executing on host: <192.168.64.197:9770>
...
001 (1739718.008.000) 08/29 09:50:49 Job executing on host: <192.168.64.193:9214>
...
001 (1739718.009.000) 08/29 09:50:49 Job executing on host: <192.168.64.189:9001>
...
001 (1739718.010.000) 08/29 09:50:49 Job executing on host: <192.168.64.198:9568>
...
006 (1739718.006.000) 08/29 09:50:57 Image size of job updated: 1089044
	231  -  MemoryUsage of job (MB)
	236072  -  ResidentSetSize of job (KB)
...
006 (1739718.008.000) 08/29 09:50:57 Image size of job updated: 2
	3  -  MemoryUsage of job (MB)
	2324  -  ResidentSetSize of job (KB)
...
006 (1739718.007.000) 08/29 09:50:57 Image size of job updated: 2
	3  -  MemoryUsage of job (MB)
	2328  -  ResidentSetSize of job (KB)
...
006 (1739718.010.000) 08/29 09:50:57 Image size of job updated: 2
	3  -  MemoryUsage of job (MB)
	2328  -  ResidentSetSize of job (KB)
...
006 (1739718.009.000) 08/29 09:50:57 Image size of job updated: 2
	3  -  MemoryUsage of job (MB)
	2324  -  ResidentSetSize of job (KB)
...
006 (1739718.000.000) 08/29 09:50:57 Image size of job updated: 2
	3  -  MemoryUsage of job (MB)
	2324  -  ResidentSetSize of job (KB)
...
006 (1739718.001.000) 08/29 09:50:57 Image size of job updated: 2
	3  -  MemoryUsage of job (MB)
	2324  -  ResidentSetSize of job (KB)
...
006 (1739718.002.000) 08/29 09:50:57 Image size of job updated: 2
	3  -  MemoryUsage of job (MB)
	2320  -  ResidentSetSize of job (KB)
...
006 (1739718.003.000) 08/29 09:50:57 Image size of job updated: 2
	3  -  MemoryUsage of job (MB)
	2328  -  ResidentSetSize of job (KB)
...
006 (1739718.004.000) 08/29 09:50:57 Image size of job updated: 2
	3  -  MemoryUsage of job (MB)
	2324  -  ResidentSetSize of job (KB)
...
006 (1739718.005.000) 08/29 09:50:57 Image size of job updated: 2
	3  -  MemoryUsage of job (MB)
	2324  -  ResidentSetSize of job (KB)
...
006 (1739718.010.000) 08/29 09:52:09 Image size of job updated: 1254568
	3  -  MemoryUsage of job (MB)
	2328  -  ResidentSetSize of job (KB)
...
005 (1739718.010.000) 08/29 09:52:09 Job terminated.
	(1) Normal termination (return value 0)
		Usr 0 00:00:12, Sys 0 00:00:01  -  Run Remote Usage
		Usr 0 00:00:00, Sys 0 00:00:00  -  Run Local Usage
		Usr 0 00:00:12, Sys 0 00:00:01  -  Total Remote Usage
		Usr 0 00:00:00, Sys 0 00:00:00  -  Total Local Usage
	0  -  Run Bytes Sent By Job
	0  -  Run Bytes Received By Job
	0  -  Total Bytes Sent By Job
	0  -  Total Bytes Received By Job
	Partitionable Resources :    Usage  Request Allocated
	   Cpus                 :                 1         1
	   Disk (KB)            :        2        2  18310934
	   Memory (MB)          :        3        1      2139
...
006 (1739718.001.000) 08/29 09:52:18 Image size of job updated: 1335136
	3  -  MemoryUsage of job (MB)
	2324  -  ResidentSetSize of job (KB)
...
005 (1739718.001.000) 08/29 09:52:18 Job terminated.
	(1) Normal termination (return value 0)
		Usr 0 00:00:58, Sys 0 00:00:01  -  Run Remote Usage
		Usr 0 00:00:00, Sys 0 00:00:00  -  Run Local Usage
		Usr 0 00:00:58, Sys 0 00:00:01  -  Total Remote Usage
		Usr 0 00:00:00, Sys 0 00:00:00  -  Total Local Usage
	0  -  Run Bytes Sent By Job
	0  -  Run Bytes Received By Job
	0  -  Total Bytes Sent By Job
	0  -  Total Bytes Received By Job
	Partitionable Resources :    Usage  Request Allocated
	   Cpus                 :                 1         1
	   Disk (KB)            :        2        2  18310934
	   Memory (MB)          :        3        1      2139
...
006 (1739718.009.000) 08/29 09:54:04 Image size of job updated: 1448912
	3  -  MemoryUsage of job (MB)
	2324  -  ResidentSetSize of job (KB)
...
005 (1739718.009.000) 08/29 09:54:04 Job terminated.
	(1) Normal termination (return value 0)
		Usr 0 00:02:04, Sys 0 00:00:01  -  Run Remote Usage
		Usr 0 00:00:00, Sys 0 00:00:00  -  Run Local Usage
		Usr 0 00:02:04, Sys 0 00:00:01  -  Total Remote Usage
		Usr 0 00:00:00, Sys 0 00:00:00  -  Total Local Usage
	0  -  Run Bytes Sent By Job
	0  -  Run Bytes Received By Job
	0  -  Total Bytes Sent By Job
	0  -  Total Bytes Received By Job
	Partitionable Resources :    Usage  Request Allocated
	   Cpus                 :                 1         1
	   Disk (KB)            :        2        2  18310934
	   Memory (MB)          :        3        1      2139
...
006 (1739718.002.000) 08/29 09:54:24 Image size of job updated: 1448656
	3  -  MemoryUsage of job (MB)
	2320  -  ResidentSetSize of job (KB)
...
005 (1739718.002.000) 08/29 09:54:24 Job terminated.
	(1) Normal termination (return value 0)
		Usr 0 00:02:04, Sys 0 00:00:02  -  Run Remote Usage
		Usr 0 00:00:00, Sys 0 00:00:00  -  Run Local Usage
		Usr 0 00:02:04, Sys 0 00:00:02  -  Total Remote Usage
		Usr 0 00:00:00, Sys 0 00:00:00  -  Total Local Usage
	0  -  Run Bytes Sent By Job
	0  -  Run Bytes Received By Job
	0  -  Total Bytes Sent By Job
	0  -  Total Bytes Received By Job
	Partitionable Resources :    Usage  Request Allocated
	   Cpus                 :                 1         1
	   Disk (KB)            :        2        2  18310934
	   Memory (MB)          :        3        1      2139
...
006 (1739718.000.000) 08/29 09:54:25 Image size of job updated: 1450004
	3  -  MemoryUsage of job (MB)
	2324  -  ResidentSetSize of job (KB)
...
005 (1739718.000.000) 08/29 09:54:25 Job terminated.
	(1) Normal termination (return value 0)
		Usr 0 00:02:04, Sys 0 00:00:02  -  Run Remote Usage
		Usr 0 00:00:00, Sys 0 00:00:00  -  Run Local Usage
		Usr 0 00:02:04, Sys 0 00:00:02  -  Total Remote Usage
		Usr 0 00:00:00, Sys 0 00:00:00  -  Total Local Usage
	0  -  Run Bytes Sent By Job
	0  -  Run Bytes Received By Job
	0  -  Total Bytes Sent By Job
	0  -  Total Bytes Received By Job
	Partitionable Resources :    Usage  Request Allocated
	   Cpus                 :                 1         1
	   Disk (KB)            :        2        2  18310934
	   Memory (MB)          :        3        1      2139
...
006 (1739718.005.000) 08/29 09:54:34 Image size of job updated: 1455240
	3  -  MemoryUsage of job (MB)
	2324  -  ResidentSetSize of job (KB)
...
005 (1739718.005.000) 08/29 09:54:34 Job terminated.
	(1) Normal termination (return value 0)
		Usr 0 00:02:10, Sys 0 00:00:02  -  Run Remote Usage
		Usr 0 00:00:00, Sys 0 00:00:00  -  Run Local Usage
		Usr 0 00:02:10, Sys 0 00:00:02  -  Total Remote Usage
		Usr 0 00:00:00, Sys 0 00:00:00  -  Total Local Usage
	0  -  Run Bytes Sent By Job
	0  -  Run Bytes Received By Job
	0  -  Total Bytes Sent By Job
	0  -  Total Bytes Received By Job
	Partitionable Resources :    Usage  Request Allocated
	   Cpus                 :                 1         1
	   Disk (KB)            :        2        2  18310934
	   Memory (MB)          :        3        1      2139
...
006 (1739718.003.000) 08/29 09:54:47 Image size of job updated: 1458240
	3  -  MemoryUsage of job (MB)
	2328  -  ResidentSetSize of job (KB)
...
005 (1739718.003.000) 08/29 09:54:47 Job terminated.
	(1) Normal termination (return value 0)
		Usr 0 00:01:49, Sys 0 00:00:02  -  Run Remote Usage
		Usr 0 00:00:00, Sys 0 00:00:00  -  Run Local Usage
		Usr 0 00:01:49, Sys 0 00:00:02  -  Total Remote Usage
		Usr 0 00:00:00, Sys 0 00:00:00  -  Total Local Usage
	0  -  Run Bytes Sent By Job
	0  -  Run Bytes Received By Job
	0  -  Total Bytes Sent By Job
	0  -  Total Bytes Received By Job
	Partitionable Resources :    Usage  Request Allocated
	   Cpus                 :                 1         1
	   Disk (KB)            :        2        2  18310934
	   Memory (MB)          :        3        1      2139
...
006 (1739718.007.000) 08/29 09:54:47 Image size of job updated: 1459484
	3  -  MemoryUsage of job (MB)
	2328  -  ResidentSetSize of job (KB)
...
005 (1739718.007.000) 08/29 09:54:47 Job terminated.
	(1) Normal termination (return value 0)
		Usr 0 00:01:55, Sys 0 00:00:02  -  Run Remote Usage
		Usr 0 00:00:00, Sys 0 00:00:00  -  Run Local Usage
		Usr 0 00:01:55, Sys 0 00:00:02  -  Total Remote Usage
		Usr 0 00:00:00, Sys 0 00:00:00  -  Total Local Usage
	0  -  Run Bytes Sent By Job
	0  -  Run Bytes Received By Job
	0  -  Total Bytes Sent By Job
	0  -  Total Bytes Received By Job
	Partitionable Resources :    Usage  Request Allocated
	   Cpus                 :                 1         1
	   Disk (KB)            :        2        2  18310934
	   Memory (MB)          :        3        1      2139
...
006 (1739718.008.000) 08/29 09:54:49 Image size of job updated: 1440408
	3  -  MemoryUsage of job (MB)
	2324  -  ResidentSetSize of job (KB)
...
005 (1739718.008.000) 08/29 09:54:49 Job terminated.
	(1) Normal termination (return value 0)
		Usr 0 00:02:05, Sys 0 00:00:02  -  Run Remote Usage
		Usr 0 00:00:00, Sys 0 00:00:00  -  Run Local Usage
		Usr 0 00:02:05, Sys 0 00:00:02  -  Total Remote Usage
		Usr 0 00:00:00, Sys 0 00:00:00  -  Total Local Usage
	0  -  Run Bytes Sent By Job
	0  -  Run Bytes Received By Job
	0  -  Total Bytes Sent By Job
	0  -  Total Bytes Received By Job
	Partitionable Resources :    Usage  Request Allocated
	   Cpus                 :                 1         1
	   Disk (KB)            :        2        2  18310934
	   Memory (MB)          :        3        1      2139
...
006 (1739718.004.000) 08/29 09:55:22 Image size of job updated: 1452744
	3  -  MemoryUsage of job (MB)
	2324  -  ResidentSetSize of job (KB)
...
005 (1739718.004.000) 08/29 09:55:22 Job terminated.
	(1) Normal termination (return value 0)
		Usr 0 00:02:06, Sys 0 00:00:01  -  Run Remote Usage
		Usr 0 00:00:00, Sys 0 00:00:00  -  Run Local Usage
		Usr 0 00:02:06, Sys 0 00:00:01  -  Total Remote Usage
		Usr 0 00:00:00, Sys 0 00:00:00  -  Total Local Usage
	0  -  Run Bytes Sent By Job
	0  -  Run Bytes Received By Job
	0  -  Total Bytes Sent By Job
	0  -  Total Bytes Received By Job
	Partitionable Resources :    Usage  Request Allocated
	   Cpus                 :                 1         1
	   Disk (KB)            :        2        2  18310934
	   Memory (MB)          :        3        1      2139
...
006 (1739718.006.000) 08/29 09:55:48 Image size of job updated: 1445340
	231  -  MemoryUsage of job (MB)
	236072  -  ResidentSetSize of job (KB)
...
005 (1739718.006.000) 08/29 09:55:48 Job terminated.
	(1) Normal termination (return value 0)
		Usr 0 00:02:02, Sys 0 00:00:02  -  Run Remote Usage
		Usr 0 00:00:00, Sys 0 00:00:00  -  Run Local Usage
		Usr 0 00:02:02, Sys 0 00:00:02  -  Total Remote Usage
		Usr 0 00:00:00, Sys 0 00:00:00  -  Total Local Usage
	0  -  Run Bytes Sent By Job
	0  -  Run Bytes Received By Job
	0  -  Total Bytes Sent By Job
	0  -  Total Bytes Received By Job
	Partitionable Resources :    Usage  Request Allocated
	   Cpus                 :                 1         1
	   Disk (KB)            :        2        2  18310934
	   Memory (MB)          :      231        1      2139
...
