000 (1739704.000.000) 08/29 09:20:55 Job submitted from host: <128.91.77.183:9766?addrs=128.91.77.183-9766>
...
000 (1739704.001.000) 08/29 09:20:55 Job submitted from host: <128.91.77.183:9766?addrs=128.91.77.183-9766>
...
000 (1739704.002.000) 08/29 09:20:55 Job submitted from host: <128.91.77.183:9766?addrs=128.91.77.183-9766>
...
000 (1739704.003.000) 08/29 09:20:55 Job submitted from host: <128.91.77.183:9766?addrs=128.91.77.183-9766>
...
000 (1739704.004.000) 08/29 09:20:55 Job submitted from host: <128.91.77.183:9766?addrs=128.91.77.183-9766>
...
000 (1739704.005.000) 08/29 09:20:55 Job submitted from host: <128.91.77.183:9766?addrs=128.91.77.183-9766>
...
000 (1739704.006.000) 08/29 09:20:55 Job submitted from host: <128.91.77.183:9766?addrs=128.91.77.183-9766>
...
001 (1739704.000.000) 08/29 09:28:37 Job executing on host: <192.168.64.189:9001>
...
001 (1739704.001.000) 08/29 09:28:37 Job executing on host: <192.168.64.197:9770>
...
001 (1739704.002.000) 08/29 09:28:37 Job executing on host: <192.168.64.197:9770>
...
001 (1739704.003.000) 08/29 09:28:37 Job executing on host: <192.168.64.197:9770>
...
001 (1739704.004.000) 08/29 09:28:38 Job executing on host: <192.168.64.199:9406>
...
001 (1739704.005.000) 08/29 09:28:38 Job executing on host: <192.168.64.200:9474>
...
001 (1739704.006.000) 08/29 09:28:39 Job executing on host: <192.168.64.197:9770>
...
006 (1739704.000.000) 08/29 09:28:45 Image size of job updated: 654316
	109  -  MemoryUsage of job (MB)
	111240  -  ResidentSetSize of job (KB)
...
006 (1739704.001.000) 08/29 09:28:45 Image size of job updated: 1085792
	156  -  MemoryUsage of job (MB)
	159512  -  ResidentSetSize of job (KB)
...
006 (1739704.004.000) 08/29 09:28:46 Image size of job updated: 1085648
	184  -  MemoryUsage of job (MB)
	188036  -  ResidentSetSize of job (KB)
...
006 (1739704.002.000) 08/29 09:28:46 Image size of job updated: 1084308
	147  -  MemoryUsage of job (MB)
	150364  -  ResidentSetSize of job (KB)
...
006 (1739704.003.000) 08/29 09:28:46 Image size of job updated: 1082764
	146  -  MemoryUsage of job (MB)
	148860  -  ResidentSetSize of job (KB)
...
006 (1739704.006.000) 08/29 09:28:47 Image size of job updated: 1024636
	113  -  MemoryUsage of job (MB)
	115324  -  ResidentSetSize of job (KB)
...
006 (1739704.005.000) 08/29 09:28:47 Image size of job updated: 1202708
	192  -  MemoryUsage of job (MB)
	196604  -  ResidentSetSize of job (KB)
...
006 (1739704.004.000) 08/29 09:29:08 Image size of job updated: 1293448
	184  -  MemoryUsage of job (MB)
	188036  -  ResidentSetSize of job (KB)
...
005 (1739704.004.000) 08/29 09:29:08 Job terminated.
	(1) Normal termination (return value 0)
		Usr 0 00:00:18, Sys 0 00:00:00  -  Run Remote Usage
		Usr 0 00:00:00, Sys 0 00:00:00  -  Run Local Usage
		Usr 0 00:00:18, Sys 0 00:00:00  -  Total Remote Usage
		Usr 0 00:00:00, Sys 0 00:00:00  -  Total Local Usage
	0  -  Run Bytes Sent By Job
	0  -  Run Bytes Received By Job
	0  -  Total Bytes Sent By Job
	0  -  Total Bytes Received By Job
	Partitionable Resources :    Usage  Request Allocated
	   Cpus                 :                 1         1
	   Disk (KB)            :        2        2  18310934
	   Memory (MB)          :      184        1      2139
...
006 (1739704.001.000) 08/29 09:29:08 Image size of job updated: 1296136
	156  -  MemoryUsage of job (MB)
	159512  -  ResidentSetSize of job (KB)
...
005 (1739704.001.000) 08/29 09:29:08 Job terminated.
	(1) Normal termination (return value 0)
		Usr 0 00:00:18, Sys 0 00:00:00  -  Run Remote Usage
		Usr 0 00:00:00, Sys 0 00:00:00  -  Run Local Usage
		Usr 0 00:00:18, Sys 0 00:00:00  -  Total Remote Usage
		Usr 0 00:00:00, Sys 0 00:00:00  -  Total Local Usage
	0  -  Run Bytes Sent By Job
	0  -  Run Bytes Received By Job
	0  -  Total Bytes Sent By Job
	0  -  Total Bytes Received By Job
	Partitionable Resources :    Usage  Request Allocated
	   Cpus                 :                 1         1
	   Disk (KB)            :        2        2  18310934
	   Memory (MB)          :      156        1      2139
...
006 (1739704.000.000) 08/29 09:29:21 Image size of job updated: 1295896
	109  -  MemoryUsage of job (MB)
	111240  -  ResidentSetSize of job (KB)
...
005 (1739704.000.000) 08/29 09:29:21 Job terminated.
	(1) Normal termination (return value 0)
		Usr 0 00:00:23, Sys 0 00:00:00  -  Run Remote Usage
		Usr 0 00:00:00, Sys 0 00:00:00  -  Run Local Usage
		Usr 0 00:00:23, Sys 0 00:00:00  -  Total Remote Usage
		Usr 0 00:00:00, Sys 0 00:00:00  -  Total Local Usage
	0  -  Run Bytes Sent By Job
	0  -  Run Bytes Received By Job
	0  -  Total Bytes Sent By Job
	0  -  Total Bytes Received By Job
	Partitionable Resources :    Usage  Request Allocated
	   Cpus                 :                 1         1
	   Disk (KB)            :        2        2  18056494
	   Memory (MB)          :      109        1      2139
...
006 (1739704.002.000) 08/29 09:29:28 Image size of job updated: 1308476
	147  -  MemoryUsage of job (MB)
	150364  -  ResidentSetSize of job (KB)
...
005 (1739704.002.000) 08/29 09:29:28 Job terminated.
	(1) Normal termination (return value 0)
		Usr 0 00:00:24, Sys 0 00:00:00  -  Run Remote Usage
		Usr 0 00:00:00, Sys 0 00:00:00  -  Run Local Usage
		Usr 0 00:00:24, Sys 0 00:00:00  -  Total Remote Usage
		Usr 0 00:00:00, Sys 0 00:00:00  -  Total Local Usage
	0  -  Run Bytes Sent By Job
	0  -  Run Bytes Received By Job
	0  -  Total Bytes Sent By Job
	0  -  Total Bytes Received By Job
	Partitionable Resources :    Usage  Request Allocated
	   Cpus                 :                 1         1
	   Disk (KB)            :        2        2  18310934
	   Memory (MB)          :      147        1      2139
...
006 (1739704.005.000) 08/29 09:29:29 Image size of job updated: 1317880
	192  -  MemoryUsage of job (MB)
	196604  -  ResidentSetSize of job (KB)
...
005 (1739704.005.000) 08/29 09:29:29 Job terminated.
	(1) Normal termination (return value 0)
		Usr 0 00:00:32, Sys 0 00:00:00  -  Run Remote Usage
		Usr 0 00:00:00, Sys 0 00:00:00  -  Run Local Usage
		Usr 0 00:00:32, Sys 0 00:00:00  -  Total Remote Usage
		Usr 0 00:00:00, Sys 0 00:00:00  -  Total Local Usage
	0  -  Run Bytes Sent By Job
	0  -  Run Bytes Received By Job
	0  -  Total Bytes Sent By Job
	0  -  Total Bytes Received By Job
	Partitionable Resources :    Usage  Request Allocated
	   Cpus                 :                 1         1
	   Disk (KB)            :        2        2  18310934
	   Memory (MB)          :      192        1      2139
...
006 (1739704.003.000) 08/29 09:29:29 Image size of job updated: 1307916
	146  -  MemoryUsage of job (MB)
	148860  -  ResidentSetSize of job (KB)
...
005 (1739704.003.000) 08/29 09:29:29 Job terminated.
	(1) Normal termination (return value 0)
		Usr 0 00:00:32, Sys 0 00:00:00  -  Run Remote Usage
		Usr 0 00:00:00, Sys 0 00:00:00  -  Run Local Usage
		Usr 0 00:00:32, Sys 0 00:00:00  -  Total Remote Usage
		Usr 0 00:00:00, Sys 0 00:00:00  -  Total Local Usage
	0  -  Run Bytes Sent By Job
	0  -  Run Bytes Received By Job
	0  -  Total Bytes Sent By Job
	0  -  Total Bytes Received By Job
	Partitionable Resources :    Usage  Request Allocated
	   Cpus                 :                 1         1
	   Disk (KB)            :        2        2  18310934
	   Memory (MB)          :      146        1      2139
...
006 (1739704.006.000) 08/29 09:29:42 Image size of job updated: 1310920
	113  -  MemoryUsage of job (MB)
	115324  -  ResidentSetSize of job (KB)
...
005 (1739704.006.000) 08/29 09:29:42 Job terminated.
	(1) Normal termination (return value 0)
		Usr 0 00:00:27, Sys 0 00:00:00  -  Run Remote Usage
		Usr 0 00:00:00, Sys 0 00:00:00  -  Run Local Usage
		Usr 0 00:00:27, Sys 0 00:00:00  -  Total Remote Usage
		Usr 0 00:00:00, Sys 0 00:00:00  -  Total Local Usage
	0  -  Run Bytes Sent By Job
	0  -  Run Bytes Received By Job
	0  -  Total Bytes Sent By Job
	0  -  Total Bytes Received By Job
	Partitionable Resources :    Usage  Request Allocated
	   Cpus                 :                 1         1
	   Disk (KB)            :        2        2  18310934
	   Memory (MB)          :      113        1      2139
...
