000 (1739741.000.000) 08/29 13:59:27 Job submitted from host: <128.91.77.183:9766?addrs=128.91.77.183-9766>
...
001 (1739741.000.000) 08/29 13:59:47 Job executing on host: <192.168.64.200:9474>
...
006 (1739741.000.000) 08/29 13:59:55 Image size of job updated: 1153728
	244  -  MemoryUsage of job (MB)
	249708  -  ResidentSetSize of job (KB)
...
006 (1739741.000.000) 08/29 14:00:21 Image size of job updated: 1356696
	244  -  MemoryUsage of job (MB)
	249708  -  ResidentSetSize of job (KB)
...
005 (1739741.000.000) 08/29 14:00:21 Job terminated.
	(1) Normal termination (return value 0)
		Usr 0 00:00:18, Sys 0 00:00:00  -  Run Remote Usage
		Usr 0 00:00:00, Sys 0 00:00:00  -  Run Local Usage
		Usr 0 00:00:18, Sys 0 00:00:00  -  Total Remote Usage
		Usr 0 00:00:00, Sys 0 00:00:00  -  Total Local Usage
	0  -  Run Bytes Sent By Job
	0  -  Run Bytes Received By Job
	0  -  Total Bytes Sent By Job
	0  -  Total Bytes Received By Job
	Partitionable Resources :    Usage  Request Allocated
	   Cpus                 :                 1         1
	   Disk (KB)            :        2        2  17437727
	   Memory (MB)          :      244        1      2139
...
