000 (1739719.000.000) 08/29 09:50:50 Job submitted from host: <128.91.77.183:9766?addrs=128.91.77.183-9766>
...
000 (1739719.001.000) 08/29 09:50:50 Job submitted from host: <128.91.77.183:9766?addrs=128.91.77.183-9766>
...
000 (1739719.002.000) 08/29 09:50:51 Job submitted from host: <128.91.77.183:9766?addrs=128.91.77.183-9766>
...
000 (1739719.003.000) 08/29 09:50:51 Job submitted from host: <128.91.77.183:9766?addrs=128.91.77.183-9766>
...
000 (1739719.004.000) 08/29 09:50:51 Job submitted from host: <128.91.77.183:9766?addrs=128.91.77.183-9766>
...
000 (1739719.005.000) 08/29 09:50:51 Job submitted from host: <128.91.77.183:9766?addrs=128.91.77.183-9766>
...
000 (1739719.006.000) 08/29 09:50:51 Job submitted from host: <128.91.77.183:9766?addrs=128.91.77.183-9766>
...
000 (1739719.007.000) 08/29 09:50:51 Job submitted from host: <128.91.77.183:9766?addrs=128.91.77.183-9766>
...
001 (1739719.001.000) 08/29 09:51:08 Job executing on host: <192.168.64.199:9406>
...
001 (1739719.002.000) 08/29 09:51:08 Job executing on host: <192.168.64.195:9241>
...
001 (1739719.003.000) 08/29 09:51:08 Job executing on host: <192.168.64.200:9474>
...
001 (1739719.000.000) 08/29 09:51:08 Job executing on host: <192.168.64.194:9974>
...
001 (1739719.007.000) 08/29 09:51:08 Job executing on host: <192.168.64.197:9770>
...
001 (1739719.004.000) 08/29 09:51:08 Job executing on host: <192.168.64.191:9442>
...
001 (1739719.005.000) 08/29 09:51:08 Job executing on host: <192.168.64.187:9226>
...
001 (1739719.006.000) 08/29 09:51:08 Job executing on host: <192.168.64.192:9840>
...
006 (1739719.002.000) 08/29 09:51:17 Image size of job updated: 1041160
	181  -  MemoryUsage of job (MB)
	184904  -  ResidentSetSize of job (KB)
...
006 (1739719.001.000) 08/29 09:51:17 Image size of job updated: 1089004
	231  -  MemoryUsage of job (MB)
	236068  -  ResidentSetSize of job (KB)
...
006 (1739719.000.000) 08/29 09:51:17 Image size of job updated: 1089000
	232  -  MemoryUsage of job (MB)
	236832  -  ResidentSetSize of job (KB)
...
006 (1739719.003.000) 08/29 09:51:17 Image size of job updated: 1089120
	232  -  MemoryUsage of job (MB)
	236832  -  ResidentSetSize of job (KB)
...
006 (1739719.004.000) 08/29 09:51:17 Image size of job updated: 1041968
	182  -  MemoryUsage of job (MB)
	186320  -  ResidentSetSize of job (KB)
...
006 (1739719.007.000) 08/29 09:51:17 Image size of job updated: 1081104
	221  -  MemoryUsage of job (MB)
	225916  -  ResidentSetSize of job (KB)
...
006 (1739719.005.000) 08/29 09:51:17 Image size of job updated: 1029464
	161  -  MemoryUsage of job (MB)
	164772  -  ResidentSetSize of job (KB)
...
006 (1739719.006.000) 08/29 09:51:17 Image size of job updated: 823564
	126  -  MemoryUsage of job (MB)
	128756  -  ResidentSetSize of job (KB)
...
006 (1739719.001.000) 08/29 09:52:28 Image size of job updated: 1330640
	231  -  MemoryUsage of job (MB)
	236068  -  ResidentSetSize of job (KB)
...
005 (1739719.001.000) 08/29 09:52:28 Job terminated.
	(1) Normal termination (return value 0)
		Usr 0 00:00:38, Sys 0 00:00:00  -  Run Remote Usage
		Usr 0 00:00:00, Sys 0 00:00:00  -  Run Local Usage
		Usr 0 00:00:38, Sys 0 00:00:00  -  Total Remote Usage
		Usr 0 00:00:00, Sys 0 00:00:00  -  Total Local Usage
	0  -  Run Bytes Sent By Job
	0  -  Run Bytes Received By Job
	0  -  Total Bytes Sent By Job
	0  -  Total Bytes Received By Job
	Partitionable Resources :    Usage  Request Allocated
	   Cpus                 :                 1         1
	   Disk (KB)            :        2        2  18310934
	   Memory (MB)          :      231        1      2139
...
006 (1739719.002.000) 08/29 09:52:35 Image size of job updated: 1313264
	181  -  MemoryUsage of job (MB)
	184904  -  ResidentSetSize of job (KB)
...
005 (1739719.002.000) 08/29 09:52:35 Job terminated.
	(1) Normal termination (return value 0)
		Usr 0 00:00:34, Sys 0 00:00:00  -  Run Remote Usage
		Usr 0 00:00:00, Sys 0 00:00:00  -  Run Local Usage
		Usr 0 00:00:34, Sys 0 00:00:00  -  Total Remote Usage
		Usr 0 00:00:00, Sys 0 00:00:00  -  Total Local Usage
	0  -  Run Bytes Sent By Job
	0  -  Run Bytes Received By Job
	0  -  Total Bytes Sent By Job
	0  -  Total Bytes Received By Job
	Partitionable Resources :    Usage  Request Allocated
	   Cpus                 :                 1         1
	   Disk (KB)            :        2        2  18310934
	   Memory (MB)          :      181        1      2139
...
006 (1739719.000.000) 08/29 09:52:37 Image size of job updated: 1314100
	232  -  MemoryUsage of job (MB)
	236832  -  ResidentSetSize of job (KB)
...
005 (1739719.000.000) 08/29 09:52:37 Job terminated.
	(1) Normal termination (return value 0)
		Usr 0 00:00:36, Sys 0 00:00:00  -  Run Remote Usage
		Usr 0 00:00:00, Sys 0 00:00:00  -  Run Local Usage
		Usr 0 00:00:36, Sys 0 00:00:00  -  Total Remote Usage
		Usr 0 00:00:00, Sys 0 00:00:00  -  Total Local Usage
	0  -  Run Bytes Sent By Job
	0  -  Run Bytes Received By Job
	0  -  Total Bytes Sent By Job
	0  -  Total Bytes Received By Job
	Partitionable Resources :    Usage  Request Allocated
	   Cpus                 :                 1         1
	   Disk (KB)            :        2        2  18310934
	   Memory (MB)          :      232        1      2139
...
006 (1739719.003.000) 08/29 09:53:30 Image size of job updated: 1351328
	232  -  MemoryUsage of job (MB)
	236832  -  ResidentSetSize of job (KB)
...
005 (1739719.003.000) 08/29 09:53:30 Job terminated.
	(1) Normal termination (return value 0)
		Usr 0 00:00:51, Sys 0 00:00:01  -  Run Remote Usage
		Usr 0 00:00:00, Sys 0 00:00:00  -  Run Local Usage
		Usr 0 00:00:51, Sys 0 00:00:01  -  Total Remote Usage
		Usr 0 00:00:00, Sys 0 00:00:00  -  Total Local Usage
	0  -  Run Bytes Sent By Job
	0  -  Run Bytes Received By Job
	0  -  Total Bytes Sent By Job
	0  -  Total Bytes Received By Job
	Partitionable Resources :    Usage  Request Allocated
	   Cpus                 :                 1         1
	   Disk (KB)            :        2        2  18310934
	   Memory (MB)          :      232        1      2139
...
006 (1739719.004.000) 08/29 09:53:34 Image size of job updated: 1366996
	182  -  MemoryUsage of job (MB)
	186320  -  ResidentSetSize of job (KB)
...
005 (1739719.004.000) 08/29 09:53:34 Job terminated.
	(1) Normal termination (return value 0)
		Usr 0 00:01:09, Sys 0 00:00:01  -  Run Remote Usage
		Usr 0 00:00:00, Sys 0 00:00:00  -  Run Local Usage
		Usr 0 00:01:09, Sys 0 00:00:01  -  Total Remote Usage
		Usr 0 00:00:00, Sys 0 00:00:00  -  Total Local Usage
	0  -  Run Bytes Sent By Job
	0  -  Run Bytes Received By Job
	0  -  Total Bytes Sent By Job
	0  -  Total Bytes Received By Job
	Partitionable Resources :    Usage  Request Allocated
	   Cpus                 :                 1         1
	   Disk (KB)            :        2        2  18310934
	   Memory (MB)          :      182        1      2139
...
006 (1739719.005.000) 08/29 09:53:35 Image size of job updated: 1364100
	161  -  MemoryUsage of job (MB)
	164772  -  ResidentSetSize of job (KB)
...
005 (1739719.005.000) 08/29 09:53:35 Job terminated.
	(1) Normal termination (return value 0)
		Usr 0 00:01:09, Sys 0 00:00:00  -  Run Remote Usage
		Usr 0 00:00:00, Sys 0 00:00:00  -  Run Local Usage
		Usr 0 00:01:09, Sys 0 00:00:00  -  Total Remote Usage
		Usr 0 00:00:00, Sys 0 00:00:00  -  Total Local Usage
	0  -  Run Bytes Sent By Job
	0  -  Run Bytes Received By Job
	0  -  Total Bytes Sent By Job
	0  -  Total Bytes Received By Job
	Partitionable Resources :    Usage  Request Allocated
	   Cpus                 :                 1         1
	   Disk (KB)            :        2        2  18310934
	   Memory (MB)          :      161        1      2139
...
006 (1739719.007.000) 08/29 09:53:43 Image size of job updated: 1353392
	221  -  MemoryUsage of job (MB)
	225916  -  ResidentSetSize of job (KB)
...
005 (1739719.007.000) 08/29 09:53:43 Job terminated.
	(1) Normal termination (return value 0)
		Usr 0 00:00:50, Sys 0 00:00:00  -  Run Remote Usage
		Usr 0 00:00:00, Sys 0 00:00:00  -  Run Local Usage
		Usr 0 00:00:50, Sys 0 00:00:00  -  Total Remote Usage
		Usr 0 00:00:00, Sys 0 00:00:00  -  Total Local Usage
	0  -  Run Bytes Sent By Job
	0  -  Run Bytes Received By Job
	0  -  Total Bytes Sent By Job
	0  -  Total Bytes Received By Job
	Partitionable Resources :    Usage  Request Allocated
	   Cpus                 :                 1         1
	   Disk (KB)            :        2        2  18310934
	   Memory (MB)          :      221        1      2139
...
006 (1739719.006.000) 08/29 09:54:00 Image size of job updated: 1369892
	126  -  MemoryUsage of job (MB)
	128756  -  ResidentSetSize of job (KB)
...
005 (1739719.006.000) 08/29 09:54:00 Job terminated.
	(1) Normal termination (return value 0)
		Usr 0 00:01:10, Sys 0 00:00:00  -  Run Remote Usage
		Usr 0 00:00:00, Sys 0 00:00:00  -  Run Local Usage
		Usr 0 00:01:10, Sys 0 00:00:00  -  Total Remote Usage
		Usr 0 00:00:00, Sys 0 00:00:00  -  Total Local Usage
	0  -  Run Bytes Sent By Job
	0  -  Run Bytes Received By Job
	0  -  Total Bytes Sent By Job
	0  -  Total Bytes Received By Job
	Partitionable Resources :    Usage  Request Allocated
	   Cpus                 :                 1         1
	   Disk (KB)            :        2        2  18310934
	   Memory (MB)          :      126        1      2139
...
