000 (1739713.000.000) 08/29 09:24:42 Job submitted from host: <128.91.77.183:9766?addrs=128.91.77.183-9766>
...
000 (1739713.001.000) 08/29 09:24:42 Job submitted from host: <128.91.77.183:9766?addrs=128.91.77.183-9766>
...
000 (1739713.002.000) 08/29 09:24:42 Job submitted from host: <128.91.77.183:9766?addrs=128.91.77.183-9766>
...
000 (1739713.003.000) 08/29 09:24:42 Job submitted from host: <128.91.77.183:9766?addrs=128.91.77.183-9766>
...
000 (1739713.004.000) 08/29 09:24:42 Job submitted from host: <128.91.77.183:9766?addrs=128.91.77.183-9766>
...
001 (1739713.001.000) 08/29 09:28:56 Job executing on host: <192.168.64.199:9406>
...
001 (1739713.000.000) 08/29 09:28:56 Job executing on host: <192.168.64.195:9241>
...
001 (1739713.002.000) 08/29 09:28:56 Job executing on host: <192.168.64.200:9474>
...
001 (1739713.003.000) 08/29 09:28:56 Job executing on host: <192.168.64.187:9226>
...
001 (1739713.004.000) 08/29 09:28:56 Job executing on host: <192.168.64.198:9568>
...
006 (1739713.001.000) 08/29 09:29:04 Image size of job updated: 1089084
	232  -  MemoryUsage of job (MB)
	236876  -  ResidentSetSize of job (KB)
...
006 (1739713.002.000) 08/29 09:29:04 Image size of job updated: 1045668
	151  -  MemoryUsage of job (MB)
	153916  -  ResidentSetSize of job (KB)
...
006 (1739713.000.000) 08/29 09:29:04 Image size of job updated: 979596
	139  -  MemoryUsage of job (MB)
	141648  -  ResidentSetSize of job (KB)
...
006 (1739713.003.000) 08/29 09:29:04 Image size of job updated: 940248
	130  -  MemoryUsage of job (MB)
	132920  -  ResidentSetSize of job (KB)
...
006 (1739713.004.000) 08/29 09:29:04 Image size of job updated: 1088992
	204  -  MemoryUsage of job (MB)
	208672  -  ResidentSetSize of job (KB)
...
006 (1739713.003.000) 08/29 09:29:38 Image size of job updated: 1279560
	130  -  MemoryUsage of job (MB)
	132920  -  ResidentSetSize of job (KB)
...
005 (1739713.003.000) 08/29 09:29:38 Job terminated.
	(1) Normal termination (return value 0)
		Usr 0 00:00:14, Sys 0 00:00:00  -  Run Remote Usage
		Usr 0 00:00:00, Sys 0 00:00:00  -  Run Local Usage
		Usr 0 00:00:14, Sys 0 00:00:00  -  Total Remote Usage
		Usr 0 00:00:00, Sys 0 00:00:00  -  Total Local Usage
	0  -  Run Bytes Sent By Job
	0  -  Run Bytes Received By Job
	0  -  Total Bytes Sent By Job
	0  -  Total Bytes Received By Job
	Partitionable Resources :    Usage  Request Allocated
	   Cpus                 :                 1         1
	   Disk (KB)            :        2        2  18310934
	   Memory (MB)          :      130        1      2139
...
006 (1739713.000.000) 08/29 09:29:53 Image size of job updated: 1202684
	139  -  MemoryUsage of job (MB)
	141648  -  ResidentSetSize of job (KB)
...
005 (1739713.000.000) 08/29 09:29:53 Job terminated.
	(1) Normal termination (return value 0)
		Usr 0 00:00:04, Sys 0 00:00:00  -  Run Remote Usage
		Usr 0 00:00:00, Sys 0 00:00:00  -  Run Local Usage
		Usr 0 00:00:04, Sys 0 00:00:00  -  Total Remote Usage
		Usr 0 00:00:00, Sys 0 00:00:00  -  Total Local Usage
	0  -  Run Bytes Sent By Job
	0  -  Run Bytes Received By Job
	0  -  Total Bytes Sent By Job
	0  -  Total Bytes Received By Job
	Partitionable Resources :    Usage  Request Allocated
	   Cpus                 :                 1         1
	   Disk (KB)            :        2        2  18310934
	   Memory (MB)          :      139        1      2139
...
006 (1739713.002.000) 08/29 09:29:55 Image size of job updated: 1260600
	151  -  MemoryUsage of job (MB)
	153916  -  ResidentSetSize of job (KB)
...
005 (1739713.002.000) 08/29 09:29:55 Job terminated.
	(1) Normal termination (return value 0)
		Usr 0 00:00:15, Sys 0 00:00:00  -  Run Remote Usage
		Usr 0 00:00:00, Sys 0 00:00:00  -  Run Local Usage
		Usr 0 00:00:15, Sys 0 00:00:00  -  Total Remote Usage
		Usr 0 00:00:00, Sys 0 00:00:00  -  Total Local Usage
	0  -  Run Bytes Sent By Job
	0  -  Run Bytes Received By Job
	0  -  Total Bytes Sent By Job
	0  -  Total Bytes Received By Job
	Partitionable Resources :    Usage  Request Allocated
	   Cpus                 :                 1         1
	   Disk (KB)            :        2        2  18310921
	   Memory (MB)          :      151        1      2139
...
006 (1739713.004.000) 08/29 09:29:56 Image size of job updated: 1202656
	204  -  MemoryUsage of job (MB)
	208672  -  ResidentSetSize of job (KB)
...
005 (1739713.004.000) 08/29 09:29:56 Job terminated.
	(1) Normal termination (return value 0)
		Usr 0 00:00:03, Sys 0 00:00:00  -  Run Remote Usage
		Usr 0 00:00:00, Sys 0 00:00:00  -  Run Local Usage
		Usr 0 00:00:03, Sys 0 00:00:00  -  Total Remote Usage
		Usr 0 00:00:00, Sys 0 00:00:00  -  Total Local Usage
	0  -  Run Bytes Sent By Job
	0  -  Run Bytes Received By Job
	0  -  Total Bytes Sent By Job
	0  -  Total Bytes Received By Job
	Partitionable Resources :    Usage  Request Allocated
	   Cpus                 :                 1         1
	   Disk (KB)            :        2        2  18310934
	   Memory (MB)          :      204        1      2139
...
006 (1739713.001.000) 08/29 09:30:20 Image size of job updated: 1287256
	232  -  MemoryUsage of job (MB)
	236876  -  ResidentSetSize of job (KB)
...
005 (1739713.001.000) 08/29 09:30:20 Job terminated.
	(1) Normal termination (return value 0)
		Usr 0 00:00:12, Sys 0 00:00:00  -  Run Remote Usage
		Usr 0 00:00:00, Sys 0 00:00:00  -  Run Local Usage
		Usr 0 00:00:12, Sys 0 00:00:00  -  Total Remote Usage
		Usr 0 00:00:00, Sys 0 00:00:00  -  Total Local Usage
	0  -  Run Bytes Sent By Job
	0  -  Run Bytes Received By Job
	0  -  Total Bytes Sent By Job
	0  -  Total Bytes Received By Job
	Partitionable Resources :    Usage  Request Allocated
	   Cpus                 :                 1         1
	   Disk (KB)            :        2        2  18310934
	   Memory (MB)          :      232        1      2139
...
