000 (1739706.000.000) 08/29 09:21:36 Job submitted from host: <128.91.77.183:9766?addrs=128.91.77.183-9766>
...
000 (1739706.001.000) 08/29 09:21:36 Job submitted from host: <128.91.77.183:9766?addrs=128.91.77.183-9766>
...
000 (1739706.002.000) 08/29 09:21:36 Job submitted from host: <128.91.77.183:9766?addrs=128.91.77.183-9766>
...
000 (1739706.003.000) 08/29 09:21:36 Job submitted from host: <128.91.77.183:9766?addrs=128.91.77.183-9766>
...
001 (1739706.000.000) 08/29 09:28:41 Job executing on host: <192.168.64.197:9770>
...
001 (1739706.001.000) 08/29 09:28:42 Job executing on host: <192.168.64.195:9241>
...
001 (1739706.002.000) 08/29 09:28:42 Job executing on host: <192.168.64.200:9474>
...
001 (1739706.003.000) 08/29 09:28:42 Job executing on host: <192.168.64.199:9406>
...
006 (1739706.001.000) 08/29 09:28:50 Image size of job updated: 1021768
	117  -  MemoryUsage of job (MB)
	119336  -  ResidentSetSize of job (KB)
...
006 (1739706.000.000) 08/29 09:28:50 Image size of job updated: 1089016
	145  -  MemoryUsage of job (MB)
	148456  -  ResidentSetSize of job (KB)
...
006 (1739706.002.000) 08/29 09:28:51 Image size of job updated: 1202668
	161  -  MemoryUsage of job (MB)
	164600  -  ResidentSetSize of job (KB)
...
006 (1739706.003.000) 08/29 09:28:51 Image size of job updated: 1049572
	124  -  MemoryUsage of job (MB)
	126468  -  ResidentSetSize of job (KB)
...
006 (1739706.003.000) 08/29 09:29:03 Image size of job updated: 1287872
	124  -  MemoryUsage of job (MB)
	126468  -  ResidentSetSize of job (KB)
...
005 (1739706.003.000) 08/29 09:29:03 Job terminated.
	(1) Normal termination (return value 0)
		Usr 0 00:00:14, Sys 0 00:00:00  -  Run Remote Usage
		Usr 0 00:00:00, Sys 0 00:00:00  -  Run Local Usage
		Usr 0 00:00:14, Sys 0 00:00:00  -  Total Remote Usage
		Usr 0 00:00:00, Sys 0 00:00:00  -  Total Local Usage
	0  -  Run Bytes Sent By Job
	0  -  Run Bytes Received By Job
	0  -  Total Bytes Sent By Job
	0  -  Total Bytes Received By Job
	Partitionable Resources :    Usage  Request Allocated
	   Cpus                 :                 1         1
	   Disk (KB)            :        2        2  18310934
	   Memory (MB)          :      124        1      2139
...
006 (1739706.002.000) 08/29 09:29:04 Image size of job updated: 1258344
	161  -  MemoryUsage of job (MB)
	164600  -  ResidentSetSize of job (KB)
...
005 (1739706.002.000) 08/29 09:29:04 Job terminated.
	(1) Normal termination (return value 0)
		Usr 0 00:00:14, Sys 0 00:00:00  -  Run Remote Usage
		Usr 0 00:00:00, Sys 0 00:00:00  -  Run Local Usage
		Usr 0 00:00:14, Sys 0 00:00:00  -  Total Remote Usage
		Usr 0 00:00:00, Sys 0 00:00:00  -  Total Local Usage
	0  -  Run Bytes Sent By Job
	0  -  Run Bytes Received By Job
	0  -  Total Bytes Sent By Job
	0  -  Total Bytes Received By Job
	Partitionable Resources :    Usage  Request Allocated
	   Cpus                 :                 1         1
	   Disk (KB)            :        2        2  18310934
	   Memory (MB)          :      161        1      2139
...
006 (1739706.000.000) 08/29 09:29:12 Image size of job updated: 1249600
	145  -  MemoryUsage of job (MB)
	148456  -  ResidentSetSize of job (KB)
...
005 (1739706.000.000) 08/29 09:29:12 Job terminated.
	(1) Normal termination (return value 0)
		Usr 0 00:00:09, Sys 0 00:00:00  -  Run Remote Usage
		Usr 0 00:00:00, Sys 0 00:00:00  -  Run Local Usage
		Usr 0 00:00:09, Sys 0 00:00:00  -  Total Remote Usage
		Usr 0 00:00:00, Sys 0 00:00:00  -  Total Local Usage
	0  -  Run Bytes Sent By Job
	0  -  Run Bytes Received By Job
	0  -  Total Bytes Sent By Job
	0  -  Total Bytes Received By Job
	Partitionable Resources :    Usage  Request Allocated
	   Cpus                 :                 1         1
	   Disk (KB)            :        2        2  18310934
	   Memory (MB)          :      145        1      2139
...
006 (1739706.001.000) 08/29 09:29:12 Image size of job updated: 1289380
	117  -  MemoryUsage of job (MB)
	119336  -  ResidentSetSize of job (KB)
...
005 (1739706.001.000) 08/29 09:29:12 Job terminated.
	(1) Normal termination (return value 0)
		Usr 0 00:00:18, Sys 0 00:00:00  -  Run Remote Usage
		Usr 0 00:00:00, Sys 0 00:00:00  -  Run Local Usage
		Usr 0 00:00:18, Sys 0 00:00:00  -  Total Remote Usage
		Usr 0 00:00:00, Sys 0 00:00:00  -  Total Local Usage
	0  -  Run Bytes Sent By Job
	0  -  Run Bytes Received By Job
	0  -  Total Bytes Sent By Job
	0  -  Total Bytes Received By Job
	Partitionable Resources :    Usage  Request Allocated
	   Cpus                 :                 1         1
	   Disk (KB)            :        2        2  18310934
	   Memory (MB)          :      117        1      2139
...
