000 (1739732.000.000) 08/29 13:49:14 Job submitted from host: <128.91.77.183:9766?addrs=128.91.77.183-9766>
...
000 (1739732.001.000) 08/29 13:49:14 Job submitted from host: <128.91.77.183:9766?addrs=128.91.77.183-9766>
...
000 (1739732.002.000) 08/29 13:49:14 Job submitted from host: <128.91.77.183:9766?addrs=128.91.77.183-9766>
...
001 (1739732.000.000) 08/29 13:49:19 Job executing on host: <192.168.64.191:9442>
...
001 (1739732.001.000) 08/29 13:49:23 Job executing on host: <192.168.64.193:9214>
...
001 (1739732.002.000) 08/29 13:49:24 Job executing on host: <192.168.64.189:9001>
...
006 (1739732.000.000) 08/29 13:49:28 Image size of job updated: 1088940
	232  -  MemoryUsage of job (MB)
	236696  -  ResidentSetSize of job (KB)
...
006 (1739732.002.000) 08/29 13:49:32 Image size of job updated: 564292
	61  -  MemoryUsage of job (MB)
	61672  -  ResidentSetSize of job (KB)
...
006 (1739732.001.000) 08/29 13:49:32 Image size of job updated: 575336
	92  -  MemoryUsage of job (MB)
	94084  -  ResidentSetSize of job (KB)
...
006 (1739732.000.000) 08/29 13:49:53 Image size of job updated: 1349440
	232  -  MemoryUsage of job (MB)
	236696  -  ResidentSetSize of job (KB)
...
005 (1739732.000.000) 08/29 13:49:53 Job terminated.
	(1) Normal termination (return value 0)
		Usr 0 00:00:15, Sys 0 00:00:00  -  Run Remote Usage
		Usr 0 00:00:00, Sys 0 00:00:00  -  Run Local Usage
		Usr 0 00:00:15, Sys 0 00:00:00  -  Total Remote Usage
		Usr 0 00:00:00, Sys 0 00:00:00  -  Total Local Usage
	0  -  Run Bytes Sent By Job
	0  -  Run Bytes Received By Job
	0  -  Total Bytes Sent By Job
	0  -  Total Bytes Received By Job
	Partitionable Resources :    Usage  Request Allocated
	   Cpus                 :                 1         1
	   Disk (KB)            :        2        2  17333967
	   Memory (MB)          :      232        1      2139
...
006 (1739732.002.000) 08/29 13:49:56 Image size of job updated: 1358864
	61  -  MemoryUsage of job (MB)
	61672  -  ResidentSetSize of job (KB)
...
005 (1739732.002.000) 08/29 13:49:56 Job terminated.
	(1) Normal termination (return value 0)
		Usr 0 00:00:26, Sys 0 00:00:00  -  Run Remote Usage
		Usr 0 00:00:00, Sys 0 00:00:00  -  Run Local Usage
		Usr 0 00:00:26, Sys 0 00:00:00  -  Total Remote Usage
		Usr 0 00:00:00, Sys 0 00:00:00  -  Total Local Usage
	0  -  Run Bytes Sent By Job
	0  -  Run Bytes Received By Job
	0  -  Total Bytes Sent By Job
	0  -  Total Bytes Received By Job
	Partitionable Resources :    Usage  Request Allocated
	   Cpus                 :                 1         1
	   Disk (KB)            :        2        2  17736060
	   Memory (MB)          :       61        1      2139
...
006 (1739732.001.000) 08/29 13:49:56 Image size of job updated: 1359468
	92  -  MemoryUsage of job (MB)
	94084  -  ResidentSetSize of job (KB)
...
005 (1739732.001.000) 08/29 13:49:56 Job terminated.
	(1) Normal termination (return value 0)
		Usr 0 00:00:26, Sys 0 00:00:00  -  Run Remote Usage
		Usr 0 00:00:00, Sys 0 00:00:00  -  Run Local Usage
		Usr 0 00:00:26, Sys 0 00:00:00  -  Total Remote Usage
		Usr 0 00:00:00, Sys 0 00:00:00  -  Total Local Usage
	0  -  Run Bytes Sent By Job
	0  -  Run Bytes Received By Job
	0  -  Total Bytes Sent By Job
	0  -  Total Bytes Received By Job
	Partitionable Resources :    Usage  Request Allocated
	   Cpus                 :                 1         1
	   Disk (KB)            :        2        2  17412569
	   Memory (MB)          :       92        1      2139
...
