starting batch job initialization
batch job user initialization finished
at3f08.hep.upenn.edu
/home/shepj/xaod/ROOTAnalysisTutorial/Run/singletop_weights
shepj

Processing /cvmfs/atlas.cern.ch/repo/sw/ASG/AnalysisBase/2.3.45/RootCore/scripts/load_packages.C...
xAOD::Init                INFO    Environment initialised for data access
Processing /cvmfs/atlas.cern.ch/repo/sw/ASG/AnalysisBase/2.3.45/RootCore/scripts/load_packages.C...
load_packages.C already run, not running again
Processing /home/shepj/xaod/ROOTAnalysisTutorial/RootCoreBin/user_scripts/EventLoop/batch_worker.C(0,"/home/shepj/xaod/ROOTAnalysisTutorial/Run/singletop_weights/submit/config.root")...
/var/lib/condor/execute/dir_11522/EventLoop-Worker-mc15_13TeV.407019.PowhegPythiaEvtGen_P2012CT10_Wt_inclusive_top_MET200.merge.DAOD_TRUTH1.e4024_p2613-0-1472479661-11523
Processing File file:///disk/userdata00/atlas_data2/shepj/mc15_13TeV.407019.PowhegPythiaEvtGen_P2012CT10_Wt_inclusive_top_MET200.merge.DAOD_TRUTH1.e4024_p2613//DAOD_TRUTH1.08398024._000001.pool.root.1
Hostname is at3f08.hep.upenn.edu
the metadata had for veto directory: 
output
tempdir
Old file name is /disk/userdata00/atlas_data2/shepj/mc15_13TeV.407019.PowhegPythiaEvtGen_P2012CT10_Wt_inclusive_top_MET200.merge.DAOD_TRUTH1.e4024_p2613//DAOD_TRUTH1.08398024._000001.pool.root.1
New file name is _disk_userdata00_atlas_data2_shepj_mc15_13TeV.407019.PowhegPythiaEvtGen_P2012CT10_Wt_inclusive_top_MET200.merge.DAOD_TRUTH1.e4024_p2613__DAOD_TRUTH1.08398024._000001.pool.root.1
Job location: /home/shepj/xaod/ROOTAnalysisTutorial/Run/singletop_weights
Veto directory: /home/shepj/xaod/ROOTAnalysisTutorial/Run/singletop_weights/veto
Transfer begin for _disk_userdata00_atlas_data2_shepj_mc15_13TeV.407019.PowhegPythiaEvtGen_P2012CT10_Wt_inclusive_top_MET200.merge.DAOD_TRUTH1.e4024_p2613__DAOD_TRUTH1.08398024._000001.pool.root.1
cp /disk/userdata00/atlas_data2/shepj/mc15_13TeV.407019.PowhegPythiaEvtGen_P2012CT10_Wt_inclusive_top_MET200.merge.DAOD_TRUTH1.e4024_p2613//DAOD_TRUTH1.08398024._000001.pool.root.1 tempdir/_disk_userdata00_atlas_data2_shepj_mc15_13TeV.407019.PowhegPythiaEvtGen_P2012CT10_Wt_inclusive_top_MET200.merge.DAOD_TRUTH1.e4024_p2613__DAOD_TRUTH1.08398024._000001.pool.root.1
Transfer end. xrd command result: 
Checking that file exists tempdir/_disk_userdata00_atlas_data2_shepj_mc15_13TeV.407019.PowhegPythiaEvtGen_P2012CT10_Wt_inclusive_top_MET200.merge.DAOD_TRUTH1.e4024_p2613__DAOD_TRUTH1.08398024._000001.pool.root.1
File exists: tempdir/_disk_userdata00_atlas_data2_shepj_mc15_13TeV.407019.PowhegPythiaEvtGen_P2012CT10_Wt_inclusive_top_MET200.merge.DAOD_TRUTH1.e4024_p2613__DAOD_TRUTH1.08398024._000001.pool.root.1
Breaking out of queue after this many tries: 1
MyxAODAnalysis::initia... INFO    Number of events = 50000
TInterpreter::AutoParse   ERROR   Error parsing payload code for class xAOD::MissingETAuxContainer_v1 with content:


#ifndef G__VECTOR_HAS_CLASS_ITERATOR
  #define G__VECTOR_HAS_CLASS_ITERATOR 1
#endif
#ifndef ROOTCORE
  #define ROOTCORE 1
#endif
#ifndef ROOTCORE_RELEASE_SERIES
  #define ROOTCORE_RELEASE_SERIES 23
#endif
#ifndef ROOTCORE_TEST_FILE
  #define ROOTCORE_TEST_FILE "/afs/cern.ch/user/a/asgbase/patspace/xAODs/r6630/mc15_13TeV.410000.PowhegPythiaEvtGen_P2012_ttbar_hdamp172p5_nonallhad.recon.AOD.e3698_s2608_s2183_r6630_tid05352803_00/AOD.05352803._000242.pool.root.1"
#endif
#ifndef ROOTCORE_TEST_DATA
  #define ROOTCORE_TEST_DATA "/afs/cern.ch/user/a/asgbase/patspace/xAODs/r6630"
#endif
#ifndef ASG_TEST_FILE_DATA
  #define ASG_TEST_FILE_DATA "/afs/cern.ch/atlas/project/PAT/xAODs/p2410/data15_13TeV.00270448.physics_Main.merge.AOD.r6943_p2410/AOD.06297575._000522.pool.root.1"
#endif
#ifndef ASG_TEST_FILE_MC
  #define ASG_TEST_FILE_MC "/afs/cern.ch/user/a/asgbase/patspace/xAODs/r6630/mc15_13TeV.410000.PowhegPythiaEvtGen_P2012_ttbar_hdamp172p5_nonallhad.recon.AOD.e3698_s2608_s2183_r6630_tid05352803_00/AOD.05352803._000242.pool.root.1"
#endif
#ifndef XAOD_STANDALONE
  #define XAOD_STANDALONE 1
#endif
#ifndef XAOD_ANALYSIS
  #define XAOD_ANALYSIS 1
#endif
#ifndef ROOTCORE_PACKAGE
  #define ROOTCORE_PACKAGE "xAODMissingET"
#endif

#define _BACKWARD_BACKWARD_WARNING_H
// Dear emacs, this is -*- c++ -*-
// $Id: xAODMissingETDict.h 662681 2015-04-23 18:04:34Z khoo $
#ifndef XAODMISSINGET_XAODMISSINGETDICT_H
#define XAODMISSINGET_XAODMISSINGETDICT_H

// Needed to successfully generate the dictionary in standalone mode:
#if defined(__GCCXML__) and not defined(EIGEN_DONT_VECTORIZE)
#   define EIGEN_DONT_VECTORIZE
#endif // __GCCXML__

// System include(s):
#include <vector>

// EDM include(s):
#include "AthLinks/DataLink.h"
#include "AthLinks/ElementLink.h"

// Local include(s):
#include "xAODMissingET/MissingETContainer.h"
#include "xAODMissingET/MissingETAuxContainer.h"
#include "xAODMissingET/MissingETComponentMap.h"
#include "xAODMissingET/MissingETAuxComponentMap.h"
#include "xAODMissingET/MissingETAssociationMap.h"
#include "xAODMissingET/MissingETAuxAssociationMap.h"
#include "xAODMissingET/versions/MissingETBase.h"

namespace {
   struct GCCXML_DUMMY_INSTANTIATION_XAODMISSINGET {
      // Container(s):
      DataVector< xAOD::MissingET_v1 > c1;
      xAOD::MissingETContainer_v1 c2;
      DataVector< xAOD::MissingETComponent_v1 > c3;
      xAOD::MissingETComponentMap_v1 c4;
      DataVector< xAOD::MissingETAssociation_v1 > c5;
      xAOD::MissingETAssociationMap_v1 c6;
      // Smart pointer(s):
      DataLink< xAOD::MissingETContainer_v1 > dl1;
      std::vector< DataLink< xAOD::MissingETContainer_v1 > > dl2;
      ElementLink< xAOD::MissingETContainer_v1 > el1;
      std::vector< ElementLink< xAOD::MissingETContainer_v1 > > el2;
      std::vector< std::vector< ElementLink< xAOD::MissingETContainer_v1 > > > el3;
      DataLink< xAOD::MissingETComponentMap_v1 > dl3;
      std::vector< DataLink< xAOD::MissingETComponentMap_v1 > > dl4;
      ElementLink< xAOD::MissingETComponentMap_v1 > el4;
      std::vector< ElementLink< xAOD::MissingETComponentMap_v1 > > el5;
      std::vector< std::vector< ElementLink< xAOD::MissingETComponentMap_v1 > > > el6;
      DataLink< xAOD::MissingETAssociationMap_v1 > dl5;
      std::vector< DataLink< xAOD::MissingETAssociationMap_v1 > > dl6;
      ElementLink< xAOD::MissingETAssociationMap_v1 > el7;
      std::vector< ElementLink< xAOD::MissingETAssociationMap_v1 > > el8;
      std::vector< std::vector< ElementLink< xAOD::MissingETAssociationMap_v1 > > > el9;

      // Smart pointers needed for the correct generation of the auxiliary
      // class dictionaries:
      ElementLink< xAOD::IParticleContainer > el10;
      std::vector< ElementLink< xAOD::IParticleContainer > > el11;
      std::vector< std::vector< ElementLink< xAOD::IParticleContainer > > > el12;

      std::vector< MissingETBase::Types::bitmask_t > vec1;
      std::vector< unsigned long long > vec2;
      std::vector< std::vector< size_t > > vec3;
      std::vector< std::vector< unsigned char > > vec4;
      std::vector< std::vector< unsigned long long > > vec5;
      std::vector< std::vector< std::vector< size_t > > > vec6;
      std::vector< std::vector< std::vector< unsigned long > > > vec7;
      std::vector< std::vector< std::vector< unsigned char > > > vec8;
      std::vector< std::vector<std::vector<unsigned long long> > > vec9;
   };
}

#endif // XAODMISSINGET_XAODMISSINGETDICT_H

#undef  _BACKWARD_BACKWARD_WARNING_H

TClass::LoadClassInfo     ERROR   no interpreter information for class xAOD::MissingETAuxContainer_v1 is available eventhough it has a TClass initialization routine.
xAOD::TEvent::setUpDyn... WARNING Couldn't find setName(...) function for container MET_TruthAux.  (type: xAOD::MissingETAuxContainer_v1)
TInterpreter::AutoParse   ERROR   Error parsing payload code for class xAOD::JetAuxContainer_v1 with content:


#ifndef G__VECTOR_HAS_CLASS_ITERATOR
  #define G__VECTOR_HAS_CLASS_ITERATOR 1
#endif
#ifndef ROOTCORE
  #define ROOTCORE 1
#endif
#ifndef ROOTCORE_RELEASE_SERIES
  #define ROOTCORE_RELEASE_SERIES 23
#endif
#ifndef ROOTCORE_TEST_FILE
  #define ROOTCORE_TEST_FILE "/afs/cern.ch/user/a/asgbase/patspace/xAODs/r6630/mc15_13TeV.410000.PowhegPythiaEvtGen_P2012_ttbar_hdamp172p5_nonallhad.recon.AOD.e3698_s2608_s2183_r6630_tid05352803_00/AOD.05352803._000242.pool.root.1"
#endif
#ifndef ROOTCORE_TEST_DATA
  #define ROOTCORE_TEST_DATA "/afs/cern.ch/user/a/asgbase/patspace/xAODs/r6630"
#endif
#ifndef ASG_TEST_FILE_DATA
  #define ASG_TEST_FILE_DATA "/afs/cern.ch/atlas/project/PAT/xAODs/p2410/data15_13TeV.00270448.physics_Main.merge.AOD.r6943_p2410/AOD.06297575._000522.pool.root.1"
#endif
#ifndef ASG_TEST_FILE_MC
  #define ASG_TEST_FILE_MC "/afs/cern.ch/user/a/asgbase/patspace/xAODs/r6630/mc15_13TeV.410000.PowhegPythiaEvtGen_P2012_ttbar_hdamp172p5_nonallhad.recon.AOD.e3698_s2608_s2183_r6630_tid05352803_00/AOD.05352803._000242.pool.root.1"
#endif
#ifndef XAOD_STANDALONE
  #define XAOD_STANDALONE 1
#endif
#ifndef XAOD_ANALYSIS
  #define XAOD_ANALYSIS 1
#endif
#ifndef ROOTCORE_PACKAGE
  #define ROOTCORE_PACKAGE "xAODJet"
#endif

#define _BACKWARD_BACKWARD_WARNING_H
// Dear emacs, this is -*- c++ -*-
// $Id: xAODJetDict.h 658646 2015-04-02 10:29:26Z delsart $
#ifndef XAODJET_XAODJETDICT_H
#define XAODJET_XAODJETDICT_H

// Needed to successfully generate the dictionary in standalone mode:
#if defined(__GCCXML__) and not defined(EIGEN_DONT_VECTORIZE)
#   define EIGEN_DONT_VECTORIZE
#endif // __GCCXML__

// System include(s):
#include <vector>

// EDM include(s):
#include "AthLinks/DataLink.h"
#include "AthLinks/ElementLink.h"
#include "AthLinks/ElementLinkVector.h"

// Local include(s):
#include "xAODJet/JetContainer.h"
#include "xAODJet/versions/JetContainer_v1.h"
#include "xAODJet/versions/JetAuxContainer_v1.h"
#include "xAODJet/versions/JetTrigAuxContainer_v1.h"
#include "xAODJet/versions/Jet_v1.h"
#include "xAODJet/JetTypes.h"

namespace {
   struct GCCXML_DUMMY_INSTANTIATION_XAODJET {
      // Instantiate the container for gccxml:
      xAOD::JetContainer_v1 c1;

      // Smart pointers to Jet_v1:
      DataLink< xAOD::JetContainer_v1 > e1;
      std::vector< DataLink< xAOD::JetContainer_v1 > > e2;
      ElementLink< xAOD::JetContainer_v1 > e3;
      std::vector< ElementLink< xAOD::JetContainer_v1 > > e4;
      std::vector< std::vector< ElementLink< xAOD::JetContainer_v1 > > > e5;
      ElementLinkVector< xAOD::JetContainer_v1 > e6;
      std::vector< ElementLinkVector< xAOD::JetContainer_v1 > > e7;

      // Instantiations to create the EL member dictionaries correctly:
      xAOD::IParticleContainer pc1;
      ElementLink<xAOD::IParticleContainer> e10;

     std::pair<std::string,std::vector<const xAOD::IParticle*> > bug1;
     std::pair<std::string,std::vector<float> > bug2;
     std::pair<std::string,std::vector<std::vector<int> > > bug3;
     std::pair<std::string,std::vector<std::vector<float> > > bug4;

     // momentums     
     //xAOD::JetFourMom_t jet4mom;
     std::vector<xAOD::JetFourMom_t> vjet4mom;

     //std::vector<const xAOD::IParticle*> vpart; not yet : not sure this belongs elsewhere ?
     //
   };
}


template float xAOD::Jet_v1::getAttribute<float> (xAOD::JetAttribute::AttributeID) const ; 
template int xAOD::Jet_v1::getAttribute<int> (xAOD::JetAttribute::AttributeID) const ; 
template xAOD::JetFourMom_t xAOD::Jet_v1::getAttribute<xAOD::JetFourMom_t> (xAOD::JetAttribute::AttributeID) const ; 
template std::vector<float> xAOD::Jet_v1::getAttribute< std::vector<float> > (xAOD::JetAttribute::AttributeID) const ;
template std::vector<int> xAOD::Jet_v1::getAttribute< std::vector<int> > (xAOD::JetAttribute::AttributeID) const ;

template float xAOD::Jet_v1::getAttribute<float> (const std::string &) const ; 
template int xAOD::Jet_v1::getAttribute<int> (const std::string &) const ; 
template xAOD::JetFourMom_t xAOD::Jet_v1::getAttribute<xAOD::JetFourMom_t> (const std::string &) const ; 
template std::vector<float> xAOD::Jet_v1::getAttribute< std::vector<float> > (const std::string &) const ;
template std::vector<int> xAOD::Jet_v1::getAttribute< std::vector<int> > (const std::string &) const ;


template void xAOD::Jet_v1::setAttribute<float>(const std::string &, const float& ) ;
template void xAOD::Jet_v1::setAttribute<int>(const std::string &, const int& ) ;

template void xAOD::Jet_v1::setAttribute<std::vector<float> >(const std::string &, const std::vector<float>& ) ;
template void xAOD::Jet_v1::setAttribute<std::vector<int> >(const std::string &, const std::vector<int>& ) ;



template std::vector<const xAOD::IParticle*> xAOD::Jet_v1::getAssociatedObjects<xAOD::IParticle >( xAOD::JetAttribute::AssoParticlesID ) const;
template std::vector<const xAOD::IParticle*> xAOD::Jet_v1::getAssociatedObjects<xAOD::IParticle >( const std::string &  ) const ;

template void xAOD::Jet_v1::setAssociatedObjects<xAOD::IParticle >( const std::string &, const std::vector<const xAOD::IParticle*>& ) ;


template const xAOD::IParticle* xAOD::Jet_v1::getAssociatedObject<xAOD::IParticle>( const std::string &) const ;
template const xAOD::IParticle* xAOD::Jet_v1::getAssociatedObject<xAOD::IParticle>( xAOD::JetAttribute::AssoParticlesID ) const ;
template void xAOD::Jet_v1::setAssociatedObject<xAOD::IParticle>( const std::string &,  const xAOD::IParticle* ) ;



#endif // XAODJET_XAODJETDICT_H

#undef  _BACKWARD_BACKWARD_WARNING_H

TClass::LoadClassInfo     ERROR   no interpreter information for class xAOD::JetAuxContainer_v1 is available eventhough it has a TClass initialization routine.
xAOD::TEvent::setUpDyn... WARNING Couldn't find setName(...) function for container AntiKt4TruthJetsAux.  (type: xAOD::JetAuxContainer_v1)
total weighted event: 0.000168647
pass at least 1 lepton cut: 8.97183e-05
pass exactly 1 lepton cut: 7.72918e-05
pass 200 MET cut: 4.13095e-05
pass 2 b-jet cut: 1.98356e-05
pass b-jets pt cut: 4.84792e-06
pass aMT2 cut: 3.78958e-06
pass close b-jet/MET: 2.49224e-06
pass mbb cut: 2.32154e-06
pass pT_lep / MET cut: 1.36561e-07
pass pT_lep cut: 1.36561e-07
 
total weighted event: 0.000336844
pass at least 1 lepton cut: 0.000180691
pass exactly 1 lepton cut: 0.000156913
pass 200 MET cut: 8.37308e-05
pass 2 b-jet cut: 3.99545e-05
pass b-jets pt cut: 1.00652e-05
pass aMT2 cut: 7.77924e-06
pass close b-jet/MET: 5.42482e-06
pass mbb cut: 5.15181e-06
pass pT_lep / MET cut: 4.77559e-07
pass pT_lep cut: 4.43459e-07
 
total weighted event: 0.000505155
pass at least 1 lepton cut: 0.000273696
pass exactly 1 lepton cut: 0.000237823
pass 200 MET cut: 0.000128517
pass 2 b-jet cut: 6.16123e-05
pass b-jets pt cut: 1.50528e-05
pass aMT2 cut: 1.16737e-05
pass close b-jet/MET: 8.431e-06
pass mbb cut: 8.05551e-06
pass pT_lep / MET cut: 5.80043e-07
pass pT_lep cut: 5.11782e-07
 
total weighted event: 0.000674149
pass at least 1 lepton cut: 0.000365642
pass exactly 1 lepton cut: 0.000317161
pass 200 MET cut: 0.000172149
pass 2 b-jet cut: 8.23522e-05
pass b-jets pt cut: 1.9426e-05
pass aMT2 cut: 1.51243e-05
pass close b-jet/MET: 1.09251e-05
pass mbb cut: 1.03787e-05
pass pT_lep / MET cut: 7.85037e-07
pass pT_lep cut: 6.8261e-07
 
total weighted event: 0.000842665
pass at least 1 lepton cut: 0.000456656
pass exactly 1 lepton cut: 0.000397933
pass 200 MET cut: 0.000216822
pass 2 b-jet cut: 0.000104108
pass b-jets pt cut: 2.46853e-05
pass aMT2 cut: 1.90176e-05
pass close b-jet/MET: 1.37597e-05
pass mbb cut: 1.29743e-05
pass pT_lep / MET cut: 1.0241e-06
pass pT_lep cut: 8.53371e-07
 
total weighted event: 0.00101062
pass at least 1 lepton cut: 0.000547831
pass exactly 1 lepton cut: 0.000477
pass 200 MET cut: 0.000259459
pass 2 b-jet cut: 0.000124714
pass b-jets pt cut: 2.95977e-05
pass aMT2 cut: 2.26336e-05
pass close b-jet/MET: 1.64888e-05
pass mbb cut: 1.56011e-05
pass pT_lep / MET cut: 1.12644e-06
pass pT_lep cut: 9.55712e-07
 
total weighted event: 0.00117926
pass at least 1 lepton cut: 0.000641564
pass exactly 1 lepton cut: 0.000557874
pass 200 MET cut: 0.000303631
pass 2 b-jet cut: 0.000146101
pass b-jets pt cut: 3.42356e-05
pass aMT2 cut: 2.63851e-05
pass close b-jet/MET: 1.93194e-05
pass mbb cut: 1.82271e-05
pass pT_lep / MET cut: 1.19465e-06
pass pT_lep cut: 1.02392e-06
 
total weighted event: 0.0013482
pass at least 1 lepton cut: 0.00073228
pass exactly 1 lepton cut: 0.000636904
pass 200 MET cut: 0.00034658
pass 2 b-jet cut: 0.000166362
pass b-jets pt cut: 3.92247e-05
pass aMT2 cut: 2.99731e-05
pass close b-jet/MET: 2.19848e-05
pass mbb cut: 2.07899e-05
pass pT_lep / MET cut: 1.3655e-06
pass pT_lep cut: 1.19477e-06
 
total weighted event: 0.00151677
pass at least 1 lepton cut: 0.000822398
pass exactly 1 lepton cut: 0.000716516
pass 200 MET cut: 0.000390612
pass 2 b-jet cut: 0.000187126
pass b-jets pt cut: 4.41685e-05
pass aMT2 cut: 3.37236e-05
pass close b-jet/MET: 2.47465e-05
pass mbb cut: 2.33812e-05
pass pT_lep / MET cut: 1.53598e-06
pass pT_lep cut: 1.36525e-06
 
total weighted event: 0.00168493
pass at least 1 lepton cut: 0.000913027
pass exactly 1 lepton cut: 0.00079473
pass 200 MET cut: 0.000433012
pass 2 b-jet cut: 0.00020685
pass b-jets pt cut: 4.8469e-05
pass aMT2 cut: 3.69661e-05
pass close b-jet/MET: 2.71016e-05
pass mbb cut: 2.57021e-05
pass pT_lep / MET cut: 1.6725e-06
pass pT_lep cut: 1.46764e-06
 
worker finished:
Real time 0:01:32, CP time 63.770
xAOD::TFileAccessTracer   INFO    Sending file access statistics to http://rucio-lb-prod.cern.ch:18762/traces/
