000 (1739726.000.000) 08/29 10:07:36 Job submitted from host: <128.91.77.183:9766?addrs=128.91.77.183-9766>
...
000 (1739726.001.000) 08/29 10:07:36 Job submitted from host: <128.91.77.183:9766?addrs=128.91.77.183-9766>
...
001 (1739726.000.000) 08/29 10:07:40 Job executing on host: <192.168.64.194:9974>
...
001 (1739726.001.000) 08/29 10:07:40 Job executing on host: <192.168.64.199:9406>
...
006 (1739726.000.000) 08/29 10:07:48 Image size of job updated: 2
	3  -  MemoryUsage of job (MB)
	2328  -  ResidentSetSize of job (KB)
...
006 (1739726.001.000) 08/29 10:07:48 Image size of job updated: 2
	3  -  MemoryUsage of job (MB)
	2328  -  ResidentSetSize of job (KB)
...
006 (1739726.000.000) 08/29 10:09:31 Image size of job updated: 1428796
	3  -  MemoryUsage of job (MB)
	2328  -  ResidentSetSize of job (KB)
...
005 (1739726.000.000) 08/29 10:09:31 Job terminated.
	(1) Normal termination (return value 0)
		Usr 0 00:01:03, Sys 0 00:00:02  -  Run Remote Usage
		Usr 0 00:00:00, Sys 0 00:00:00  -  Run Local Usage
		Usr 0 00:01:03, Sys 0 00:00:02  -  Total Remote Usage
		Usr 0 00:00:00, Sys 0 00:00:00  -  Total Local Usage
	0  -  Run Bytes Sent By Job
	0  -  Run Bytes Received By Job
	0  -  Total Bytes Sent By Job
	0  -  Total Bytes Received By Job
	Partitionable Resources :    Usage  Request Allocated
	   Cpus                 :                 1         1
	   Disk (KB)            :        2        2  18310934
	   Memory (MB)          :        3        1      2139
...
006 (1739726.001.000) 08/29 10:12:48 Image size of job updated: 1499384
	579  -  MemoryUsage of job (MB)
	592700  -  ResidentSetSize of job (KB)
...
006 (1739726.001.000) 08/29 10:17:41 Image size of job updated: 2094424
	579  -  MemoryUsage of job (MB)
	592700  -  ResidentSetSize of job (KB)
...
005 (1739726.001.000) 08/29 10:17:41 Job terminated.
	(1) Normal termination (return value 0)
		Usr 0 00:06:10, Sys 0 00:00:06  -  Run Remote Usage
		Usr 0 00:00:00, Sys 0 00:00:00  -  Run Local Usage
		Usr 0 00:06:10, Sys 0 00:00:06  -  Total Remote Usage
		Usr 0 00:00:00, Sys 0 00:00:00  -  Total Local Usage
	0  -  Run Bytes Sent By Job
	0  -  Run Bytes Received By Job
	0  -  Total Bytes Sent By Job
	0  -  Total Bytes Received By Job
	Partitionable Resources :    Usage  Request Allocated
	   Cpus                 :                 1         1
	   Disk (KB)            :        2        2  18310934
	   Memory (MB)          :      579        1      2139
...
