000 (1739739.000.000) 08/29 13:57:43 Job submitted from host: <128.91.77.183:9766?addrs=128.91.77.183-9766>
...
001 (1739739.000.000) 08/29 13:57:46 Job executing on host: <192.168.64.200:9474>
...
006 (1739739.000.000) 08/29 13:57:55 Image size of job updated: 1267076
	299  -  MemoryUsage of job (MB)
	305180  -  ResidentSetSize of job (KB)
...
006 (1739739.000.000) 08/29 13:58:21 Image size of job updated: 1358048
	299  -  MemoryUsage of job (MB)
	305180  -  ResidentSetSize of job (KB)
...
005 (1739739.000.000) 08/29 13:58:21 Job terminated.
	(1) Normal termination (return value 0)
		Usr 0 00:00:19, Sys 0 00:00:00  -  Run Remote Usage
		Usr 0 00:00:00, Sys 0 00:00:00  -  Run Local Usage
		Usr 0 00:00:19, Sys 0 00:00:00  -  Total Remote Usage
		Usr 0 00:00:00, Sys 0 00:00:00  -  Total Local Usage
	0  -  Run Bytes Sent By Job
	0  -  Run Bytes Received By Job
	0  -  Total Bytes Sent By Job
	0  -  Total Bytes Received By Job
	Partitionable Resources :    Usage  Request Allocated
	   Cpus                 :                 1         1
	   Disk (KB)            :        2        2  17142904
	   Memory (MB)          :      299        1      2139
...
