000 (1739730.000.000) 08/29 13:48:02 Job submitted from host: <128.91.77.183:9766?addrs=128.91.77.183-9766>
...
001 (1739730.000.000) 08/29 13:48:24 Job executing on host: <192.168.64.191:9442>
...
006 (1739730.000.000) 08/29 13:48:32 Image size of job updated: 592976
	106  -  MemoryUsage of job (MB)
	107536  -  ResidentSetSize of job (KB)
...
006 (1739730.000.000) 08/29 13:49:19 Image size of job updated: 1371020
	106  -  MemoryUsage of job (MB)
	107536  -  ResidentSetSize of job (KB)
...
005 (1739730.000.000) 08/29 13:49:19 Job terminated.
	(1) Normal termination (return value 0)
		Usr 0 00:00:39, Sys 0 00:00:00  -  Run Remote Usage
		Usr 0 00:00:00, Sys 0 00:00:00  -  Run Local Usage
		Usr 0 00:00:39, Sys 0 00:00:00  -  Total Remote Usage
		Usr 0 00:00:00, Sys 0 00:00:00  -  Total Local Usage
	0  -  Run Bytes Sent By Job
	0  -  Run Bytes Received By Job
	0  -  Total Bytes Sent By Job
	0  -  Total Bytes Received By Job
	Partitionable Resources :    Usage  Request Allocated
	   Cpus                 :                 1         1
	   Disk (KB)            :        2        2  17333967
	   Memory (MB)          :      106        1      2139
...
